2021-01-02 15:16:00.317 +05:30 [INF] Request finished HTTP/2 POST https://localhost:5001/Applicant text/plain;charset=UTF-8 5 - 500 - text/plain 9802.2571ms
2021-01-02 15:16:31.591 +05:30 [INF] Request starting HTTP/2 POST https://localhost:5001/Applicant text/plain;charset=UTF-8 5
2021-01-02 15:16:31.596 +05:30 [INF] CORS policy execution successful.
2021-01-02 15:16:31.600 +05:30 [INF] Executing endpoint 'Hahn.ApplicatonProcess.December2020.Web.Controllers.ApplicantController.Post (Hahn.ApplicatonProcess.December2020.Web)'
2021-01-02 15:16:31.605 +05:30 [INF] Route matched with {action = "Post", controller = "Applicant"}. Executing controller action with signature Microsoft.AspNetCore.Mvc.ActionResult Post(System.String) on controller Hahn.ApplicatonProcess.December2020.Web.Controllers.ApplicantController (Hahn.ApplicatonProcess.December2020.Web).
2021-01-02 15:16:39.466 +05:30 [INF] Executed action Hahn.ApplicatonProcess.December2020.Web.Controllers.ApplicantController.Post (Hahn.ApplicatonProcess.December2020.Web) in 7852.474ms
2021-01-02 15:16:39.473 +05:30 [INF] Executed endpoint 'Hahn.ApplicatonProcess.December2020.Web.Controllers.ApplicantController.Post (Hahn.ApplicatonProcess.December2020.Web)'
2021-01-02 15:16:39.487 +05:30 [ERR] An unhandled exception has occurred while executing the request.
System.ArgumentNullException: Value cannot be null. (Parameter 'value')
   at Newtonsoft.Json.Utilities.ValidationUtils.ArgumentNotNull(Object value, String parameterName)
   at Newtonsoft.Json.JsonConvert.DeserializeObject(String value, Type type, JsonSerializerSettings settings)
   at Newtonsoft.Json.JsonConvert.DeserializeObject[T](String value, JsonSerializerSettings settings)
   at Newtonsoft.Json.JsonConvert.DeserializeObject[T](String value)
   at Hahn.ApplicatonProcess.December2020.Web.Controllers.ApplicantController.Post(String value) in C:\Users\Karthikeyan.P\Source\Repos\Hahn.ApplicatonProcess.Application\Hahn.ApplicatonProcess.December2020.Web\Controllers\ApplicantController.cs:line 33
   at lambda_method3(Closure , Object , Object[] )
   at Microsoft.AspNetCore.Mvc.Infrastructure.ActionMethodExecutor.SyncActionResultExecutor.Execute(IActionResultTypeMapper mapper, ObjectMethodExecutor executor, Object controller, Object[] arguments)
   at Microsoft.AspNetCore.Mvc.Infrastructure.ControllerActionInvoker.InvokeActionMethodAsync()
   at Microsoft.AspNetCore.Mvc.Infrastructure.ControllerActionInvoker.Next(State& next, Scope& scope, Object& state, Boolean& isCompleted)
   at Microsoft.AspNetCore.Mvc.Infrastructure.ControllerActionInvoker.InvokeNextActionFilterAsync()
--- End of stack trace from previous location ---
   at Microsoft.AspNetCore.Mvc.Infrastructure.ControllerActionInvoker.Rethrow(ActionExecutedContextSealed context)
   at Microsoft.AspNetCore.Mvc.Infrastructure.ControllerActionInvoker.Next(State& next, Scope& scope, Object& state, Boolean& isCompleted)
   at Microsoft.AspNetCore.Mvc.Infrastructure.ControllerActionInvoker.InvokeInnerFilterAsync()
--- End of stack trace from previous location ---
   at Microsoft.AspNetCore.Mvc.Infrastructure.ResourceInvoker.<InvokeNextResourceFilter>g__Awaited|24_0(ResourceInvoker invoker, Task lastTask, State next, Scope scope, Object state, Boolean isCompleted)
   at Microsoft.AspNetCore.Mvc.Infrastructure.ResourceInvoker.Rethrow(ResourceExecutedContextSealed context)
   at Microsoft.AspNetCore.Mvc.Infrastructure.ResourceInvoker.Next(State& next, Scope& scope, Object& state, Boolean& isCompleted)
   at Microsoft.AspNetCore.Mvc.Infrastructure.ResourceInvoker.InvokeFilterPipelineAsync()
--- End of stack trace from previous location ---
   at Microsoft.AspNetCore.Mvc.Infrastructure.ResourceInvoker.<InvokeAsync>g__Logged|17_1(ResourceInvoker invoker)
   at Microsoft.AspNetCore.Routing.EndpointMiddleware.<Invoke>g__AwaitRequestTask|6_0(Endpoint endpoint, Task requestTask, ILogger logger)
   at Swashbuckle.AspNetCore.SwaggerUI.SwaggerUIMiddleware.Invoke(HttpContext httpContext)
   at Swashbuckle.AspNetCore.Swagger.SwaggerMiddleware.Invoke(HttpContext httpContext, ISwaggerProvider swaggerProvider)
   at Microsoft.AspNetCore.Diagnostics.DeveloperExceptionPageMiddleware.Invoke(HttpContext context)
2021-01-02 15:16:39.500 +05:30 [INF] Request finished HTTP/2 POST https://localhost:5001/Applicant text/plain;charset=UTF-8 5 - 500 - text/plain 7908.6814ms
2021-01-02 15:17:11.903 +05:30 [INF] Request starting HTTP/2 POST https://localhost:5001/Applicant text/plain;charset=UTF-8 5
2021-01-02 15:17:11.906 +05:30 [INF] CORS policy execution successful.
2021-01-02 15:17:11.910 +05:30 [INF] Executing endpoint 'Hahn.ApplicatonProcess.December2020.Web.Controllers.ApplicantController.Post (Hahn.ApplicatonProcess.December2020.Web)'
2021-01-02 15:17:11.913 +05:30 [INF] Route matched with {action = "Post", controller = "Applicant"}. Executing controller action with signature Microsoft.AspNetCore.Mvc.ActionResult Post(System.String) on controller Hahn.ApplicatonProcess.December2020.Web.Controllers.ApplicantController (Hahn.ApplicatonProcess.December2020.Web).
2021-01-02 15:17:18.960 +05:30 [INF] Executed action Hahn.ApplicatonProcess.December2020.Web.Controllers.ApplicantController.Post (Hahn.ApplicatonProcess.December2020.Web) in 7042.2658ms
2021-01-02 15:17:18.966 +05:30 [INF] Executed endpoint 'Hahn.ApplicatonProcess.December2020.Web.Controllers.ApplicantController.Post (Hahn.ApplicatonProcess.December2020.Web)'
2021-01-02 15:17:18.974 +05:30 [ERR] An unhandled exception has occurred while executing the request.
System.ArgumentNullException: Value cannot be null. (Parameter 'value')
   at Newtonsoft.Json.Utilities.ValidationUtils.ArgumentNotNull(Object value, String parameterName)
   at Newtonsoft.Json.JsonConvert.DeserializeObject(String value, Type type, JsonSerializerSettings settings)
   at Newtonsoft.Json.JsonConvert.DeserializeObject[T](String value, JsonSerializerSettings settings)
   at Newtonsoft.Json.JsonConvert.DeserializeObject[T](String value)
   at Hahn.ApplicatonProcess.December2020.Web.Controllers.ApplicantController.Post(String value) in C:\Users\Karthikeyan.P\Source\Repos\Hahn.ApplicatonProcess.Application\Hahn.ApplicatonProcess.December2020.Web\Controllers\ApplicantController.cs:line 33
   at lambda_method3(Closure , Object , Object[] )
   at Microsoft.AspNetCore.Mvc.Infrastructure.ActionMethodExecutor.SyncActionResultExecutor.Execute(IActionResultTypeMapper mapper, ObjectMethodExecutor executor, Object controller, Object[] arguments)
   at Microsoft.AspNetCore.Mvc.Infrastructure.ControllerActionInvoker.InvokeActionMethodAsync()
   at Microsoft.AspNetCore.Mvc.Infrastructure.ControllerActionInvoker.Next(State& next, Scope& scope, Object& state, Boolean& isCompleted)
   at Microsoft.AspNetCore.Mvc.Infrastructure.ControllerActionInvoker.InvokeNextActionFilterAsync()
--- End of stack trace from previous location ---
   at Microsoft.AspNetCore.Mvc.Infrastructure.ControllerActionInvoker.Rethrow(ActionExecutedContextSealed context)
   at Microsoft.AspNetCore.Mvc.Infrastructure.ControllerActionInvoker.Next(State& next, Scope& scope, Object& state, Boolean& isCompleted)
   at Microsoft.AspNetCore.Mvc.Infrastructure.ControllerActionInvoker.InvokeInnerFilterAsync()
--- End of stack trace from previous location ---
   at Microsoft.AspNetCore.Mvc.Infrastructure.ResourceInvoker.<InvokeNextResourceFilter>g__Awaited|24_0(ResourceInvoker invoker, Task lastTask, State next, Scope scope, Object state, Boolean isCompleted)
   at Microsoft.AspNetCore.Mvc.Infrastructure.ResourceInvoker.Rethrow(ResourceExecutedContextSealed context)
   at Microsoft.AspNetCore.Mvc.Infrastructure.ResourceInvoker.Next(State& next, Scope& scope, Object& state, Boolean& isCompleted)
   at Microsoft.AspNetCore.Mvc.Infrastructure.ResourceInvoker.InvokeFilterPipelineAsync()
--- End of stack trace from previous location ---
   at Microsoft.AspNetCore.Mvc.Infrastructure.ResourceInvoker.<InvokeAsync>g__Logged|17_1(ResourceInvoker invoker)
   at Microsoft.AspNetCore.Routing.EndpointMiddleware.<Invoke>g__AwaitRequestTask|6_0(Endpoint endpoint, Task requestTask, ILogger logger)
   at Swashbuckle.AspNetCore.SwaggerUI.SwaggerUIMiddleware.Invoke(HttpContext httpContext)
   at Swashbuckle.AspNetCore.Swagger.SwaggerMiddleware.Invoke(HttpContext httpContext, ISwaggerProvider swaggerProvider)
   at Microsoft.AspNetCore.Diagnostics.DeveloperExceptionPageMiddleware.Invoke(HttpContext context)
2021-01-02 15:17:18.984 +05:30 [INF] Request finished HTTP/2 POST https://localhost:5001/Applicant text/plain;charset=UTF-8 5 - 500 - text/plain 7077.9775ms
2021-01-02 15:18:43.375 +05:30 [INF] Request starting HTTP/2 POST https://localhost:5001/Applicant text/plain;charset=UTF-8 5
2021-01-02 15:18:43.380 +05:30 [INF] CORS policy execution successful.
2021-01-02 15:18:43.383 +05:30 [INF] Executing endpoint 'Hahn.ApplicatonProcess.December2020.Web.Controllers.ApplicantController.Post (Hahn.ApplicatonProcess.December2020.Web)'
2021-01-02 15:18:43.387 +05:30 [INF] Route matched with {action = "Post", controller = "Applicant"}. Executing controller action with signature Microsoft.AspNetCore.Mvc.ActionResult Post(System.String) on controller Hahn.ApplicatonProcess.December2020.Web.Controllers.ApplicantController (Hahn.ApplicatonProcess.December2020.Web).
2021-01-02 15:18:49.877 +05:30 [INF] Executed action Hahn.ApplicatonProcess.December2020.Web.Controllers.ApplicantController.Post (Hahn.ApplicatonProcess.December2020.Web) in 6482.8715ms
2021-01-02 15:18:49.884 +05:30 [INF] Executed endpoint 'Hahn.ApplicatonProcess.December2020.Web.Controllers.ApplicantController.Post (Hahn.ApplicatonProcess.December2020.Web)'
2021-01-02 15:18:49.900 +05:30 [ERR] An unhandled exception has occurred while executing the request.
System.ArgumentNullException: Value cannot be null. (Parameter 'value')
   at Newtonsoft.Json.Utilities.ValidationUtils.ArgumentNotNull(Object value, String parameterName)
   at Newtonsoft.Json.JsonConvert.DeserializeObject(String value, Type type, JsonSerializerSettings settings)
   at Newtonsoft.Json.JsonConvert.DeserializeObject[T](String value, JsonSerializerSettings settings)
   at Newtonsoft.Json.JsonConvert.DeserializeObject[T](String value)
   at Hahn.ApplicatonProcess.December2020.Web.Controllers.ApplicantController.Post(String value) in C:\Users\Karthikeyan.P\Source\Repos\Hahn.ApplicatonProcess.Application\Hahn.ApplicatonProcess.December2020.Web\Controllers\ApplicantController.cs:line 33
   at lambda_method3(Closure , Object , Object[] )
   at Microsoft.AspNetCore.Mvc.Infrastructure.ActionMethodExecutor.SyncActionResultExecutor.Execute(IActionResultTypeMapper mapper, ObjectMethodExecutor executor, Object controller, Object[] arguments)
   at Microsoft.AspNetCore.Mvc.Infrastructure.ControllerActionInvoker.InvokeActionMethodAsync()
   at Microsoft.AspNetCore.Mvc.Infrastructure.ControllerActionInvoker.Next(State& next, Scope& scope, Object& state, Boolean& isCompleted)
   at Microsoft.AspNetCore.Mvc.Infrastructure.ControllerActionInvoker.InvokeNextActionFilterAsync()
--- End of stack trace from previous location ---
   at Microsoft.AspNetCore.Mvc.Infrastructure.ControllerActionInvoker.Rethrow(ActionExecutedContextSealed context)
   at Microsoft.AspNetCore.Mvc.Infrastructure.ControllerActionInvoker.Next(State& next, Scope& scope, Object& state, Boolean& isCompleted)
   at Microsoft.AspNetCore.Mvc.Infrastructure.ControllerActionInvoker.InvokeInnerFilterAsync()
--- End of stack trace from previous location ---
   at Microsoft.AspNetCore.Mvc.Infrastructure.ResourceInvoker.<InvokeNextResourceFilter>g__Awaited|24_0(ResourceInvoker invoker, Task lastTask, State next, Scope scope, Object state, Boolean isCompleted)
   at Microsoft.AspNetCore.Mvc.Infrastructure.ResourceInvoker.Rethrow(ResourceExecutedContextSealed context)
   at Microsoft.AspNetCore.Mvc.Infrastructure.ResourceInvoker.Next(State& next, Scope& scope, Object& state, Boolean& isCompleted)
   at Microsoft.AspNetCore.Mvc.Infrastructure.ResourceInvoker.InvokeFilterPipelineAsync()
--- End of stack trace from previous location ---
   at Microsoft.AspNetCore.Mvc.Infrastructure.ResourceInvoker.<InvokeAsync>g__Logged|17_1(ResourceInvoker invoker)
   at Microsoft.AspNetCore.Routing.EndpointMiddleware.<Invoke>g__AwaitRequestTask|6_0(Endpoint endpoint, Task requestTask, ILogger logger)
   at Swashbuckle.AspNetCore.SwaggerUI.SwaggerUIMiddleware.Invoke(HttpContext httpContext)
   at Swashbuckle.AspNetCore.Swagger.SwaggerMiddleware.Invoke(HttpContext httpContext, ISwaggerProvider swaggerProvider)
   at Microsoft.AspNetCore.Diagnostics.DeveloperExceptionPageMiddleware.Invoke(HttpContext context)
2021-01-02 15:18:49.915 +05:30 [INF] Request finished HTTP/2 POST https://localhost:5001/Applicant text/plain;charset=UTF-8 5 - 500 - text/plain 6534.3001ms
2021-01-02 15:23:14.670 +05:30 [INF] Request starting HTTP/2 POST https://localhost:5001/Applicant text/plain;charset=UTF-8 4
2021-01-02 15:23:14.675 +05:30 [INF] CORS policy execution successful.
2021-01-02 15:23:14.679 +05:30 [INF] Executing endpoint 'Hahn.ApplicatonProcess.December2020.Web.Controllers.ApplicantController.Post (Hahn.ApplicatonProcess.December2020.Web)'
2021-01-02 15:23:14.683 +05:30 [INF] Route matched with {action = "Post", controller = "Applicant"}. Executing controller action with signature Microsoft.AspNetCore.Mvc.ActionResult Post(System.String) on controller Hahn.ApplicatonProcess.December2020.Web.Controllers.ApplicantController (Hahn.ApplicatonProcess.December2020.Web).
2021-01-02 15:23:21.319 +05:30 [INF] Executed action Hahn.ApplicatonProcess.December2020.Web.Controllers.ApplicantController.Post (Hahn.ApplicatonProcess.December2020.Web) in 6633.528ms
2021-01-02 15:23:21.322 +05:30 [INF] Executed endpoint 'Hahn.ApplicatonProcess.December2020.Web.Controllers.ApplicantController.Post (Hahn.ApplicatonProcess.December2020.Web)'
2021-01-02 15:23:21.328 +05:30 [ERR] An unhandled exception has occurred while executing the request.
System.ArgumentNullException: Value cannot be null. (Parameter 'value')
   at Newtonsoft.Json.Utilities.ValidationUtils.ArgumentNotNull(Object value, String parameterName)
   at Newtonsoft.Json.JsonConvert.DeserializeObject(String value, Type type, JsonSerializerSettings settings)
   at Newtonsoft.Json.JsonConvert.DeserializeObject[T](String value, JsonSerializerSettings settings)
   at Newtonsoft.Json.JsonConvert.DeserializeObject[T](String value)
   at Hahn.ApplicatonProcess.December2020.Web.Controllers.ApplicantController.Post(String value) in C:\Users\Karthikeyan.P\Source\Repos\Hahn.ApplicatonProcess.Application\Hahn.ApplicatonProcess.December2020.Web\Controllers\ApplicantController.cs:line 33
   at lambda_method3(Closure , Object , Object[] )
   at Microsoft.AspNetCore.Mvc.Infrastructure.ActionMethodExecutor.SyncActionResultExecutor.Execute(IActionResultTypeMapper mapper, ObjectMethodExecutor executor, Object controller, Object[] arguments)
   at Microsoft.AspNetCore.Mvc.Infrastructure.ControllerActionInvoker.InvokeActionMethodAsync()
   at Microsoft.AspNetCore.Mvc.Infrastructure.ControllerActionInvoker.Next(State& next, Scope& scope, Object& state, Boolean& isCompleted)
   at Microsoft.AspNetCore.Mvc.Infrastructure.ControllerActionInvoker.InvokeNextActionFilterAsync()
--- End of stack trace from previous location ---
   at Microsoft.AspNetCore.Mvc.Infrastructure.ControllerActionInvoker.Rethrow(ActionExecutedContextSealed context)
   at Microsoft.AspNetCore.Mvc.Infrastructure.ControllerActionInvoker.Next(State& next, Scope& scope, Object& state, Boolean& isCompleted)
   at Microsoft.AspNetCore.Mvc.Infrastructure.ControllerActionInvoker.InvokeInnerFilterAsync()
--- End of stack trace from previous location ---
   at Microsoft.AspNetCore.Mvc.Infrastructure.ResourceInvoker.<InvokeNextResourceFilter>g__Awaited|24_0(ResourceInvoker invoker, Task lastTask, State next, Scope scope, Object state, Boolean isCompleted)
   at Microsoft.AspNetCore.Mvc.Infrastructure.ResourceInvoker.Rethrow(ResourceExecutedContextSealed context)
   at Microsoft.AspNetCore.Mvc.Infrastructure.ResourceInvoker.Next(State& next, Scope& scope, Object& state, Boolean& isCompleted)
   at Microsoft.AspNetCore.Mvc.Infrastructure.ResourceInvoker.InvokeFilterPipelineAsync()
--- End of stack trace from previous location ---
   at Microsoft.AspNetCore.Mvc.Infrastructure.ResourceInvoker.<InvokeAsync>g__Logged|17_1(ResourceInvoker invoker)
   at Microsoft.AspNetCore.Routing.EndpointMiddleware.<Invoke>g__AwaitRequestTask|6_0(Endpoint endpoint, Task requestTask, ILogger logger)
   at Swashbuckle.AspNetCore.SwaggerUI.SwaggerUIMiddleware.Invoke(HttpContext httpContext)
   at Swashbuckle.AspNetCore.Swagger.SwaggerMiddleware.Invoke(HttpContext httpContext, ISwaggerProvider swaggerProvider)
   at Microsoft.AspNetCore.Diagnostics.DeveloperExceptionPageMiddleware.Invoke(HttpContext context)
2021-01-02 15:23:21.334 +05:30 [INF] Request finished HTTP/2 POST https://localhost:5001/Applicant text/plain;charset=UTF-8 4 - 500 - text/plain 6664.5979ms
2021-01-02 15:24:18.013 +05:30 [INF] Request starting HTTP/2 POST https://localhost:5001/Applicant text/plain 4
2021-01-02 15:24:18.015 +05:30 [INF] CORS policy execution successful.
2021-01-02 15:24:18.018 +05:30 [INF] Executing endpoint 'Hahn.ApplicatonProcess.December2020.Web.Controllers.ApplicantController.Post (Hahn.ApplicatonProcess.December2020.Web)'
2021-01-02 15:24:18.021 +05:30 [INF] Route matched with {action = "Post", controller = "Applicant"}. Executing controller action with signature Microsoft.AspNetCore.Mvc.ActionResult Post(System.String) on controller Hahn.ApplicatonProcess.December2020.Web.Controllers.ApplicantController (Hahn.ApplicatonProcess.December2020.Web).
2021-01-02 15:24:23.591 +05:30 [INF] Executed action Hahn.ApplicatonProcess.December2020.Web.Controllers.ApplicantController.Post (Hahn.ApplicatonProcess.December2020.Web) in 5567.0043ms
2021-01-02 15:24:23.594 +05:30 [INF] Executed endpoint 'Hahn.ApplicatonProcess.December2020.Web.Controllers.ApplicantController.Post (Hahn.ApplicatonProcess.December2020.Web)'
2021-01-02 15:24:23.599 +05:30 [ERR] An unhandled exception has occurred while executing the request.
System.ArgumentNullException: Value cannot be null. (Parameter 'value')
   at Newtonsoft.Json.Utilities.ValidationUtils.ArgumentNotNull(Object value, String parameterName)
   at Newtonsoft.Json.JsonConvert.DeserializeObject(String value, Type type, JsonSerializerSettings settings)
   at Newtonsoft.Json.JsonConvert.DeserializeObject[T](String value, JsonSerializerSettings settings)
   at Newtonsoft.Json.JsonConvert.DeserializeObject[T](String value)
   at Hahn.ApplicatonProcess.December2020.Web.Controllers.ApplicantController.Post(String value) in C:\Users\Karthikeyan.P\Source\Repos\Hahn.ApplicatonProcess.Application\Hahn.ApplicatonProcess.December2020.Web\Controllers\ApplicantController.cs:line 33
   at lambda_method3(Closure , Object , Object[] )
   at Microsoft.AspNetCore.Mvc.Infrastructure.ActionMethodExecutor.SyncActionResultExecutor.Execute(IActionResultTypeMapper mapper, ObjectMethodExecutor executor, Object controller, Object[] arguments)
   at Microsoft.AspNetCore.Mvc.Infrastructure.ControllerActionInvoker.InvokeActionMethodAsync()
   at Microsoft.AspNetCore.Mvc.Infrastructure.ControllerActionInvoker.Next(State& next, Scope& scope, Object& state, Boolean& isCompleted)
   at Microsoft.AspNetCore.Mvc.Infrastructure.ControllerActionInvoker.InvokeNextActionFilterAsync()
--- End of stack trace from previous location ---
   at Microsoft.AspNetCore.Mvc.Infrastructure.ControllerActionInvoker.Rethrow(ActionExecutedContextSealed context)
   at Microsoft.AspNetCore.Mvc.Infrastructure.ControllerActionInvoker.Next(State& next, Scope& scope, Object& state, Boolean& isCompleted)
   at Microsoft.AspNetCore.Mvc.Infrastructure.ControllerActionInvoker.InvokeInnerFilterAsync()
--- End of stack trace from previous location ---
   at Microsoft.AspNetCore.Mvc.Infrastructure.ResourceInvoker.<InvokeNextResourceFilter>g__Awaited|24_0(ResourceInvoker invoker, Task lastTask, State next, Scope scope, Object state, Boolean isCompleted)
   at Microsoft.AspNetCore.Mvc.Infrastructure.ResourceInvoker.Rethrow(ResourceExecutedContextSealed context)
   at Microsoft.AspNetCore.Mvc.Infrastructure.ResourceInvoker.Next(State& next, Scope& scope, Object& state, Boolean& isCompleted)
   at Microsoft.AspNetCore.Mvc.Infrastructure.ResourceInvoker.InvokeFilterPipelineAsync()
--- End of stack trace from previous location ---
   at Microsoft.AspNetCore.Mvc.Infrastructure.ResourceInvoker.<InvokeAsync>g__Logged|17_1(ResourceInvoker invoker)
   at Microsoft.AspNetCore.Routing.EndpointMiddleware.<Invoke>g__AwaitRequestTask|6_0(Endpoint endpoint, Task requestTask, ILogger logger)
   at Swashbuckle.AspNetCore.SwaggerUI.SwaggerUIMiddleware.Invoke(HttpContext httpContext)
   at Swashbuckle.AspNetCore.Swagger.SwaggerMiddleware.Invoke(HttpContext httpContext, ISwaggerProvider swaggerProvider)
   at Microsoft.AspNetCore.Diagnostics.DeveloperExceptionPageMiddleware.Invoke(HttpContext context)
2021-01-02 15:24:23.605 +05:30 [INF] Request finished HTTP/2 POST https://localhost:5001/Applicant text/plain 4 - 500 - text/plain 5591.4769ms
2021-01-02 15:42:55.737 +05:30 [INF] Request starting HTTP/2 POST https://localhost:5001/Applicant text/plain;charset=UTF-8 8
2021-01-02 15:42:55.739 +05:30 [INF] CORS policy execution successful.
2021-01-02 15:42:55.741 +05:30 [INF] Executing endpoint 'Hahn.ApplicatonProcess.December2020.Web.Controllers.ApplicantController.Post (Hahn.ApplicatonProcess.December2020.Web)'
2021-01-02 15:42:55.743 +05:30 [INF] Route matched with {action = "Post", controller = "Applicant"}. Executing controller action with signature Microsoft.AspNetCore.Mvc.ActionResult Post(System.String) on controller Hahn.ApplicatonProcess.December2020.Web.Controllers.ApplicantController (Hahn.ApplicatonProcess.December2020.Web).
2021-01-02 15:43:04.667 +05:30 [INF] Executed action Hahn.ApplicatonProcess.December2020.Web.Controllers.ApplicantController.Post (Hahn.ApplicatonProcess.December2020.Web) in 8921.7478ms
2021-01-02 15:43:04.669 +05:30 [INF] Executed endpoint 'Hahn.ApplicatonProcess.December2020.Web.Controllers.ApplicantController.Post (Hahn.ApplicatonProcess.December2020.Web)'
2021-01-02 15:43:04.673 +05:30 [ERR] An unhandled exception has occurred while executing the request.
System.ArgumentNullException: Value cannot be null. (Parameter 'value')
   at Newtonsoft.Json.Utilities.ValidationUtils.ArgumentNotNull(Object value, String parameterName)
   at Newtonsoft.Json.JsonConvert.DeserializeObject(String value, Type type, JsonSerializerSettings settings)
   at Newtonsoft.Json.JsonConvert.DeserializeObject[T](String value, JsonSerializerSettings settings)
   at Newtonsoft.Json.JsonConvert.DeserializeObject[T](String value)
   at Hahn.ApplicatonProcess.December2020.Web.Controllers.ApplicantController.Post(String value) in C:\Users\Karthikeyan.P\Source\Repos\Hahn.ApplicatonProcess.Application\Hahn.ApplicatonProcess.December2020.Web\Controllers\ApplicantController.cs:line 33
   at lambda_method3(Closure , Object , Object[] )
   at Microsoft.AspNetCore.Mvc.Infrastructure.ActionMethodExecutor.SyncActionResultExecutor.Execute(IActionResultTypeMapper mapper, ObjectMethodExecutor executor, Object controller, Object[] arguments)
   at Microsoft.AspNetCore.Mvc.Infrastructure.ControllerActionInvoker.InvokeActionMethodAsync()
   at Microsoft.AspNetCore.Mvc.Infrastructure.ControllerActionInvoker.Next(State& next, Scope& scope, Object& state, Boolean& isCompleted)
   at Microsoft.AspNetCore.Mvc.Infrastructure.ControllerActionInvoker.InvokeNextActionFilterAsync()
--- End of stack trace from previous location ---
   at Microsoft.AspNetCore.Mvc.Infrastructure.ControllerActionInvoker.Rethrow(ActionExecutedContextSealed context)
   at Microsoft.AspNetCore.Mvc.Infrastructure.ControllerActionInvoker.Next(State& next, Scope& scope, Object& state, Boolean& isCompleted)
   at Microsoft.AspNetCore.Mvc.Infrastructure.ControllerActionInvoker.InvokeInnerFilterAsync()
--- End of stack trace from previous location ---
   at Microsoft.AspNetCore.Mvc.Infrastructure.ResourceInvoker.<InvokeNextResourceFilter>g__Awaited|24_0(ResourceInvoker invoker, Task lastTask, State next, Scope scope, Object state, Boolean isCompleted)
   at Microsoft.AspNetCore.Mvc.Infrastructure.ResourceInvoker.Rethrow(ResourceExecutedContextSealed context)
   at Microsoft.AspNetCore.Mvc.Infrastructure.ResourceInvoker.Next(State& next, Scope& scope, Object& state, Boolean& isCompleted)
   at Microsoft.AspNetCore.Mvc.Infrastructure.ResourceInvoker.InvokeFilterPipelineAsync()
--- End of stack trace from previous location ---
   at Microsoft.AspNetCore.Mvc.Infrastructure.ResourceInvoker.<InvokeAsync>g__Logged|17_1(ResourceInvoker invoker)
   at Microsoft.AspNetCore.Routing.EndpointMiddleware.<Invoke>g__AwaitRequestTask|6_0(Endpoint endpoint, Task requestTask, ILogger logger)
   at Swashbuckle.AspNetCore.SwaggerUI.SwaggerUIMiddleware.Invoke(HttpContext httpContext)
   at Swashbuckle.AspNetCore.Swagger.SwaggerMiddleware.Invoke(HttpContext httpContext, ISwaggerProvider swaggerProvider)
   at Microsoft.AspNetCore.Diagnostics.DeveloperExceptionPageMiddleware.Invoke(HttpContext context)
2021-01-02 15:43:04.677 +05:30 [INF] Request finished HTTP/2 POST https://localhost:5001/Applicant text/plain;charset=UTF-8 8 - 500 - text/plain 8940.6643ms
2021-01-02 15:46:12.139 +05:30 [INF] Request starting HTTP/2 POST https://localhost:5001/Applicant text/plain;charset=UTF-8 8
2021-01-02 15:46:12.142 +05:30 [INF] CORS policy execution successful.
2021-01-02 15:46:12.144 +05:30 [INF] Executing endpoint 'Hahn.ApplicatonProcess.December2020.Web.Controllers.ApplicantController.Post (Hahn.ApplicatonProcess.December2020.Web)'
2021-01-02 15:46:12.146 +05:30 [INF] Route matched with {action = "Post", controller = "Applicant"}. Executing controller action with signature Microsoft.AspNetCore.Mvc.ActionResult Post(System.String) on controller Hahn.ApplicatonProcess.December2020.Web.Controllers.ApplicantController (Hahn.ApplicatonProcess.December2020.Web).
2021-01-02 15:46:17.499 +05:30 [INF] Executed action Hahn.ApplicatonProcess.December2020.Web.Controllers.ApplicantController.Post (Hahn.ApplicatonProcess.December2020.Web) in 5349.0113ms
2021-01-02 15:46:17.502 +05:30 [INF] Executed endpoint 'Hahn.ApplicatonProcess.December2020.Web.Controllers.ApplicantController.Post (Hahn.ApplicatonProcess.December2020.Web)'
2021-01-02 15:46:17.507 +05:30 [ERR] An unhandled exception has occurred while executing the request.
System.ArgumentNullException: Value cannot be null. (Parameter 'value')
   at Newtonsoft.Json.Utilities.ValidationUtils.ArgumentNotNull(Object value, String parameterName)
   at Newtonsoft.Json.JsonConvert.DeserializeObject(String value, Type type, JsonSerializerSettings settings)
   at Newtonsoft.Json.JsonConvert.DeserializeObject[T](String value, JsonSerializerSettings settings)
   at Newtonsoft.Json.JsonConvert.DeserializeObject[T](String value)
   at Hahn.ApplicatonProcess.December2020.Web.Controllers.ApplicantController.Post(String value) in C:\Users\Karthikeyan.P\Source\Repos\Hahn.ApplicatonProcess.Application\Hahn.ApplicatonProcess.December2020.Web\Controllers\ApplicantController.cs:line 33
   at lambda_method3(Closure , Object , Object[] )
   at Microsoft.AspNetCore.Mvc.Infrastructure.ActionMethodExecutor.SyncActionResultExecutor.Execute(IActionResultTypeMapper mapper, ObjectMethodExecutor executor, Object controller, Object[] arguments)
   at Microsoft.AspNetCore.Mvc.Infrastructure.ControllerActionInvoker.InvokeActionMethodAsync()
   at Microsoft.AspNetCore.Mvc.Infrastructure.ControllerActionInvoker.Next(State& next, Scope& scope, Object& state, Boolean& isCompleted)
   at Microsoft.AspNetCore.Mvc.Infrastructure.ControllerActionInvoker.InvokeNextActionFilterAsync()
--- End of stack trace from previous location ---
   at Microsoft.AspNetCore.Mvc.Infrastructure.ControllerActionInvoker.Rethrow(ActionExecutedContextSealed context)
   at Microsoft.AspNetCore.Mvc.Infrastructure.ControllerActionInvoker.Next(State& next, Scope& scope, Object& state, Boolean& isCompleted)
   at Microsoft.AspNetCore.Mvc.Infrastructure.ControllerActionInvoker.InvokeInnerFilterAsync()
--- End of stack trace from previous location ---
   at Microsoft.AspNetCore.Mvc.Infrastructure.ResourceInvoker.<InvokeNextResourceFilter>g__Awaited|24_0(ResourceInvoker invoker, Task lastTask, State next, Scope scope, Object state, Boolean isCompleted)
   at Microsoft.AspNetCore.Mvc.Infrastructure.ResourceInvoker.Rethrow(ResourceExecutedContextSealed context)
   at Microsoft.AspNetCore.Mvc.Infrastructure.ResourceInvoker.Next(State& next, Scope& scope, Object& state, Boolean& isCompleted)
   at Microsoft.AspNetCore.Mvc.Infrastructure.ResourceInvoker.InvokeFilterPipelineAsync()
--- End of stack trace from previous location ---
   at Microsoft.AspNetCore.Mvc.Infrastructure.ResourceInvoker.<InvokeAsync>g__Logged|17_1(ResourceInvoker invoker)
   at Microsoft.AspNetCore.Routing.EndpointMiddleware.<Invoke>g__AwaitRequestTask|6_0(Endpoint endpoint, Task requestTask, ILogger logger)
   at Swashbuckle.AspNetCore.SwaggerUI.SwaggerUIMiddleware.Invoke(HttpContext httpContext)
   at Swashbuckle.AspNetCore.Swagger.SwaggerMiddleware.Invoke(HttpContext httpContext, ISwaggerProvider swaggerProvider)
   at Microsoft.AspNetCore.Diagnostics.DeveloperExceptionPageMiddleware.Invoke(HttpContext context)
2021-01-02 15:46:17.510 +05:30 [INF] Request finished HTTP/2 POST https://localhost:5001/Applicant text/plain;charset=UTF-8 8 - 500 - text/plain 5370.6319ms
2021-01-02 15:47:06.634 +05:30 [INF] Request starting HTTP/2 POST https://localhost:5001/Applicant text/plain;charset=UTF-8 8
2021-01-02 15:47:06.636 +05:30 [INF] CORS policy execution successful.
2021-01-02 15:47:06.639 +05:30 [INF] Executing endpoint 'Hahn.ApplicatonProcess.December2020.Web.Controllers.ApplicantController.Post (Hahn.ApplicatonProcess.December2020.Web)'
2021-01-02 15:47:06.642 +05:30 [INF] Route matched with {action = "Post", controller = "Applicant"}. Executing controller action with signature Microsoft.AspNetCore.Mvc.ActionResult Post(System.String) on controller Hahn.ApplicatonProcess.December2020.Web.Controllers.ApplicantController (Hahn.ApplicatonProcess.December2020.Web).
2021-01-02 15:47:10.734 +05:30 [INF] Executed action Hahn.ApplicatonProcess.December2020.Web.Controllers.ApplicantController.Post (Hahn.ApplicatonProcess.December2020.Web) in 4091.1002ms
2021-01-02 15:47:10.737 +05:30 [INF] Executed endpoint 'Hahn.ApplicatonProcess.December2020.Web.Controllers.ApplicantController.Post (Hahn.ApplicatonProcess.December2020.Web)'
2021-01-02 15:47:10.741 +05:30 [ERR] An unhandled exception has occurred while executing the request.
System.ArgumentNullException: Value cannot be null. (Parameter 'value')
   at Newtonsoft.Json.Utilities.ValidationUtils.ArgumentNotNull(Object value, String parameterName)
   at Newtonsoft.Json.JsonConvert.DeserializeObject(String value, Type type, JsonSerializerSettings settings)
   at Newtonsoft.Json.JsonConvert.DeserializeObject[T](String value, JsonSerializerSettings settings)
   at Newtonsoft.Json.JsonConvert.DeserializeObject[T](String value)
   at Hahn.ApplicatonProcess.December2020.Web.Controllers.ApplicantController.Post(String value) in C:\Users\Karthikeyan.P\Source\Repos\Hahn.ApplicatonProcess.Application\Hahn.ApplicatonProcess.December2020.Web\Controllers\ApplicantController.cs:line 33
   at lambda_method3(Closure , Object , Object[] )
   at Microsoft.AspNetCore.Mvc.Infrastructure.ActionMethodExecutor.SyncActionResultExecutor.Execute(IActionResultTypeMapper mapper, ObjectMethodExecutor executor, Object controller, Object[] arguments)
   at Microsoft.AspNetCore.Mvc.Infrastructure.ControllerActionInvoker.InvokeActionMethodAsync()
   at Microsoft.AspNetCore.Mvc.Infrastructure.ControllerActionInvoker.Next(State& next, Scope& scope, Object& state, Boolean& isCompleted)
   at Microsoft.AspNetCore.Mvc.Infrastructure.ControllerActionInvoker.InvokeNextActionFilterAsync()
--- End of stack trace from previous location ---
   at Microsoft.AspNetCore.Mvc.Infrastructure.ControllerActionInvoker.Rethrow(ActionExecutedContextSealed context)
   at Microsoft.AspNetCore.Mvc.Infrastructure.ControllerActionInvoker.Next(State& next, Scope& scope, Object& state, Boolean& isCompleted)
   at Microsoft.AspNetCore.Mvc.Infrastructure.ControllerActionInvoker.InvokeInnerFilterAsync()
--- End of stack trace from previous location ---
   at Microsoft.AspNetCore.Mvc.Infrastructure.ResourceInvoker.<InvokeNextResourceFilter>g__Awaited|24_0(ResourceInvoker invoker, Task lastTask, State next, Scope scope, Object state, Boolean isCompleted)
   at Microsoft.AspNetCore.Mvc.Infrastructure.ResourceInvoker.Rethrow(ResourceExecutedContextSealed context)
   at Microsoft.AspNetCore.Mvc.Infrastructure.ResourceInvoker.Next(State& next, Scope& scope, Object& state, Boolean& isCompleted)
   at Microsoft.AspNetCore.Mvc.Infrastructure.ResourceInvoker.InvokeFilterPipelineAsync()
--- End of stack trace from previous location ---
   at Microsoft.AspNetCore.Mvc.Infrastructure.ResourceInvoker.<InvokeAsync>g__Logged|17_1(ResourceInvoker invoker)
   at Microsoft.AspNetCore.Routing.EndpointMiddleware.<Invoke>g__AwaitRequestTask|6_0(Endpoint endpoint, Task requestTask, ILogger logger)
   at Swashbuckle.AspNetCore.SwaggerUI.SwaggerUIMiddleware.Invoke(HttpContext httpContext)
   at Swashbuckle.AspNetCore.Swagger.SwaggerMiddleware.Invoke(HttpContext httpContext, ISwaggerProvider swaggerProvider)
   at Microsoft.AspNetCore.Diagnostics.DeveloperExceptionPageMiddleware.Invoke(HttpContext context)
2021-01-02 15:47:10.744 +05:30 [INF] Request finished HTTP/2 POST https://localhost:5001/Applicant text/plain;charset=UTF-8 8 - 500 - text/plain 4110.4128ms
2021-01-02 15:50:16.323 +05:30 [INF] User profile is available. Using 'C:\Users\Karthikeyan.P\AppData\Local\ASP.NET\DataProtection-Keys' as key repository and Windows DPAPI to encrypt keys at rest.
2021-01-02 15:50:17.599 +05:30 [INF] Request starting HTTP/2 GET https://localhost:5001/swagger/index.html - -
2021-01-02 15:50:17.700 +05:30 [INF] Request finished HTTP/2 GET https://localhost:5001/swagger/index.html - - - 200 - text/html;charset=utf-8 105.3580ms
2021-01-02 15:50:17.866 +05:30 [INF] Request starting HTTP/2 GET https://localhost:5001/swagger/v1/swagger.json - -
2021-01-02 15:50:17.951 +05:30 [INF] Request finished HTTP/2 GET https://localhost:5001/swagger/v1/swagger.json - - - 200 - application/json;charset=utf-8 82.3343ms
2021-01-02 15:50:21.238 +05:30 [INF] Request starting HTTP/2 POST https://localhost:5001/Applicant text/plain;charset=UTF-8 8
2021-01-02 15:50:21.249 +05:30 [INF] CORS policy execution successful.
2021-01-02 15:50:21.291 +05:30 [INF] Executing endpoint 'Hahn.ApplicatonProcess.December2020.Web.Controllers.ApplicantController.Post (Hahn.ApplicatonProcess.December2020.Web)'
2021-01-02 15:50:21.332 +05:30 [INF] Route matched with {action = "Post", controller = "Applicant"}. Executing controller action with signature Microsoft.AspNetCore.Mvc.ActionResult Post(System.String) on controller Hahn.ApplicatonProcess.December2020.Web.Controllers.ApplicantController (Hahn.ApplicatonProcess.December2020.Web).
2021-01-02 15:50:24.454 +05:30 [INF] Executing ObjectResult, writing value of type 'Microsoft.AspNetCore.Mvc.ProblemDetails'.
2021-01-02 15:50:24.471 +05:30 [INF] Executed action Hahn.ApplicatonProcess.December2020.Web.Controllers.ApplicantController.Post (Hahn.ApplicatonProcess.December2020.Web) in 3130.8166ms
2021-01-02 15:50:24.474 +05:30 [INF] Executed endpoint 'Hahn.ApplicatonProcess.December2020.Web.Controllers.ApplicantController.Post (Hahn.ApplicatonProcess.December2020.Web)'
2021-01-02 15:50:24.478 +05:30 [INF] Request finished HTTP/2 POST https://localhost:5001/Applicant text/plain;charset=UTF-8 8 - 415 - application/problem+json;+charset=utf-8 3239.8384ms
2021-01-02 15:51:55.783 +05:30 [INF] Request starting HTTP/2 POST https://localhost:5001/Applicant text/plain;charset=UTF-8 8
2021-01-02 15:51:55.786 +05:30 [INF] CORS policy execution successful.
2021-01-02 15:51:55.788 +05:30 [INF] Executing endpoint 'Hahn.ApplicatonProcess.December2020.Web.Controllers.ApplicantController.Post (Hahn.ApplicatonProcess.December2020.Web)'
2021-01-02 15:51:55.791 +05:30 [INF] Route matched with {action = "Post", controller = "Applicant"}. Executing controller action with signature Microsoft.AspNetCore.Mvc.ActionResult Post(System.String) on controller Hahn.ApplicatonProcess.December2020.Web.Controllers.ApplicantController (Hahn.ApplicatonProcess.December2020.Web).
2021-01-02 15:51:57.262 +05:30 [INF] Executing ObjectResult, writing value of type 'Microsoft.AspNetCore.Mvc.ProblemDetails'.
2021-01-02 15:51:57.265 +05:30 [INF] Executed action Hahn.ApplicatonProcess.December2020.Web.Controllers.ApplicantController.Post (Hahn.ApplicatonProcess.December2020.Web) in 1471.3094ms
2021-01-02 15:51:57.267 +05:30 [INF] Executed endpoint 'Hahn.ApplicatonProcess.December2020.Web.Controllers.ApplicantController.Post (Hahn.ApplicatonProcess.December2020.Web)'
2021-01-02 15:51:57.270 +05:30 [INF] Request finished HTTP/2 POST https://localhost:5001/Applicant text/plain;charset=UTF-8 8 - 415 - application/problem+json;+charset=utf-8 1488.1764ms
2021-01-02 15:53:32.853 +05:30 [INF] Request starting HTTP/2 OPTIONS https://localhost:5001/Applicant - -
2021-01-02 15:53:32.860 +05:30 [INF] CORS policy execution successful.
2021-01-02 15:53:32.865 +05:30 [INF] Request finished HTTP/2 OPTIONS https://localhost:5001/Applicant - - - 204 - - 11.6677ms
2021-01-02 15:54:22.679 +05:30 [INF] Request starting HTTP/2 OPTIONS https://localhost:5001/Applicant - -
2021-01-02 15:54:22.684 +05:30 [INF] CORS policy execution successful.
2021-01-02 15:54:22.690 +05:30 [INF] Request finished HTTP/2 OPTIONS https://localhost:5001/Applicant - - - 204 - - 11.3076ms
2021-01-02 15:54:38.560 +05:30 [INF] Request starting HTTP/2 OPTIONS https://localhost:5001/Applicant - -
2021-01-02 15:54:38.563 +05:30 [INF] CORS policy execution successful.
2021-01-02 15:54:38.566 +05:30 [INF] Request finished HTTP/2 OPTIONS https://localhost:5001/Applicant - - - 204 - - 5.5276ms
2021-01-02 15:55:03.957 +05:30 [INF] Request starting HTTP/2 POST https://localhost:5001/Applicant text/plain;charset=UTF-8 5
2021-01-02 15:55:03.960 +05:30 [INF] CORS policy execution successful.
2021-01-02 15:55:03.963 +05:30 [INF] Executing endpoint 'Hahn.ApplicatonProcess.December2020.Web.Controllers.ApplicantController.Post (Hahn.ApplicatonProcess.December2020.Web)'
2021-01-02 15:55:03.966 +05:30 [INF] Route matched with {action = "Post", controller = "Applicant"}. Executing controller action with signature Microsoft.AspNetCore.Mvc.ActionResult Post(System.String) on controller Hahn.ApplicatonProcess.December2020.Web.Controllers.ApplicantController (Hahn.ApplicatonProcess.December2020.Web).
2021-01-02 15:55:07.177 +05:30 [INF] Executing ObjectResult, writing value of type 'Microsoft.AspNetCore.Mvc.ProblemDetails'.
2021-01-02 15:55:07.180 +05:30 [INF] Executed action Hahn.ApplicatonProcess.December2020.Web.Controllers.ApplicantController.Post (Hahn.ApplicatonProcess.December2020.Web) in 3210.805ms
2021-01-02 15:55:07.183 +05:30 [INF] Executed endpoint 'Hahn.ApplicatonProcess.December2020.Web.Controllers.ApplicantController.Post (Hahn.ApplicatonProcess.December2020.Web)'
2021-01-02 15:55:07.186 +05:30 [INF] Request finished HTTP/2 POST https://localhost:5001/Applicant text/plain;charset=UTF-8 5 - 415 - application/problem+json;+charset=utf-8 3234.4945ms
2021-01-02 15:55:39.640 +05:30 [INF] User profile is available. Using 'C:\Users\Karthikeyan.P\AppData\Local\ASP.NET\DataProtection-Keys' as key repository and Windows DPAPI to encrypt keys at rest.
2021-01-02 15:55:40.900 +05:30 [INF] Request starting HTTP/2 GET https://localhost:5001/swagger/index.html - -
2021-01-02 15:55:41.046 +05:30 [INF] Request finished HTTP/2 GET https://localhost:5001/swagger/index.html - - - 200 - text/html;charset=utf-8 146.0994ms
2021-01-02 15:55:41.215 +05:30 [INF] Request starting HTTP/2 GET https://localhost:5001/swagger/v1/swagger.json - -
2021-01-02 15:55:41.334 +05:30 [INF] Request finished HTTP/2 GET https://localhost:5001/swagger/v1/swagger.json - - - 200 - application/json;charset=utf-8 120.4270ms
2021-01-02 15:55:44.656 +05:30 [INF] Request starting HTTP/2 POST https://localhost:5001/Applicant text/plain;charset=UTF-8 5
2021-01-02 15:55:44.670 +05:30 [INF] CORS policy execution successful.
2021-01-02 15:55:44.718 +05:30 [INF] Executing endpoint 'Hahn.ApplicatonProcess.December2020.Web.Controllers.ApplicantController.Post (Hahn.ApplicatonProcess.December2020.Web)'
2021-01-02 15:55:44.774 +05:30 [INF] Route matched with {action = "Post", controller = "Applicant"}. Executing controller action with signature Microsoft.AspNetCore.Mvc.ActionResult Post(System.String) on controller Hahn.ApplicatonProcess.December2020.Web.Controllers.ApplicantController (Hahn.ApplicatonProcess.December2020.Web).
2021-01-02 15:56:07.820 +05:30 [INF] Executed action Hahn.ApplicatonProcess.December2020.Web.Controllers.ApplicantController.Post (Hahn.ApplicatonProcess.December2020.Web) in 23037.7836ms
2021-01-02 15:56:07.823 +05:30 [INF] Executed endpoint 'Hahn.ApplicatonProcess.December2020.Web.Controllers.ApplicantController.Post (Hahn.ApplicatonProcess.December2020.Web)'
2021-01-02 15:56:07.883 +05:30 [ERR] An unhandled exception has occurred while executing the request.
System.ArgumentNullException: Value cannot be null. (Parameter 'value')
   at Newtonsoft.Json.Utilities.ValidationUtils.ArgumentNotNull(Object value, String parameterName)
   at Newtonsoft.Json.JsonConvert.DeserializeObject(String value, Type type, JsonSerializerSettings settings)
   at Newtonsoft.Json.JsonConvert.DeserializeObject[T](String value, JsonSerializerSettings settings)
   at Newtonsoft.Json.JsonConvert.DeserializeObject[T](String value)
   at Hahn.ApplicatonProcess.December2020.Web.Controllers.ApplicantController.Post(String value) in C:\Users\Karthikeyan.P\Source\Repos\Hahn.ApplicatonProcess.Application\Hahn.ApplicatonProcess.December2020.Web\Controllers\ApplicantController.cs:line 33
   at lambda_method3(Closure , Object , Object[] )
   at Microsoft.AspNetCore.Mvc.Infrastructure.ActionMethodExecutor.SyncActionResultExecutor.Execute(IActionResultTypeMapper mapper, ObjectMethodExecutor executor, Object controller, Object[] arguments)
   at Microsoft.AspNetCore.Mvc.Infrastructure.ControllerActionInvoker.InvokeActionMethodAsync()
   at Microsoft.AspNetCore.Mvc.Infrastructure.ControllerActionInvoker.Next(State& next, Scope& scope, Object& state, Boolean& isCompleted)
   at Microsoft.AspNetCore.Mvc.Infrastructure.ControllerActionInvoker.InvokeNextActionFilterAsync()
--- End of stack trace from previous location ---
   at Microsoft.AspNetCore.Mvc.Infrastructure.ControllerActionInvoker.Rethrow(ActionExecutedContextSealed context)
   at Microsoft.AspNetCore.Mvc.Infrastructure.ControllerActionInvoker.Next(State& next, Scope& scope, Object& state, Boolean& isCompleted)
   at Microsoft.AspNetCore.Mvc.Infrastructure.ControllerActionInvoker.InvokeInnerFilterAsync()
--- End of stack trace from previous location ---
   at Microsoft.AspNetCore.Mvc.Infrastructure.ResourceInvoker.<InvokeNextResourceFilter>g__Awaited|24_0(ResourceInvoker invoker, Task lastTask, State next, Scope scope, Object state, Boolean isCompleted)
   at Microsoft.AspNetCore.Mvc.Infrastructure.ResourceInvoker.Rethrow(ResourceExecutedContextSealed context)
   at Microsoft.AspNetCore.Mvc.Infrastructure.ResourceInvoker.Next(State& next, Scope& scope, Object& state, Boolean& isCompleted)
   at Microsoft.AspNetCore.Mvc.Infrastructure.ResourceInvoker.InvokeFilterPipelineAsync()
--- End of stack trace from previous location ---
   at Microsoft.AspNetCore.Mvc.Infrastructure.ResourceInvoker.<InvokeAsync>g__Logged|17_1(ResourceInvoker invoker)
   at Microsoft.AspNetCore.Routing.EndpointMiddleware.<Invoke>g__AwaitRequestTask|6_0(Endpoint endpoint, Task requestTask, ILogger logger)
   at Swashbuckle.AspNetCore.SwaggerUI.SwaggerUIMiddleware.Invoke(HttpContext httpContext)
   at Swashbuckle.AspNetCore.Swagger.SwaggerMiddleware.Invoke(HttpContext httpContext, ISwaggerProvider swaggerProvider)
   at Microsoft.AspNetCore.Diagnostics.DeveloperExceptionPageMiddleware.Invoke(HttpContext context)
2021-01-02 15:56:07.897 +05:30 [INF] Request finished HTTP/2 POST https://localhost:5001/Applicant text/plain;charset=UTF-8 5 - 500 - text/plain 23242.5388ms
2021-01-02 15:57:43.102 +05:30 [INF] Request starting HTTP/2 OPTIONS https://localhost:5001/Applicant - -
2021-01-02 15:57:43.106 +05:30 [INF] CORS policy execution successful.
2021-01-02 15:57:43.109 +05:30 [INF] Request finished HTTP/2 OPTIONS https://localhost:5001/Applicant - - - 204 - - 7.9493ms
2021-01-02 16:20:55.462 +05:30 [INF] Request starting HTTP/2 OPTIONS https://localhost:5001/Applicant - -
2021-01-02 16:20:55.466 +05:30 [INF] CORS policy execution successful.
2021-01-02 16:20:55.470 +05:30 [INF] Request finished HTTP/2 OPTIONS https://localhost:5001/Applicant - - - 204 - - 8.4843ms
2021-01-02 16:21:12.998 +05:30 [INF] Request starting HTTP/2 POST https://localhost:5001/Applicant text/plain;charset=UTF-8 5
2021-01-02 16:21:13.002 +05:30 [INF] CORS policy execution successful.
2021-01-02 16:21:13.007 +05:30 [INF] Executing endpoint 'Hahn.ApplicatonProcess.December2020.Web.Controllers.ApplicantController.Post (Hahn.ApplicatonProcess.December2020.Web)'
2021-01-02 16:21:13.012 +05:30 [INF] Route matched with {action = "Post", controller = "Applicant"}. Executing controller action with signature Microsoft.AspNetCore.Mvc.ActionResult Post(System.String) on controller Hahn.ApplicatonProcess.December2020.Web.Controllers.ApplicantController (Hahn.ApplicatonProcess.December2020.Web).
2021-01-02 16:22:52.808 +05:30 [INF] Request starting HTTP/2 POST https://localhost:5001/Applicant text/plain;charset=UTF-8 5
2021-01-02 16:22:52.815 +05:30 [INF] CORS policy execution successful.
2021-01-02 16:22:52.825 +05:30 [INF] Executed action Hahn.ApplicatonProcess.December2020.Web.Controllers.ApplicantController.Post (Hahn.ApplicatonProcess.December2020.Web) in 99803.3715ms
2021-01-02 16:22:52.828 +05:30 [INF] Executing endpoint 'Hahn.ApplicatonProcess.December2020.Web.Controllers.ApplicantController.Post (Hahn.ApplicatonProcess.December2020.Web)'
2021-01-02 16:22:52.835 +05:30 [INF] Executed endpoint 'Hahn.ApplicatonProcess.December2020.Web.Controllers.ApplicantController.Post (Hahn.ApplicatonProcess.December2020.Web)'
2021-01-02 16:22:52.841 +05:30 [INF] Route matched with {action = "Post", controller = "Applicant"}. Executing controller action with signature Microsoft.AspNetCore.Mvc.ActionResult Post(System.String) on controller Hahn.ApplicatonProcess.December2020.Web.Controllers.ApplicantController (Hahn.ApplicatonProcess.December2020.Web).
2021-01-02 16:24:08.013 +05:30 [INF] User profile is available. Using 'C:\Users\Karthikeyan.P\AppData\Local\ASP.NET\DataProtection-Keys' as key repository and Windows DPAPI to encrypt keys at rest.
2021-01-02 16:24:10.432 +05:30 [INF] Request starting HTTP/2 GET https://localhost:5001/swagger/index.html - -
2021-01-02 16:24:10.668 +05:30 [INF] Request finished HTTP/2 GET https://localhost:5001/swagger/index.html - - - 200 - text/html;charset=utf-8 239.2998ms
2021-01-02 16:24:10.934 +05:30 [INF] Request starting HTTP/2 GET https://localhost:5001/swagger/v1/swagger.json - -
2021-01-02 16:24:11.079 +05:30 [INF] Request finished HTTP/2 GET https://localhost:5001/swagger/v1/swagger.json - - - 200 - application/json;charset=utf-8 144.5104ms
2021-01-02 16:24:55.469 +05:30 [INF] Request starting HTTP/2 OPTIONS https://localhost:5001/Applicant - -
2021-01-02 16:24:55.492 +05:30 [INF] CORS policy execution successful.
2021-01-02 16:24:55.499 +05:30 [INF] Request finished HTTP/2 OPTIONS https://localhost:5001/Applicant - - - 204 - - 28.8981ms
2021-01-02 16:26:23.140 +05:30 [INF] Request starting HTTP/2 OPTIONS https://localhost:5001/Applicant - -
2021-01-02 16:26:23.143 +05:30 [INF] CORS policy execution successful.
2021-01-02 16:26:23.147 +05:30 [INF] Request finished HTTP/2 OPTIONS https://localhost:5001/Applicant - - - 204 - - 5.8021ms
2021-01-02 16:27:42.169 +05:30 [INF] Request starting HTTP/2 POST https://localhost:5001/Applicant text/plain;charset=UTF-8 149
2021-01-02 16:27:42.172 +05:30 [INF] CORS policy execution successful.
2021-01-02 16:27:42.217 +05:30 [INF] Executing endpoint 'Hahn.ApplicatonProcess.December2020.Web.Controllers.ApplicantController.Post (Hahn.ApplicatonProcess.December2020.Web)'
2021-01-02 16:27:42.256 +05:30 [INF] Route matched with {action = "Post", controller = "Applicant"}. Executing controller action with signature Microsoft.AspNetCore.Mvc.ActionResult Post(Hahn.ApplicatonProcess.December2020.Domain.Application.Dto.Request.Request`1[Hahn.ApplicatonProcess.December2020.Domain.Application.Dto.Model.Applicant]) on controller Hahn.ApplicatonProcess.December2020.Web.Controllers.ApplicantController (Hahn.ApplicatonProcess.December2020.Web).
2021-01-02 16:27:44.885 +05:30 [INF] Executing ObjectResult, writing value of type 'Microsoft.AspNetCore.Mvc.ProblemDetails'.
2021-01-02 16:27:44.911 +05:30 [INF] Executed action Hahn.ApplicatonProcess.December2020.Web.Controllers.ApplicantController.Post (Hahn.ApplicatonProcess.December2020.Web) in 2642.5839ms
2021-01-02 16:27:44.914 +05:30 [INF] Executed endpoint 'Hahn.ApplicatonProcess.December2020.Web.Controllers.ApplicantController.Post (Hahn.ApplicatonProcess.December2020.Web)'
2021-01-02 16:27:44.918 +05:30 [INF] Request finished HTTP/2 POST https://localhost:5001/Applicant text/plain;charset=UTF-8 149 - 415 - application/problem+json;+charset=utf-8 2749.4128ms
2021-01-02 16:28:35.510 +05:30 [INF] Request starting HTTP/2 POST https://localhost:5001/Applicant text/plain;charset=UTF-8 149
2021-01-02 16:28:35.512 +05:30 [INF] CORS policy execution successful.
2021-01-02 16:28:35.515 +05:30 [INF] Executing endpoint 'Hahn.ApplicatonProcess.December2020.Web.Controllers.ApplicantController.Post (Hahn.ApplicatonProcess.December2020.Web)'
2021-01-02 16:28:35.519 +05:30 [INF] Route matched with {action = "Post", controller = "Applicant"}. Executing controller action with signature Microsoft.AspNetCore.Mvc.ActionResult Post(Hahn.ApplicatonProcess.December2020.Domain.Application.Dto.Request.Request`1[Hahn.ApplicatonProcess.December2020.Domain.Application.Dto.Model.Applicant]) on controller Hahn.ApplicatonProcess.December2020.Web.Controllers.ApplicantController (Hahn.ApplicatonProcess.December2020.Web).
2021-01-02 16:28:41.520 +05:30 [INF] Executing ObjectResult, writing value of type 'Microsoft.AspNetCore.Mvc.ProblemDetails'.
2021-01-02 16:28:41.525 +05:30 [INF] Executed action Hahn.ApplicatonProcess.December2020.Web.Controllers.ApplicantController.Post (Hahn.ApplicatonProcess.December2020.Web) in 6001.5423ms
2021-01-02 16:28:41.531 +05:30 [INF] Executed endpoint 'Hahn.ApplicatonProcess.December2020.Web.Controllers.ApplicantController.Post (Hahn.ApplicatonProcess.December2020.Web)'
2021-01-02 16:28:41.534 +05:30 [INF] Request finished HTTP/2 POST https://localhost:5001/Applicant text/plain;charset=UTF-8 149 - 415 - application/problem+json;+charset=utf-8 6023.3908ms
2021-01-02 16:29:23.736 +05:30 [INF] User profile is available. Using 'C:\Users\Karthikeyan.P\AppData\Local\ASP.NET\DataProtection-Keys' as key repository and Windows DPAPI to encrypt keys at rest.
2021-01-02 16:29:25.073 +05:30 [INF] Request starting HTTP/2 GET https://localhost:5001/swagger/index.html - -
2021-01-02 16:29:25.171 +05:30 [INF] Request finished HTTP/2 GET https://localhost:5001/swagger/index.html - - - 200 - text/html;charset=utf-8 102.9198ms
2021-01-02 16:29:25.296 +05:30 [INF] Request starting HTTP/2 GET https://localhost:5001/swagger/v1/swagger.json - -
2021-01-02 16:29:25.390 +05:30 [INF] Request finished HTTP/2 GET https://localhost:5001/swagger/v1/swagger.json - - - 200 - application/json;charset=utf-8 92.9740ms
2021-01-02 16:29:31.227 +05:30 [INF] Request starting HTTP/2 POST https://localhost:5001/Applicant text/plain;charset=UTF-8 149
2021-01-02 16:29:31.238 +05:30 [INF] CORS policy execution successful.
2021-01-02 16:29:31.282 +05:30 [INF] Executing endpoint 'Hahn.ApplicatonProcess.December2020.Web.Controllers.ApplicantController.Post (Hahn.ApplicatonProcess.December2020.Web)'
2021-01-02 16:29:31.324 +05:30 [INF] Route matched with {action = "Post", controller = "Applicant"}. Executing controller action with signature Microsoft.AspNetCore.Mvc.ActionResult Post(Hahn.ApplicatonProcess.December2020.Domain.Application.Dto.Request.Request`1[Hahn.ApplicatonProcess.December2020.Domain.Application.Dto.Model.Applicant]) on controller Hahn.ApplicatonProcess.December2020.Web.Controllers.ApplicantController (Hahn.ApplicatonProcess.December2020.Web).
2021-01-02 16:29:58.644 +05:30 [INF] Executing ObjectResult, writing value of type 'Microsoft.AspNetCore.Mvc.ProblemDetails'.
2021-01-02 16:29:58.661 +05:30 [INF] Executed action Hahn.ApplicatonProcess.December2020.Web.Controllers.ApplicantController.Post (Hahn.ApplicatonProcess.December2020.Web) in 27329.5625ms
2021-01-02 16:29:58.665 +05:30 [INF] Executed endpoint 'Hahn.ApplicatonProcess.December2020.Web.Controllers.ApplicantController.Post (Hahn.ApplicatonProcess.December2020.Web)'
2021-01-02 16:29:58.669 +05:30 [INF] Request finished HTTP/2 POST https://localhost:5001/Applicant text/plain;charset=UTF-8 149 - 415 - application/problem+json;+charset=utf-8 27441.2404ms
2021-01-02 16:30:26.042 +05:30 [INF] Request starting HTTP/2 POST https://localhost:5001/Applicant text/plain;charset=UTF-8 9
2021-01-02 16:30:26.045 +05:30 [INF] CORS policy execution successful.
2021-01-02 16:30:26.048 +05:30 [INF] Executing endpoint 'Hahn.ApplicatonProcess.December2020.Web.Controllers.ApplicantController.Post (Hahn.ApplicatonProcess.December2020.Web)'
2021-01-02 16:30:26.051 +05:30 [INF] Route matched with {action = "Post", controller = "Applicant"}. Executing controller action with signature Microsoft.AspNetCore.Mvc.ActionResult Post(Hahn.ApplicatonProcess.December2020.Domain.Application.Dto.Request.Request`1[Hahn.ApplicatonProcess.December2020.Domain.Application.Dto.Model.Applicant]) on controller Hahn.ApplicatonProcess.December2020.Web.Controllers.ApplicantController (Hahn.ApplicatonProcess.December2020.Web).
2021-01-02 16:30:27.566 +05:30 [INF] Executing ObjectResult, writing value of type 'Microsoft.AspNetCore.Mvc.ProblemDetails'.
2021-01-02 16:30:27.569 +05:30 [INF] Executed action Hahn.ApplicatonProcess.December2020.Web.Controllers.ApplicantController.Post (Hahn.ApplicatonProcess.December2020.Web) in 1515.4975ms
2021-01-02 16:30:27.571 +05:30 [INF] Executed endpoint 'Hahn.ApplicatonProcess.December2020.Web.Controllers.ApplicantController.Post (Hahn.ApplicatonProcess.December2020.Web)'
2021-01-02 16:30:27.574 +05:30 [INF] Request finished HTTP/2 POST https://localhost:5001/Applicant text/plain;charset=UTF-8 9 - 415 - application/problem+json;+charset=utf-8 1531.4165ms
2021-01-02 16:31:02.624 +05:30 [INF] User profile is available. Using 'C:\Users\Karthikeyan.P\AppData\Local\ASP.NET\DataProtection-Keys' as key repository and Windows DPAPI to encrypt keys at rest.
2021-01-02 16:31:03.964 +05:30 [INF] Request starting HTTP/2 GET https://localhost:5001/swagger/index.html - -
2021-01-02 16:31:04.070 +05:30 [INF] Request finished HTTP/2 GET https://localhost:5001/swagger/index.html - - - 200 - text/html;charset=utf-8 109.4772ms
2021-01-02 16:31:04.189 +05:30 [INF] Request starting HTTP/2 GET https://localhost:5001/swagger/v1/swagger.json - -
2021-01-02 16:31:04.294 +05:30 [INF] Request finished HTTP/2 GET https://localhost:5001/swagger/v1/swagger.json - - - 200 - application/json;charset=utf-8 104.6292ms
2021-01-02 16:31:15.801 +05:30 [INF] Request starting HTTP/2 POST https://localhost:5001/Applicant text/plain;charset=UTF-8 9
2021-01-02 16:31:15.813 +05:30 [INF] CORS policy execution successful.
2021-01-02 16:31:15.858 +05:30 [INF] Executing endpoint 'Hahn.ApplicatonProcess.December2020.Web.Controllers.ApplicantController.Post (Hahn.ApplicatonProcess.December2020.Web)'
2021-01-02 16:31:15.905 +05:30 [INF] Route matched with {action = "Post", controller = "Applicant"}. Executing controller action with signature Microsoft.AspNetCore.Mvc.ActionResult Post(System.String) on controller Hahn.ApplicatonProcess.December2020.Web.Controllers.ApplicantController (Hahn.ApplicatonProcess.December2020.Web).
2021-01-02 16:31:31.211 +05:30 [INF] User profile is available. Using 'C:\Users\Karthikeyan.P\AppData\Local\ASP.NET\DataProtection-Keys' as key repository and Windows DPAPI to encrypt keys at rest.
2021-01-02 16:31:32.600 +05:30 [INF] Request starting HTTP/2 GET https://localhost:5001/swagger/index.html - -
2021-01-02 16:31:32.715 +05:30 [INF] Request finished HTTP/2 GET https://localhost:5001/swagger/index.html - - - 200 - text/html;charset=utf-8 115.4233ms
2021-01-02 16:31:32.874 +05:30 [INF] Request starting HTTP/2 GET https://localhost:5001/swagger/v1/swagger.json - -
2021-01-02 16:31:32.983 +05:30 [INF] Request finished HTTP/2 GET https://localhost:5001/swagger/v1/swagger.json - - - 200 - application/json;charset=utf-8 107.0582ms
2021-01-02 16:37:23.103 +05:30 [INF] Request starting HTTP/2 POST https://localhost:5001/Applicant text/plain;charset=UTF-8 9
2021-01-02 16:37:23.111 +05:30 [INF] CORS policy execution successful.
2021-01-02 16:37:23.150 +05:30 [INF] Executing endpoint 'Hahn.ApplicatonProcess.December2020.Web.Controllers.ApplicantController.Post (Hahn.ApplicatonProcess.December2020.Web)'
2021-01-02 16:37:23.193 +05:30 [INF] Route matched with {action = "Post", controller = "Applicant"}. Executing controller action with signature Microsoft.AspNetCore.Mvc.ActionResult Post(System.String) on controller Hahn.ApplicatonProcess.December2020.Web.Controllers.ApplicantController (Hahn.ApplicatonProcess.December2020.Web).
2021-01-02 16:37:28.154 +05:30 [INF] Executed action Hahn.ApplicatonProcess.December2020.Web.Controllers.ApplicantController.Post (Hahn.ApplicatonProcess.December2020.Web) in 4952.9125ms
2021-01-02 16:37:28.161 +05:30 [INF] Executed endpoint 'Hahn.ApplicatonProcess.December2020.Web.Controllers.ApplicantController.Post (Hahn.ApplicatonProcess.December2020.Web)'
2021-01-02 16:37:28.219 +05:30 [ERR] An unhandled exception has occurred while executing the request.
System.ArgumentNullException: Value cannot be null. (Parameter 'value')
   at Newtonsoft.Json.Utilities.ValidationUtils.ArgumentNotNull(Object value, String parameterName)
   at Newtonsoft.Json.JsonConvert.DeserializeObject(String value, Type type, JsonSerializerSettings settings)
   at Newtonsoft.Json.JsonConvert.DeserializeObject[T](String value, JsonSerializerSettings settings)
   at Newtonsoft.Json.JsonConvert.DeserializeObject[T](String value)
   at Hahn.ApplicatonProcess.December2020.Web.Controllers.ApplicantController.Post(String value) in C:\Users\Karthikeyan.P\Source\Repos\Hahn.ApplicatonProcess.Application\Hahn.ApplicatonProcess.December2020.Web\Controllers\ApplicantController.cs:line 33
   at lambda_method3(Closure , Object , Object[] )
   at Microsoft.AspNetCore.Mvc.Infrastructure.ActionMethodExecutor.SyncActionResultExecutor.Execute(IActionResultTypeMapper mapper, ObjectMethodExecutor executor, Object controller, Object[] arguments)
   at Microsoft.AspNetCore.Mvc.Infrastructure.ControllerActionInvoker.InvokeActionMethodAsync()
   at Microsoft.AspNetCore.Mvc.Infrastructure.ControllerActionInvoker.Next(State& next, Scope& scope, Object& state, Boolean& isCompleted)
   at Microsoft.AspNetCore.Mvc.Infrastructure.ControllerActionInvoker.InvokeNextActionFilterAsync()
--- End of stack trace from previous location ---
   at Microsoft.AspNetCore.Mvc.Infrastructure.ControllerActionInvoker.Rethrow(ActionExecutedContextSealed context)
   at Microsoft.AspNetCore.Mvc.Infrastructure.ControllerActionInvoker.Next(State& next, Scope& scope, Object& state, Boolean& isCompleted)
   at Microsoft.AspNetCore.Mvc.Infrastructure.ControllerActionInvoker.InvokeInnerFilterAsync()
--- End of stack trace from previous location ---
   at Microsoft.AspNetCore.Mvc.Infrastructure.ResourceInvoker.<InvokeNextResourceFilter>g__Awaited|24_0(ResourceInvoker invoker, Task lastTask, State next, Scope scope, Object state, Boolean isCompleted)
   at Microsoft.AspNetCore.Mvc.Infrastructure.ResourceInvoker.Rethrow(ResourceExecutedContextSealed context)
   at Microsoft.AspNetCore.Mvc.Infrastructure.ResourceInvoker.Next(State& next, Scope& scope, Object& state, Boolean& isCompleted)
   at Microsoft.AspNetCore.Mvc.Infrastructure.ResourceInvoker.InvokeFilterPipelineAsync()
--- End of stack trace from previous location ---
   at Microsoft.AspNetCore.Mvc.Infrastructure.ResourceInvoker.<InvokeAsync>g__Logged|17_1(ResourceInvoker invoker)
   at Microsoft.AspNetCore.Routing.EndpointMiddleware.<Invoke>g__AwaitRequestTask|6_0(Endpoint endpoint, Task requestTask, ILogger logger)
   at Swashbuckle.AspNetCore.SwaggerUI.SwaggerUIMiddleware.Invoke(HttpContext httpContext)
   at Swashbuckle.AspNetCore.Swagger.SwaggerMiddleware.Invoke(HttpContext httpContext, ISwaggerProvider swaggerProvider)
   at Microsoft.AspNetCore.Diagnostics.DeveloperExceptionPageMiddleware.Invoke(HttpContext context)
2021-01-02 16:37:28.239 +05:30 [INF] Request finished HTTP/2 POST https://localhost:5001/Applicant text/plain;charset=UTF-8 9 - 500 - text/plain 5136.0460ms
2021-01-02 16:39:41.864 +05:30 [INF] Request starting HTTP/2 POST https://localhost:5001/Applicant text/plain;charset=UTF-8 9
2021-01-02 16:39:41.866 +05:30 [INF] CORS policy execution successful.
2021-01-02 16:39:41.869 +05:30 [INF] Executing endpoint 'Hahn.ApplicatonProcess.December2020.Web.Controllers.ApplicantController.Post (Hahn.ApplicatonProcess.December2020.Web)'
2021-01-02 16:39:41.873 +05:30 [INF] Route matched with {action = "Post", controller = "Applicant"}. Executing controller action with signature Microsoft.AspNetCore.Mvc.ActionResult Post(System.String) on controller Hahn.ApplicatonProcess.December2020.Web.Controllers.ApplicantController (Hahn.ApplicatonProcess.December2020.Web).
2021-01-02 16:39:47.034 +05:30 [INF] Executed action Hahn.ApplicatonProcess.December2020.Web.Controllers.ApplicantController.Post (Hahn.ApplicatonProcess.December2020.Web) in 5158.9651ms
2021-01-02 16:39:47.037 +05:30 [INF] Executed endpoint 'Hahn.ApplicatonProcess.December2020.Web.Controllers.ApplicantController.Post (Hahn.ApplicatonProcess.December2020.Web)'
2021-01-02 16:39:47.040 +05:30 [ERR] An unhandled exception has occurred while executing the request.
System.ArgumentNullException: Value cannot be null. (Parameter 'value')
   at Newtonsoft.Json.Utilities.ValidationUtils.ArgumentNotNull(Object value, String parameterName)
   at Newtonsoft.Json.JsonConvert.DeserializeObject(String value, Type type, JsonSerializerSettings settings)
   at Newtonsoft.Json.JsonConvert.DeserializeObject[T](String value, JsonSerializerSettings settings)
   at Newtonsoft.Json.JsonConvert.DeserializeObject[T](String value)
   at Hahn.ApplicatonProcess.December2020.Web.Controllers.ApplicantController.Post(String value) in C:\Users\Karthikeyan.P\Source\Repos\Hahn.ApplicatonProcess.Application\Hahn.ApplicatonProcess.December2020.Web\Controllers\ApplicantController.cs:line 33
   at lambda_method3(Closure , Object , Object[] )
   at Microsoft.AspNetCore.Mvc.Infrastructure.ActionMethodExecutor.SyncActionResultExecutor.Execute(IActionResultTypeMapper mapper, ObjectMethodExecutor executor, Object controller, Object[] arguments)
   at Microsoft.AspNetCore.Mvc.Infrastructure.ControllerActionInvoker.InvokeActionMethodAsync()
   at Microsoft.AspNetCore.Mvc.Infrastructure.ControllerActionInvoker.Next(State& next, Scope& scope, Object& state, Boolean& isCompleted)
   at Microsoft.AspNetCore.Mvc.Infrastructure.ControllerActionInvoker.InvokeNextActionFilterAsync()
--- End of stack trace from previous location ---
   at Microsoft.AspNetCore.Mvc.Infrastructure.ControllerActionInvoker.Rethrow(ActionExecutedContextSealed context)
   at Microsoft.AspNetCore.Mvc.Infrastructure.ControllerActionInvoker.Next(State& next, Scope& scope, Object& state, Boolean& isCompleted)
   at Microsoft.AspNetCore.Mvc.Infrastructure.ControllerActionInvoker.InvokeInnerFilterAsync()
--- End of stack trace from previous location ---
   at Microsoft.AspNetCore.Mvc.Infrastructure.ResourceInvoker.<InvokeNextResourceFilter>g__Awaited|24_0(ResourceInvoker invoker, Task lastTask, State next, Scope scope, Object state, Boolean isCompleted)
   at Microsoft.AspNetCore.Mvc.Infrastructure.ResourceInvoker.Rethrow(ResourceExecutedContextSealed context)
   at Microsoft.AspNetCore.Mvc.Infrastructure.ResourceInvoker.Next(State& next, Scope& scope, Object& state, Boolean& isCompleted)
   at Microsoft.AspNetCore.Mvc.Infrastructure.ResourceInvoker.InvokeFilterPipelineAsync()
--- End of stack trace from previous location ---
   at Microsoft.AspNetCore.Mvc.Infrastructure.ResourceInvoker.<InvokeAsync>g__Logged|17_1(ResourceInvoker invoker)
   at Microsoft.AspNetCore.Routing.EndpointMiddleware.<Invoke>g__AwaitRequestTask|6_0(Endpoint endpoint, Task requestTask, ILogger logger)
   at Swashbuckle.AspNetCore.SwaggerUI.SwaggerUIMiddleware.Invoke(HttpContext httpContext)
   at Swashbuckle.AspNetCore.Swagger.SwaggerMiddleware.Invoke(HttpContext httpContext, ISwaggerProvider swaggerProvider)
   at Microsoft.AspNetCore.Diagnostics.DeveloperExceptionPageMiddleware.Invoke(HttpContext context)
2021-01-02 16:39:47.044 +05:30 [INF] Request finished HTTP/2 POST https://localhost:5001/Applicant text/plain;charset=UTF-8 9 - 500 - text/plain 5180.6400ms
2021-01-02 16:40:36.512 +05:30 [INF] Request starting HTTP/2 POST https://localhost:5001/Applicant text/plain 9
2021-01-02 16:40:36.514 +05:30 [INF] CORS policy execution successful.
2021-01-02 16:40:36.517 +05:30 [INF] Executing endpoint 'Hahn.ApplicatonProcess.December2020.Web.Controllers.ApplicantController.Post (Hahn.ApplicatonProcess.December2020.Web)'
2021-01-02 16:40:36.519 +05:30 [INF] Route matched with {action = "Post", controller = "Applicant"}. Executing controller action with signature Microsoft.AspNetCore.Mvc.ActionResult Post(System.String) on controller Hahn.ApplicatonProcess.December2020.Web.Controllers.ApplicantController (Hahn.ApplicatonProcess.December2020.Web).
2021-01-02 16:40:42.760 +05:30 [INF] Executed action Hahn.ApplicatonProcess.December2020.Web.Controllers.ApplicantController.Post (Hahn.ApplicatonProcess.December2020.Web) in 6236.81ms
2021-01-02 16:40:42.763 +05:30 [INF] Executed endpoint 'Hahn.ApplicatonProcess.December2020.Web.Controllers.ApplicantController.Post (Hahn.ApplicatonProcess.December2020.Web)'
2021-01-02 16:40:42.768 +05:30 [ERR] An unhandled exception has occurred while executing the request.
System.ArgumentNullException: Value cannot be null. (Parameter 'value')
   at Newtonsoft.Json.Utilities.ValidationUtils.ArgumentNotNull(Object value, String parameterName)
   at Newtonsoft.Json.JsonConvert.DeserializeObject(String value, Type type, JsonSerializerSettings settings)
   at Newtonsoft.Json.JsonConvert.DeserializeObject[T](String value, JsonSerializerSettings settings)
   at Newtonsoft.Json.JsonConvert.DeserializeObject[T](String value)
   at Hahn.ApplicatonProcess.December2020.Web.Controllers.ApplicantController.Post(String value) in C:\Users\Karthikeyan.P\Source\Repos\Hahn.ApplicatonProcess.Application\Hahn.ApplicatonProcess.December2020.Web\Controllers\ApplicantController.cs:line 33
   at lambda_method3(Closure , Object , Object[] )
   at Microsoft.AspNetCore.Mvc.Infrastructure.ActionMethodExecutor.SyncActionResultExecutor.Execute(IActionResultTypeMapper mapper, ObjectMethodExecutor executor, Object controller, Object[] arguments)
   at Microsoft.AspNetCore.Mvc.Infrastructure.ControllerActionInvoker.InvokeActionMethodAsync()
   at Microsoft.AspNetCore.Mvc.Infrastructure.ControllerActionInvoker.Next(State& next, Scope& scope, Object& state, Boolean& isCompleted)
   at Microsoft.AspNetCore.Mvc.Infrastructure.ControllerActionInvoker.InvokeNextActionFilterAsync()
--- End of stack trace from previous location ---
   at Microsoft.AspNetCore.Mvc.Infrastructure.ControllerActionInvoker.Rethrow(ActionExecutedContextSealed context)
   at Microsoft.AspNetCore.Mvc.Infrastructure.ControllerActionInvoker.Next(State& next, Scope& scope, Object& state, Boolean& isCompleted)
   at Microsoft.AspNetCore.Mvc.Infrastructure.ControllerActionInvoker.InvokeInnerFilterAsync()
--- End of stack trace from previous location ---
   at Microsoft.AspNetCore.Mvc.Infrastructure.ResourceInvoker.<InvokeNextResourceFilter>g__Awaited|24_0(ResourceInvoker invoker, Task lastTask, State next, Scope scope, Object state, Boolean isCompleted)
   at Microsoft.AspNetCore.Mvc.Infrastructure.ResourceInvoker.Rethrow(ResourceExecutedContextSealed context)
   at Microsoft.AspNetCore.Mvc.Infrastructure.ResourceInvoker.Next(State& next, Scope& scope, Object& state, Boolean& isCompleted)
   at Microsoft.AspNetCore.Mvc.Infrastructure.ResourceInvoker.InvokeFilterPipelineAsync()
--- End of stack trace from previous location ---
   at Microsoft.AspNetCore.Mvc.Infrastructure.ResourceInvoker.<InvokeAsync>g__Logged|17_1(ResourceInvoker invoker)
   at Microsoft.AspNetCore.Routing.EndpointMiddleware.<Invoke>g__AwaitRequestTask|6_0(Endpoint endpoint, Task requestTask, ILogger logger)
   at Swashbuckle.AspNetCore.SwaggerUI.SwaggerUIMiddleware.Invoke(HttpContext httpContext)
   at Swashbuckle.AspNetCore.Swagger.SwaggerMiddleware.Invoke(HttpContext httpContext, ISwaggerProvider swaggerProvider)
   at Microsoft.AspNetCore.Diagnostics.DeveloperExceptionPageMiddleware.Invoke(HttpContext context)
2021-01-02 16:40:42.772 +05:30 [INF] Request finished HTTP/2 POST https://localhost:5001/Applicant text/plain 9 - 500 - text/plain 6260.0524ms
2021-01-02 16:41:08.068 +05:30 [INF] User profile is available. Using 'C:\Users\Karthikeyan.P\AppData\Local\ASP.NET\DataProtection-Keys' as key repository and Windows DPAPI to encrypt keys at rest.
2021-01-02 16:41:09.225 +05:30 [INF] Request starting HTTP/2 GET https://localhost:5001/swagger/index.html - -
2021-01-02 16:41:09.329 +05:30 [INF] Request finished HTTP/2 GET https://localhost:5001/swagger/index.html - - - 200 - text/html;charset=utf-8 106.3634ms
2021-01-02 16:41:09.452 +05:30 [INF] Request starting HTTP/2 GET https://localhost:5001/swagger/v1/swagger.json - -
2021-01-02 16:41:09.528 +05:30 [INF] Request finished HTTP/2 GET https://localhost:5001/swagger/v1/swagger.json - - - 200 - application/json;charset=utf-8 76.3912ms
2021-01-02 16:41:13.695 +05:30 [INF] Request starting HTTP/2 POST https://localhost:5001/Applicant text/plain 9
2021-01-02 16:41:13.709 +05:30 [INF] CORS policy execution successful.
2021-01-02 16:41:13.751 +05:30 [INF] Executing endpoint 'Hahn.ApplicatonProcess.December2020.Web.Controllers.ApplicantController.Post (Hahn.ApplicatonProcess.December2020.Web)'
2021-01-02 16:41:13.795 +05:30 [INF] Route matched with {action = "Post", controller = "Applicant"}. Executing controller action with signature Microsoft.AspNetCore.Mvc.ActionResult Post(System.String) on controller Hahn.ApplicatonProcess.December2020.Web.Controllers.ApplicantController (Hahn.ApplicatonProcess.December2020.Web).
2021-01-02 16:41:25.024 +05:30 [INF] Request starting HTTP/2 POST https://localhost:5001/Applicant text/plain 9
2021-01-02 16:41:25.027 +05:30 [INF] CORS policy execution successful.
2021-01-02 16:41:25.031 +05:30 [INF] Executing endpoint 'Hahn.ApplicatonProcess.December2020.Web.Controllers.ApplicantController.Post (Hahn.ApplicatonProcess.December2020.Web)'
2021-01-02 16:41:25.035 +05:30 [INF] Route matched with {action = "Post", controller = "Applicant"}. Executing controller action with signature Microsoft.AspNetCore.Mvc.ActionResult Post(System.String) on controller Hahn.ApplicatonProcess.December2020.Web.Controllers.ApplicantController (Hahn.ApplicatonProcess.December2020.Web).
2021-01-02 16:41:26.188 +05:30 [INF] Executing ObjectResult, writing value of type 'Microsoft.AspNetCore.Mvc.ProblemDetails'.
2021-01-02 16:41:26.188 +05:30 [INF] Executing ObjectResult, writing value of type 'Microsoft.AspNetCore.Mvc.ProblemDetails'.
2021-01-02 16:41:26.210 +05:30 [INF] Executed action Hahn.ApplicatonProcess.December2020.Web.Controllers.ApplicantController.Post (Hahn.ApplicatonProcess.December2020.Web) in 12401.8214ms
2021-01-02 16:41:26.210 +05:30 [INF] Executed action Hahn.ApplicatonProcess.December2020.Web.Controllers.ApplicantController.Post (Hahn.ApplicatonProcess.December2020.Web) in 1162.6019ms
2021-01-02 16:41:26.214 +05:30 [INF] Executed endpoint 'Hahn.ApplicatonProcess.December2020.Web.Controllers.ApplicantController.Post (Hahn.ApplicatonProcess.December2020.Web)'
2021-01-02 16:41:26.215 +05:30 [INF] Executed endpoint 'Hahn.ApplicatonProcess.December2020.Web.Controllers.ApplicantController.Post (Hahn.ApplicatonProcess.December2020.Web)'
2021-01-02 16:41:26.221 +05:30 [INF] Request finished HTTP/2 POST https://localhost:5001/Applicant text/plain 9 - 415 - application/problem+json;+charset=utf-8 12524.1707ms
2021-01-02 16:41:26.221 +05:30 [INF] Request finished HTTP/2 POST https://localhost:5001/Applicant text/plain 9 - 415 - application/problem+json;+charset=utf-8 1197.0782ms
2021-01-02 16:42:34.655 +05:30 [INF] Request starting HTTP/2 POST https://localhost:5001/Applicant text/plain 9
2021-01-02 16:42:34.658 +05:30 [INF] CORS policy execution successful.
2021-01-02 16:42:34.661 +05:30 [INF] Executing endpoint 'Hahn.ApplicatonProcess.December2020.Web.Controllers.ApplicantController.Post (Hahn.ApplicatonProcess.December2020.Web)'
2021-01-02 16:42:34.663 +05:30 [INF] Route matched with {action = "Post", controller = "Applicant"}. Executing controller action with signature Microsoft.AspNetCore.Mvc.ActionResult Post(System.String) on controller Hahn.ApplicatonProcess.December2020.Web.Controllers.ApplicantController (Hahn.ApplicatonProcess.December2020.Web).
2021-01-02 16:42:37.723 +05:30 [INF] Executing ObjectResult, writing value of type 'Microsoft.AspNetCore.Mvc.ProblemDetails'.
2021-01-02 16:42:37.726 +05:30 [INF] Executed action Hahn.ApplicatonProcess.December2020.Web.Controllers.ApplicantController.Post (Hahn.ApplicatonProcess.December2020.Web) in 3060.0397ms
2021-01-02 16:42:37.729 +05:30 [INF] Executed endpoint 'Hahn.ApplicatonProcess.December2020.Web.Controllers.ApplicantController.Post (Hahn.ApplicatonProcess.December2020.Web)'
2021-01-02 16:42:37.734 +05:30 [INF] Request finished HTTP/2 POST https://localhost:5001/Applicant text/plain 9 - 415 - application/problem+json;+charset=utf-8 3075.9683ms
2021-01-02 16:43:39.064 +05:30 [INF] Request starting HTTP/2 POST https://localhost:5001/Applicant text/plain;charset=UTF-8 9
2021-01-02 16:43:39.067 +05:30 [INF] CORS policy execution successful.
2021-01-02 16:43:39.070 +05:30 [INF] Executing endpoint 'Hahn.ApplicatonProcess.December2020.Web.Controllers.ApplicantController.Post (Hahn.ApplicatonProcess.December2020.Web)'
2021-01-02 16:43:39.072 +05:30 [INF] Route matched with {action = "Post", controller = "Applicant"}. Executing controller action with signature Microsoft.AspNetCore.Mvc.ActionResult Post(System.String) on controller Hahn.ApplicatonProcess.December2020.Web.Controllers.ApplicantController (Hahn.ApplicatonProcess.December2020.Web).
2021-01-02 16:43:42.899 +05:30 [INF] Executing ObjectResult, writing value of type 'Microsoft.AspNetCore.Mvc.ProblemDetails'.
2021-01-02 16:43:42.903 +05:30 [INF] Executed action Hahn.ApplicatonProcess.December2020.Web.Controllers.ApplicantController.Post (Hahn.ApplicatonProcess.December2020.Web) in 3826.645ms
2021-01-02 16:43:42.907 +05:30 [INF] Executed endpoint 'Hahn.ApplicatonProcess.December2020.Web.Controllers.ApplicantController.Post (Hahn.ApplicatonProcess.December2020.Web)'
2021-01-02 16:43:42.910 +05:30 [INF] Request finished HTTP/2 POST https://localhost:5001/Applicant text/plain;charset=UTF-8 9 - 415 - application/problem+json;+charset=utf-8 3845.6402ms
2021-01-02 16:44:34.266 +05:30 [INF] Request starting HTTP/2 POST https://localhost:5001/Applicant text/plain;charset=UTF-8 9
2021-01-02 16:44:34.268 +05:30 [INF] CORS policy execution successful.
2021-01-02 16:44:34.271 +05:30 [INF] Executing endpoint 'Hahn.ApplicatonProcess.December2020.Web.Controllers.ApplicantController.Post (Hahn.ApplicatonProcess.December2020.Web)'
2021-01-02 16:44:34.274 +05:30 [INF] Route matched with {action = "Post", controller = "Applicant"}. Executing controller action with signature Microsoft.AspNetCore.Mvc.ActionResult Post(System.String) on controller Hahn.ApplicatonProcess.December2020.Web.Controllers.ApplicantController (Hahn.ApplicatonProcess.December2020.Web).
2021-01-02 16:44:36.055 +05:30 [INF] Executing ObjectResult, writing value of type 'Microsoft.AspNetCore.Mvc.ProblemDetails'.
2021-01-02 16:44:36.057 +05:30 [INF] Executed action Hahn.ApplicatonProcess.December2020.Web.Controllers.ApplicantController.Post (Hahn.ApplicatonProcess.December2020.Web) in 1781.8356ms
2021-01-02 16:44:36.060 +05:30 [INF] Executed endpoint 'Hahn.ApplicatonProcess.December2020.Web.Controllers.ApplicantController.Post (Hahn.ApplicatonProcess.December2020.Web)'
2021-01-02 16:44:36.062 +05:30 [INF] Request finished HTTP/2 POST https://localhost:5001/Applicant text/plain;charset=UTF-8 9 - 415 - application/problem+json;+charset=utf-8 1796.7810ms
2021-01-02 16:46:39.224 +05:30 [INF] Request starting HTTP/2 POST https://localhost:5001/Applicant text/plain;charset=UTF-8 9
2021-01-02 16:46:39.227 +05:30 [INF] CORS policy execution successful.
2021-01-02 16:46:39.230 +05:30 [INF] Executing endpoint 'Hahn.ApplicatonProcess.December2020.Web.Controllers.ApplicantController.Post (Hahn.ApplicatonProcess.December2020.Web)'
2021-01-02 16:46:39.233 +05:30 [INF] Route matched with {action = "Post", controller = "Applicant"}. Executing controller action with signature Microsoft.AspNetCore.Mvc.ActionResult Post(System.String) on controller Hahn.ApplicatonProcess.December2020.Web.Controllers.ApplicantController (Hahn.ApplicatonProcess.December2020.Web).
2021-01-02 16:46:42.673 +05:30 [INF] Executing ObjectResult, writing value of type 'Microsoft.AspNetCore.Mvc.ProblemDetails'.
2021-01-02 16:46:42.677 +05:30 [INF] Executed action Hahn.ApplicatonProcess.December2020.Web.Controllers.ApplicantController.Post (Hahn.ApplicatonProcess.December2020.Web) in 3440.7176ms
2021-01-02 16:46:42.680 +05:30 [INF] Executed endpoint 'Hahn.ApplicatonProcess.December2020.Web.Controllers.ApplicantController.Post (Hahn.ApplicatonProcess.December2020.Web)'
2021-01-02 16:46:42.683 +05:30 [INF] Request finished HTTP/2 POST https://localhost:5001/Applicant text/plain;charset=UTF-8 9 - 415 - application/problem+json;+charset=utf-8 3458.4902ms
2021-01-02 16:48:32.313 +05:30 [INF] Request starting HTTP/2 POST https://localhost:5001/Applicant text/plain;charset=UTF-8 9
2021-01-02 16:48:32.316 +05:30 [INF] CORS policy execution successful.
2021-01-02 16:48:32.319 +05:30 [INF] Executing endpoint 'Hahn.ApplicatonProcess.December2020.Web.Controllers.ApplicantController.Post (Hahn.ApplicatonProcess.December2020.Web)'
2021-01-02 16:48:32.321 +05:30 [INF] Route matched with {action = "Post", controller = "Applicant"}. Executing controller action with signature Microsoft.AspNetCore.Mvc.ActionResult Post(System.String) on controller Hahn.ApplicatonProcess.December2020.Web.Controllers.ApplicantController (Hahn.ApplicatonProcess.December2020.Web).
2021-01-02 16:48:36.315 +05:30 [INF] Executing ObjectResult, writing value of type 'Microsoft.AspNetCore.Mvc.ProblemDetails'.
2021-01-02 16:48:36.318 +05:30 [INF] Executed action Hahn.ApplicatonProcess.December2020.Web.Controllers.ApplicantController.Post (Hahn.ApplicatonProcess.December2020.Web) in 3994.7555ms
2021-01-02 16:48:36.321 +05:30 [INF] Executed endpoint 'Hahn.ApplicatonProcess.December2020.Web.Controllers.ApplicantController.Post (Hahn.ApplicatonProcess.December2020.Web)'
2021-01-02 16:48:36.327 +05:30 [INF] Request finished HTTP/2 POST https://localhost:5001/Applicant text/plain;charset=UTF-8 9 - 415 - application/problem+json;+charset=utf-8 4013.8696ms
2021-01-02 16:48:57.491 +05:30 [INF] Request starting HTTP/1.1 POST https://localhost:5001/Applicant application/json 149
2021-01-02 16:48:57.493 +05:30 [INF] Executing endpoint 'Hahn.ApplicatonProcess.December2020.Web.Controllers.ApplicantController.Post (Hahn.ApplicatonProcess.December2020.Web)'
2021-01-02 16:48:57.495 +05:30 [INF] Route matched with {action = "Post", controller = "Applicant"}. Executing controller action with signature Microsoft.AspNetCore.Mvc.ActionResult Post(System.String) on controller Hahn.ApplicatonProcess.December2020.Web.Controllers.ApplicantController (Hahn.ApplicatonProcess.December2020.Web).
2021-01-02 16:48:58.938 +05:30 [INF] Executing BadRequestObjectResult, writing value of type 'Microsoft.AspNetCore.Mvc.ValidationProblemDetails'.
2021-01-02 16:48:58.944 +05:30 [INF] Executed action Hahn.ApplicatonProcess.December2020.Web.Controllers.ApplicantController.Post (Hahn.ApplicatonProcess.December2020.Web) in 1446.4934ms
2021-01-02 16:48:58.946 +05:30 [INF] Executed endpoint 'Hahn.ApplicatonProcess.December2020.Web.Controllers.ApplicantController.Post (Hahn.ApplicatonProcess.December2020.Web)'
2021-01-02 16:48:58.948 +05:30 [INF] Request finished HTTP/1.1 POST https://localhost:5001/Applicant application/json 149 - 400 - application/problem+json;+charset=utf-8 1457.6705ms
2021-01-02 16:49:18.877 +05:30 [INF] Request starting HTTP/1.1 POST https://localhost:5001/Applicant text/plain 149
2021-01-02 16:49:18.881 +05:30 [INF] Executing endpoint 'Hahn.ApplicatonProcess.December2020.Web.Controllers.ApplicantController.Post (Hahn.ApplicatonProcess.December2020.Web)'
2021-01-02 16:49:18.884 +05:30 [INF] Route matched with {action = "Post", controller = "Applicant"}. Executing controller action with signature Microsoft.AspNetCore.Mvc.ActionResult Post(System.String) on controller Hahn.ApplicatonProcess.December2020.Web.Controllers.ApplicantController (Hahn.ApplicatonProcess.December2020.Web).
2021-01-02 16:49:27.618 +05:30 [INF] Executing ObjectResult, writing value of type 'Microsoft.AspNetCore.Mvc.ProblemDetails'.
2021-01-02 16:49:27.621 +05:30 [INF] Executed action Hahn.ApplicatonProcess.December2020.Web.Controllers.ApplicantController.Post (Hahn.ApplicatonProcess.December2020.Web) in 8734.3074ms
2021-01-02 16:49:27.624 +05:30 [INF] Executed endpoint 'Hahn.ApplicatonProcess.December2020.Web.Controllers.ApplicantController.Post (Hahn.ApplicatonProcess.December2020.Web)'
2021-01-02 16:49:27.638 +05:30 [INF] Request finished HTTP/1.1 POST https://localhost:5001/Applicant text/plain 149 - 415 - application/problem+json;+charset=utf-8 8750.0720ms
2021-01-02 16:49:39.942 +05:30 [INF] Request starting HTTP/1.1 POST https://localhost:5001/Applicant text/plain 151
2021-01-02 16:49:39.944 +05:30 [INF] Executing endpoint 'Hahn.ApplicatonProcess.December2020.Web.Controllers.ApplicantController.Post (Hahn.ApplicatonProcess.December2020.Web)'
2021-01-02 16:49:39.946 +05:30 [INF] Route matched with {action = "Post", controller = "Applicant"}. Executing controller action with signature Microsoft.AspNetCore.Mvc.ActionResult Post(System.String) on controller Hahn.ApplicatonProcess.December2020.Web.Controllers.ApplicantController (Hahn.ApplicatonProcess.December2020.Web).
2021-01-02 16:49:41.529 +05:30 [INF] Executing ObjectResult, writing value of type 'Microsoft.AspNetCore.Mvc.ProblemDetails'.
2021-01-02 16:49:41.532 +05:30 [INF] Executed action Hahn.ApplicatonProcess.December2020.Web.Controllers.ApplicantController.Post (Hahn.ApplicatonProcess.December2020.Web) in 1583.0205ms
2021-01-02 16:49:41.535 +05:30 [INF] Executed endpoint 'Hahn.ApplicatonProcess.December2020.Web.Controllers.ApplicantController.Post (Hahn.ApplicatonProcess.December2020.Web)'
2021-01-02 16:49:41.538 +05:30 [INF] Request finished HTTP/1.1 POST https://localhost:5001/Applicant text/plain 151 - 415 - application/problem+json;+charset=utf-8 1594.7044ms
2021-01-02 16:50:24.673 +05:30 [INF] User profile is available. Using 'C:\Users\Karthikeyan.P\AppData\Local\ASP.NET\DataProtection-Keys' as key repository and Windows DPAPI to encrypt keys at rest.
2021-01-02 16:50:26.100 +05:30 [INF] Request starting HTTP/2 GET https://localhost:5001/swagger/index.html - -
2021-01-02 16:50:26.226 +05:30 [INF] Request finished HTTP/2 GET https://localhost:5001/swagger/index.html - - - 200 - text/html;charset=utf-8 127.7162ms
2021-01-02 16:50:26.354 +05:30 [INF] Request starting HTTP/2 GET https://localhost:5001/swagger/v1/swagger.json - -
2021-01-02 16:50:26.437 +05:30 [INF] Request finished HTTP/2 GET https://localhost:5001/swagger/v1/swagger.json - - - 200 - application/json;charset=utf-8 82.2768ms
2021-01-02 16:50:28.545 +05:30 [INF] Request starting HTTP/1.1 POST https://localhost:5001/Applicant text/plain 149
2021-01-02 16:50:28.571 +05:30 [INF] Executing endpoint 'Hahn.ApplicatonProcess.December2020.Web.Controllers.ApplicantController.Post (Hahn.ApplicatonProcess.December2020.Web)'
2021-01-02 16:50:28.604 +05:30 [INF] Route matched with {action = "Post", controller = "Applicant"}. Executing controller action with signature Microsoft.AspNetCore.Mvc.ActionResult Post(Hahn.ApplicatonProcess.December2020.Domain.Application.Dto.Request.Request`1[Hahn.ApplicatonProcess.December2020.Domain.Application.Dto.Model.Applicant]) on controller Hahn.ApplicatonProcess.December2020.Web.Controllers.ApplicantController (Hahn.ApplicatonProcess.December2020.Web).
2021-01-02 16:50:30.139 +05:30 [INF] Executing ObjectResult, writing value of type 'Microsoft.AspNetCore.Mvc.ProblemDetails'.
2021-01-02 16:50:30.157 +05:30 [INF] Executed action Hahn.ApplicatonProcess.December2020.Web.Controllers.ApplicantController.Post (Hahn.ApplicatonProcess.December2020.Web) in 1544.4114ms
2021-01-02 16:50:30.161 +05:30 [INF] Executed endpoint 'Hahn.ApplicatonProcess.December2020.Web.Controllers.ApplicantController.Post (Hahn.ApplicatonProcess.December2020.Web)'
2021-01-02 16:50:30.164 +05:30 [INF] Request finished HTTP/1.1 POST https://localhost:5001/Applicant text/plain 149 - 415 - application/problem+json;+charset=utf-8 1620.2291ms
2021-01-02 16:50:43.824 +05:30 [INF] Request starting HTTP/1.1 POST https://localhost:5001/Applicant application/json 149
2021-01-02 16:50:43.828 +05:30 [INF] Executing endpoint 'Hahn.ApplicatonProcess.December2020.Web.Controllers.ApplicantController.Post (Hahn.ApplicatonProcess.December2020.Web)'
2021-01-02 16:50:43.830 +05:30 [INF] Route matched with {action = "Post", controller = "Applicant"}. Executing controller action with signature Microsoft.AspNetCore.Mvc.ActionResult Post(Hahn.ApplicatonProcess.December2020.Domain.Application.Dto.Request.Request`1[Hahn.ApplicatonProcess.December2020.Domain.Application.Dto.Model.Applicant]) on controller Hahn.ApplicatonProcess.December2020.Web.Controllers.ApplicantController (Hahn.ApplicatonProcess.December2020.Web).
2021-01-02 16:50:50.417 +05:30 [INF] Entity Framework Core 5.0.1 initialized 'ApplicationDbContext' using provider 'Microsoft.EntityFrameworkCore.InMemory' with options: StoreName=ApplicantManager 
2021-01-02 16:50:50.539 +05:30 [INF] Saved 1 entities to in-memory store.
2021-01-02 16:50:50.546 +05:30 [INF] Executing OkObjectResult, writing value of type 'Hahn.ApplicatonProcess.December2020.Domain.Application.Dto.Response.Response`1[[Hahn.ApplicatonProcess.December2020.Domain.Application.Dto.Model.AddResponse, Hahn.ApplicatonProcess.December2020.Domain, Version=1.0.0.0, Culture=neutral, PublicKeyToken=null]]'.
2021-01-02 16:50:50.550 +05:30 [INF] Executed action Hahn.ApplicatonProcess.December2020.Web.Controllers.ApplicantController.Post (Hahn.ApplicatonProcess.December2020.Web) in 6717.5643ms
2021-01-02 16:50:50.553 +05:30 [INF] Executed endpoint 'Hahn.ApplicatonProcess.December2020.Web.Controllers.ApplicantController.Post (Hahn.ApplicatonProcess.December2020.Web)'
2021-01-02 16:50:50.556 +05:30 [INF] Request finished HTTP/1.1 POST https://localhost:5001/Applicant application/json 149 - 200 - application/json;+charset=utf-8 6732.9825ms
2021-01-02 16:51:13.184 +05:30 [INF] Request starting HTTP/2 POST https://localhost:5001/Applicant text/plain;charset=UTF-8 149
2021-01-02 16:51:13.201 +05:30 [INF] CORS policy execution successful.
2021-01-02 16:51:13.205 +05:30 [INF] Executing endpoint 'Hahn.ApplicatonProcess.December2020.Web.Controllers.ApplicantController.Post (Hahn.ApplicatonProcess.December2020.Web)'
2021-01-02 16:51:13.209 +05:30 [INF] Route matched with {action = "Post", controller = "Applicant"}. Executing controller action with signature Microsoft.AspNetCore.Mvc.ActionResult Post(Hahn.ApplicatonProcess.December2020.Domain.Application.Dto.Request.Request`1[Hahn.ApplicatonProcess.December2020.Domain.Application.Dto.Model.Applicant]) on controller Hahn.ApplicatonProcess.December2020.Web.Controllers.ApplicantController (Hahn.ApplicatonProcess.December2020.Web).
2021-01-02 16:51:14.743 +05:30 [INF] Executing ObjectResult, writing value of type 'Microsoft.AspNetCore.Mvc.ProblemDetails'.
2021-01-02 16:51:14.747 +05:30 [INF] Executed action Hahn.ApplicatonProcess.December2020.Web.Controllers.ApplicantController.Post (Hahn.ApplicatonProcess.December2020.Web) in 1534.4008ms
2021-01-02 16:51:14.754 +05:30 [INF] Executed endpoint 'Hahn.ApplicatonProcess.December2020.Web.Controllers.ApplicantController.Post (Hahn.ApplicatonProcess.December2020.Web)'
2021-01-02 16:51:14.758 +05:30 [INF] Request finished HTTP/2 POST https://localhost:5001/Applicant text/plain;charset=UTF-8 149 - 415 - application/problem+json;+charset=utf-8 1575.6521ms
2021-01-02 16:52:48.385 +05:30 [INF] Request starting HTTP/2 POST https://localhost:5001/Applicant text/plain;charset=UTF-8 149
2021-01-02 16:52:48.387 +05:30 [INF] CORS policy execution successful.
2021-01-02 16:52:48.389 +05:30 [INF] Executing endpoint 'Hahn.ApplicatonProcess.December2020.Web.Controllers.ApplicantController.Post (Hahn.ApplicatonProcess.December2020.Web)'
2021-01-02 16:52:48.392 +05:30 [INF] Route matched with {action = "Post", controller = "Applicant"}. Executing controller action with signature Microsoft.AspNetCore.Mvc.ActionResult Post(Hahn.ApplicatonProcess.December2020.Domain.Application.Dto.Request.Request`1[Hahn.ApplicatonProcess.December2020.Domain.Application.Dto.Model.Applicant]) on controller Hahn.ApplicatonProcess.December2020.Web.Controllers.ApplicantController (Hahn.ApplicatonProcess.December2020.Web).
2021-01-02 16:52:50.834 +05:30 [INF] Executing ObjectResult, writing value of type 'Microsoft.AspNetCore.Mvc.ProblemDetails'.
2021-01-02 16:52:50.838 +05:30 [INF] Executed action Hahn.ApplicatonProcess.December2020.Web.Controllers.ApplicantController.Post (Hahn.ApplicatonProcess.December2020.Web) in 2443.0361ms
2021-01-02 16:52:50.840 +05:30 [INF] Executed endpoint 'Hahn.ApplicatonProcess.December2020.Web.Controllers.ApplicantController.Post (Hahn.ApplicatonProcess.December2020.Web)'
2021-01-02 16:52:50.842 +05:30 [INF] Request finished HTTP/2 POST https://localhost:5001/Applicant text/plain;charset=UTF-8 149 - 415 - application/problem+json;+charset=utf-8 2458.6780ms
2021-01-02 16:53:19.168 +05:30 [INF] Request starting HTTP/2 POST https://localhost:5001/Applicant text/plain;charset=UTF-8 149
2021-01-02 16:53:19.171 +05:30 [INF] CORS policy execution successful.
2021-01-02 16:53:19.173 +05:30 [INF] Executing endpoint 'Hahn.ApplicatonProcess.December2020.Web.Controllers.ApplicantController.Post (Hahn.ApplicatonProcess.December2020.Web)'
2021-01-02 16:53:19.176 +05:30 [INF] Route matched with {action = "Post", controller = "Applicant"}. Executing controller action with signature Microsoft.AspNetCore.Mvc.ActionResult Post(Hahn.ApplicatonProcess.December2020.Domain.Application.Dto.Request.Request`1[Hahn.ApplicatonProcess.December2020.Domain.Application.Dto.Model.Applicant]) on controller Hahn.ApplicatonProcess.December2020.Web.Controllers.ApplicantController (Hahn.ApplicatonProcess.December2020.Web).
2021-01-02 16:53:20.094 +05:30 [INF] Executing ObjectResult, writing value of type 'Microsoft.AspNetCore.Mvc.ProblemDetails'.
2021-01-02 16:53:20.096 +05:30 [INF] Executed action Hahn.ApplicatonProcess.December2020.Web.Controllers.ApplicantController.Post (Hahn.ApplicatonProcess.December2020.Web) in 917.8954ms
2021-01-02 16:53:20.098 +05:30 [INF] Executed endpoint 'Hahn.ApplicatonProcess.December2020.Web.Controllers.ApplicantController.Post (Hahn.ApplicatonProcess.December2020.Web)'
2021-01-02 16:53:20.101 +05:30 [INF] Request finished HTTP/2 POST https://localhost:5001/Applicant text/plain;charset=UTF-8 149 - 415 - application/problem+json;+charset=utf-8 932.4897ms
2021-01-02 17:01:20.109 +05:30 [INF] Request starting HTTP/2 OPTIONS https://localhost:5001/Applicant - -
2021-01-02 17:01:20.111 +05:30 [INF] CORS policy execution successful.
2021-01-02 17:01:20.114 +05:30 [INF] Request finished HTTP/2 OPTIONS https://localhost:5001/Applicant - - - 204 - - 4.6744ms
2021-01-02 17:02:29.624 +05:30 [INF] Request starting HTTP/2 OPTIONS https://localhost:5001/Applicant - -
2021-01-02 17:02:29.627 +05:30 [INF] CORS policy execution successful.
2021-01-02 17:02:29.629 +05:30 [INF] Request finished HTTP/2 OPTIONS https://localhost:5001/Applicant - - - 204 - - 5.6046ms
2021-01-02 17:02:49.736 +05:30 [INF] Request starting HTTP/2 POST https://localhost:5001/Applicant text/plain;charset=UTF-8 149
2021-01-02 17:02:49.738 +05:30 [INF] CORS policy execution successful.
2021-01-02 17:02:49.741 +05:30 [INF] Executing endpoint 'Hahn.ApplicatonProcess.December2020.Web.Controllers.ApplicantController.Post (Hahn.ApplicatonProcess.December2020.Web)'
2021-01-02 17:02:49.744 +05:30 [INF] Route matched with {action = "Post", controller = "Applicant"}. Executing controller action with signature Microsoft.AspNetCore.Mvc.ActionResult Post(Hahn.ApplicatonProcess.December2020.Domain.Application.Dto.Request.Request`1[Hahn.ApplicatonProcess.December2020.Domain.Application.Dto.Model.Applicant]) on controller Hahn.ApplicatonProcess.December2020.Web.Controllers.ApplicantController (Hahn.ApplicatonProcess.December2020.Web).
2021-01-02 17:02:51.383 +05:30 [INF] Executing ObjectResult, writing value of type 'Microsoft.AspNetCore.Mvc.ProblemDetails'.
2021-01-02 17:02:51.388 +05:30 [INF] Executed action Hahn.ApplicatonProcess.December2020.Web.Controllers.ApplicantController.Post (Hahn.ApplicatonProcess.December2020.Web) in 1639.392ms
2021-01-02 17:02:51.393 +05:30 [INF] Executed endpoint 'Hahn.ApplicatonProcess.December2020.Web.Controllers.ApplicantController.Post (Hahn.ApplicatonProcess.December2020.Web)'
2021-01-02 17:02:51.396 +05:30 [INF] Request finished HTTP/2 POST https://localhost:5001/Applicant text/plain;charset=UTF-8 149 - 415 - application/problem+json;+charset=utf-8 1658.9348ms
2021-01-02 17:03:12.228 +05:30 [INF] Request starting HTTP/2 POST https://localhost:5001/Applicant text/plain;charset=UTF-8 149
2021-01-02 17:03:12.231 +05:30 [INF] CORS policy execution successful.
2021-01-02 17:03:12.233 +05:30 [INF] Executing endpoint 'Hahn.ApplicatonProcess.December2020.Web.Controllers.ApplicantController.Post (Hahn.ApplicatonProcess.December2020.Web)'
2021-01-02 17:03:12.235 +05:30 [INF] Route matched with {action = "Post", controller = "Applicant"}. Executing controller action with signature Microsoft.AspNetCore.Mvc.ActionResult Post(Hahn.ApplicatonProcess.December2020.Domain.Application.Dto.Request.Request`1[Hahn.ApplicatonProcess.December2020.Domain.Application.Dto.Model.Applicant]) on controller Hahn.ApplicatonProcess.December2020.Web.Controllers.ApplicantController (Hahn.ApplicatonProcess.December2020.Web).
2021-01-02 17:03:13.061 +05:30 [INF] Executing ObjectResult, writing value of type 'Microsoft.AspNetCore.Mvc.ProblemDetails'.
2021-01-02 17:03:13.064 +05:30 [INF] Executed action Hahn.ApplicatonProcess.December2020.Web.Controllers.ApplicantController.Post (Hahn.ApplicatonProcess.December2020.Web) in 826.068ms
2021-01-02 17:03:13.065 +05:30 [INF] Executed endpoint 'Hahn.ApplicatonProcess.December2020.Web.Controllers.ApplicantController.Post (Hahn.ApplicatonProcess.December2020.Web)'
2021-01-02 17:03:13.068 +05:30 [INF] Request finished HTTP/2 POST https://localhost:5001/Applicant text/plain;charset=UTF-8 149 - 415 - application/problem+json;+charset=utf-8 840.4261ms
2021-01-02 17:03:25.462 +05:30 [INF] Request starting HTTP/2 POST https://localhost:5001/Applicant text/plain;charset=UTF-8 15
2021-01-02 17:03:25.465 +05:30 [INF] CORS policy execution successful.
2021-01-02 17:03:25.467 +05:30 [INF] Executing endpoint 'Hahn.ApplicatonProcess.December2020.Web.Controllers.ApplicantController.Post (Hahn.ApplicatonProcess.December2020.Web)'
2021-01-02 17:03:25.469 +05:30 [INF] Route matched with {action = "Post", controller = "Applicant"}. Executing controller action with signature Microsoft.AspNetCore.Mvc.ActionResult Post(Hahn.ApplicatonProcess.December2020.Domain.Application.Dto.Request.Request`1[Hahn.ApplicatonProcess.December2020.Domain.Application.Dto.Model.Applicant]) on controller Hahn.ApplicatonProcess.December2020.Web.Controllers.ApplicantController (Hahn.ApplicatonProcess.December2020.Web).
2021-01-02 17:03:26.120 +05:30 [INF] Executing ObjectResult, writing value of type 'Microsoft.AspNetCore.Mvc.ProblemDetails'.
2021-01-02 17:03:26.123 +05:30 [INF] Executed action Hahn.ApplicatonProcess.December2020.Web.Controllers.ApplicantController.Post (Hahn.ApplicatonProcess.December2020.Web) in 650.9045ms
2021-01-02 17:03:26.126 +05:30 [INF] Executed endpoint 'Hahn.ApplicatonProcess.December2020.Web.Controllers.ApplicantController.Post (Hahn.ApplicatonProcess.December2020.Web)'
2021-01-02 17:03:26.130 +05:30 [INF] Request finished HTTP/2 POST https://localhost:5001/Applicant text/plain;charset=UTF-8 15 - 415 - application/problem+json;+charset=utf-8 665.9045ms
2021-01-02 17:03:37.111 +05:30 [INF] Request starting HTTP/2 POST https://localhost:5001/Applicant text/plain;charset=UTF-8 149
2021-01-02 17:03:37.114 +05:30 [INF] CORS policy execution successful.
2021-01-02 17:03:37.117 +05:30 [INF] Executing endpoint 'Hahn.ApplicatonProcess.December2020.Web.Controllers.ApplicantController.Post (Hahn.ApplicatonProcess.December2020.Web)'
2021-01-02 17:03:37.120 +05:30 [INF] Route matched with {action = "Post", controller = "Applicant"}. Executing controller action with signature Microsoft.AspNetCore.Mvc.ActionResult Post(Hahn.ApplicatonProcess.December2020.Domain.Application.Dto.Request.Request`1[Hahn.ApplicatonProcess.December2020.Domain.Application.Dto.Model.Applicant]) on controller Hahn.ApplicatonProcess.December2020.Web.Controllers.ApplicantController (Hahn.ApplicatonProcess.December2020.Web).
2021-01-02 17:03:37.864 +05:30 [INF] Executing ObjectResult, writing value of type 'Microsoft.AspNetCore.Mvc.ProblemDetails'.
2021-01-02 17:03:37.870 +05:30 [INF] Executed action Hahn.ApplicatonProcess.December2020.Web.Controllers.ApplicantController.Post (Hahn.ApplicatonProcess.December2020.Web) in 744.5382ms
2021-01-02 17:03:37.877 +05:30 [INF] Executed endpoint 'Hahn.ApplicatonProcess.December2020.Web.Controllers.ApplicantController.Post (Hahn.ApplicatonProcess.December2020.Web)'
