2021-01-09 11:41:36.431 +05:30 [INF] User profile is available. Using 'C:\Users\Karthikeyan.P\AppData\Local\ASP.NET\DataProtection-Keys' as key repository and Windows DPAPI to encrypt keys at rest.
2021-01-09 11:41:39.102 +05:30 [INF] Request starting HTTP/2 GET https://localhost:5001/swagger/index.html - -
2021-01-09 11:41:39.308 +05:30 [INF] Request finished HTTP/2 GET https://localhost:5001/swagger/index.html - - - 200 - text/html;charset=utf-8 209.8672ms
2021-01-09 11:41:39.363 +05:30 [INF] Request starting HTTP/2 GET https://localhost:5001/swagger/swagger-ui-standalone-preset.js - -
2021-01-09 11:41:39.362 +05:30 [INF] Request starting HTTP/2 GET https://localhost:5001/swagger/swagger-ui-bundle.js - -
2021-01-09 11:41:39.366 +05:30 [INF] Request starting HTTP/2 GET https://localhost:5001/swagger/swagger-ui.css - -
2021-01-09 11:41:39.418 +05:30 [INF] The file /swagger-ui-standalone-preset.js was not modified
2021-01-09 11:41:39.421 +05:30 [INF] The file /swagger-ui-bundle.js was not modified
2021-01-09 11:41:39.422 +05:30 [INF] The file /swagger-ui.css was not modified
2021-01-09 11:41:39.429 +05:30 [INF] Request finished HTTP/2 GET https://localhost:5001/swagger/swagger-ui-standalone-preset.js - - - 304 - application/javascript 66.8955ms
2021-01-09 11:41:39.434 +05:30 [INF] Request finished HTTP/2 GET https://localhost:5001/swagger/swagger-ui-bundle.js - - - 304 - application/javascript 66.8955ms
2021-01-09 11:41:39.434 +05:30 [INF] Request finished HTTP/2 GET https://localhost:5001/swagger/swagger-ui.css - - - 304 - text/css 61.6552ms
2021-01-09 11:41:39.751 +05:30 [INF] Request starting HTTP/2 GET https://localhost:5001/swagger/v1/swagger.json - -
2021-01-09 11:41:39.868 +05:30 [INF] Request finished HTTP/2 GET https://localhost:5001/swagger/v1/swagger.json - - - 200 - application/json;charset=utf-8 116.7913ms
2021-01-09 11:41:42.178 +05:30 [INF] Request starting HTTP/2 GET https://localhost:5001/Applicant - -
2021-01-09 11:41:42.185 +05:30 [INF] CORS policy execution successful.
2021-01-09 11:41:42.224 +05:30 [INF] Executing endpoint 'Hahn.ApplicatonProcess.December2020.Web.Controllers.ApplicantController.GetApplicants (Hahn.ApplicatonProcess.December2020.Web)'
2021-01-09 11:41:42.266 +05:30 [INF] Route matched with {action = "GetApplicants", controller = "Applicant"}. Executing controller action with signature Microsoft.AspNetCore.Mvc.ActionResult GetApplicants() on controller Hahn.ApplicatonProcess.December2020.Web.Controllers.ApplicantController (Hahn.ApplicatonProcess.December2020.Web).
2021-01-09 11:41:42.653 +05:30 [INF] Entity Framework Core 5.0.1 initialized 'ApplicationDbContext' using provider 'Microsoft.EntityFrameworkCore.InMemory' with options: StoreName=ApplicantManager 
2021-01-09 11:41:42.794 +05:30 [INF] Executing OkObjectResult, writing value of type 'Hahn.ApplicatonProcess.December2020.Domain.Application.Dto.Response.Response`1[[System.Collections.Generic.List`1[[Hahn.ApplicatonProcess.December2020.Domain.Application.Dto.Model.Applicant, Hahn.ApplicatonProcess.December2020.Domain, Version=1.0.0.0, Culture=neutral, PublicKeyToken=null]], System.Private.CoreLib, Version=5.0.0.0, Culture=neutral, PublicKeyToken=7cec85d7bea7798e]]'.
2021-01-09 11:41:42.812 +05:30 [INF] Executed action Hahn.ApplicatonProcess.December2020.Web.Controllers.ApplicantController.GetApplicants (Hahn.ApplicatonProcess.December2020.Web) in 537.275ms
2021-01-09 11:41:42.815 +05:30 [INF] Executed endpoint 'Hahn.ApplicatonProcess.December2020.Web.Controllers.ApplicantController.GetApplicants (Hahn.ApplicatonProcess.December2020.Web)'
2021-01-09 11:41:42.820 +05:30 [INF] Request finished HTTP/2 GET https://localhost:5001/Applicant - - - 200 - application/json;+charset=utf-8 641.7412ms
2021-01-09 11:42:04.896 +05:30 [INF] Request starting HTTP/1.1 POST https://localhost:5001/Applicant/ application/json 244
2021-01-09 11:42:04.898 +05:30 [INF] Executing endpoint 'Hahn.ApplicatonProcess.December2020.Web.Controllers.ApplicantController.Post (Hahn.ApplicatonProcess.December2020.Web)'
2021-01-09 11:42:04.908 +05:30 [INF] Route matched with {action = "Post", controller = "Applicant"}. Executing controller action with signature Microsoft.AspNetCore.Mvc.ActionResult Post(Hahn.ApplicatonProcess.December2020.Domain.Application.Dto.Request.Request`1[Hahn.ApplicatonProcess.December2020.Domain.Application.Dto.Model.Applicant]) on controller Hahn.ApplicatonProcess.December2020.Web.Controllers.ApplicantController (Hahn.ApplicatonProcess.December2020.Web).
2021-01-09 11:42:05.822 +05:30 [INF] Entity Framework Core 5.0.1 initialized 'ApplicationDbContext' using provider 'Microsoft.EntityFrameworkCore.InMemory' with options: StoreName=ApplicantManager 
2021-01-09 11:42:05.924 +05:30 [INF] Saved 1 entities to in-memory store.
2021-01-09 11:42:05.935 +05:30 [INF] Executing CreatedAtActionResult, writing value of type 'Hahn.ApplicatonProcess.December2020.Domain.Application.Dto.Response.Response`1[[Hahn.ApplicatonProcess.December2020.Domain.Application.Dto.Model.AddResponse, Hahn.ApplicatonProcess.December2020.Domain, Version=1.0.0.0, Culture=neutral, PublicKeyToken=null]]'.
2021-01-09 11:42:05.964 +05:30 [INF] Executed action Hahn.ApplicatonProcess.December2020.Web.Controllers.ApplicantController.Post (Hahn.ApplicatonProcess.December2020.Web) in 1053.1378ms
2021-01-09 11:42:05.966 +05:30 [INF] Executed endpoint 'Hahn.ApplicatonProcess.December2020.Web.Controllers.ApplicantController.Post (Hahn.ApplicatonProcess.December2020.Web)'
2021-01-09 11:42:05.970 +05:30 [INF] Request finished HTTP/1.1 POST https://localhost:5001/Applicant/ application/json 244 - 201 - application/json;+charset=utf-8 1073.2760ms
2021-01-09 11:42:11.324 +05:30 [INF] Request starting HTTP/2 GET https://localhost:5001/Applicant - -
2021-01-09 11:42:11.328 +05:30 [INF] CORS policy execution successful.
2021-01-09 11:42:11.330 +05:30 [INF] Executing endpoint 'Hahn.ApplicatonProcess.December2020.Web.Controllers.ApplicantController.GetApplicants (Hahn.ApplicatonProcess.December2020.Web)'
2021-01-09 11:42:11.333 +05:30 [INF] Route matched with {action = "GetApplicants", controller = "Applicant"}. Executing controller action with signature Microsoft.AspNetCore.Mvc.ActionResult GetApplicants() on controller Hahn.ApplicatonProcess.December2020.Web.Controllers.ApplicantController (Hahn.ApplicatonProcess.December2020.Web).
2021-01-09 11:42:11.346 +05:30 [INF] Entity Framework Core 5.0.1 initialized 'ApplicationDbContext' using provider 'Microsoft.EntityFrameworkCore.InMemory' with options: StoreName=ApplicantManager 
2021-01-09 11:42:11.358 +05:30 [INF] Executing OkObjectResult, writing value of type 'Hahn.ApplicatonProcess.December2020.Domain.Application.Dto.Response.Response`1[[System.Collections.Generic.List`1[[Hahn.ApplicatonProcess.December2020.Domain.Application.Dto.Model.Applicant, Hahn.ApplicatonProcess.December2020.Domain, Version=1.0.0.0, Culture=neutral, PublicKeyToken=null]], System.Private.CoreLib, Version=5.0.0.0, Culture=neutral, PublicKeyToken=7cec85d7bea7798e]]'.
2021-01-09 11:42:11.364 +05:30 [INF] Executed action Hahn.ApplicatonProcess.December2020.Web.Controllers.ApplicantController.GetApplicants (Hahn.ApplicatonProcess.December2020.Web) in 28.153ms
2021-01-09 11:42:11.366 +05:30 [INF] Executed endpoint 'Hahn.ApplicatonProcess.December2020.Web.Controllers.ApplicantController.GetApplicants (Hahn.ApplicatonProcess.December2020.Web)'
2021-01-09 11:42:11.368 +05:30 [INF] Request finished HTTP/2 GET https://localhost:5001/Applicant - - - 200 - application/json;+charset=utf-8 45.7241ms
2021-01-09 11:43:41.726 +05:30 [INF] Request starting HTTP/2 GET https://localhost:5001/Applicant - -
2021-01-09 11:43:41.730 +05:30 [INF] CORS policy execution successful.
2021-01-09 11:43:41.732 +05:30 [INF] Executing endpoint 'Hahn.ApplicatonProcess.December2020.Web.Controllers.ApplicantController.GetApplicants (Hahn.ApplicatonProcess.December2020.Web)'
2021-01-09 11:43:41.734 +05:30 [INF] Route matched with {action = "GetApplicants", controller = "Applicant"}. Executing controller action with signature Microsoft.AspNetCore.Mvc.ActionResult GetApplicants() on controller Hahn.ApplicatonProcess.December2020.Web.Controllers.ApplicantController (Hahn.ApplicatonProcess.December2020.Web).
2021-01-09 11:43:41.738 +05:30 [INF] Entity Framework Core 5.0.1 initialized 'ApplicationDbContext' using provider 'Microsoft.EntityFrameworkCore.InMemory' with options: StoreName=ApplicantManager 
2021-01-09 11:43:41.741 +05:30 [INF] Executing OkObjectResult, writing value of type 'Hahn.ApplicatonProcess.December2020.Domain.Application.Dto.Response.Response`1[[System.Collections.Generic.List`1[[Hahn.ApplicatonProcess.December2020.Domain.Application.Dto.Model.Applicant, Hahn.ApplicatonProcess.December2020.Domain, Version=1.0.0.0, Culture=neutral, PublicKeyToken=null]], System.Private.CoreLib, Version=5.0.0.0, Culture=neutral, PublicKeyToken=7cec85d7bea7798e]]'.
2021-01-09 11:43:41.745 +05:30 [INF] Executed action Hahn.ApplicatonProcess.December2020.Web.Controllers.ApplicantController.GetApplicants (Hahn.ApplicatonProcess.December2020.Web) in 6.8395ms
2021-01-09 11:43:41.751 +05:30 [INF] Executed endpoint 'Hahn.ApplicatonProcess.December2020.Web.Controllers.ApplicantController.GetApplicants (Hahn.ApplicatonProcess.December2020.Web)'
2021-01-09 11:43:41.753 +05:30 [INF] Request finished HTTP/2 GET https://localhost:5001/Applicant - - - 200 - application/json;+charset=utf-8 26.3378ms
2021-01-09 11:44:42.638 +05:30 [INF] Request starting HTTP/2 GET https://localhost:5001/Applicant - -
2021-01-09 11:44:42.642 +05:30 [INF] CORS policy execution successful.
2021-01-09 11:44:42.644 +05:30 [INF] Executing endpoint 'Hahn.ApplicatonProcess.December2020.Web.Controllers.ApplicantController.GetApplicants (Hahn.ApplicatonProcess.December2020.Web)'
2021-01-09 11:44:42.648 +05:30 [INF] Route matched with {action = "GetApplicants", controller = "Applicant"}. Executing controller action with signature Microsoft.AspNetCore.Mvc.ActionResult GetApplicants() on controller Hahn.ApplicatonProcess.December2020.Web.Controllers.ApplicantController (Hahn.ApplicatonProcess.December2020.Web).
2021-01-09 11:44:42.652 +05:30 [INF] Entity Framework Core 5.0.1 initialized 'ApplicationDbContext' using provider 'Microsoft.EntityFrameworkCore.InMemory' with options: StoreName=ApplicantManager 
2021-01-09 11:44:42.656 +05:30 [INF] Executing OkObjectResult, writing value of type 'Hahn.ApplicatonProcess.December2020.Domain.Application.Dto.Response.Response`1[[System.Collections.Generic.List`1[[Hahn.ApplicatonProcess.December2020.Domain.Application.Dto.Model.Applicant, Hahn.ApplicatonProcess.December2020.Domain, Version=1.0.0.0, Culture=neutral, PublicKeyToken=null]], System.Private.CoreLib, Version=5.0.0.0, Culture=neutral, PublicKeyToken=7cec85d7bea7798e]]'.
2021-01-09 11:44:42.659 +05:30 [INF] Executed action Hahn.ApplicatonProcess.December2020.Web.Controllers.ApplicantController.GetApplicants (Hahn.ApplicatonProcess.December2020.Web) in 7.3952ms
2021-01-09 11:44:42.661 +05:30 [INF] Executed endpoint 'Hahn.ApplicatonProcess.December2020.Web.Controllers.ApplicantController.GetApplicants (Hahn.ApplicatonProcess.December2020.Web)'
2021-01-09 11:44:42.666 +05:30 [INF] Request finished HTTP/2 GET https://localhost:5001/Applicant - - - 200 - application/json;+charset=utf-8 26.1597ms
2021-01-09 11:44:45.645 +05:30 [INF] Request starting HTTP/2 GET https://localhost:5001/Applicant - -
2021-01-09 11:44:45.648 +05:30 [INF] CORS policy execution successful.
2021-01-09 11:44:45.650 +05:30 [INF] Executing endpoint 'Hahn.ApplicatonProcess.December2020.Web.Controllers.ApplicantController.GetApplicants (Hahn.ApplicatonProcess.December2020.Web)'
2021-01-09 11:44:45.652 +05:30 [INF] Route matched with {action = "GetApplicants", controller = "Applicant"}. Executing controller action with signature Microsoft.AspNetCore.Mvc.ActionResult GetApplicants() on controller Hahn.ApplicatonProcess.December2020.Web.Controllers.ApplicantController (Hahn.ApplicatonProcess.December2020.Web).
2021-01-09 11:44:45.655 +05:30 [INF] Entity Framework Core 5.0.1 initialized 'ApplicationDbContext' using provider 'Microsoft.EntityFrameworkCore.InMemory' with options: StoreName=ApplicantManager 
2021-01-09 11:44:45.658 +05:30 [INF] Executing OkObjectResult, writing value of type 'Hahn.ApplicatonProcess.December2020.Domain.Application.Dto.Response.Response`1[[System.Collections.Generic.List`1[[Hahn.ApplicatonProcess.December2020.Domain.Application.Dto.Model.Applicant, Hahn.ApplicatonProcess.December2020.Domain, Version=1.0.0.0, Culture=neutral, PublicKeyToken=null]], System.Private.CoreLib, Version=5.0.0.0, Culture=neutral, PublicKeyToken=7cec85d7bea7798e]]'.
2021-01-09 11:44:45.664 +05:30 [INF] Executed action Hahn.ApplicatonProcess.December2020.Web.Controllers.ApplicantController.GetApplicants (Hahn.ApplicatonProcess.December2020.Web) in 6.33ms
2021-01-09 11:44:45.667 +05:30 [INF] Executed endpoint 'Hahn.ApplicatonProcess.December2020.Web.Controllers.ApplicantController.GetApplicants (Hahn.ApplicatonProcess.December2020.Web)'
2021-01-09 11:44:45.670 +05:30 [INF] Request finished HTTP/2 GET https://localhost:5001/Applicant - - - 200 - application/json;+charset=utf-8 25.4352ms
2021-01-09 11:45:12.467 +05:30 [INF] Request starting HTTP/2 GET https://localhost:5001/Applicant - -
2021-01-09 11:45:12.469 +05:30 [INF] CORS policy execution successful.
2021-01-09 11:45:12.471 +05:30 [INF] Executing endpoint 'Hahn.ApplicatonProcess.December2020.Web.Controllers.ApplicantController.GetApplicants (Hahn.ApplicatonProcess.December2020.Web)'
2021-01-09 11:45:12.474 +05:30 [INF] Route matched with {action = "GetApplicants", controller = "Applicant"}. Executing controller action with signature Microsoft.AspNetCore.Mvc.ActionResult GetApplicants() on controller Hahn.ApplicatonProcess.December2020.Web.Controllers.ApplicantController (Hahn.ApplicatonProcess.December2020.Web).
2021-01-09 11:45:12.476 +05:30 [INF] Entity Framework Core 5.0.1 initialized 'ApplicationDbContext' using provider 'Microsoft.EntityFrameworkCore.InMemory' with options: StoreName=ApplicantManager 
2021-01-09 11:45:12.478 +05:30 [INF] Executing OkObjectResult, writing value of type 'Hahn.ApplicatonProcess.December2020.Domain.Application.Dto.Response.Response`1[[System.Collections.Generic.List`1[[Hahn.ApplicatonProcess.December2020.Domain.Application.Dto.Model.Applicant, Hahn.ApplicatonProcess.December2020.Domain, Version=1.0.0.0, Culture=neutral, PublicKeyToken=null]], System.Private.CoreLib, Version=5.0.0.0, Culture=neutral, PublicKeyToken=7cec85d7bea7798e]]'.
2021-01-09 11:45:12.481 +05:30 [INF] Executed action Hahn.ApplicatonProcess.December2020.Web.Controllers.ApplicantController.GetApplicants (Hahn.ApplicatonProcess.December2020.Web) in 5.089ms
2021-01-09 11:45:12.484 +05:30 [INF] Executed endpoint 'Hahn.ApplicatonProcess.December2020.Web.Controllers.ApplicantController.GetApplicants (Hahn.ApplicatonProcess.December2020.Web)'
2021-01-09 11:45:12.486 +05:30 [INF] Request finished HTTP/2 GET https://localhost:5001/Applicant - - - 200 - application/json;+charset=utf-8 19.3980ms
2021-01-09 12:26:17.850 +05:30 [INF] User profile is available. Using 'C:\Users\Karthikeyan.P\AppData\Local\ASP.NET\DataProtection-Keys' as key repository and Windows DPAPI to encrypt keys at rest.
2021-01-09 12:26:19.342 +05:30 [INF] Request starting HTTP/2 GET https://localhost:5001/swagger/index.html - -
2021-01-09 12:26:19.458 +05:30 [INF] Request finished HTTP/2 GET https://localhost:5001/swagger/index.html - - - 200 - text/html;charset=utf-8 116.6669ms
2021-01-09 12:26:19.758 +05:30 [INF] Request starting HTTP/2 GET https://localhost:5001/swagger/v1/swagger.json - -
2021-01-09 12:26:19.846 +05:30 [INF] Request finished HTTP/2 GET https://localhost:5001/swagger/v1/swagger.json - - - 200 - application/json;charset=utf-8 88.1885ms
2021-01-09 12:26:22.738 +05:30 [INF] Request starting HTTP/2 GET https://localhost:5001/Applicant - -
2021-01-09 12:26:22.745 +05:30 [INF] CORS policy execution successful.
2021-01-09 12:26:22.771 +05:30 [INF] Executing endpoint 'Hahn.ApplicatonProcess.December2020.Web.Controllers.ApplicantController.GetApplicants (Hahn.ApplicatonProcess.December2020.Web)'
2021-01-09 12:26:22.801 +05:30 [INF] Route matched with {action = "GetApplicants", controller = "Applicant"}. Executing controller action with signature Microsoft.AspNetCore.Mvc.ActionResult GetApplicants() on controller Hahn.ApplicatonProcess.December2020.Web.Controllers.ApplicantController (Hahn.ApplicatonProcess.December2020.Web).
2021-01-09 12:26:23.110 +05:30 [INF] Entity Framework Core 5.0.1 initialized 'ApplicationDbContext' using provider 'Microsoft.EntityFrameworkCore.InMemory' with options: StoreName=ApplicantManager 
2021-01-09 12:26:23.231 +05:30 [INF] Executing OkObjectResult, writing value of type 'Hahn.ApplicatonProcess.December2020.Domain.Application.Dto.Response.Response`1[[System.Collections.Generic.List`1[[Hahn.ApplicatonProcess.December2020.Domain.Application.Dto.Model.Applicant, Hahn.ApplicatonProcess.December2020.Domain, Version=1.0.0.0, Culture=neutral, PublicKeyToken=null]], System.Private.CoreLib, Version=5.0.0.0, Culture=neutral, PublicKeyToken=7cec85d7bea7798e]]'.
2021-01-09 12:26:23.247 +05:30 [INF] Executed action Hahn.ApplicatonProcess.December2020.Web.Controllers.ApplicantController.GetApplicants (Hahn.ApplicatonProcess.December2020.Web) in 438.1368ms
2021-01-09 12:26:23.250 +05:30 [INF] Executed endpoint 'Hahn.ApplicatonProcess.December2020.Web.Controllers.ApplicantController.GetApplicants (Hahn.ApplicatonProcess.December2020.Web)'
2021-01-09 12:26:23.255 +05:30 [INF] Request finished HTTP/2 GET https://localhost:5001/Applicant - - - 200 - application/json;+charset=utf-8 521.1140ms
2021-01-09 12:26:25.128 +05:30 [INF] Request starting HTTP/2 GET https://localhost:5001/Applicant - -
2021-01-09 12:26:25.131 +05:30 [INF] CORS policy execution successful.
2021-01-09 12:26:25.133 +05:30 [INF] Executing endpoint 'Hahn.ApplicatonProcess.December2020.Web.Controllers.ApplicantController.GetApplicants (Hahn.ApplicatonProcess.December2020.Web)'
2021-01-09 12:26:25.136 +05:30 [INF] Route matched with {action = "GetApplicants", controller = "Applicant"}. Executing controller action with signature Microsoft.AspNetCore.Mvc.ActionResult GetApplicants() on controller Hahn.ApplicatonProcess.December2020.Web.Controllers.ApplicantController (Hahn.ApplicatonProcess.December2020.Web).
2021-01-09 12:26:25.156 +05:30 [INF] Entity Framework Core 5.0.1 initialized 'ApplicationDbContext' using provider 'Microsoft.EntityFrameworkCore.InMemory' with options: StoreName=ApplicantManager 
2021-01-09 12:26:25.159 +05:30 [INF] Executing OkObjectResult, writing value of type 'Hahn.ApplicatonProcess.December2020.Domain.Application.Dto.Response.Response`1[[System.Collections.Generic.List`1[[Hahn.ApplicatonProcess.December2020.Domain.Application.Dto.Model.Applicant, Hahn.ApplicatonProcess.December2020.Domain, Version=1.0.0.0, Culture=neutral, PublicKeyToken=null]], System.Private.CoreLib, Version=5.0.0.0, Culture=neutral, PublicKeyToken=7cec85d7bea7798e]]'.
2021-01-09 12:26:25.161 +05:30 [INF] Executed action Hahn.ApplicatonProcess.December2020.Web.Controllers.ApplicantController.GetApplicants (Hahn.ApplicatonProcess.December2020.Web) in 22.7833ms
2021-01-09 12:26:25.162 +05:30 [INF] Executed endpoint 'Hahn.ApplicatonProcess.December2020.Web.Controllers.ApplicantController.GetApplicants (Hahn.ApplicatonProcess.December2020.Web)'
2021-01-09 12:26:25.164 +05:30 [INF] Request finished HTTP/2 GET https://localhost:5001/Applicant - - - 200 - application/json;+charset=utf-8 36.7585ms
2021-01-09 12:26:29.314 +05:30 [INF] Request starting HTTP/1.1 POST https://localhost:5001/Applicant/ application/json 244
2021-01-09 12:26:29.316 +05:30 [INF] Executing endpoint 'Hahn.ApplicatonProcess.December2020.Web.Controllers.ApplicantController.Post (Hahn.ApplicatonProcess.December2020.Web)'
2021-01-09 12:26:29.327 +05:30 [INF] Route matched with {action = "Post", controller = "Applicant"}. Executing controller action with signature Microsoft.AspNetCore.Mvc.ActionResult Post(Hahn.ApplicatonProcess.December2020.Domain.Application.Dto.Request.Request`1[Hahn.ApplicatonProcess.December2020.Domain.Application.Dto.Model.Applicant]) on controller Hahn.ApplicatonProcess.December2020.Web.Controllers.ApplicantController (Hahn.ApplicatonProcess.December2020.Web).
2021-01-09 12:26:30.162 +05:30 [INF] Entity Framework Core 5.0.1 initialized 'ApplicationDbContext' using provider 'Microsoft.EntityFrameworkCore.InMemory' with options: StoreName=ApplicantManager 
2021-01-09 12:26:30.255 +05:30 [INF] Saved 1 entities to in-memory store.
2021-01-09 12:26:30.263 +05:30 [INF] Executing CreatedAtActionResult, writing value of type 'Hahn.ApplicatonProcess.December2020.Domain.Application.Dto.Response.Response`1[[Hahn.ApplicatonProcess.December2020.Domain.Application.Dto.Model.AddResponse, Hahn.ApplicatonProcess.December2020.Domain, Version=1.0.0.0, Culture=neutral, PublicKeyToken=null]]'.
2021-01-09 12:26:30.299 +05:30 [INF] Executed action Hahn.ApplicatonProcess.December2020.Web.Controllers.ApplicantController.Post (Hahn.ApplicatonProcess.December2020.Web) in 969.0649ms
2021-01-09 12:26:30.302 +05:30 [INF] Executed endpoint 'Hahn.ApplicatonProcess.December2020.Web.Controllers.ApplicantController.Post (Hahn.ApplicatonProcess.December2020.Web)'
2021-01-09 12:26:30.305 +05:30 [INF] Request finished HTTP/1.1 POST https://localhost:5001/Applicant/ application/json 244 - 201 - application/json;+charset=utf-8 990.8726ms
2021-01-09 12:26:36.806 +05:30 [INF] Request starting HTTP/2 GET https://localhost:5001/Applicant - -
2021-01-09 12:26:36.808 +05:30 [INF] CORS policy execution successful.
2021-01-09 12:26:36.810 +05:30 [INF] Executing endpoint 'Hahn.ApplicatonProcess.December2020.Web.Controllers.ApplicantController.GetApplicants (Hahn.ApplicatonProcess.December2020.Web)'
2021-01-09 12:26:36.813 +05:30 [INF] Route matched with {action = "GetApplicants", controller = "Applicant"}. Executing controller action with signature Microsoft.AspNetCore.Mvc.ActionResult GetApplicants() on controller Hahn.ApplicatonProcess.December2020.Web.Controllers.ApplicantController (Hahn.ApplicatonProcess.December2020.Web).
2021-01-09 12:26:36.816 +05:30 [INF] Entity Framework Core 5.0.1 initialized 'ApplicationDbContext' using provider 'Microsoft.EntityFrameworkCore.InMemory' with options: StoreName=ApplicantManager 
2021-01-09 12:26:36.828 +05:30 [INF] Executing OkObjectResult, writing value of type 'Hahn.ApplicatonProcess.December2020.Domain.Application.Dto.Response.Response`1[[System.Collections.Generic.List`1[[Hahn.ApplicatonProcess.December2020.Domain.Application.Dto.Model.Applicant, Hahn.ApplicatonProcess.December2020.Domain, Version=1.0.0.0, Culture=neutral, PublicKeyToken=null]], System.Private.CoreLib, Version=5.0.0.0, Culture=neutral, PublicKeyToken=7cec85d7bea7798e]]'.
2021-01-09 12:26:36.832 +05:30 [INF] Executed action Hahn.ApplicatonProcess.December2020.Web.Controllers.ApplicantController.GetApplicants (Hahn.ApplicatonProcess.December2020.Web) in 16.3911ms
2021-01-09 12:26:36.835 +05:30 [INF] Executed endpoint 'Hahn.ApplicatonProcess.December2020.Web.Controllers.ApplicantController.GetApplicants (Hahn.ApplicatonProcess.December2020.Web)'
2021-01-09 12:26:36.838 +05:30 [INF] Request finished HTTP/2 GET https://localhost:5001/Applicant - - - 200 - application/json;+charset=utf-8 32.2895ms
2021-01-09 12:27:22.497 +05:30 [INF] Request starting HTTP/2 GET https://localhost:5001/Applicant - -
2021-01-09 12:27:22.499 +05:30 [INF] CORS policy execution successful.
2021-01-09 12:27:22.501 +05:30 [INF] Executing endpoint 'Hahn.ApplicatonProcess.December2020.Web.Controllers.ApplicantController.GetApplicants (Hahn.ApplicatonProcess.December2020.Web)'
2021-01-09 12:27:22.504 +05:30 [INF] Route matched with {action = "GetApplicants", controller = "Applicant"}. Executing controller action with signature Microsoft.AspNetCore.Mvc.ActionResult GetApplicants() on controller Hahn.ApplicatonProcess.December2020.Web.Controllers.ApplicantController (Hahn.ApplicatonProcess.December2020.Web).
2021-01-09 12:27:22.508 +05:30 [INF] Entity Framework Core 5.0.1 initialized 'ApplicationDbContext' using provider 'Microsoft.EntityFrameworkCore.InMemory' with options: StoreName=ApplicantManager 
2021-01-09 12:27:22.511 +05:30 [INF] Executing OkObjectResult, writing value of type 'Hahn.ApplicatonProcess.December2020.Domain.Application.Dto.Response.Response`1[[System.Collections.Generic.List`1[[Hahn.ApplicatonProcess.December2020.Domain.Application.Dto.Model.Applicant, Hahn.ApplicatonProcess.December2020.Domain, Version=1.0.0.0, Culture=neutral, PublicKeyToken=null]], System.Private.CoreLib, Version=5.0.0.0, Culture=neutral, PublicKeyToken=7cec85d7bea7798e]]'.
2021-01-09 12:27:22.513 +05:30 [INF] Executed action Hahn.ApplicatonProcess.December2020.Web.Controllers.ApplicantController.GetApplicants (Hahn.ApplicatonProcess.December2020.Web) in 7.0643ms
2021-01-09 12:27:22.516 +05:30 [INF] Executed endpoint 'Hahn.ApplicatonProcess.December2020.Web.Controllers.ApplicantController.GetApplicants (Hahn.ApplicatonProcess.December2020.Web)'
2021-01-09 12:27:22.520 +05:30 [INF] Request finished HTTP/2 GET https://localhost:5001/Applicant - - - 200 - application/json;+charset=utf-8 20.7036ms
2021-01-09 12:27:54.719 +05:30 [INF] Request starting HTTP/2 OPTIONS https://localhost:5001/Applicant - -
2021-01-09 12:27:54.723 +05:30 [INF] CORS policy execution successful.
2021-01-09 12:27:54.728 +05:30 [INF] Request finished HTTP/2 OPTIONS https://localhost:5001/Applicant - - - 204 - - 8.6020ms
2021-01-09 12:27:54.732 +05:30 [INF] Request starting HTTP/2 POST https://localhost:5001/Applicant application/json 145
2021-01-09 12:27:54.736 +05:30 [INF] CORS policy execution successful.
2021-01-09 12:27:54.740 +05:30 [INF] Executing endpoint 'Hahn.ApplicatonProcess.December2020.Web.Controllers.ApplicantController.Post (Hahn.ApplicatonProcess.December2020.Web)'
2021-01-09 12:27:54.743 +05:30 [INF] Route matched with {action = "Post", controller = "Applicant"}. Executing controller action with signature Microsoft.AspNetCore.Mvc.ActionResult Post(Hahn.ApplicatonProcess.December2020.Domain.Application.Dto.Request.Request`1[Hahn.ApplicatonProcess.December2020.Domain.Application.Dto.Model.Applicant]) on controller Hahn.ApplicatonProcess.December2020.Web.Controllers.ApplicantController (Hahn.ApplicatonProcess.December2020.Web).
2021-01-09 12:27:55.406 +05:30 [INF] Executing ObjectResult, writing value of type 'Hahn.ApplicatonProcess.December2020.Domain.Application.Dto.Response.Response`1[[System.Collections.Generic.List`1[[Hahn.ApplicatonProcess.December2020.Domain.Validation.ValidationErrorResponse, Hahn.ApplicatonProcess.December2020.Domain, Version=1.0.0.0, Culture=neutral, PublicKeyToken=null]], System.Private.CoreLib, Version=5.0.0.0, Culture=neutral, PublicKeyToken=7cec85d7bea7798e]]'.
2021-01-09 12:27:55.415 +05:30 [INF] Executed action Hahn.ApplicatonProcess.December2020.Web.Controllers.ApplicantController.Post (Hahn.ApplicatonProcess.December2020.Web) in 666.2342ms
2021-01-09 12:27:55.421 +05:30 [INF] Executed endpoint 'Hahn.ApplicatonProcess.December2020.Web.Controllers.ApplicantController.Post (Hahn.ApplicatonProcess.December2020.Web)'
2021-01-09 12:27:55.427 +05:30 [INF] Request finished HTTP/2 POST https://localhost:5001/Applicant application/json 145 - 400 - application/json;+charset=utf-8 693.1304ms
2021-01-09 12:29:43.371 +05:30 [INF] Request starting HTTP/2 OPTIONS https://localhost:5001/Applicant - -
2021-01-09 12:29:43.374 +05:30 [INF] CORS policy execution successful.
2021-01-09 12:29:43.376 +05:30 [INF] Request finished HTTP/2 OPTIONS https://localhost:5001/Applicant - - - 204 - - 4.7218ms
2021-01-09 12:29:43.379 +05:30 [INF] Request starting HTTP/2 POST https://localhost:5001/Applicant application/json 144
2021-01-09 12:29:43.381 +05:30 [INF] CORS policy execution successful.
2021-01-09 12:29:43.384 +05:30 [INF] Executing endpoint 'Hahn.ApplicatonProcess.December2020.Web.Controllers.ApplicantController.Post (Hahn.ApplicatonProcess.December2020.Web)'
2021-01-09 12:29:43.386 +05:30 [INF] Route matched with {action = "Post", controller = "Applicant"}. Executing controller action with signature Microsoft.AspNetCore.Mvc.ActionResult Post(Hahn.ApplicatonProcess.December2020.Domain.Application.Dto.Request.Request`1[Hahn.ApplicatonProcess.December2020.Domain.Application.Dto.Model.Applicant]) on controller Hahn.ApplicatonProcess.December2020.Web.Controllers.ApplicantController (Hahn.ApplicatonProcess.December2020.Web).
2021-01-09 12:29:44.063 +05:30 [INF] Executing ObjectResult, writing value of type 'Hahn.ApplicatonProcess.December2020.Domain.Application.Dto.Response.Response`1[[System.Collections.Generic.List`1[[Hahn.ApplicatonProcess.December2020.Domain.Validation.ValidationErrorResponse, Hahn.ApplicatonProcess.December2020.Domain, Version=1.0.0.0, Culture=neutral, PublicKeyToken=null]], System.Private.CoreLib, Version=5.0.0.0, Culture=neutral, PublicKeyToken=7cec85d7bea7798e]]'.
2021-01-09 12:29:44.068 +05:30 [INF] Executed action Hahn.ApplicatonProcess.December2020.Web.Controllers.ApplicantController.Post (Hahn.ApplicatonProcess.December2020.Web) in 677.4327ms
2021-01-09 12:29:44.073 +05:30 [INF] Executed endpoint 'Hahn.ApplicatonProcess.December2020.Web.Controllers.ApplicantController.Post (Hahn.ApplicatonProcess.December2020.Web)'
2021-01-09 12:29:44.078 +05:30 [INF] Request finished HTTP/2 POST https://localhost:5001/Applicant application/json 144 - 400 - application/json;+charset=utf-8 696.6703ms
2021-01-09 13:00:17.602 +05:30 [INF] Request starting HTTP/2 OPTIONS https://localhost:5001/Applicant - -
2021-01-09 13:00:17.604 +05:30 [INF] CORS policy execution successful.
2021-01-09 13:00:17.607 +05:30 [INF] Request finished HTTP/2 OPTIONS https://localhost:5001/Applicant - - - 204 - - 4.9213ms
2021-01-09 13:00:17.614 +05:30 [INF] Request starting HTTP/2 POST https://localhost:5001/Applicant application/json 154
2021-01-09 13:00:17.616 +05:30 [INF] CORS policy execution successful.
2021-01-09 13:00:17.617 +05:30 [INF] Executing endpoint 'Hahn.ApplicatonProcess.December2020.Web.Controllers.ApplicantController.Post (Hahn.ApplicatonProcess.December2020.Web)'
2021-01-09 13:00:17.619 +05:30 [INF] Route matched with {action = "Post", controller = "Applicant"}. Executing controller action with signature Microsoft.AspNetCore.Mvc.ActionResult Post(Hahn.ApplicatonProcess.December2020.Domain.Application.Dto.Request.Request`1[Hahn.ApplicatonProcess.December2020.Domain.Application.Dto.Model.Applicant]) on controller Hahn.ApplicatonProcess.December2020.Web.Controllers.ApplicantController (Hahn.ApplicatonProcess.December2020.Web).
2021-01-09 13:00:18.301 +05:30 [INF] Executing ObjectResult, writing value of type 'Hahn.ApplicatonProcess.December2020.Domain.Application.Dto.Response.Response`1[[System.Collections.Generic.List`1[[Hahn.ApplicatonProcess.December2020.Domain.Validation.ValidationErrorResponse, Hahn.ApplicatonProcess.December2020.Domain, Version=1.0.0.0, Culture=neutral, PublicKeyToken=null]], System.Private.CoreLib, Version=5.0.0.0, Culture=neutral, PublicKeyToken=7cec85d7bea7798e]]'.
2021-01-09 13:00:18.304 +05:30 [INF] Executed action Hahn.ApplicatonProcess.December2020.Web.Controllers.ApplicantController.Post (Hahn.ApplicatonProcess.December2020.Web) in 682.9829ms
2021-01-09 13:00:18.306 +05:30 [INF] Executed endpoint 'Hahn.ApplicatonProcess.December2020.Web.Controllers.ApplicantController.Post (Hahn.ApplicatonProcess.December2020.Web)'
2021-01-09 13:00:18.309 +05:30 [INF] Request finished HTTP/2 POST https://localhost:5001/Applicant application/json 154 - 400 - application/json;+charset=utf-8 694.5488ms
2021-01-09 13:01:57.142 +05:30 [INF] Request starting HTTP/2 OPTIONS https://localhost:5001/Applicant - -
2021-01-09 13:01:57.144 +05:30 [INF] CORS policy execution successful.
2021-01-09 13:01:57.147 +05:30 [INF] Request finished HTTP/2 OPTIONS https://localhost:5001/Applicant - - - 204 - - 3.7870ms
2021-01-09 13:01:57.150 +05:30 [INF] Request starting HTTP/2 POST https://localhost:5001/Applicant application/json 173
2021-01-09 13:01:57.154 +05:30 [INF] CORS policy execution successful.
2021-01-09 13:01:57.157 +05:30 [INF] Executing endpoint 'Hahn.ApplicatonProcess.December2020.Web.Controllers.ApplicantController.Post (Hahn.ApplicatonProcess.December2020.Web)'
2021-01-09 13:01:57.159 +05:30 [INF] Route matched with {action = "Post", controller = "Applicant"}. Executing controller action with signature Microsoft.AspNetCore.Mvc.ActionResult Post(Hahn.ApplicatonProcess.December2020.Domain.Application.Dto.Request.Request`1[Hahn.ApplicatonProcess.December2020.Domain.Application.Dto.Model.Applicant]) on controller Hahn.ApplicatonProcess.December2020.Web.Controllers.ApplicantController (Hahn.ApplicatonProcess.December2020.Web).
2021-01-09 13:01:58.636 +05:30 [INF] Entity Framework Core 5.0.1 initialized 'ApplicationDbContext' using provider 'Microsoft.EntityFrameworkCore.InMemory' with options: StoreName=ApplicantManager 
2021-01-09 13:01:58.641 +05:30 [INF] Saved 1 entities to in-memory store.
2021-01-09 13:01:58.646 +05:30 [INF] Executing CreatedAtActionResult, writing value of type 'Hahn.ApplicatonProcess.December2020.Domain.Application.Dto.Response.Response`1[[Hahn.ApplicatonProcess.December2020.Domain.Application.Dto.Model.AddResponse, Hahn.ApplicatonProcess.December2020.Domain, Version=1.0.0.0, Culture=neutral, PublicKeyToken=null]]'.
2021-01-09 13:01:58.652 +05:30 [INF] Executed action Hahn.ApplicatonProcess.December2020.Web.Controllers.ApplicantController.Post (Hahn.ApplicatonProcess.December2020.Web) in 1488.0352ms
2021-01-09 13:01:58.656 +05:30 [INF] Executed endpoint 'Hahn.ApplicatonProcess.December2020.Web.Controllers.ApplicantController.Post (Hahn.ApplicatonProcess.December2020.Web)'
2021-01-09 13:01:58.658 +05:30 [INF] Request finished HTTP/2 POST https://localhost:5001/Applicant application/json 173 - 201 - application/json;+charset=utf-8 1508.3625ms
2021-01-09 13:02:20.182 +05:30 [INF] Request starting HTTP/2 OPTIONS https://localhost:5001/Applicant - -
2021-01-09 13:02:20.185 +05:30 [INF] CORS policy execution successful.
2021-01-09 13:02:20.188 +05:30 [INF] Request finished HTTP/2 OPTIONS https://localhost:5001/Applicant - - - 204 - - 8.1769ms
2021-01-09 13:02:20.193 +05:30 [INF] Request starting HTTP/2 POST https://localhost:5001/Applicant application/json 158
2021-01-09 13:02:20.195 +05:30 [INF] CORS policy execution successful.
2021-01-09 13:02:20.197 +05:30 [INF] Executing endpoint 'Hahn.ApplicatonProcess.December2020.Web.Controllers.ApplicantController.Post (Hahn.ApplicatonProcess.December2020.Web)'
2021-01-09 13:02:20.199 +05:30 [INF] Route matched with {action = "Post", controller = "Applicant"}. Executing controller action with signature Microsoft.AspNetCore.Mvc.ActionResult Post(Hahn.ApplicatonProcess.December2020.Domain.Application.Dto.Request.Request`1[Hahn.ApplicatonProcess.December2020.Domain.Application.Dto.Model.Applicant]) on controller Hahn.ApplicatonProcess.December2020.Web.Controllers.ApplicantController (Hahn.ApplicatonProcess.December2020.Web).
2021-01-09 13:02:20.903 +05:30 [INF] Executing ObjectResult, writing value of type 'Hahn.ApplicatonProcess.December2020.Domain.Application.Dto.Response.Response`1[[System.Collections.Generic.List`1[[Hahn.ApplicatonProcess.December2020.Domain.Validation.ValidationErrorResponse, Hahn.ApplicatonProcess.December2020.Domain, Version=1.0.0.0, Culture=neutral, PublicKeyToken=null]], System.Private.CoreLib, Version=5.0.0.0, Culture=neutral, PublicKeyToken=7cec85d7bea7798e]]'.
2021-01-09 13:02:20.905 +05:30 [INF] Executed action Hahn.ApplicatonProcess.December2020.Web.Controllers.ApplicantController.Post (Hahn.ApplicatonProcess.December2020.Web) in 704.3744ms
2021-01-09 13:02:20.907 +05:30 [INF] Executed endpoint 'Hahn.ApplicatonProcess.December2020.Web.Controllers.ApplicantController.Post (Hahn.ApplicatonProcess.December2020.Web)'
2021-01-09 13:02:20.910 +05:30 [INF] Request finished HTTP/2 POST https://localhost:5001/Applicant application/json 158 - 400 - application/json;+charset=utf-8 716.3538ms
2021-01-09 13:02:53.282 +05:30 [INF] Request starting HTTP/2 OPTIONS https://localhost:5001/Applicant - -
2021-01-09 13:02:53.285 +05:30 [INF] CORS policy execution successful.
2021-01-09 13:02:53.288 +05:30 [INF] Request finished HTTP/2 OPTIONS https://localhost:5001/Applicant - - - 204 - - 4.6704ms
2021-01-09 13:02:53.291 +05:30 [INF] Request starting HTTP/2 POST https://localhost:5001/Applicant application/json 150
2021-01-09 13:02:53.293 +05:30 [INF] CORS policy execution successful.
2021-01-09 13:02:53.295 +05:30 [INF] Executing endpoint 'Hahn.ApplicatonProcess.December2020.Web.Controllers.ApplicantController.Post (Hahn.ApplicatonProcess.December2020.Web)'
2021-01-09 13:02:53.297 +05:30 [INF] Route matched with {action = "Post", controller = "Applicant"}. Executing controller action with signature Microsoft.AspNetCore.Mvc.ActionResult Post(Hahn.ApplicatonProcess.December2020.Domain.Application.Dto.Request.Request`1[Hahn.ApplicatonProcess.December2020.Domain.Application.Dto.Model.Applicant]) on controller Hahn.ApplicatonProcess.December2020.Web.Controllers.ApplicantController (Hahn.ApplicatonProcess.December2020.Web).
2021-01-09 13:02:54.075 +05:30 [INF] Executing ObjectResult, writing value of type 'Hahn.ApplicatonProcess.December2020.Domain.Application.Dto.Response.Response`1[[System.Collections.Generic.List`1[[Hahn.ApplicatonProcess.December2020.Domain.Validation.ValidationErrorResponse, Hahn.ApplicatonProcess.December2020.Domain, Version=1.0.0.0, Culture=neutral, PublicKeyToken=null]], System.Private.CoreLib, Version=5.0.0.0, Culture=neutral, PublicKeyToken=7cec85d7bea7798e]]'.
2021-01-09 13:02:54.078 +05:30 [INF] Executed action Hahn.ApplicatonProcess.December2020.Web.Controllers.ApplicantController.Post (Hahn.ApplicatonProcess.December2020.Web) in 777.902ms
2021-01-09 13:02:54.080 +05:30 [INF] Executed endpoint 'Hahn.ApplicatonProcess.December2020.Web.Controllers.ApplicantController.Post (Hahn.ApplicatonProcess.December2020.Web)'
2021-01-09 13:02:54.082 +05:30 [INF] Request finished HTTP/2 POST https://localhost:5001/Applicant application/json 150 - 400 - application/json;+charset=utf-8 792.0579ms
2021-01-09 13:08:39.771 +05:30 [INF] Request starting HTTP/2 OPTIONS https://localhost:5001/Applicant - -
2021-01-09 13:08:39.773 +05:30 [INF] CORS policy execution successful.
2021-01-09 13:08:39.775 +05:30 [INF] Request finished HTTP/2 OPTIONS https://localhost:5001/Applicant - - - 204 - - 4.9111ms
2021-01-09 13:08:39.778 +05:30 [INF] Request starting HTTP/2 POST https://localhost:5001/Applicant application/json 137
2021-01-09 13:08:39.780 +05:30 [INF] CORS policy execution successful.
2021-01-09 13:08:39.781 +05:30 [INF] Executing endpoint 'Hahn.ApplicatonProcess.December2020.Web.Controllers.ApplicantController.Post (Hahn.ApplicatonProcess.December2020.Web)'
2021-01-09 13:08:39.783 +05:30 [INF] Route matched with {action = "Post", controller = "Applicant"}. Executing controller action with signature Microsoft.AspNetCore.Mvc.ActionResult Post(Hahn.ApplicatonProcess.December2020.Domain.Application.Dto.Request.Request`1[Hahn.ApplicatonProcess.December2020.Domain.Application.Dto.Model.Applicant]) on controller Hahn.ApplicatonProcess.December2020.Web.Controllers.ApplicantController (Hahn.ApplicatonProcess.December2020.Web).
2021-01-09 13:08:40.968 +05:30 [INF] Executing ObjectResult, writing value of type 'Hahn.ApplicatonProcess.December2020.Domain.Application.Dto.Response.Response`1[[System.Collections.Generic.List`1[[Hahn.ApplicatonProcess.December2020.Domain.Validation.ValidationErrorResponse, Hahn.ApplicatonProcess.December2020.Domain, Version=1.0.0.0, Culture=neutral, PublicKeyToken=null]], System.Private.CoreLib, Version=5.0.0.0, Culture=neutral, PublicKeyToken=7cec85d7bea7798e]]'.
2021-01-09 13:08:40.970 +05:30 [INF] Executed action Hahn.ApplicatonProcess.December2020.Web.Controllers.ApplicantController.Post (Hahn.ApplicatonProcess.December2020.Web) in 1185.2322ms
2021-01-09 13:08:40.972 +05:30 [INF] Executed endpoint 'Hahn.ApplicatonProcess.December2020.Web.Controllers.ApplicantController.Post (Hahn.ApplicatonProcess.December2020.Web)'
2021-01-09 13:08:40.974 +05:30 [INF] Request finished HTTP/2 POST https://localhost:5001/Applicant application/json 137 - 400 - application/json;+charset=utf-8 1195.8590ms
2021-01-09 13:11:41.430 +05:30 [INF] Request starting HTTP/2 GET https://localhost:5001/Applicant - -
2021-01-09 13:11:41.432 +05:30 [INF] CORS policy execution successful.
2021-01-09 13:11:41.435 +05:30 [INF] Executing endpoint 'Hahn.ApplicatonProcess.December2020.Web.Controllers.ApplicantController.GetApplicants (Hahn.ApplicatonProcess.December2020.Web)'
2021-01-09 13:11:41.437 +05:30 [INF] Route matched with {action = "GetApplicants", controller = "Applicant"}. Executing controller action with signature Microsoft.AspNetCore.Mvc.ActionResult GetApplicants() on controller Hahn.ApplicatonProcess.December2020.Web.Controllers.ApplicantController (Hahn.ApplicatonProcess.December2020.Web).
2021-01-09 13:11:41.441 +05:30 [INF] Entity Framework Core 5.0.1 initialized 'ApplicationDbContext' using provider 'Microsoft.EntityFrameworkCore.InMemory' with options: StoreName=ApplicantManager 
2021-01-09 13:11:41.444 +05:30 [INF] Executing OkObjectResult, writing value of type 'Hahn.ApplicatonProcess.December2020.Domain.Application.Dto.Response.Response`1[[System.Collections.Generic.List`1[[Hahn.ApplicatonProcess.December2020.Domain.Application.Dto.Model.Applicant, Hahn.ApplicatonProcess.December2020.Domain, Version=1.0.0.0, Culture=neutral, PublicKeyToken=null]], System.Private.CoreLib, Version=5.0.0.0, Culture=neutral, PublicKeyToken=7cec85d7bea7798e]]'.
2021-01-09 13:11:41.447 +05:30 [INF] Executed action Hahn.ApplicatonProcess.December2020.Web.Controllers.ApplicantController.GetApplicants (Hahn.ApplicatonProcess.December2020.Web) in 7.1378ms
2021-01-09 13:11:41.449 +05:30 [INF] Executed endpoint 'Hahn.ApplicatonProcess.December2020.Web.Controllers.ApplicantController.GetApplicants (Hahn.ApplicatonProcess.December2020.Web)'
2021-01-09 13:11:41.452 +05:30 [INF] Request finished HTTP/2 GET https://localhost:5001/Applicant - - - 200 - application/json;+charset=utf-8 21.0941ms
2021-01-09 13:11:45.412 +05:30 [INF] Request starting HTTP/2 GET https://localhost:5001/Applicant/1 - -
2021-01-09 13:11:45.417 +05:30 [INF] CORS policy execution successful.
2021-01-09 13:11:45.420 +05:30 [INF] Executing endpoint 'Hahn.ApplicatonProcess.December2020.Web.Controllers.ApplicantController.GetApplicant (Hahn.ApplicatonProcess.December2020.Web)'
2021-01-09 13:11:45.430 +05:30 [INF] Route matched with {action = "GetApplicant", controller = "Applicant"}. Executing controller action with signature Microsoft.AspNetCore.Mvc.ActionResult GetApplicant(Int32) on controller Hahn.ApplicatonProcess.December2020.Web.Controllers.ApplicantController (Hahn.ApplicatonProcess.December2020.Web).
2021-01-09 13:11:45.435 +05:30 [INF] Entity Framework Core 5.0.1 initialized 'ApplicationDbContext' using provider 'Microsoft.EntityFrameworkCore.InMemory' with options: StoreName=ApplicantManager 
2021-01-09 13:11:45.485 +05:30 [INF] Executing OkObjectResult, writing value of type 'Hahn.ApplicatonProcess.December2020.Domain.Application.Dto.Response.Response`1[[Hahn.ApplicatonProcess.December2020.Domain.Application.Dto.Model.Applicant, Hahn.ApplicatonProcess.December2020.Domain, Version=1.0.0.0, Culture=neutral, PublicKeyToken=null]]'.
2021-01-09 13:11:45.488 +05:30 [INF] Executed action Hahn.ApplicatonProcess.December2020.Web.Controllers.ApplicantController.GetApplicant (Hahn.ApplicatonProcess.December2020.Web) in 55.2025ms
2021-01-09 13:11:45.490 +05:30 [INF] Executed endpoint 'Hahn.ApplicatonProcess.December2020.Web.Controllers.ApplicantController.GetApplicant (Hahn.ApplicatonProcess.December2020.Web)'
2021-01-09 13:11:45.492 +05:30 [INF] Request finished HTTP/2 GET https://localhost:5001/Applicant/1 - - - 200 - application/json;+charset=utf-8 81.6535ms
2021-01-09 13:11:59.183 +05:30 [INF] Request starting HTTP/2 GET https://localhost:5001/Applicant - -
2021-01-09 13:11:59.185 +05:30 [INF] CORS policy execution successful.
2021-01-09 13:11:59.188 +05:30 [INF] Executing endpoint 'Hahn.ApplicatonProcess.December2020.Web.Controllers.ApplicantController.GetApplicants (Hahn.ApplicatonProcess.December2020.Web)'
2021-01-09 13:11:59.190 +05:30 [INF] Route matched with {action = "GetApplicants", controller = "Applicant"}. Executing controller action with signature Microsoft.AspNetCore.Mvc.ActionResult GetApplicants() on controller Hahn.ApplicatonProcess.December2020.Web.Controllers.ApplicantController (Hahn.ApplicatonProcess.December2020.Web).
2021-01-09 13:11:59.193 +05:30 [INF] Entity Framework Core 5.0.1 initialized 'ApplicationDbContext' using provider 'Microsoft.EntityFrameworkCore.InMemory' with options: StoreName=ApplicantManager 
2021-01-09 13:11:59.195 +05:30 [INF] Executing OkObjectResult, writing value of type 'Hahn.ApplicatonProcess.December2020.Domain.Application.Dto.Response.Response`1[[System.Collections.Generic.List`1[[Hahn.ApplicatonProcess.December2020.Domain.Application.Dto.Model.Applicant, Hahn.ApplicatonProcess.December2020.Domain, Version=1.0.0.0, Culture=neutral, PublicKeyToken=null]], System.Private.CoreLib, Version=5.0.0.0, Culture=neutral, PublicKeyToken=7cec85d7bea7798e]]'.
2021-01-09 13:11:59.197 +05:30 [INF] Executed action Hahn.ApplicatonProcess.December2020.Web.Controllers.ApplicantController.GetApplicants (Hahn.ApplicatonProcess.December2020.Web) in 5.4675ms
2021-01-09 13:11:59.198 +05:30 [INF] Executed endpoint 'Hahn.ApplicatonProcess.December2020.Web.Controllers.ApplicantController.GetApplicants (Hahn.ApplicatonProcess.December2020.Web)'
2021-01-09 13:11:59.200 +05:30 [INF] Request finished HTTP/2 GET https://localhost:5001/Applicant - - - 200 - application/json;+charset=utf-8 17.8391ms
2021-01-09 13:12:06.511 +05:30 [INF] Request starting HTTP/2 GET https://localhost:5001/Applicant - -
2021-01-09 13:12:06.513 +05:30 [INF] CORS policy execution successful.
2021-01-09 13:12:06.515 +05:30 [INF] Executing endpoint 'Hahn.ApplicatonProcess.December2020.Web.Controllers.ApplicantController.GetApplicants (Hahn.ApplicatonProcess.December2020.Web)'
2021-01-09 13:12:06.517 +05:30 [INF] Route matched with {action = "GetApplicants", controller = "Applicant"}. Executing controller action with signature Microsoft.AspNetCore.Mvc.ActionResult GetApplicants() on controller Hahn.ApplicatonProcess.December2020.Web.Controllers.ApplicantController (Hahn.ApplicatonProcess.December2020.Web).
2021-01-09 13:12:06.519 +05:30 [INF] Entity Framework Core 5.0.1 initialized 'ApplicationDbContext' using provider 'Microsoft.EntityFrameworkCore.InMemory' with options: StoreName=ApplicantManager 
2021-01-09 13:12:06.520 +05:30 [INF] Executing OkObjectResult, writing value of type 'Hahn.ApplicatonProcess.December2020.Domain.Application.Dto.Response.Response`1[[System.Collections.Generic.List`1[[Hahn.ApplicatonProcess.December2020.Domain.Application.Dto.Model.Applicant, Hahn.ApplicatonProcess.December2020.Domain, Version=1.0.0.0, Culture=neutral, PublicKeyToken=null]], System.Private.CoreLib, Version=5.0.0.0, Culture=neutral, PublicKeyToken=7cec85d7bea7798e]]'.
2021-01-09 13:12:06.522 +05:30 [INF] Executed action Hahn.ApplicatonProcess.December2020.Web.Controllers.ApplicantController.GetApplicants (Hahn.ApplicatonProcess.December2020.Web) in 3.4651ms
2021-01-09 13:12:06.524 +05:30 [INF] Executed endpoint 'Hahn.ApplicatonProcess.December2020.Web.Controllers.ApplicantController.GetApplicants (Hahn.ApplicatonProcess.December2020.Web)'
2021-01-09 13:12:06.526 +05:30 [INF] Request finished HTTP/2 GET https://localhost:5001/Applicant - - - 200 - application/json;+charset=utf-8 15.3004ms
2021-01-09 13:14:35.460 +05:30 [INF] Request starting HTTP/2 GET https://localhost:5001/Applicant - -
2021-01-09 13:14:35.462 +05:30 [INF] CORS policy execution successful.
2021-01-09 13:14:35.465 +05:30 [INF] Executing endpoint 'Hahn.ApplicatonProcess.December2020.Web.Controllers.ApplicantController.GetApplicants (Hahn.ApplicatonProcess.December2020.Web)'
2021-01-09 13:14:35.467 +05:30 [INF] Route matched with {action = "GetApplicants", controller = "Applicant"}. Executing controller action with signature Microsoft.AspNetCore.Mvc.ActionResult GetApplicants() on controller Hahn.ApplicatonProcess.December2020.Web.Controllers.ApplicantController (Hahn.ApplicatonProcess.December2020.Web).
2021-01-09 13:14:35.469 +05:30 [INF] Entity Framework Core 5.0.1 initialized 'ApplicationDbContext' using provider 'Microsoft.EntityFrameworkCore.InMemory' with options: StoreName=ApplicantManager 
2021-01-09 13:14:35.472 +05:30 [INF] Executing OkObjectResult, writing value of type 'Hahn.ApplicatonProcess.December2020.Domain.Application.Dto.Response.Response`1[[System.Collections.Generic.List`1[[Hahn.ApplicatonProcess.December2020.Domain.Application.Dto.Model.Applicant, Hahn.ApplicatonProcess.December2020.Domain, Version=1.0.0.0, Culture=neutral, PublicKeyToken=null]], System.Private.CoreLib, Version=5.0.0.0, Culture=neutral, PublicKeyToken=7cec85d7bea7798e]]'.
2021-01-09 13:14:35.475 +05:30 [INF] Executed action Hahn.ApplicatonProcess.December2020.Web.Controllers.ApplicantController.GetApplicants (Hahn.ApplicatonProcess.December2020.Web) in 5.4367ms
2021-01-09 13:14:35.477 +05:30 [INF] Executed endpoint 'Hahn.ApplicatonProcess.December2020.Web.Controllers.ApplicantController.GetApplicants (Hahn.ApplicatonProcess.December2020.Web)'
2021-01-09 13:14:35.480 +05:30 [INF] Request finished HTTP/2 GET https://localhost:5001/Applicant - - - 200 - application/json;+charset=utf-8 19.5028ms
2021-01-09 13:16:23.993 +05:30 [INF] Request starting HTTP/2 GET https://localhost:5001/Applicant - -
2021-01-09 13:16:23.995 +05:30 [INF] CORS policy execution successful.
2021-01-09 13:16:23.998 +05:30 [INF] Executing endpoint 'Hahn.ApplicatonProcess.December2020.Web.Controllers.ApplicantController.GetApplicants (Hahn.ApplicatonProcess.December2020.Web)'
2021-01-09 13:16:24.000 +05:30 [INF] Route matched with {action = "GetApplicants", controller = "Applicant"}. Executing controller action with signature Microsoft.AspNetCore.Mvc.ActionResult GetApplicants() on controller Hahn.ApplicatonProcess.December2020.Web.Controllers.ApplicantController (Hahn.ApplicatonProcess.December2020.Web).
2021-01-09 13:16:24.002 +05:30 [INF] Entity Framework Core 5.0.1 initialized 'ApplicationDbContext' using provider 'Microsoft.EntityFrameworkCore.InMemory' with options: StoreName=ApplicantManager 
2021-01-09 13:16:24.004 +05:30 [INF] Executing OkObjectResult, writing value of type 'Hahn.ApplicatonProcess.December2020.Domain.Application.Dto.Response.Response`1[[System.Collections.Generic.List`1[[Hahn.ApplicatonProcess.December2020.Domain.Application.Dto.Model.Applicant, Hahn.ApplicatonProcess.December2020.Domain, Version=1.0.0.0, Culture=neutral, PublicKeyToken=null]], System.Private.CoreLib, Version=5.0.0.0, Culture=neutral, PublicKeyToken=7cec85d7bea7798e]]'.
2021-01-09 13:16:24.006 +05:30 [INF] Executed action Hahn.ApplicatonProcess.December2020.Web.Controllers.ApplicantController.GetApplicants (Hahn.ApplicatonProcess.December2020.Web) in 3.8306ms
2021-01-09 13:16:24.007 +05:30 [INF] Executed endpoint 'Hahn.ApplicatonProcess.December2020.Web.Controllers.ApplicantController.GetApplicants (Hahn.ApplicatonProcess.December2020.Web)'
2021-01-09 13:16:24.009 +05:30 [INF] Request finished HTTP/2 GET https://localhost:5001/Applicant - - - 200 - application/json;+charset=utf-8 16.2277ms
2021-01-09 13:34:04.480 +05:30 [INF] Request starting HTTP/2 GET https://localhost:5001/Applicant - -
2021-01-09 13:34:04.483 +05:30 [INF] CORS policy execution successful.
2021-01-09 13:34:04.485 +05:30 [INF] Executing endpoint 'Hahn.ApplicatonProcess.December2020.Web.Controllers.ApplicantController.GetApplicants (Hahn.ApplicatonProcess.December2020.Web)'
2021-01-09 13:34:04.487 +05:30 [INF] Route matched with {action = "GetApplicants", controller = "Applicant"}. Executing controller action with signature Microsoft.AspNetCore.Mvc.ActionResult GetApplicants() on controller Hahn.ApplicatonProcess.December2020.Web.Controllers.ApplicantController (Hahn.ApplicatonProcess.December2020.Web).
2021-01-09 13:34:04.489 +05:30 [INF] Entity Framework Core 5.0.1 initialized 'ApplicationDbContext' using provider 'Microsoft.EntityFrameworkCore.InMemory' with options: StoreName=ApplicantManager 
2021-01-09 13:34:04.491 +05:30 [INF] Executing OkObjectResult, writing value of type 'Hahn.ApplicatonProcess.December2020.Domain.Application.Dto.Response.Response`1[[System.Collections.Generic.List`1[[Hahn.ApplicatonProcess.December2020.Domain.Application.Dto.Model.Applicant, Hahn.ApplicatonProcess.December2020.Domain, Version=1.0.0.0, Culture=neutral, PublicKeyToken=null]], System.Private.CoreLib, Version=5.0.0.0, Culture=neutral, PublicKeyToken=7cec85d7bea7798e]]'.
2021-01-09 13:34:04.492 +05:30 [INF] Executed action Hahn.ApplicatonProcess.December2020.Web.Controllers.ApplicantController.GetApplicants (Hahn.ApplicatonProcess.December2020.Web) in 4.1165ms
2021-01-09 13:34:04.494 +05:30 [INF] Executed endpoint 'Hahn.ApplicatonProcess.December2020.Web.Controllers.ApplicantController.GetApplicants (Hahn.ApplicatonProcess.December2020.Web)'
2021-01-09 13:34:04.497 +05:30 [INF] Request finished HTTP/2 GET https://localhost:5001/Applicant - - - 200 - application/json;+charset=utf-8 17.2753ms
2021-01-09 16:16:39.756 +05:30 [INF] User profile is available. Using 'C:\Users\Karthikeyan.P\AppData\Local\ASP.NET\DataProtection-Keys' as key repository and Windows DPAPI to encrypt keys at rest.
2021-01-09 16:16:41.874 +05:30 [INF] Request starting HTTP/2 GET https://localhost:5001/swagger/index.html - -
2021-01-09 16:16:42.036 +05:30 [INF] Request finished HTTP/2 GET https://localhost:5001/swagger/index.html - - - 200 - text/html;charset=utf-8 165.3805ms
2021-01-09 16:16:42.410 +05:30 [INF] Request starting HTTP/2 GET https://localhost:5001/swagger/v1/swagger.json - -
2021-01-09 16:16:42.664 +05:30 [INF] Request finished HTTP/2 GET https://localhost:5001/swagger/v1/swagger.json - - - 200 - application/json;charset=utf-8 255.6144ms
2021-01-09 16:17:02.375 +05:30 [INF] Request starting HTTP/2 GET https://localhost:5001/Applicant - -
2021-01-09 16:17:02.388 +05:30 [INF] CORS policy execution successful.
2021-01-09 16:17:02.441 +05:30 [INF] Executing endpoint 'Hahn.ApplicatonProcess.December2020.Web.Controllers.ApplicantController.GetApplicants (Hahn.ApplicatonProcess.December2020.Web)'
2021-01-09 16:17:02.483 +05:30 [INF] Route matched with {action = "GetApplicants", controller = "Applicant"}. Executing controller action with signature Microsoft.AspNetCore.Mvc.ActionResult GetApplicants() on controller Hahn.ApplicatonProcess.December2020.Web.Controllers.ApplicantController (Hahn.ApplicatonProcess.December2020.Web).
2021-01-09 16:17:02.863 +05:30 [INF] Entity Framework Core 5.0.1 initialized 'ApplicationDbContext' using provider 'Microsoft.EntityFrameworkCore.InMemory' with options: StoreName=ApplicantManager 
2021-01-09 16:17:03.005 +05:30 [INF] Executing OkObjectResult, writing value of type 'Hahn.ApplicatonProcess.December2020.Domain.Application.Dto.Response.Response`1[[System.Collections.Generic.List`1[[Hahn.ApplicatonProcess.December2020.Domain.Application.Dto.Model.Applicant, Hahn.ApplicatonProcess.December2020.Domain, Version=1.0.0.0, Culture=neutral, PublicKeyToken=null]], System.Private.CoreLib, Version=5.0.0.0, Culture=neutral, PublicKeyToken=7cec85d7bea7798e]]'.
2021-01-09 16:17:03.027 +05:30 [INF] Executed action Hahn.ApplicatonProcess.December2020.Web.Controllers.ApplicantController.GetApplicants (Hahn.ApplicatonProcess.December2020.Web) in 533.3613ms
2021-01-09 16:17:03.032 +05:30 [INF] Executed endpoint 'Hahn.ApplicatonProcess.December2020.Web.Controllers.ApplicantController.GetApplicants (Hahn.ApplicatonProcess.December2020.Web)'
2021-01-09 16:17:03.038 +05:30 [INF] Request finished HTTP/2 GET https://localhost:5001/Applicant - - - 200 - application/json;+charset=utf-8 665.3684ms
2021-01-09 16:17:04.057 +05:30 [INF] Request starting HTTP/2 GET https://localhost:5001/Applicant - -
2021-01-09 16:17:04.061 +05:30 [INF] CORS policy execution successful.
2021-01-09 16:17:04.063 +05:30 [INF] Executing endpoint 'Hahn.ApplicatonProcess.December2020.Web.Controllers.ApplicantController.GetApplicants (Hahn.ApplicatonProcess.December2020.Web)'
2021-01-09 16:17:04.067 +05:30 [INF] Route matched with {action = "GetApplicants", controller = "Applicant"}. Executing controller action with signature Microsoft.AspNetCore.Mvc.ActionResult GetApplicants() on controller Hahn.ApplicatonProcess.December2020.Web.Controllers.ApplicantController (Hahn.ApplicatonProcess.December2020.Web).
2021-01-09 16:17:04.099 +05:30 [INF] Entity Framework Core 5.0.1 initialized 'ApplicationDbContext' using provider 'Microsoft.EntityFrameworkCore.InMemory' with options: StoreName=ApplicantManager 
2021-01-09 16:17:04.103 +05:30 [INF] Executing OkObjectResult, writing value of type 'Hahn.ApplicatonProcess.December2020.Domain.Application.Dto.Response.Response`1[[System.Collections.Generic.List`1[[Hahn.ApplicatonProcess.December2020.Domain.Application.Dto.Model.Applicant, Hahn.ApplicatonProcess.December2020.Domain, Version=1.0.0.0, Culture=neutral, PublicKeyToken=null]], System.Private.CoreLib, Version=5.0.0.0, Culture=neutral, PublicKeyToken=7cec85d7bea7798e]]'.
2021-01-09 16:17:04.106 +05:30 [INF] Executed action Hahn.ApplicatonProcess.December2020.Web.Controllers.ApplicantController.GetApplicants (Hahn.ApplicatonProcess.December2020.Web) in 36.6598ms
2021-01-09 16:17:04.110 +05:30 [INF] Executed endpoint 'Hahn.ApplicatonProcess.December2020.Web.Controllers.ApplicantController.GetApplicants (Hahn.ApplicatonProcess.December2020.Web)'
2021-01-09 16:17:04.121 +05:30 [INF] Request finished HTTP/2 GET https://localhost:5001/Applicant - - - 200 - application/json;+charset=utf-8 55.6363ms
2021-01-09 16:18:10.959 +05:30 [INF] Request starting HTTP/2 OPTIONS https://localhost:5001/Applicant - -
2021-01-09 16:18:10.961 +05:30 [INF] CORS policy execution successful.
2021-01-09 16:18:10.964 +05:30 [INF] Request finished HTTP/2 OPTIONS https://localhost:5001/Applicant - - - 204 - - 5.8363ms
2021-01-09 16:18:10.967 +05:30 [INF] Request starting HTTP/2 POST https://localhost:5001/Applicant application/json 197
2021-01-09 16:18:10.968 +05:30 [INF] CORS policy execution successful.
2021-01-09 16:18:10.971 +05:30 [INF] Executing endpoint 'Hahn.ApplicatonProcess.December2020.Web.Controllers.ApplicantController.Post (Hahn.ApplicatonProcess.December2020.Web)'
2021-01-09 16:18:10.982 +05:30 [INF] Route matched with {action = "Post", controller = "Applicant"}. Executing controller action with signature Microsoft.AspNetCore.Mvc.ActionResult Post(Hahn.ApplicatonProcess.December2020.Domain.Application.Dto.Request.Request`1[Hahn.ApplicatonProcess.December2020.Domain.Application.Dto.Model.Applicant]) on controller Hahn.ApplicatonProcess.December2020.Web.Controllers.ApplicantController (Hahn.ApplicatonProcess.December2020.Web).
2021-01-09 16:18:11.991 +05:30 [INF] Entity Framework Core 5.0.1 initialized 'ApplicationDbContext' using provider 'Microsoft.EntityFrameworkCore.InMemory' with options: StoreName=ApplicantManager 
2021-01-09 16:18:12.092 +05:30 [INF] Saved 1 entities to in-memory store.
2021-01-09 16:18:12.101 +05:30 [INF] Executing CreatedAtActionResult, writing value of type 'Hahn.ApplicatonProcess.December2020.Domain.Application.Dto.Response.Response`1[[Hahn.ApplicatonProcess.December2020.Domain.Application.Dto.Model.AddResponse, Hahn.ApplicatonProcess.December2020.Domain, Version=1.0.0.0, Culture=neutral, PublicKeyToken=null]]'.
2021-01-09 16:18:12.146 +05:30 [INF] Executed action Hahn.ApplicatonProcess.December2020.Web.Controllers.ApplicantController.Post (Hahn.ApplicatonProcess.December2020.Web) in 1161.4349ms
2021-01-09 16:18:12.148 +05:30 [INF] Executed endpoint 'Hahn.ApplicatonProcess.December2020.Web.Controllers.ApplicantController.Post (Hahn.ApplicatonProcess.December2020.Web)'
2021-01-09 16:18:12.151 +05:30 [INF] Request finished HTTP/2 POST https://localhost:5001/Applicant application/json 197 - 201 - application/json;+charset=utf-8 1184.0778ms
2021-01-09 16:18:18.671 +05:30 [INF] Request starting HTTP/2 GET https://localhost:5001/Applicant - -
2021-01-09 16:18:18.675 +05:30 [INF] CORS policy execution successful.
2021-01-09 16:18:18.680 +05:30 [INF] Executing endpoint 'Hahn.ApplicatonProcess.December2020.Web.Controllers.ApplicantController.GetApplicants (Hahn.ApplicatonProcess.December2020.Web)'
2021-01-09 16:18:18.684 +05:30 [INF] Route matched with {action = "GetApplicants", controller = "Applicant"}. Executing controller action with signature Microsoft.AspNetCore.Mvc.ActionResult GetApplicants() on controller Hahn.ApplicatonProcess.December2020.Web.Controllers.ApplicantController (Hahn.ApplicatonProcess.December2020.Web).
2021-01-09 16:18:18.688 +05:30 [INF] Entity Framework Core 5.0.1 initialized 'ApplicationDbContext' using provider 'Microsoft.EntityFrameworkCore.InMemory' with options: StoreName=ApplicantManager 
2021-01-09 16:18:18.704 +05:30 [INF] Executing OkObjectResult, writing value of type 'Hahn.ApplicatonProcess.December2020.Domain.Application.Dto.Response.Response`1[[System.Collections.Generic.List`1[[Hahn.ApplicatonProcess.December2020.Domain.Application.Dto.Model.Applicant, Hahn.ApplicatonProcess.December2020.Domain, Version=1.0.0.0, Culture=neutral, PublicKeyToken=null]], System.Private.CoreLib, Version=5.0.0.0, Culture=neutral, PublicKeyToken=7cec85d7bea7798e]]'.
2021-01-09 16:18:18.712 +05:30 [INF] Executed action Hahn.ApplicatonProcess.December2020.Web.Controllers.ApplicantController.GetApplicants (Hahn.ApplicatonProcess.December2020.Web) in 24.1748ms
2021-01-09 16:18:18.716 +05:30 [INF] Executed endpoint 'Hahn.ApplicatonProcess.December2020.Web.Controllers.ApplicantController.GetApplicants (Hahn.ApplicatonProcess.December2020.Web)'
2021-01-09 16:18:18.719 +05:30 [INF] Request finished HTTP/2 GET https://localhost:5001/Applicant - - - 200 - application/json;+charset=utf-8 47.5815ms
2021-01-09 16:18:22.777 +05:30 [INF] Request starting HTTP/2 GET https://localhost:5001/Applicant/1 - -
2021-01-09 16:18:22.780 +05:30 [INF] CORS policy execution successful.
2021-01-09 16:18:22.782 +05:30 [INF] Executing endpoint 'Hahn.ApplicatonProcess.December2020.Web.Controllers.ApplicantController.GetApplicant (Hahn.ApplicatonProcess.December2020.Web)'
2021-01-09 16:18:22.788 +05:30 [INF] Route matched with {action = "GetApplicant", controller = "Applicant"}. Executing controller action with signature Microsoft.AspNetCore.Mvc.ActionResult GetApplicant(Int32) on controller Hahn.ApplicatonProcess.December2020.Web.Controllers.ApplicantController (Hahn.ApplicatonProcess.December2020.Web).
2021-01-09 16:18:22.794 +05:30 [INF] Entity Framework Core 5.0.1 initialized 'ApplicationDbContext' using provider 'Microsoft.EntityFrameworkCore.InMemory' with options: StoreName=ApplicantManager 
2021-01-09 16:18:22.854 +05:30 [INF] Executing OkObjectResult, writing value of type 'Hahn.ApplicatonProcess.December2020.Domain.Application.Dto.Response.Response`1[[Hahn.ApplicatonProcess.December2020.Domain.Application.Dto.Model.Applicant, Hahn.ApplicatonProcess.December2020.Domain, Version=1.0.0.0, Culture=neutral, PublicKeyToken=null]]'.
2021-01-09 16:18:22.857 +05:30 [INF] Executed action Hahn.ApplicatonProcess.December2020.Web.Controllers.ApplicantController.GetApplicant (Hahn.ApplicatonProcess.December2020.Web) in 67.4277ms
2021-01-09 16:18:22.859 +05:30 [INF] Executed endpoint 'Hahn.ApplicatonProcess.December2020.Web.Controllers.ApplicantController.GetApplicant (Hahn.ApplicatonProcess.December2020.Web)'
2021-01-09 16:18:22.861 +05:30 [INF] Request finished HTTP/2 GET https://localhost:5001/Applicant/1 - - - 200 - application/json;+charset=utf-8 86.2374ms
2021-01-09 16:21:18.977 +05:30 [INF] User profile is available. Using 'C:\Users\Karthikeyan.P\AppData\Local\ASP.NET\DataProtection-Keys' as key repository and Windows DPAPI to encrypt keys at rest.
2021-01-09 16:21:20.407 +05:30 [INF] Request starting HTTP/2 GET https://localhost:5001/swagger/index.html - -
2021-01-09 16:21:20.527 +05:30 [INF] Request finished HTTP/2 GET https://localhost:5001/swagger/index.html - - - 200 - text/html;charset=utf-8 121.8875ms
2021-01-09 16:21:20.678 +05:30 [INF] Request starting HTTP/2 GET https://localhost:5001/swagger/v1/swagger.json - -
2021-01-09 16:21:20.808 +05:30 [INF] Request finished HTTP/2 GET https://localhost:5001/swagger/v1/swagger.json - - - 200 - application/json;charset=utf-8 126.2093ms
2021-01-09 16:21:36.039 +05:30 [INF] Request starting HTTP/2 GET https://localhost:5001/Applicant - -
2021-01-09 16:21:36.055 +05:30 [INF] CORS policy execution successful.
2021-01-09 16:21:36.128 +05:30 [INF] Executing endpoint 'Hahn.ApplicatonProcess.December2020.Web.Controllers.ApplicantController.GetApplicants (Hahn.ApplicatonProcess.December2020.Web)'
2021-01-09 16:21:36.194 +05:30 [INF] Route matched with {action = "GetApplicants", controller = "Applicant"}. Executing controller action with signature Microsoft.AspNetCore.Mvc.ActionResult GetApplicants() on controller Hahn.ApplicatonProcess.December2020.Web.Controllers.ApplicantController (Hahn.ApplicatonProcess.December2020.Web).
2021-01-09 16:21:37.098 +05:30 [INF] Entity Framework Core 5.0.1 initialized 'ApplicationDbContext' using provider 'Microsoft.EntityFrameworkCore.InMemory' with options: StoreName=ApplicantManager 
2021-01-09 16:21:37.467 +05:30 [INF] Executing OkObjectResult, writing value of type 'Hahn.ApplicatonProcess.December2020.Domain.Application.Dto.Response.Response`1[[System.Collections.Generic.List`1[[Hahn.ApplicatonProcess.December2020.Domain.Application.Dto.Model.Applicant, Hahn.ApplicatonProcess.December2020.Domain, Version=1.0.0.0, Culture=neutral, PublicKeyToken=null]], System.Private.CoreLib, Version=5.0.0.0, Culture=neutral, PublicKeyToken=7cec85d7bea7798e]]'.
2021-01-09 16:21:37.510 +05:30 [INF] Executed action Hahn.ApplicatonProcess.December2020.Web.Controllers.ApplicantController.GetApplicants (Hahn.ApplicatonProcess.December2020.Web) in 1296.516ms
2021-01-09 16:21:37.517 +05:30 [INF] Executed endpoint 'Hahn.ApplicatonProcess.December2020.Web.Controllers.ApplicantController.GetApplicants (Hahn.ApplicatonProcess.December2020.Web)'
2021-01-09 16:21:37.528 +05:30 [INF] Request finished HTTP/2 GET https://localhost:5001/Applicant - - - 200 - application/json;+charset=utf-8 1490.0927ms
2021-01-09 16:22:00.954 +05:30 [INF] Request starting HTTP/2 OPTIONS https://localhost:5001/Applicant - -
2021-01-09 16:22:00.959 +05:30 [INF] CORS policy execution successful.
2021-01-09 16:22:00.964 +05:30 [INF] Request finished HTTP/2 OPTIONS https://localhost:5001/Applicant - - - 204 - - 9.9923ms
2021-01-09 16:22:00.969 +05:30 [INF] Request starting HTTP/2 POST https://localhost:5001/Applicant application/json 197
2021-01-09 16:22:00.974 +05:30 [INF] CORS policy execution successful.
2021-01-09 16:22:00.978 +05:30 [INF] Executing endpoint 'Hahn.ApplicatonProcess.December2020.Web.Controllers.ApplicantController.Post (Hahn.ApplicatonProcess.December2020.Web)'
2021-01-09 16:22:01.003 +05:30 [INF] Route matched with {action = "Post", controller = "Applicant"}. Executing controller action with signature Microsoft.AspNetCore.Mvc.ActionResult Post(Hahn.ApplicatonProcess.December2020.Domain.Application.Dto.Request.Request`1[Hahn.ApplicatonProcess.December2020.Domain.Application.Dto.Model.Applicant]) on controller Hahn.ApplicatonProcess.December2020.Web.Controllers.ApplicantController (Hahn.ApplicatonProcess.December2020.Web).
2021-01-09 16:22:02.185 +05:30 [INF] Entity Framework Core 5.0.1 initialized 'ApplicationDbContext' using provider 'Microsoft.EntityFrameworkCore.InMemory' with options: StoreName=ApplicantManager 
2021-01-09 16:22:02.444 +05:30 [INF] Saved 1 entities to in-memory store.
2021-01-09 16:22:02.463 +05:30 [INF] Executing CreatedAtActionResult, writing value of type 'Hahn.ApplicatonProcess.December2020.Domain.Application.Dto.Response.Response`1[[Hahn.ApplicatonProcess.December2020.Domain.Application.Dto.Model.AddResponse, Hahn.ApplicatonProcess.December2020.Domain, Version=1.0.0.0, Culture=neutral, PublicKeyToken=null]]'.
2021-01-09 16:22:02.548 +05:30 [INF] Executed action Hahn.ApplicatonProcess.December2020.Web.Controllers.ApplicantController.Post (Hahn.ApplicatonProcess.December2020.Web) in 1540.0001ms
2021-01-09 16:22:02.552 +05:30 [INF] Executed endpoint 'Hahn.ApplicatonProcess.December2020.Web.Controllers.ApplicantController.Post (Hahn.ApplicatonProcess.December2020.Web)'
2021-01-09 16:22:02.558 +05:30 [INF] Request finished HTTP/2 POST https://localhost:5001/Applicant application/json 197 - 201 - application/json;+charset=utf-8 1588.2747ms
2021-01-09 16:22:04.174 +05:30 [INF] Request starting HTTP/2 GET https://localhost:5001/Applicant - -
2021-01-09 16:22:04.179 +05:30 [INF] CORS policy execution successful.
2021-01-09 16:22:04.183 +05:30 [INF] Executing endpoint 'Hahn.ApplicatonProcess.December2020.Web.Controllers.ApplicantController.GetApplicants (Hahn.ApplicatonProcess.December2020.Web)'
2021-01-09 16:22:04.188 +05:30 [INF] Route matched with {action = "GetApplicants", controller = "Applicant"}. Executing controller action with signature Microsoft.AspNetCore.Mvc.ActionResult GetApplicants() on controller Hahn.ApplicatonProcess.December2020.Web.Controllers.ApplicantController (Hahn.ApplicatonProcess.December2020.Web).
2021-01-09 16:22:04.209 +05:30 [INF] Entity Framework Core 5.0.1 initialized 'ApplicationDbContext' using provider 'Microsoft.EntityFrameworkCore.InMemory' with options: StoreName=ApplicantManager 
2021-01-09 16:22:04.236 +05:30 [INF] Executing OkObjectResult, writing value of type 'Hahn.ApplicatonProcess.December2020.Domain.Application.Dto.Response.Response`1[[System.Collections.Generic.List`1[[Hahn.ApplicatonProcess.December2020.Domain.Application.Dto.Model.Applicant, Hahn.ApplicatonProcess.December2020.Domain, Version=1.0.0.0, Culture=neutral, PublicKeyToken=null]], System.Private.CoreLib, Version=5.0.0.0, Culture=neutral, PublicKeyToken=7cec85d7bea7798e]]'.
2021-01-09 16:22:04.246 +05:30 [INF] Executed action Hahn.ApplicatonProcess.December2020.Web.Controllers.ApplicantController.GetApplicants (Hahn.ApplicatonProcess.December2020.Web) in 53.642ms
2021-01-09 16:22:04.251 +05:30 [INF] Executed endpoint 'Hahn.ApplicatonProcess.December2020.Web.Controllers.ApplicantController.GetApplicants (Hahn.ApplicatonProcess.December2020.Web)'
2021-01-09 16:22:04.256 +05:30 [INF] Request finished HTTP/2 GET https://localhost:5001/Applicant - - - 200 - application/json;+charset=utf-8 80.6842ms
2021-01-09 16:22:06.444 +05:30 [INF] Request starting HTTP/2 GET https://localhost:5001/Applicant/1 - -
2021-01-09 16:22:06.448 +05:30 [INF] CORS policy execution successful.
2021-01-09 16:22:06.452 +05:30 [INF] Executing endpoint 'Hahn.ApplicatonProcess.December2020.Web.Controllers.ApplicantController.GetApplicant (Hahn.ApplicatonProcess.December2020.Web)'
2021-01-09 16:22:06.458 +05:30 [INF] Route matched with {action = "GetApplicant", controller = "Applicant"}. Executing controller action with signature Microsoft.AspNetCore.Mvc.ActionResult GetApplicant(Int32) on controller Hahn.ApplicatonProcess.December2020.Web.Controllers.ApplicantController (Hahn.ApplicatonProcess.December2020.Web).
2021-01-09 16:22:06.463 +05:30 [INF] Entity Framework Core 5.0.1 initialized 'ApplicationDbContext' using provider 'Microsoft.EntityFrameworkCore.InMemory' with options: StoreName=ApplicantManager 
2021-01-09 16:22:06.575 +05:30 [INF] Executing OkObjectResult, writing value of type 'Hahn.ApplicatonProcess.December2020.Domain.Application.Dto.Response.Response`1[[Hahn.ApplicatonProcess.December2020.Domain.Application.Dto.Model.Applicant, Hahn.ApplicatonProcess.December2020.Domain, Version=1.0.0.0, Culture=neutral, PublicKeyToken=null]]'.
2021-01-09 16:22:06.582 +05:30 [INF] Executed action Hahn.ApplicatonProcess.December2020.Web.Controllers.ApplicantController.GetApplicant (Hahn.ApplicatonProcess.December2020.Web) in 118.9784ms
2021-01-09 16:22:06.587 +05:30 [INF] Executed endpoint 'Hahn.ApplicatonProcess.December2020.Web.Controllers.ApplicantController.GetApplicant (Hahn.ApplicatonProcess.December2020.Web)'
2021-01-09 16:22:06.592 +05:30 [INF] Request finished HTTP/2 GET https://localhost:5001/Applicant/1 - - - 200 - application/json;+charset=utf-8 148.1783ms
2021-01-09 16:22:13.664 +05:30 [INF] Request starting HTTP/2 GET https://localhost:5001/Applicant - -
2021-01-09 16:22:13.668 +05:30 [INF] CORS policy execution successful.
2021-01-09 16:22:13.672 +05:30 [INF] Executing endpoint 'Hahn.ApplicatonProcess.December2020.Web.Controllers.ApplicantController.GetApplicants (Hahn.ApplicatonProcess.December2020.Web)'
2021-01-09 16:22:13.677 +05:30 [INF] Route matched with {action = "GetApplicants", controller = "Applicant"}. Executing controller action with signature Microsoft.AspNetCore.Mvc.ActionResult GetApplicants() on controller Hahn.ApplicatonProcess.December2020.Web.Controllers.ApplicantController (Hahn.ApplicatonProcess.December2020.Web).
2021-01-09 16:22:13.683 +05:30 [INF] Entity Framework Core 5.0.1 initialized 'ApplicationDbContext' using provider 'Microsoft.EntityFrameworkCore.InMemory' with options: StoreName=ApplicantManager 
2021-01-09 16:22:13.688 +05:30 [INF] Executing OkObjectResult, writing value of type 'Hahn.ApplicatonProcess.December2020.Domain.Application.Dto.Response.Response`1[[System.Collections.Generic.List`1[[Hahn.ApplicatonProcess.December2020.Domain.Application.Dto.Model.Applicant, Hahn.ApplicatonProcess.December2020.Domain, Version=1.0.0.0, Culture=neutral, PublicKeyToken=null]], System.Private.CoreLib, Version=5.0.0.0, Culture=neutral, PublicKeyToken=7cec85d7bea7798e]]'.
2021-01-09 16:22:13.692 +05:30 [INF] Executed action Hahn.ApplicatonProcess.December2020.Web.Controllers.ApplicantController.GetApplicants (Hahn.ApplicatonProcess.December2020.Web) in 11.2368ms
2021-01-09 16:22:13.696 +05:30 [INF] Executed endpoint 'Hahn.ApplicatonProcess.December2020.Web.Controllers.ApplicantController.GetApplicants (Hahn.ApplicatonProcess.December2020.Web)'
2021-01-09 16:22:13.701 +05:30 [INF] Request finished HTTP/2 GET https://localhost:5001/Applicant - - - 200 - application/json;+charset=utf-8 36.3962ms
2021-01-09 16:22:31.217 +05:30 [INF] Request starting HTTP/2 GET https://localhost:5001/Applicant/1 - -
2021-01-09 16:22:31.221 +05:30 [INF] CORS policy execution successful.
2021-01-09 16:22:31.225 +05:30 [INF] Executing endpoint 'Hahn.ApplicatonProcess.December2020.Web.Controllers.ApplicantController.GetApplicant (Hahn.ApplicatonProcess.December2020.Web)'
2021-01-09 16:22:31.229 +05:30 [INF] Route matched with {action = "GetApplicant", controller = "Applicant"}. Executing controller action with signature Microsoft.AspNetCore.Mvc.ActionResult GetApplicant(Int32) on controller Hahn.ApplicatonProcess.December2020.Web.Controllers.ApplicantController (Hahn.ApplicatonProcess.December2020.Web).
2021-01-09 16:22:31.234 +05:30 [INF] Entity Framework Core 5.0.1 initialized 'ApplicationDbContext' using provider 'Microsoft.EntityFrameworkCore.InMemory' with options: StoreName=ApplicantManager 
2021-01-09 16:22:31.243 +05:30 [INF] Executing OkObjectResult, writing value of type 'Hahn.ApplicatonProcess.December2020.Domain.Application.Dto.Response.Response`1[[Hahn.ApplicatonProcess.December2020.Domain.Application.Dto.Model.Applicant, Hahn.ApplicatonProcess.December2020.Domain, Version=1.0.0.0, Culture=neutral, PublicKeyToken=null]]'.
2021-01-09 16:22:31.246 +05:30 [INF] Executed action Hahn.ApplicatonProcess.December2020.Web.Controllers.ApplicantController.GetApplicant (Hahn.ApplicatonProcess.December2020.Web) in 13.6155ms
2021-01-09 16:22:31.248 +05:30 [INF] Executed endpoint 'Hahn.ApplicatonProcess.December2020.Web.Controllers.ApplicantController.GetApplicant (Hahn.ApplicatonProcess.December2020.Web)'
2021-01-09 16:22:31.252 +05:30 [INF] Request finished HTTP/2 GET https://localhost:5001/Applicant/1 - - - 200 - application/json;+charset=utf-8 36.0799ms
2021-01-09 16:23:29.652 +05:30 [INF] Request starting HTTP/2 OPTIONS https://localhost:5001/Applicant/1 - -
2021-01-09 16:23:29.655 +05:30 [INF] CORS policy execution successful.
2021-01-09 16:23:29.659 +05:30 [INF] Request finished HTTP/2 OPTIONS https://localhost:5001/Applicant/1 - - - 204 - - 7.2801ms
2021-01-09 16:23:29.664 +05:30 [INF] Request starting HTTP/2 PUT https://localhost:5001/Applicant/1 application/json 196
2021-01-09 16:23:29.668 +05:30 [INF] CORS policy execution successful.
2021-01-09 16:23:29.672 +05:30 [INF] Executing endpoint 'Hahn.ApplicatonProcess.December2020.Web.Controllers.ApplicantController.UpdateApplicant (Hahn.ApplicatonProcess.December2020.Web)'
2021-01-09 16:23:29.679 +05:30 [INF] Route matched with {action = "UpdateApplicant", controller = "Applicant"}. Executing controller action with signature Microsoft.AspNetCore.Mvc.ActionResult UpdateApplicant(Int32, Hahn.ApplicatonProcess.December2020.Domain.Application.Dto.Model.Applicant) on controller Hahn.ApplicatonProcess.December2020.Web.Controllers.ApplicantController (Hahn.ApplicatonProcess.December2020.Web).
2021-01-09 16:23:29.690 +05:30 [INF] Entity Framework Core 5.0.1 initialized 'ApplicationDbContext' using provider 'Microsoft.EntityFrameworkCore.InMemory' with options: StoreName=ApplicantManager 
2021-01-09 16:23:29.702 +05:30 [INF] Saved 1 entities to in-memory store.
2021-01-09 16:23:29.707 +05:30 [INF] Executing OkObjectResult, writing value of type 'System.Int32'.
2021-01-09 16:23:29.713 +05:30 [INF] Executed action Hahn.ApplicatonProcess.December2020.Web.Controllers.ApplicantController.UpdateApplicant (Hahn.ApplicatonProcess.December2020.Web) in 29.0452ms
2021-01-09 16:23:29.718 +05:30 [INF] Executed endpoint 'Hahn.ApplicatonProcess.December2020.Web.Controllers.ApplicantController.UpdateApplicant (Hahn.ApplicatonProcess.December2020.Web)'
2021-01-09 16:23:29.724 +05:30 [INF] Request finished HTTP/2 PUT https://localhost:5001/Applicant/1 application/json 196 - 200 - application/json;+charset=utf-8 58.2356ms
2021-01-09 16:23:29.745 +05:30 [INF] Request starting HTTP/2 GET https://localhost:5001/Applicant - -
2021-01-09 16:23:29.751 +05:30 [INF] CORS policy execution successful.
2021-01-09 16:23:29.757 +05:30 [INF] Executing endpoint 'Hahn.ApplicatonProcess.December2020.Web.Controllers.ApplicantController.GetApplicants (Hahn.ApplicatonProcess.December2020.Web)'
2021-01-09 16:23:29.762 +05:30 [INF] Route matched with {action = "GetApplicants", controller = "Applicant"}. Executing controller action with signature Microsoft.AspNetCore.Mvc.ActionResult GetApplicants() on controller Hahn.ApplicatonProcess.December2020.Web.Controllers.ApplicantController (Hahn.ApplicatonProcess.December2020.Web).
2021-01-09 16:23:29.768 +05:30 [INF] Entity Framework Core 5.0.1 initialized 'ApplicationDbContext' using provider 'Microsoft.EntityFrameworkCore.InMemory' with options: StoreName=ApplicantManager 
2021-01-09 16:23:29.774 +05:30 [INF] Executing OkObjectResult, writing value of type 'Hahn.ApplicatonProcess.December2020.Domain.Application.Dto.Response.Response`1[[System.Collections.Generic.List`1[[Hahn.ApplicatonProcess.December2020.Domain.Application.Dto.Model.Applicant, Hahn.ApplicatonProcess.December2020.Domain, Version=1.0.0.0, Culture=neutral, PublicKeyToken=null]], System.Private.CoreLib, Version=5.0.0.0, Culture=neutral, PublicKeyToken=7cec85d7bea7798e]]'.
2021-01-09 16:23:29.780 +05:30 [INF] Executed action Hahn.ApplicatonProcess.December2020.Web.Controllers.ApplicantController.GetApplicants (Hahn.ApplicatonProcess.December2020.Web) in 12.6275ms
2021-01-09 16:23:29.785 +05:30 [INF] Executed endpoint 'Hahn.ApplicatonProcess.December2020.Web.Controllers.ApplicantController.GetApplicants (Hahn.ApplicatonProcess.December2020.Web)'
2021-01-09 16:23:29.794 +05:30 [INF] Request finished HTTP/2 GET https://localhost:5001/Applicant - - - 200 - application/json;+charset=utf-8 45.2609ms
2021-01-09 16:25:42.755 +05:30 [INF] Request starting HTTP/2 GET https://localhost:5001/Applicant - -
2021-01-09 16:25:42.758 +05:30 [INF] CORS policy execution successful.
2021-01-09 16:25:42.761 +05:30 [INF] Executing endpoint 'Hahn.ApplicatonProcess.December2020.Web.Controllers.ApplicantController.GetApplicants (Hahn.ApplicatonProcess.December2020.Web)'
2021-01-09 16:25:42.764 +05:30 [INF] Route matched with {action = "GetApplicants", controller = "Applicant"}. Executing controller action with signature Microsoft.AspNetCore.Mvc.ActionResult GetApplicants() on controller Hahn.ApplicatonProcess.December2020.Web.Controllers.ApplicantController (Hahn.ApplicatonProcess.December2020.Web).
2021-01-09 16:25:42.768 +05:30 [INF] Entity Framework Core 5.0.1 initialized 'ApplicationDbContext' using provider 'Microsoft.EntityFrameworkCore.InMemory' with options: StoreName=ApplicantManager 
2021-01-09 16:25:42.771 +05:30 [INF] Executing OkObjectResult, writing value of type 'Hahn.ApplicatonProcess.December2020.Domain.Application.Dto.Response.Response`1[[System.Collections.Generic.List`1[[Hahn.ApplicatonProcess.December2020.Domain.Application.Dto.Model.Applicant, Hahn.ApplicatonProcess.December2020.Domain, Version=1.0.0.0, Culture=neutral, PublicKeyToken=null]], System.Private.CoreLib, Version=5.0.0.0, Culture=neutral, PublicKeyToken=7cec85d7bea7798e]]'.
2021-01-09 16:25:42.774 +05:30 [INF] Executed action Hahn.ApplicatonProcess.December2020.Web.Controllers.ApplicantController.GetApplicants (Hahn.ApplicatonProcess.December2020.Web) in 7.1072ms
2021-01-09 16:25:42.778 +05:30 [INF] Executed endpoint 'Hahn.ApplicatonProcess.December2020.Web.Controllers.ApplicantController.GetApplicants (Hahn.ApplicatonProcess.December2020.Web)'
2021-01-09 16:25:42.781 +05:30 [INF] Request finished HTTP/2 GET https://localhost:5001/Applicant - - - 200 - application/json;+charset=utf-8 26.2874ms
2021-01-09 16:27:17.002 +05:30 [INF] Request starting HTTP/2 GET https://localhost:5001/Applicant - -
2021-01-09 16:27:17.005 +05:30 [INF] CORS policy execution successful.
2021-01-09 16:27:17.009 +05:30 [INF] Executing endpoint 'Hahn.ApplicatonProcess.December2020.Web.Controllers.ApplicantController.GetApplicants (Hahn.ApplicatonProcess.December2020.Web)'
2021-01-09 16:27:17.013 +05:30 [INF] Route matched with {action = "GetApplicants", controller = "Applicant"}. Executing controller action with signature Microsoft.AspNetCore.Mvc.ActionResult GetApplicants() on controller Hahn.ApplicatonProcess.December2020.Web.Controllers.ApplicantController (Hahn.ApplicatonProcess.December2020.Web).
2021-01-09 16:27:17.017 +05:30 [INF] Entity Framework Core 5.0.1 initialized 'ApplicationDbContext' using provider 'Microsoft.EntityFrameworkCore.InMemory' with options: StoreName=ApplicantManager 
2021-01-09 16:27:17.020 +05:30 [INF] Executing OkObjectResult, writing value of type 'Hahn.ApplicatonProcess.December2020.Domain.Application.Dto.Response.Response`1[[System.Collections.Generic.List`1[[Hahn.ApplicatonProcess.December2020.Domain.Application.Dto.Model.Applicant, Hahn.ApplicatonProcess.December2020.Domain, Version=1.0.0.0, Culture=neutral, PublicKeyToken=null]], System.Private.CoreLib, Version=5.0.0.0, Culture=neutral, PublicKeyToken=7cec85d7bea7798e]]'.
2021-01-09 16:27:17.024 +05:30 [INF] Executed action Hahn.ApplicatonProcess.December2020.Web.Controllers.ApplicantController.GetApplicants (Hahn.ApplicatonProcess.December2020.Web) in 7.5547ms
2021-01-09 16:27:17.028 +05:30 [INF] Executed endpoint 'Hahn.ApplicatonProcess.December2020.Web.Controllers.ApplicantController.GetApplicants (Hahn.ApplicatonProcess.December2020.Web)'
2021-01-09 16:27:17.033 +05:30 [INF] Request finished HTTP/2 GET https://localhost:5001/Applicant - - - 200 - application/json;+charset=utf-8 29.2473ms
2021-01-09 16:27:23.532 +05:30 [INF] Request starting HTTP/2 OPTIONS https://localhost:5001/Applicant/1 - -
2021-01-09 16:27:23.541 +05:30 [INF] CORS policy execution successful.
2021-01-09 16:27:23.552 +05:30 [INF] Request finished HTTP/2 OPTIONS https://localhost:5001/Applicant/1 - - - 204 - - 18.3297ms
2021-01-09 16:27:23.562 +05:30 [INF] Request starting HTTP/2 DELETE https://localhost:5001/Applicant/1 application/json -
2021-01-09 16:27:23.570 +05:30 [INF] CORS policy execution successful.
2021-01-09 16:27:23.578 +05:30 [INF] Executing endpoint 'Hahn.ApplicatonProcess.December2020.Web.Controllers.ApplicantController.DeleteApplicant (Hahn.ApplicatonProcess.December2020.Web)'
2021-01-09 16:27:23.591 +05:30 [INF] Route matched with {action = "DeleteApplicant", controller = "Applicant"}. Executing controller action with signature Microsoft.AspNetCore.Mvc.ActionResult DeleteApplicant(Int32) on controller Hahn.ApplicatonProcess.December2020.Web.Controllers.ApplicantController (Hahn.ApplicatonProcess.December2020.Web).
2021-01-09 16:27:23.606 +05:30 [INF] Entity Framework Core 5.0.1 initialized 'ApplicationDbContext' using provider 'Microsoft.EntityFrameworkCore.InMemory' with options: StoreName=ApplicantManager 
2021-01-09 16:27:23.632 +05:30 [INF] Saved 1 entities to in-memory store.
2021-01-09 16:27:23.659 +05:30 [INF] Executing HttpStatusCodeResult, setting HTTP status code 204
2021-01-09 16:27:23.666 +05:30 [INF] Executed action Hahn.ApplicatonProcess.December2020.Web.Controllers.ApplicantController.DeleteApplicant (Hahn.ApplicatonProcess.December2020.Web) in 68.5091ms
2021-01-09 16:27:23.671 +05:30 [INF] Executed endpoint 'Hahn.ApplicatonProcess.December2020.Web.Controllers.ApplicantController.DeleteApplicant (Hahn.ApplicatonProcess.December2020.Web)'
2021-01-09 16:27:23.675 +05:30 [INF] Request finished HTTP/2 DELETE https://localhost:5001/Applicant/1 application/json - - 204 - - 117.3565ms
2021-01-09 16:28:27.713 +05:30 [INF] Request starting HTTP/2 OPTIONS https://localhost:5001/Applicant - -
2021-01-09 16:28:27.715 +05:30 [INF] CORS policy execution successful.
2021-01-09 16:28:27.717 +05:30 [INF] Request finished HTTP/2 OPTIONS https://localhost:5001/Applicant - - - 204 - - 3.8889ms
2021-01-09 16:28:27.723 +05:30 [INF] Request starting HTTP/2 POST https://localhost:5001/Applicant application/json 192
2021-01-09 16:28:27.725 +05:30 [INF] CORS policy execution successful.
2021-01-09 16:28:27.727 +05:30 [INF] Executing endpoint 'Hahn.ApplicatonProcess.December2020.Web.Controllers.ApplicantController.Post (Hahn.ApplicatonProcess.December2020.Web)'
2021-01-09 16:28:27.729 +05:30 [INF] Route matched with {action = "Post", controller = "Applicant"}. Executing controller action with signature Microsoft.AspNetCore.Mvc.ActionResult Post(Hahn.ApplicatonProcess.December2020.Domain.Application.Dto.Request.Request`1[Hahn.ApplicatonProcess.December2020.Domain.Application.Dto.Model.Applicant]) on controller Hahn.ApplicatonProcess.December2020.Web.Controllers.ApplicantController (Hahn.ApplicatonProcess.December2020.Web).
2021-01-09 16:28:28.463 +05:30 [INF] Entity Framework Core 5.0.1 initialized 'ApplicationDbContext' using provider 'Microsoft.EntityFrameworkCore.InMemory' with options: StoreName=ApplicantManager 
2021-01-09 16:28:28.465 +05:30 [INF] Saved 1 entities to in-memory store.
2021-01-09 16:28:28.467 +05:30 [INF] Executing CreatedAtActionResult, writing value of type 'Hahn.ApplicatonProcess.December2020.Domain.Application.Dto.Response.Response`1[[Hahn.ApplicatonProcess.December2020.Domain.Application.Dto.Model.AddResponse, Hahn.ApplicatonProcess.December2020.Domain, Version=1.0.0.0, Culture=neutral, PublicKeyToken=null]]'.
2021-01-09 16:28:28.471 +05:30 [INF] Executed action Hahn.ApplicatonProcess.December2020.Web.Controllers.ApplicantController.Post (Hahn.ApplicatonProcess.December2020.Web) in 737.9876ms
2021-01-09 16:28:28.473 +05:30 [INF] Executed endpoint 'Hahn.ApplicatonProcess.December2020.Web.Controllers.ApplicantController.Post (Hahn.ApplicatonProcess.December2020.Web)'
2021-01-09 16:28:28.475 +05:30 [INF] Request finished HTTP/2 POST https://localhost:5001/Applicant application/json 192 - 201 - application/json;+charset=utf-8 751.1026ms
2021-01-09 16:28:33.108 +05:30 [INF] Request starting HTTP/2 GET https://localhost:5001/Applicant - -
2021-01-09 16:28:33.110 +05:30 [INF] CORS policy execution successful.
2021-01-09 16:28:33.113 +05:30 [INF] Executing endpoint 'Hahn.ApplicatonProcess.December2020.Web.Controllers.ApplicantController.GetApplicants (Hahn.ApplicatonProcess.December2020.Web)'
2021-01-09 16:28:33.115 +05:30 [INF] Route matched with {action = "GetApplicants", controller = "Applicant"}. Executing controller action with signature Microsoft.AspNetCore.Mvc.ActionResult GetApplicants() on controller Hahn.ApplicatonProcess.December2020.Web.Controllers.ApplicantController (Hahn.ApplicatonProcess.December2020.Web).
2021-01-09 16:28:33.118 +05:30 [INF] Entity Framework Core 5.0.1 initialized 'ApplicationDbContext' using provider 'Microsoft.EntityFrameworkCore.InMemory' with options: StoreName=ApplicantManager 
2021-01-09 16:28:33.120 +05:30 [INF] Executing OkObjectResult, writing value of type 'Hahn.ApplicatonProcess.December2020.Domain.Application.Dto.Response.Response`1[[System.Collections.Generic.List`1[[Hahn.ApplicatonProcess.December2020.Domain.Application.Dto.Model.Applicant, Hahn.ApplicatonProcess.December2020.Domain, Version=1.0.0.0, Culture=neutral, PublicKeyToken=null]], System.Private.CoreLib, Version=5.0.0.0, Culture=neutral, PublicKeyToken=7cec85d7bea7798e]]'.
2021-01-09 16:28:33.122 +05:30 [INF] Executed action Hahn.ApplicatonProcess.December2020.Web.Controllers.ApplicantController.GetApplicants (Hahn.ApplicatonProcess.December2020.Web) in 4.9604ms
2021-01-09 16:28:33.125 +05:30 [INF] Executed endpoint 'Hahn.ApplicatonProcess.December2020.Web.Controllers.ApplicantController.GetApplicants (Hahn.ApplicatonProcess.December2020.Web)'
2021-01-09 16:28:33.128 +05:30 [INF] Request finished HTTP/2 GET https://localhost:5001/Applicant - - - 200 - application/json;+charset=utf-8 20.8317ms
2021-01-09 16:28:45.993 +05:30 [INF] Request starting HTTP/2 GET https://localhost:5001/Applicant/2 - -
2021-01-09 16:28:45.997 +05:30 [INF] CORS policy execution successful.
2021-01-09 16:28:46.001 +05:30 [INF] Executing endpoint 'Hahn.ApplicatonProcess.December2020.Web.Controllers.ApplicantController.GetApplicant (Hahn.ApplicatonProcess.December2020.Web)'
2021-01-09 16:28:46.005 +05:30 [INF] Route matched with {action = "GetApplicant", controller = "Applicant"}. Executing controller action with signature Microsoft.AspNetCore.Mvc.ActionResult GetApplicant(Int32) on controller Hahn.ApplicatonProcess.December2020.Web.Controllers.ApplicantController (Hahn.ApplicatonProcess.December2020.Web).
2021-01-09 16:28:46.009 +05:30 [INF] Entity Framework Core 5.0.1 initialized 'ApplicationDbContext' using provider 'Microsoft.EntityFrameworkCore.InMemory' with options: StoreName=ApplicantManager 
2021-01-09 16:28:46.014 +05:30 [INF] Executing OkObjectResult, writing value of type 'Hahn.ApplicatonProcess.December2020.Domain.Application.Dto.Response.Response`1[[Hahn.ApplicatonProcess.December2020.Domain.Application.Dto.Model.Applicant, Hahn.ApplicatonProcess.December2020.Domain, Version=1.0.0.0, Culture=neutral, PublicKeyToken=null]]'.
2021-01-09 16:28:46.018 +05:30 [INF] Executed action Hahn.ApplicatonProcess.December2020.Web.Controllers.ApplicantController.GetApplicant (Hahn.ApplicatonProcess.December2020.Web) in 8.7107ms
2021-01-09 16:28:46.021 +05:30 [INF] Executed endpoint 'Hahn.ApplicatonProcess.December2020.Web.Controllers.ApplicantController.GetApplicant (Hahn.ApplicatonProcess.December2020.Web)'
2021-01-09 16:28:46.026 +05:30 [INF] Request finished HTTP/2 GET https://localhost:5001/Applicant/2 - - - 200 - application/json;+charset=utf-8 35.1888ms
2021-01-09 16:29:12.675 +05:30 [INF] Request starting HTTP/2 OPTIONS https://localhost:5001/Applicant/2 - -
2021-01-09 16:29:12.679 +05:30 [INF] CORS policy execution successful.
2021-01-09 16:29:12.682 +05:30 [INF] Request finished HTTP/2 OPTIONS https://localhost:5001/Applicant/2 - - - 204 - - 8.1704ms
2021-01-09 16:29:12.693 +05:30 [INF] Request starting HTTP/2 PUT https://localhost:5001/Applicant/2 application/json 194
2021-01-09 16:29:12.697 +05:30 [INF] CORS policy execution successful.
2021-01-09 16:29:12.700 +05:30 [INF] Executing endpoint 'Hahn.ApplicatonProcess.December2020.Web.Controllers.ApplicantController.UpdateApplicant (Hahn.ApplicatonProcess.December2020.Web)'
2021-01-09 16:29:12.705 +05:30 [INF] Route matched with {action = "UpdateApplicant", controller = "Applicant"}. Executing controller action with signature Microsoft.AspNetCore.Mvc.ActionResult UpdateApplicant(Int32, Hahn.ApplicatonProcess.December2020.Domain.Application.Dto.Model.Applicant) on controller Hahn.ApplicatonProcess.December2020.Web.Controllers.ApplicantController (Hahn.ApplicatonProcess.December2020.Web).
2021-01-09 16:29:12.710 +05:30 [INF] Entity Framework Core 5.0.1 initialized 'ApplicationDbContext' using provider 'Microsoft.EntityFrameworkCore.InMemory' with options: StoreName=ApplicantManager 
2021-01-09 16:29:12.714 +05:30 [INF] Saved 1 entities to in-memory store.
2021-01-09 16:29:12.719 +05:30 [INF] Executing OkObjectResult, writing value of type 'System.Int32'.
2021-01-09 16:29:12.722 +05:30 [INF] Executed action Hahn.ApplicatonProcess.December2020.Web.Controllers.ApplicantController.UpdateApplicant (Hahn.ApplicatonProcess.December2020.Web) in 14.305ms
2021-01-09 16:29:12.726 +05:30 [INF] Executed endpoint 'Hahn.ApplicatonProcess.December2020.Web.Controllers.ApplicantController.UpdateApplicant (Hahn.ApplicatonProcess.December2020.Web)'
2021-01-09 16:29:12.730 +05:30 [INF] Request finished HTTP/2 PUT https://localhost:5001/Applicant/2 application/json 194 - 200 - application/json;+charset=utf-8 37.1743ms
2021-01-09 16:29:12.748 +05:30 [INF] Request starting HTTP/2 GET https://localhost:5001/Applicant - -
2021-01-09 16:29:12.751 +05:30 [INF] CORS policy execution successful.
2021-01-09 16:29:12.755 +05:30 [INF] Executing endpoint 'Hahn.ApplicatonProcess.December2020.Web.Controllers.ApplicantController.GetApplicants (Hahn.ApplicatonProcess.December2020.Web)'
2021-01-09 16:29:12.760 +05:30 [INF] Route matched with {action = "GetApplicants", controller = "Applicant"}. Executing controller action with signature Microsoft.AspNetCore.Mvc.ActionResult GetApplicants() on controller Hahn.ApplicatonProcess.December2020.Web.Controllers.ApplicantController (Hahn.ApplicatonProcess.December2020.Web).
2021-01-09 16:29:12.765 +05:30 [INF] Entity Framework Core 5.0.1 initialized 'ApplicationDbContext' using provider 'Microsoft.EntityFrameworkCore.InMemory' with options: StoreName=ApplicantManager 
2021-01-09 16:29:12.769 +05:30 [INF] Executing OkObjectResult, writing value of type 'Hahn.ApplicatonProcess.December2020.Domain.Application.Dto.Response.Response`1[[System.Collections.Generic.List`1[[Hahn.ApplicatonProcess.December2020.Domain.Application.Dto.Model.Applicant, Hahn.ApplicatonProcess.December2020.Domain, Version=1.0.0.0, Culture=neutral, PublicKeyToken=null]], System.Private.CoreLib, Version=5.0.0.0, Culture=neutral, PublicKeyToken=7cec85d7bea7798e]]'.
2021-01-09 16:29:12.773 +05:30 [INF] Executed action Hahn.ApplicatonProcess.December2020.Web.Controllers.ApplicantController.GetApplicants (Hahn.ApplicatonProcess.December2020.Web) in 9.6262ms
2021-01-09 16:29:12.778 +05:30 [INF] Executed endpoint 'Hahn.ApplicatonProcess.December2020.Web.Controllers.ApplicantController.GetApplicants (Hahn.ApplicatonProcess.December2020.Web)'
2021-01-09 16:29:12.782 +05:30 [INF] Request finished HTTP/2 GET https://localhost:5001/Applicant - - - 200 - application/json;+charset=utf-8 33.9871ms
2021-01-09 16:29:36.526 +05:30 [INF] Request starting HTTP/2 OPTIONS https://localhost:5001/Applicant/2 - -
2021-01-09 16:29:36.532 +05:30 [INF] CORS policy execution successful.
2021-01-09 16:29:36.538 +05:30 [INF] Request finished HTTP/2 OPTIONS https://localhost:5001/Applicant/2 - - - 204 - - 11.5937ms
2021-01-09 16:29:36.545 +05:30 [INF] Request starting HTTP/2 DELETE https://localhost:5001/Applicant/2 application/json -
2021-01-09 16:29:36.551 +05:30 [INF] CORS policy execution successful.
2021-01-09 16:29:36.556 +05:30 [INF] Executing endpoint 'Hahn.ApplicatonProcess.December2020.Web.Controllers.ApplicantController.DeleteApplicant (Hahn.ApplicatonProcess.December2020.Web)'
2021-01-09 16:29:36.562 +05:30 [INF] Route matched with {action = "DeleteApplicant", controller = "Applicant"}. Executing controller action with signature Microsoft.AspNetCore.Mvc.ActionResult DeleteApplicant(Int32) on controller Hahn.ApplicatonProcess.December2020.Web.Controllers.ApplicantController (Hahn.ApplicatonProcess.December2020.Web).
2021-01-09 16:29:36.568 +05:30 [INF] Entity Framework Core 5.0.1 initialized 'ApplicationDbContext' using provider 'Microsoft.EntityFrameworkCore.InMemory' with options: StoreName=ApplicantManager 
2021-01-09 16:29:36.574 +05:30 [INF] Saved 1 entities to in-memory store.
2021-01-09 16:29:36.580 +05:30 [INF] Executing HttpStatusCodeResult, setting HTTP status code 204
2021-01-09 16:29:36.585 +05:30 [INF] Executed action Hahn.ApplicatonProcess.December2020.Web.Controllers.ApplicantController.DeleteApplicant (Hahn.ApplicatonProcess.December2020.Web) in 18.4517ms
2021-01-09 16:29:36.590 +05:30 [INF] Executed endpoint 'Hahn.ApplicatonProcess.December2020.Web.Controllers.ApplicantController.DeleteApplicant (Hahn.ApplicatonProcess.December2020.Web)'
2021-01-09 16:29:36.596 +05:30 [INF] Request finished HTTP/2 DELETE https://localhost:5001/Applicant/2 application/json - - 204 - - 51.3721ms
2021-01-09 16:30:24.253 +05:30 [INF] Request starting HTTP/2 GET https://localhost:5001/Applicant - -
2021-01-09 16:30:24.257 +05:30 [INF] CORS policy execution successful.
2021-01-09 16:30:24.261 +05:30 [INF] Executing endpoint 'Hahn.ApplicatonProcess.December2020.Web.Controllers.ApplicantController.GetApplicants (Hahn.ApplicatonProcess.December2020.Web)'
2021-01-09 16:30:24.266 +05:30 [INF] Route matched with {action = "GetApplicants", controller = "Applicant"}. Executing controller action with signature Microsoft.AspNetCore.Mvc.ActionResult GetApplicants() on controller Hahn.ApplicatonProcess.December2020.Web.Controllers.ApplicantController (Hahn.ApplicatonProcess.December2020.Web).
2021-01-09 16:30:24.271 +05:30 [INF] Entity Framework Core 5.0.1 initialized 'ApplicationDbContext' using provider 'Microsoft.EntityFrameworkCore.InMemory' with options: StoreName=ApplicantManager 
2021-01-09 16:30:24.277 +05:30 [INF] Executing OkObjectResult, writing value of type 'Hahn.ApplicatonProcess.December2020.Domain.Application.Dto.Response.Response`1[[System.Collections.Generic.List`1[[Hahn.ApplicatonProcess.December2020.Domain.Application.Dto.Model.Applicant, Hahn.ApplicatonProcess.December2020.Domain, Version=1.0.0.0, Culture=neutral, PublicKeyToken=null]], System.Private.CoreLib, Version=5.0.0.0, Culture=neutral, PublicKeyToken=7cec85d7bea7798e]]'.
2021-01-09 16:30:24.282 +05:30 [INF] Executed action Hahn.ApplicatonProcess.December2020.Web.Controllers.ApplicantController.GetApplicants (Hahn.ApplicatonProcess.December2020.Web) in 10.8082ms
