2021-01-07 20:33:30.647 +05:30 [INF] Request finished HTTP/2 GET https://localhost:5001/Applicant - - - 200 - application/json;+charset=utf-8 40.3425ms
2021-01-07 20:33:32.970 +05:30 [INF] Request starting HTTP/2 OPTIONS https://localhost:5001/Applicant/4 - -
2021-01-07 20:33:32.974 +05:30 [INF] CORS policy execution successful.
2021-01-07 20:33:32.980 +05:30 [INF] Request finished HTTP/2 OPTIONS https://localhost:5001/Applicant/4 - - - 204 - - 9.3955ms
2021-01-07 20:33:32.984 +05:30 [INF] Request starting HTTP/2 DELETE https://localhost:5001/Applicant/4 application/json -
2021-01-07 20:33:32.988 +05:30 [INF] CORS policy execution successful.
2021-01-07 20:33:32.991 +05:30 [INF] Executing endpoint 'Hahn.ApplicatonProcess.December2020.Web.Controllers.ApplicantController.DeleteApplicant (Hahn.ApplicatonProcess.December2020.Web)'
2021-01-07 20:33:32.994 +05:30 [INF] Route matched with {action = "DeleteApplicant", controller = "Applicant"}. Executing controller action with signature Microsoft.AspNetCore.Mvc.ActionResult DeleteApplicant(Int32) on controller Hahn.ApplicatonProcess.December2020.Web.Controllers.ApplicantController (Hahn.ApplicatonProcess.December2020.Web).
2021-01-07 20:33:32.998 +05:30 [INF] Entity Framework Core 5.0.1 initialized 'ApplicationDbContext' using provider 'Microsoft.EntityFrameworkCore.InMemory' with options: StoreName=ApplicantManager 
2021-01-07 20:33:33.001 +05:30 [INF] Saved 1 entities to in-memory store.
2021-01-07 20:33:33.004 +05:30 [INF] Executing HttpStatusCodeResult, setting HTTP status code 204
2021-01-07 20:33:33.007 +05:30 [INF] Executed action Hahn.ApplicatonProcess.December2020.Web.Controllers.ApplicantController.DeleteApplicant (Hahn.ApplicatonProcess.December2020.Web) in 9.408ms
2021-01-07 20:33:33.010 +05:30 [INF] Executed endpoint 'Hahn.ApplicatonProcess.December2020.Web.Controllers.ApplicantController.DeleteApplicant (Hahn.ApplicatonProcess.December2020.Web)'
2021-01-07 20:33:33.013 +05:30 [INF] Request finished HTTP/2 DELETE https://localhost:5001/Applicant/4 application/json - - 204 - - 29.5115ms
2021-01-07 20:33:35.668 +05:30 [INF] Request starting HTTP/2 OPTIONS https://localhost:5001/Applicant/6 - -
2021-01-07 20:33:35.671 +05:30 [INF] CORS policy execution successful.
2021-01-07 20:33:35.675 +05:30 [INF] Request finished HTTP/2 OPTIONS https://localhost:5001/Applicant/6 - - - 204 - - 5.0973ms
2021-01-07 20:33:35.684 +05:30 [INF] Request starting HTTP/2 DELETE https://localhost:5001/Applicant/6 application/json -
2021-01-07 20:33:35.687 +05:30 [INF] CORS policy execution successful.
2021-01-07 20:33:35.690 +05:30 [INF] Executing endpoint 'Hahn.ApplicatonProcess.December2020.Web.Controllers.ApplicantController.DeleteApplicant (Hahn.ApplicatonProcess.December2020.Web)'
2021-01-07 20:33:35.693 +05:30 [INF] Route matched with {action = "DeleteApplicant", controller = "Applicant"}. Executing controller action with signature Microsoft.AspNetCore.Mvc.ActionResult DeleteApplicant(Int32) on controller Hahn.ApplicatonProcess.December2020.Web.Controllers.ApplicantController (Hahn.ApplicatonProcess.December2020.Web).
2021-01-07 20:33:35.696 +05:30 [INF] Entity Framework Core 5.0.1 initialized 'ApplicationDbContext' using provider 'Microsoft.EntityFrameworkCore.InMemory' with options: StoreName=ApplicantManager 
2021-01-07 20:33:35.700 +05:30 [INF] Saved 1 entities to in-memory store.
2021-01-07 20:33:35.702 +05:30 [INF] Executing HttpStatusCodeResult, setting HTTP status code 204
2021-01-07 20:33:35.705 +05:30 [INF] Executed action Hahn.ApplicatonProcess.December2020.Web.Controllers.ApplicantController.DeleteApplicant (Hahn.ApplicatonProcess.December2020.Web) in 9.861ms
2021-01-07 20:33:35.708 +05:30 [INF] Executed endpoint 'Hahn.ApplicatonProcess.December2020.Web.Controllers.ApplicantController.DeleteApplicant (Hahn.ApplicatonProcess.December2020.Web)'
2021-01-07 20:33:35.711 +05:30 [INF] Request finished HTTP/2 DELETE https://localhost:5001/Applicant/6 application/json - - 204 - - 29.1800ms
2021-01-07 20:33:40.609 +05:30 [INF] Request starting HTTP/2 OPTIONS https://localhost:5001/Applicant/8 - -
2021-01-07 20:33:40.616 +05:30 [INF] CORS policy execution successful.
2021-01-07 20:33:40.621 +05:30 [INF] Request finished HTTP/2 OPTIONS https://localhost:5001/Applicant/8 - - - 204 - - 11.8062ms
2021-01-07 20:33:40.635 +05:30 [INF] Request starting HTTP/2 DELETE https://localhost:5001/Applicant/8 application/json -
2021-01-07 20:33:40.642 +05:30 [INF] CORS policy execution successful.
2021-01-07 20:33:40.648 +05:30 [INF] Executing endpoint 'Hahn.ApplicatonProcess.December2020.Web.Controllers.ApplicantController.DeleteApplicant (Hahn.ApplicatonProcess.December2020.Web)'
2021-01-07 20:33:40.655 +05:30 [INF] Route matched with {action = "DeleteApplicant", controller = "Applicant"}. Executing controller action with signature Microsoft.AspNetCore.Mvc.ActionResult DeleteApplicant(Int32) on controller Hahn.ApplicatonProcess.December2020.Web.Controllers.ApplicantController (Hahn.ApplicatonProcess.December2020.Web).
2021-01-07 20:33:40.661 +05:30 [INF] Entity Framework Core 5.0.1 initialized 'ApplicationDbContext' using provider 'Microsoft.EntityFrameworkCore.InMemory' with options: StoreName=ApplicantManager 
2021-01-07 20:33:40.669 +05:30 [INF] Saved 1 entities to in-memory store.
2021-01-07 20:33:40.674 +05:30 [INF] Executing HttpStatusCodeResult, setting HTTP status code 204
2021-01-07 20:33:40.680 +05:30 [INF] Executed action Hahn.ApplicatonProcess.December2020.Web.Controllers.ApplicantController.DeleteApplicant (Hahn.ApplicatonProcess.December2020.Web) in 19.8271ms
2021-01-07 20:33:40.686 +05:30 [INF] Executed endpoint 'Hahn.ApplicatonProcess.December2020.Web.Controllers.ApplicantController.DeleteApplicant (Hahn.ApplicatonProcess.December2020.Web)'
2021-01-07 20:33:40.692 +05:30 [INF] Request finished HTTP/2 DELETE https://localhost:5001/Applicant/8 application/json - - 204 - - 62.9830ms
2021-01-07 20:33:41.232 +05:30 [INF] Request starting HTTP/2 OPTIONS https://localhost:5001/Applicant/9 - -
2021-01-07 20:33:41.238 +05:30 [INF] CORS policy execution successful.
2021-01-07 20:33:41.242 +05:30 [INF] Request finished HTTP/2 OPTIONS https://localhost:5001/Applicant/9 - - - 204 - - 10.5602ms
2021-01-07 20:33:41.249 +05:30 [INF] Request starting HTTP/2 DELETE https://localhost:5001/Applicant/9 application/json -
2021-01-07 20:33:41.254 +05:30 [INF] CORS policy execution successful.
2021-01-07 20:33:41.260 +05:30 [INF] Executing endpoint 'Hahn.ApplicatonProcess.December2020.Web.Controllers.ApplicantController.DeleteApplicant (Hahn.ApplicatonProcess.December2020.Web)'
2021-01-07 20:33:41.266 +05:30 [INF] Route matched with {action = "DeleteApplicant", controller = "Applicant"}. Executing controller action with signature Microsoft.AspNetCore.Mvc.ActionResult DeleteApplicant(Int32) on controller Hahn.ApplicatonProcess.December2020.Web.Controllers.ApplicantController (Hahn.ApplicatonProcess.December2020.Web).
2021-01-07 20:33:41.273 +05:30 [INF] Entity Framework Core 5.0.1 initialized 'ApplicationDbContext' using provider 'Microsoft.EntityFrameworkCore.InMemory' with options: StoreName=ApplicantManager 
2021-01-07 20:33:41.280 +05:30 [INF] Saved 1 entities to in-memory store.
2021-01-07 20:33:41.286 +05:30 [INF] Executing HttpStatusCodeResult, setting HTTP status code 204
2021-01-07 20:33:41.292 +05:30 [INF] Executed action Hahn.ApplicatonProcess.December2020.Web.Controllers.ApplicantController.DeleteApplicant (Hahn.ApplicatonProcess.December2020.Web) in 20.0491ms
2021-01-07 20:33:41.299 +05:30 [INF] Executed endpoint 'Hahn.ApplicatonProcess.December2020.Web.Controllers.ApplicantController.DeleteApplicant (Hahn.ApplicatonProcess.December2020.Web)'
2021-01-07 20:33:41.304 +05:30 [INF] Request finished HTTP/2 DELETE https://localhost:5001/Applicant/9 application/json - - 204 - - 56.3480ms
2021-01-07 20:33:42.697 +05:30 [INF] Request starting HTTP/2 OPTIONS https://localhost:5001/Applicant/5 - -
2021-01-07 20:33:42.703 +05:30 [INF] CORS policy execution successful.
2021-01-07 20:33:42.709 +05:30 [INF] Request finished HTTP/2 OPTIONS https://localhost:5001/Applicant/5 - - - 204 - - 11.2717ms
2021-01-07 20:33:42.715 +05:30 [INF] Request starting HTTP/2 DELETE https://localhost:5001/Applicant/5 application/json -
2021-01-07 20:33:42.721 +05:30 [INF] CORS policy execution successful.
2021-01-07 20:33:42.726 +05:30 [INF] Executing endpoint 'Hahn.ApplicatonProcess.December2020.Web.Controllers.ApplicantController.DeleteApplicant (Hahn.ApplicatonProcess.December2020.Web)'
2021-01-07 20:33:42.733 +05:30 [INF] Route matched with {action = "DeleteApplicant", controller = "Applicant"}. Executing controller action with signature Microsoft.AspNetCore.Mvc.ActionResult DeleteApplicant(Int32) on controller Hahn.ApplicatonProcess.December2020.Web.Controllers.ApplicantController (Hahn.ApplicatonProcess.December2020.Web).
2021-01-07 20:33:42.739 +05:30 [INF] Entity Framework Core 5.0.1 initialized 'ApplicationDbContext' using provider 'Microsoft.EntityFrameworkCore.InMemory' with options: StoreName=ApplicantManager 
2021-01-07 20:33:42.745 +05:30 [INF] Saved 1 entities to in-memory store.
2021-01-07 20:33:42.750 +05:30 [INF] Executing HttpStatusCodeResult, setting HTTP status code 204
2021-01-07 20:33:42.755 +05:30 [INF] Executed action Hahn.ApplicatonProcess.December2020.Web.Controllers.ApplicantController.DeleteApplicant (Hahn.ApplicatonProcess.December2020.Web) in 17.5877ms
2021-01-07 20:33:42.761 +05:30 [INF] Executed endpoint 'Hahn.ApplicatonProcess.December2020.Web.Controllers.ApplicantController.DeleteApplicant (Hahn.ApplicatonProcess.December2020.Web)'
2021-01-07 20:33:42.766 +05:30 [INF] Request finished HTTP/2 DELETE https://localhost:5001/Applicant/5 application/json - - 204 - - 52.1687ms
2021-01-07 21:12:20.163 +05:30 [INF] Request starting HTTP/2 GET https://localhost:5001/Applicant - -
2021-01-07 21:12:20.180 +05:30 [INF] CORS policy execution successful.
2021-01-07 21:12:20.187 +05:30 [INF] Executing endpoint 'Hahn.ApplicatonProcess.December2020.Web.Controllers.ApplicantController.GetApplicants (Hahn.ApplicatonProcess.December2020.Web)'
2021-01-07 21:12:20.195 +05:30 [INF] Route matched with {action = "GetApplicants", controller = "Applicant"}. Executing controller action with signature Microsoft.AspNetCore.Mvc.ActionResult GetApplicants() on controller Hahn.ApplicatonProcess.December2020.Web.Controllers.ApplicantController (Hahn.ApplicatonProcess.December2020.Web).
2021-01-07 21:12:20.202 +05:30 [INF] Entity Framework Core 5.0.1 initialized 'ApplicationDbContext' using provider 'Microsoft.EntityFrameworkCore.InMemory' with options: StoreName=ApplicantManager 
2021-01-07 21:12:20.208 +05:30 [INF] Executing OkObjectResult, writing value of type 'Hahn.ApplicatonProcess.December2020.Domain.Application.Dto.Response.Response`1[[System.Collections.Generic.List`1[[Hahn.ApplicatonProcess.December2020.Domain.Application.Dto.Model.Applicant, Hahn.ApplicatonProcess.December2020.Domain, Version=1.0.0.0, Culture=neutral, PublicKeyToken=null]], System.Private.CoreLib, Version=5.0.0.0, Culture=neutral, PublicKeyToken=7cec85d7bea7798e]]'.
2021-01-07 21:12:20.213 +05:30 [INF] Executed action Hahn.ApplicatonProcess.December2020.Web.Controllers.ApplicantController.GetApplicants (Hahn.ApplicatonProcess.December2020.Web) in 14.1626ms
2021-01-07 21:12:20.218 +05:30 [INF] Executed endpoint 'Hahn.ApplicatonProcess.December2020.Web.Controllers.ApplicantController.GetApplicants (Hahn.ApplicatonProcess.December2020.Web)'
2021-01-07 21:12:20.224 +05:30 [INF] Request finished HTTP/2 GET https://localhost:5001/Applicant - - - 200 - application/json;+charset=utf-8 90.5255ms
2021-01-07 21:13:57.662 +05:30 [INF] Request starting HTTP/2 GET https://localhost:5001/Applicant - -
2021-01-07 21:13:57.664 +05:30 [INF] CORS policy execution successful.
2021-01-07 21:13:57.667 +05:30 [INF] Executing endpoint 'Hahn.ApplicatonProcess.December2020.Web.Controllers.ApplicantController.GetApplicants (Hahn.ApplicatonProcess.December2020.Web)'
2021-01-07 21:13:57.670 +05:30 [INF] Route matched with {action = "GetApplicants", controller = "Applicant"}. Executing controller action with signature Microsoft.AspNetCore.Mvc.ActionResult GetApplicants() on controller Hahn.ApplicatonProcess.December2020.Web.Controllers.ApplicantController (Hahn.ApplicatonProcess.December2020.Web).
2021-01-07 21:13:57.676 +05:30 [INF] Entity Framework Core 5.0.1 initialized 'ApplicationDbContext' using provider 'Microsoft.EntityFrameworkCore.InMemory' with options: StoreName=ApplicantManager 
2021-01-07 21:13:57.680 +05:30 [INF] Executing OkObjectResult, writing value of type 'Hahn.ApplicatonProcess.December2020.Domain.Application.Dto.Response.Response`1[[System.Collections.Generic.List`1[[Hahn.ApplicatonProcess.December2020.Domain.Application.Dto.Model.Applicant, Hahn.ApplicatonProcess.December2020.Domain, Version=1.0.0.0, Culture=neutral, PublicKeyToken=null]], System.Private.CoreLib, Version=5.0.0.0, Culture=neutral, PublicKeyToken=7cec85d7bea7798e]]'.
2021-01-07 21:13:57.684 +05:30 [INF] Executed action Hahn.ApplicatonProcess.December2020.Web.Controllers.ApplicantController.GetApplicants (Hahn.ApplicatonProcess.December2020.Web) in 9.6083ms
2021-01-07 21:13:57.687 +05:30 [INF] Executed endpoint 'Hahn.ApplicatonProcess.December2020.Web.Controllers.ApplicantController.GetApplicants (Hahn.ApplicatonProcess.December2020.Web)'
2021-01-07 21:13:57.691 +05:30 [INF] Request finished HTTP/2 GET https://localhost:5001/Applicant - - - 200 - application/json;+charset=utf-8 29.5041ms
2021-01-07 21:14:01.216 +05:30 [INF] Request starting HTTP/1.1 POST https://localhost:5001/Applicant/ application/json 238
2021-01-07 21:14:01.219 +05:30 [INF] Executing endpoint 'Hahn.ApplicatonProcess.December2020.Web.Controllers.ApplicantController.Post (Hahn.ApplicatonProcess.December2020.Web)'
2021-01-07 21:14:01.222 +05:30 [INF] Route matched with {action = "Post", controller = "Applicant"}. Executing controller action with signature Microsoft.AspNetCore.Mvc.ActionResult Post(Hahn.ApplicatonProcess.December2020.Domain.Application.Dto.Request.Request`1[Hahn.ApplicatonProcess.December2020.Domain.Application.Dto.Model.Applicant]) on controller Hahn.ApplicatonProcess.December2020.Web.Controllers.ApplicantController (Hahn.ApplicatonProcess.December2020.Web).
2021-01-07 21:14:01.940 +05:30 [INF] Entity Framework Core 5.0.1 initialized 'ApplicationDbContext' using provider 'Microsoft.EntityFrameworkCore.InMemory' with options: StoreName=ApplicantManager 
2021-01-07 21:14:01.944 +05:30 [INF] Saved 1 entities to in-memory store.
2021-01-07 21:14:01.948 +05:30 [INF] Executing CreatedAtActionResult, writing value of type 'Hahn.ApplicatonProcess.December2020.Domain.Application.Dto.Response.Response`1[[Hahn.ApplicatonProcess.December2020.Domain.Application.Dto.Model.AddResponse, Hahn.ApplicatonProcess.December2020.Domain, Version=1.0.0.0, Culture=neutral, PublicKeyToken=null]]'.
2021-01-07 21:14:01.952 +05:30 [INF] Executed action Hahn.ApplicatonProcess.December2020.Web.Controllers.ApplicantController.Post (Hahn.ApplicatonProcess.December2020.Web) in 726.6677ms
2021-01-07 21:14:01.956 +05:30 [INF] Executed endpoint 'Hahn.ApplicatonProcess.December2020.Web.Controllers.ApplicantController.Post (Hahn.ApplicatonProcess.December2020.Web)'
2021-01-07 21:14:01.961 +05:30 [INF] Request finished HTTP/1.1 POST https://localhost:5001/Applicant/ application/json 238 - 201 - application/json;+charset=utf-8 742.5785ms
2021-01-07 21:14:10.942 +05:30 [INF] Request starting HTTP/1.1 POST https://localhost:5001/Applicant/ application/json 241
2021-01-07 21:14:10.946 +05:30 [INF] Executing endpoint 'Hahn.ApplicatonProcess.December2020.Web.Controllers.ApplicantController.Post (Hahn.ApplicatonProcess.December2020.Web)'
2021-01-07 21:14:10.949 +05:30 [INF] Route matched with {action = "Post", controller = "Applicant"}. Executing controller action with signature Microsoft.AspNetCore.Mvc.ActionResult Post(Hahn.ApplicatonProcess.December2020.Domain.Application.Dto.Request.Request`1[Hahn.ApplicatonProcess.December2020.Domain.Application.Dto.Model.Applicant]) on controller Hahn.ApplicatonProcess.December2020.Web.Controllers.ApplicantController (Hahn.ApplicatonProcess.December2020.Web).
2021-01-07 21:14:11.620 +05:30 [INF] Entity Framework Core 5.0.1 initialized 'ApplicationDbContext' using provider 'Microsoft.EntityFrameworkCore.InMemory' with options: StoreName=ApplicantManager 
2021-01-07 21:14:11.626 +05:30 [INF] Saved 1 entities to in-memory store.
2021-01-07 21:14:11.630 +05:30 [INF] Executing CreatedAtActionResult, writing value of type 'Hahn.ApplicatonProcess.December2020.Domain.Application.Dto.Response.Response`1[[Hahn.ApplicatonProcess.December2020.Domain.Application.Dto.Model.AddResponse, Hahn.ApplicatonProcess.December2020.Domain, Version=1.0.0.0, Culture=neutral, PublicKeyToken=null]]'.
2021-01-07 21:14:11.635 +05:30 [INF] Executed action Hahn.ApplicatonProcess.December2020.Web.Controllers.ApplicantController.Post (Hahn.ApplicatonProcess.December2020.Web) in 681.1651ms
2021-01-07 21:14:11.638 +05:30 [INF] Executed endpoint 'Hahn.ApplicatonProcess.December2020.Web.Controllers.ApplicantController.Post (Hahn.ApplicatonProcess.December2020.Web)'
2021-01-07 21:14:11.642 +05:30 [INF] Request finished HTTP/1.1 POST https://localhost:5001/Applicant/ application/json 241 - 201 - application/json;+charset=utf-8 701.7070ms
2021-01-07 21:14:12.685 +05:30 [INF] Request starting HTTP/1.1 POST https://localhost:5001/Applicant/ application/json 241
2021-01-07 21:14:12.688 +05:30 [INF] Executing endpoint 'Hahn.ApplicatonProcess.December2020.Web.Controllers.ApplicantController.Post (Hahn.ApplicatonProcess.December2020.Web)'
2021-01-07 21:14:12.691 +05:30 [INF] Route matched with {action = "Post", controller = "Applicant"}. Executing controller action with signature Microsoft.AspNetCore.Mvc.ActionResult Post(Hahn.ApplicatonProcess.December2020.Domain.Application.Dto.Request.Request`1[Hahn.ApplicatonProcess.December2020.Domain.Application.Dto.Model.Applicant]) on controller Hahn.ApplicatonProcess.December2020.Web.Controllers.ApplicantController (Hahn.ApplicatonProcess.December2020.Web).
2021-01-07 21:14:13.115 +05:30 [INF] Entity Framework Core 5.0.1 initialized 'ApplicationDbContext' using provider 'Microsoft.EntityFrameworkCore.InMemory' with options: StoreName=ApplicantManager 
2021-01-07 21:14:13.117 +05:30 [INF] Saved 1 entities to in-memory store.
2021-01-07 21:14:13.120 +05:30 [INF] Executing CreatedAtActionResult, writing value of type 'Hahn.ApplicatonProcess.December2020.Domain.Application.Dto.Response.Response`1[[Hahn.ApplicatonProcess.December2020.Domain.Application.Dto.Model.AddResponse, Hahn.ApplicatonProcess.December2020.Domain, Version=1.0.0.0, Culture=neutral, PublicKeyToken=null]]'.
2021-01-07 21:14:13.122 +05:30 [INF] Executed action Hahn.ApplicatonProcess.December2020.Web.Controllers.ApplicantController.Post (Hahn.ApplicatonProcess.December2020.Web) in 429.0025ms
2021-01-07 21:14:13.125 +05:30 [INF] Executed endpoint 'Hahn.ApplicatonProcess.December2020.Web.Controllers.ApplicantController.Post (Hahn.ApplicatonProcess.December2020.Web)'
2021-01-07 21:14:13.162 +05:30 [INF] Request finished HTTP/1.1 POST https://localhost:5001/Applicant/ application/json 241 - 201 - application/json;+charset=utf-8 442.4737ms
2021-01-07 21:14:26.568 +05:30 [INF] Request starting HTTP/2 GET https://localhost:5001/Applicant - -
2021-01-07 21:14:26.573 +05:30 [INF] CORS policy execution successful.
2021-01-07 21:14:26.579 +05:30 [INF] Executing endpoint 'Hahn.ApplicatonProcess.December2020.Web.Controllers.ApplicantController.GetApplicants (Hahn.ApplicatonProcess.December2020.Web)'
2021-01-07 21:14:26.583 +05:30 [INF] Route matched with {action = "GetApplicants", controller = "Applicant"}. Executing controller action with signature Microsoft.AspNetCore.Mvc.ActionResult GetApplicants() on controller Hahn.ApplicatonProcess.December2020.Web.Controllers.ApplicantController (Hahn.ApplicatonProcess.December2020.Web).
2021-01-07 21:14:26.587 +05:30 [INF] Entity Framework Core 5.0.1 initialized 'ApplicationDbContext' using provider 'Microsoft.EntityFrameworkCore.InMemory' with options: StoreName=ApplicantManager 
2021-01-07 21:14:26.590 +05:30 [INF] Executing OkObjectResult, writing value of type 'Hahn.ApplicatonProcess.December2020.Domain.Application.Dto.Response.Response`1[[System.Collections.Generic.List`1[[Hahn.ApplicatonProcess.December2020.Domain.Application.Dto.Model.Applicant, Hahn.ApplicatonProcess.December2020.Domain, Version=1.0.0.0, Culture=neutral, PublicKeyToken=null]], System.Private.CoreLib, Version=5.0.0.0, Culture=neutral, PublicKeyToken=7cec85d7bea7798e]]'.
2021-01-07 21:14:26.596 +05:30 [INF] Executed action Hahn.ApplicatonProcess.December2020.Web.Controllers.ApplicantController.GetApplicants (Hahn.ApplicatonProcess.December2020.Web) in 7.6319ms
2021-01-07 21:14:26.600 +05:30 [INF] Executed endpoint 'Hahn.ApplicatonProcess.December2020.Web.Controllers.ApplicantController.GetApplicants (Hahn.ApplicatonProcess.December2020.Web)'
2021-01-07 21:14:26.603 +05:30 [INF] Request finished HTTP/2 GET https://localhost:5001/Applicant - - - 200 - application/json;+charset=utf-8 34.7111ms
2021-01-07 21:14:56.470 +05:30 [INF] Request starting HTTP/2 GET https://localhost:5001/Applicant - -
2021-01-07 21:14:56.501 +05:30 [INF] CORS policy execution successful.
2021-01-07 21:14:56.508 +05:30 [INF] Executing endpoint 'Hahn.ApplicatonProcess.December2020.Web.Controllers.ApplicantController.GetApplicants (Hahn.ApplicatonProcess.December2020.Web)'
2021-01-07 21:14:56.514 +05:30 [INF] Route matched with {action = "GetApplicants", controller = "Applicant"}. Executing controller action with signature Microsoft.AspNetCore.Mvc.ActionResult GetApplicants() on controller Hahn.ApplicatonProcess.December2020.Web.Controllers.ApplicantController (Hahn.ApplicatonProcess.December2020.Web).
2021-01-07 21:14:56.523 +05:30 [INF] Entity Framework Core 5.0.1 initialized 'ApplicationDbContext' using provider 'Microsoft.EntityFrameworkCore.InMemory' with options: StoreName=ApplicantManager 
2021-01-07 21:14:56.534 +05:30 [INF] Executing OkObjectResult, writing value of type 'Hahn.ApplicatonProcess.December2020.Domain.Application.Dto.Response.Response`1[[System.Collections.Generic.List`1[[Hahn.ApplicatonProcess.December2020.Domain.Application.Dto.Model.Applicant, Hahn.ApplicatonProcess.December2020.Domain, Version=1.0.0.0, Culture=neutral, PublicKeyToken=null]], System.Private.CoreLib, Version=5.0.0.0, Culture=neutral, PublicKeyToken=7cec85d7bea7798e]]'.
2021-01-07 21:14:56.538 +05:30 [INF] Executed action Hahn.ApplicatonProcess.December2020.Web.Controllers.ApplicantController.GetApplicants (Hahn.ApplicatonProcess.December2020.Web) in 19.8846ms
2021-01-07 21:14:56.543 +05:30 [INF] Executed endpoint 'Hahn.ApplicatonProcess.December2020.Web.Controllers.ApplicantController.GetApplicants (Hahn.ApplicatonProcess.December2020.Web)'
2021-01-07 21:14:56.548 +05:30 [INF] Request finished HTTP/2 GET https://localhost:5001/Applicant - - - 200 - application/json;+charset=utf-8 86.3877ms
2021-01-07 21:15:07.460 +05:30 [INF] Request starting HTTP/2 GET https://localhost:5001/Applicant - -
2021-01-07 21:15:07.465 +05:30 [INF] CORS policy execution successful.
2021-01-07 21:15:07.470 +05:30 [INF] Executing endpoint 'Hahn.ApplicatonProcess.December2020.Web.Controllers.ApplicantController.GetApplicants (Hahn.ApplicatonProcess.December2020.Web)'
2021-01-07 21:15:07.473 +05:30 [INF] Route matched with {action = "GetApplicants", controller = "Applicant"}. Executing controller action with signature Microsoft.AspNetCore.Mvc.ActionResult GetApplicants() on controller Hahn.ApplicatonProcess.December2020.Web.Controllers.ApplicantController (Hahn.ApplicatonProcess.December2020.Web).
2021-01-07 21:15:07.475 +05:30 [INF] Entity Framework Core 5.0.1 initialized 'ApplicationDbContext' using provider 'Microsoft.EntityFrameworkCore.InMemory' with options: StoreName=ApplicantManager 
2021-01-07 21:15:07.479 +05:30 [INF] Executing OkObjectResult, writing value of type 'Hahn.ApplicatonProcess.December2020.Domain.Application.Dto.Response.Response`1[[System.Collections.Generic.List`1[[Hahn.ApplicatonProcess.December2020.Domain.Application.Dto.Model.Applicant, Hahn.ApplicatonProcess.December2020.Domain, Version=1.0.0.0, Culture=neutral, PublicKeyToken=null]], System.Private.CoreLib, Version=5.0.0.0, Culture=neutral, PublicKeyToken=7cec85d7bea7798e]]'.
2021-01-07 21:15:07.483 +05:30 [INF] Executed action Hahn.ApplicatonProcess.December2020.Web.Controllers.ApplicantController.GetApplicants (Hahn.ApplicatonProcess.December2020.Web) in 7.0096ms
2021-01-07 21:15:07.486 +05:30 [INF] Executed endpoint 'Hahn.ApplicatonProcess.December2020.Web.Controllers.ApplicantController.GetApplicants (Hahn.ApplicatonProcess.December2020.Web)'
2021-01-07 21:15:07.488 +05:30 [INF] Request finished HTTP/2 GET https://localhost:5001/Applicant - - - 200 - application/json;+charset=utf-8 31.0499ms
2021-01-07 21:15:16.430 +05:30 [INF] Request starting HTTP/2 OPTIONS https://localhost:5001/Applicant/12 - -
2021-01-07 21:15:16.433 +05:30 [INF] CORS policy execution successful.
2021-01-07 21:15:16.455 +05:30 [INF] Request finished HTTP/2 OPTIONS https://localhost:5001/Applicant/12 - - - 204 - - 7.9650ms
2021-01-07 21:15:16.461 +05:30 [INF] Request starting HTTP/2 DELETE https://localhost:5001/Applicant/12 application/json -
2021-01-07 21:15:16.466 +05:30 [INF] CORS policy execution successful.
2021-01-07 21:15:16.469 +05:30 [INF] Executing endpoint 'Hahn.ApplicatonProcess.December2020.Web.Controllers.ApplicantController.DeleteApplicant (Hahn.ApplicatonProcess.December2020.Web)'
2021-01-07 21:15:16.472 +05:30 [INF] Route matched with {action = "DeleteApplicant", controller = "Applicant"}. Executing controller action with signature Microsoft.AspNetCore.Mvc.ActionResult DeleteApplicant(Int32) on controller Hahn.ApplicatonProcess.December2020.Web.Controllers.ApplicantController (Hahn.ApplicatonProcess.December2020.Web).
2021-01-07 21:15:16.476 +05:30 [INF] Entity Framework Core 5.0.1 initialized 'ApplicationDbContext' using provider 'Microsoft.EntityFrameworkCore.InMemory' with options: StoreName=ApplicantManager 
2021-01-07 21:15:16.480 +05:30 [INF] Saved 1 entities to in-memory store.
2021-01-07 21:15:16.483 +05:30 [INF] Executing HttpStatusCodeResult, setting HTTP status code 204
2021-01-07 21:15:16.486 +05:30 [INF] Executed action Hahn.ApplicatonProcess.December2020.Web.Controllers.ApplicantController.DeleteApplicant (Hahn.ApplicatonProcess.December2020.Web) in 11.294ms
2021-01-07 21:15:16.490 +05:30 [INF] Executed endpoint 'Hahn.ApplicatonProcess.December2020.Web.Controllers.ApplicantController.DeleteApplicant (Hahn.ApplicatonProcess.December2020.Web)'
2021-01-07 21:15:16.494 +05:30 [INF] Request finished HTTP/2 DELETE https://localhost:5001/Applicant/12 application/json - - 204 - - 34.4469ms
2021-01-07 22:04:03.420 +05:30 [INF] Request starting HTTP/2 GET https://localhost:5001/Applicant - -
2021-01-07 22:04:03.423 +05:30 [INF] CORS policy execution successful.
2021-01-07 22:04:03.425 +05:30 [INF] Executing endpoint 'Hahn.ApplicatonProcess.December2020.Web.Controllers.ApplicantController.GetApplicants (Hahn.ApplicatonProcess.December2020.Web)'
2021-01-07 22:04:03.428 +05:30 [INF] Route matched with {action = "GetApplicants", controller = "Applicant"}. Executing controller action with signature Microsoft.AspNetCore.Mvc.ActionResult GetApplicants() on controller Hahn.ApplicatonProcess.December2020.Web.Controllers.ApplicantController (Hahn.ApplicatonProcess.December2020.Web).
2021-01-07 22:04:03.431 +05:30 [INF] Entity Framework Core 5.0.1 initialized 'ApplicationDbContext' using provider 'Microsoft.EntityFrameworkCore.InMemory' with options: StoreName=ApplicantManager 
2021-01-07 22:04:03.434 +05:30 [INF] Executing OkObjectResult, writing value of type 'Hahn.ApplicatonProcess.December2020.Domain.Application.Dto.Response.Response`1[[System.Collections.Generic.List`1[[Hahn.ApplicatonProcess.December2020.Domain.Application.Dto.Model.Applicant, Hahn.ApplicatonProcess.December2020.Domain, Version=1.0.0.0, Culture=neutral, PublicKeyToken=null]], System.Private.CoreLib, Version=5.0.0.0, Culture=neutral, PublicKeyToken=7cec85d7bea7798e]]'.
2021-01-07 22:04:03.436 +05:30 [INF] Executed action Hahn.ApplicatonProcess.December2020.Web.Controllers.ApplicantController.GetApplicants (Hahn.ApplicatonProcess.December2020.Web) in 5.7766ms
2021-01-07 22:04:03.442 +05:30 [INF] Executed endpoint 'Hahn.ApplicatonProcess.December2020.Web.Controllers.ApplicantController.GetApplicants (Hahn.ApplicatonProcess.December2020.Web)'
2021-01-07 22:04:03.445 +05:30 [INF] Request finished HTTP/2 GET https://localhost:5001/Applicant - - - 200 - application/json;+charset=utf-8 28.4416ms
2021-01-07 22:04:10.083 +05:30 [INF] Request starting HTTP/2 GET https://localhost:5001/Applicant - -
2021-01-07 22:04:10.086 +05:30 [INF] CORS policy execution successful.
2021-01-07 22:04:10.088 +05:30 [INF] Executing endpoint 'Hahn.ApplicatonProcess.December2020.Web.Controllers.ApplicantController.GetApplicants (Hahn.ApplicatonProcess.December2020.Web)'
2021-01-07 22:04:10.091 +05:30 [INF] Route matched with {action = "GetApplicants", controller = "Applicant"}. Executing controller action with signature Microsoft.AspNetCore.Mvc.ActionResult GetApplicants() on controller Hahn.ApplicatonProcess.December2020.Web.Controllers.ApplicantController (Hahn.ApplicatonProcess.December2020.Web).
2021-01-07 22:04:10.094 +05:30 [INF] Entity Framework Core 5.0.1 initialized 'ApplicationDbContext' using provider 'Microsoft.EntityFrameworkCore.InMemory' with options: StoreName=ApplicantManager 
2021-01-07 22:04:10.099 +05:30 [INF] Executing OkObjectResult, writing value of type 'Hahn.ApplicatonProcess.December2020.Domain.Application.Dto.Response.Response`1[[System.Collections.Generic.List`1[[Hahn.ApplicatonProcess.December2020.Domain.Application.Dto.Model.Applicant, Hahn.ApplicatonProcess.December2020.Domain, Version=1.0.0.0, Culture=neutral, PublicKeyToken=null]], System.Private.CoreLib, Version=5.0.0.0, Culture=neutral, PublicKeyToken=7cec85d7bea7798e]]'.
2021-01-07 22:04:10.101 +05:30 [INF] Executed action Hahn.ApplicatonProcess.December2020.Web.Controllers.ApplicantController.GetApplicants (Hahn.ApplicatonProcess.December2020.Web) in 7.831ms
2021-01-07 22:04:10.104 +05:30 [INF] Executed endpoint 'Hahn.ApplicatonProcess.December2020.Web.Controllers.ApplicantController.GetApplicants (Hahn.ApplicatonProcess.December2020.Web)'
2021-01-07 22:04:10.107 +05:30 [INF] Request finished HTTP/2 GET https://localhost:5001/Applicant - - - 200 - application/json;+charset=utf-8 23.7643ms
2021-01-07 22:04:15.449 +05:30 [INF] Request starting HTTP/2 GET https://localhost:5001/Applicant - -
2021-01-07 22:04:15.451 +05:30 [INF] CORS policy execution successful.
2021-01-07 22:04:15.454 +05:30 [INF] Executing endpoint 'Hahn.ApplicatonProcess.December2020.Web.Controllers.ApplicantController.GetApplicants (Hahn.ApplicatonProcess.December2020.Web)'
2021-01-07 22:04:15.457 +05:30 [INF] Route matched with {action = "GetApplicants", controller = "Applicant"}. Executing controller action with signature Microsoft.AspNetCore.Mvc.ActionResult GetApplicants() on controller Hahn.ApplicatonProcess.December2020.Web.Controllers.ApplicantController (Hahn.ApplicatonProcess.December2020.Web).
2021-01-07 22:04:15.460 +05:30 [INF] Entity Framework Core 5.0.1 initialized 'ApplicationDbContext' using provider 'Microsoft.EntityFrameworkCore.InMemory' with options: StoreName=ApplicantManager 
2021-01-07 22:04:15.463 +05:30 [INF] Executing OkObjectResult, writing value of type 'Hahn.ApplicatonProcess.December2020.Domain.Application.Dto.Response.Response`1[[System.Collections.Generic.List`1[[Hahn.ApplicatonProcess.December2020.Domain.Application.Dto.Model.Applicant, Hahn.ApplicatonProcess.December2020.Domain, Version=1.0.0.0, Culture=neutral, PublicKeyToken=null]], System.Private.CoreLib, Version=5.0.0.0, Culture=neutral, PublicKeyToken=7cec85d7bea7798e]]'.
2021-01-07 22:04:15.466 +05:30 [INF] Executed action Hahn.ApplicatonProcess.December2020.Web.Controllers.ApplicantController.GetApplicants (Hahn.ApplicatonProcess.December2020.Web) in 6.1892ms
2021-01-07 22:04:15.470 +05:30 [INF] Executed endpoint 'Hahn.ApplicatonProcess.December2020.Web.Controllers.ApplicantController.GetApplicants (Hahn.ApplicatonProcess.December2020.Web)'
2021-01-07 22:04:15.473 +05:30 [INF] Request finished HTTP/2 GET https://localhost:5001/Applicant - - - 200 - application/json;+charset=utf-8 24.5610ms
2021-01-07 22:08:36.158 +05:30 [INF] Request starting HTTP/2 GET https://localhost:5001/Applicant - -
2021-01-07 22:08:36.162 +05:30 [INF] CORS policy execution successful.
2021-01-07 22:08:36.166 +05:30 [INF] Executing endpoint 'Hahn.ApplicatonProcess.December2020.Web.Controllers.ApplicantController.GetApplicants (Hahn.ApplicatonProcess.December2020.Web)'
2021-01-07 22:08:36.173 +05:30 [INF] Route matched with {action = "GetApplicants", controller = "Applicant"}. Executing controller action with signature Microsoft.AspNetCore.Mvc.ActionResult GetApplicants() on controller Hahn.ApplicatonProcess.December2020.Web.Controllers.ApplicantController (Hahn.ApplicatonProcess.December2020.Web).
2021-01-07 22:08:36.181 +05:30 [INF] Entity Framework Core 5.0.1 initialized 'ApplicationDbContext' using provider 'Microsoft.EntityFrameworkCore.InMemory' with options: StoreName=ApplicantManager 
2021-01-07 22:08:36.184 +05:30 [INF] Executing OkObjectResult, writing value of type 'Hahn.ApplicatonProcess.December2020.Domain.Application.Dto.Response.Response`1[[System.Collections.Generic.List`1[[Hahn.ApplicatonProcess.December2020.Domain.Application.Dto.Model.Applicant, Hahn.ApplicatonProcess.December2020.Domain, Version=1.0.0.0, Culture=neutral, PublicKeyToken=null]], System.Private.CoreLib, Version=5.0.0.0, Culture=neutral, PublicKeyToken=7cec85d7bea7798e]]'.
2021-01-07 22:08:36.188 +05:30 [INF] Executed action Hahn.ApplicatonProcess.December2020.Web.Controllers.ApplicantController.GetApplicants (Hahn.ApplicatonProcess.December2020.Web) in 10.5687ms
2021-01-07 22:08:36.191 +05:30 [INF] Executed endpoint 'Hahn.ApplicatonProcess.December2020.Web.Controllers.ApplicantController.GetApplicants (Hahn.ApplicatonProcess.December2020.Web)'
2021-01-07 22:08:36.199 +05:30 [INF] Request finished HTTP/2 GET https://localhost:5001/Applicant - - - 200 - application/json;+charset=utf-8 46.2101ms
2021-01-07 22:11:00.096 +05:30 [INF] Request starting HTTP/2 GET https://localhost:5001/Applicant - -
2021-01-07 22:11:00.104 +05:30 [INF] CORS policy execution successful.
2021-01-07 22:11:00.108 +05:30 [INF] Executing endpoint 'Hahn.ApplicatonProcess.December2020.Web.Controllers.ApplicantController.GetApplicants (Hahn.ApplicatonProcess.December2020.Web)'
2021-01-07 22:11:00.111 +05:30 [INF] Route matched with {action = "GetApplicants", controller = "Applicant"}. Executing controller action with signature Microsoft.AspNetCore.Mvc.ActionResult GetApplicants() on controller Hahn.ApplicatonProcess.December2020.Web.Controllers.ApplicantController (Hahn.ApplicatonProcess.December2020.Web).
2021-01-07 22:11:00.116 +05:30 [INF] Entity Framework Core 5.0.1 initialized 'ApplicationDbContext' using provider 'Microsoft.EntityFrameworkCore.InMemory' with options: StoreName=ApplicantManager 
2021-01-07 22:11:00.124 +05:30 [INF] Executing OkObjectResult, writing value of type 'Hahn.ApplicatonProcess.December2020.Domain.Application.Dto.Response.Response`1[[System.Collections.Generic.List`1[[Hahn.ApplicatonProcess.December2020.Domain.Application.Dto.Model.Applicant, Hahn.ApplicatonProcess.December2020.Domain, Version=1.0.0.0, Culture=neutral, PublicKeyToken=null]], System.Private.CoreLib, Version=5.0.0.0, Culture=neutral, PublicKeyToken=7cec85d7bea7798e]]'.
2021-01-07 22:11:00.128 +05:30 [INF] Executed action Hahn.ApplicatonProcess.December2020.Web.Controllers.ApplicantController.GetApplicants (Hahn.ApplicatonProcess.December2020.Web) in 13.7105ms
2021-01-07 22:11:00.132 +05:30 [INF] Executed endpoint 'Hahn.ApplicatonProcess.December2020.Web.Controllers.ApplicantController.GetApplicants (Hahn.ApplicatonProcess.December2020.Web)'
2021-01-07 22:11:00.135 +05:30 [INF] Request finished HTTP/2 GET https://localhost:5001/Applicant - - - 200 - application/json;+charset=utf-8 42.3069ms
2021-01-07 22:11:24.833 +05:30 [INF] Request starting HTTP/2 GET https://localhost:5001/Applicant - -
2021-01-07 22:11:24.839 +05:30 [INF] CORS policy execution successful.
2021-01-07 22:11:24.842 +05:30 [INF] Executing endpoint 'Hahn.ApplicatonProcess.December2020.Web.Controllers.ApplicantController.GetApplicants (Hahn.ApplicatonProcess.December2020.Web)'
2021-01-07 22:11:24.846 +05:30 [INF] Route matched with {action = "GetApplicants", controller = "Applicant"}. Executing controller action with signature Microsoft.AspNetCore.Mvc.ActionResult GetApplicants() on controller Hahn.ApplicatonProcess.December2020.Web.Controllers.ApplicantController (Hahn.ApplicatonProcess.December2020.Web).
2021-01-07 22:11:24.849 +05:30 [INF] Entity Framework Core 5.0.1 initialized 'ApplicationDbContext' using provider 'Microsoft.EntityFrameworkCore.InMemory' with options: StoreName=ApplicantManager 
2021-01-07 22:11:24.851 +05:30 [INF] Executing OkObjectResult, writing value of type 'Hahn.ApplicatonProcess.December2020.Domain.Application.Dto.Response.Response`1[[System.Collections.Generic.List`1[[Hahn.ApplicatonProcess.December2020.Domain.Application.Dto.Model.Applicant, Hahn.ApplicatonProcess.December2020.Domain, Version=1.0.0.0, Culture=neutral, PublicKeyToken=null]], System.Private.CoreLib, Version=5.0.0.0, Culture=neutral, PublicKeyToken=7cec85d7bea7798e]]'.
2021-01-07 22:11:24.853 +05:30 [INF] Executed action Hahn.ApplicatonProcess.December2020.Web.Controllers.ApplicantController.GetApplicants (Hahn.ApplicatonProcess.December2020.Web) in 5.1915ms
2021-01-07 22:11:24.855 +05:30 [INF] Executed endpoint 'Hahn.ApplicatonProcess.December2020.Web.Controllers.ApplicantController.GetApplicants (Hahn.ApplicatonProcess.December2020.Web)'
2021-01-07 22:11:24.859 +05:30 [INF] Request finished HTTP/2 GET https://localhost:5001/Applicant - - - 200 - application/json;+charset=utf-8 26.9433ms
2021-01-07 22:12:26.452 +05:30 [INF] Request starting HTTP/2 GET https://localhost:5001/Applicant - -
2021-01-07 22:12:26.454 +05:30 [INF] CORS policy execution successful.
2021-01-07 22:12:26.460 +05:30 [INF] Executing endpoint 'Hahn.ApplicatonProcess.December2020.Web.Controllers.ApplicantController.GetApplicants (Hahn.ApplicatonProcess.December2020.Web)'
2021-01-07 22:12:26.463 +05:30 [INF] Route matched with {action = "GetApplicants", controller = "Applicant"}. Executing controller action with signature Microsoft.AspNetCore.Mvc.ActionResult GetApplicants() on controller Hahn.ApplicatonProcess.December2020.Web.Controllers.ApplicantController (Hahn.ApplicatonProcess.December2020.Web).
2021-01-07 22:12:26.465 +05:30 [INF] Entity Framework Core 5.0.1 initialized 'ApplicationDbContext' using provider 'Microsoft.EntityFrameworkCore.InMemory' with options: StoreName=ApplicantManager 
2021-01-07 22:12:26.468 +05:30 [INF] Executing OkObjectResult, writing value of type 'Hahn.ApplicatonProcess.December2020.Domain.Application.Dto.Response.Response`1[[System.Collections.Generic.List`1[[Hahn.ApplicatonProcess.December2020.Domain.Application.Dto.Model.Applicant, Hahn.ApplicatonProcess.December2020.Domain, Version=1.0.0.0, Culture=neutral, PublicKeyToken=null]], System.Private.CoreLib, Version=5.0.0.0, Culture=neutral, PublicKeyToken=7cec85d7bea7798e]]'.
2021-01-07 22:12:26.471 +05:30 [INF] Executed action Hahn.ApplicatonProcess.December2020.Web.Controllers.ApplicantController.GetApplicants (Hahn.ApplicatonProcess.December2020.Web) in 5.2494ms
2021-01-07 22:12:26.473 +05:30 [INF] Executed endpoint 'Hahn.ApplicatonProcess.December2020.Web.Controllers.ApplicantController.GetApplicants (Hahn.ApplicatonProcess.December2020.Web)'
2021-01-07 22:12:26.478 +05:30 [INF] Request finished HTTP/2 GET https://localhost:5001/Applicant - - - 200 - application/json;+charset=utf-8 26.9428ms
2021-01-07 22:14:33.423 +05:30 [INF] Request starting HTTP/2 GET https://localhost:5001/Applicant - -
2021-01-07 22:14:33.425 +05:30 [INF] CORS policy execution successful.
2021-01-07 22:14:33.428 +05:30 [INF] Executing endpoint 'Hahn.ApplicatonProcess.December2020.Web.Controllers.ApplicantController.GetApplicants (Hahn.ApplicatonProcess.December2020.Web)'
2021-01-07 22:14:33.431 +05:30 [INF] Route matched with {action = "GetApplicants", controller = "Applicant"}. Executing controller action with signature Microsoft.AspNetCore.Mvc.ActionResult GetApplicants() on controller Hahn.ApplicatonProcess.December2020.Web.Controllers.ApplicantController (Hahn.ApplicatonProcess.December2020.Web).
2021-01-07 22:14:33.434 +05:30 [INF] Entity Framework Core 5.0.1 initialized 'ApplicationDbContext' using provider 'Microsoft.EntityFrameworkCore.InMemory' with options: StoreName=ApplicantManager 
2021-01-07 22:14:33.436 +05:30 [INF] Executing OkObjectResult, writing value of type 'Hahn.ApplicatonProcess.December2020.Domain.Application.Dto.Response.Response`1[[System.Collections.Generic.List`1[[Hahn.ApplicatonProcess.December2020.Domain.Application.Dto.Model.Applicant, Hahn.ApplicatonProcess.December2020.Domain, Version=1.0.0.0, Culture=neutral, PublicKeyToken=null]], System.Private.CoreLib, Version=5.0.0.0, Culture=neutral, PublicKeyToken=7cec85d7bea7798e]]'.
2021-01-07 22:14:33.439 +05:30 [INF] Executed action Hahn.ApplicatonProcess.December2020.Web.Controllers.ApplicantController.GetApplicants (Hahn.ApplicatonProcess.December2020.Web) in 5.3415ms
2021-01-07 22:14:33.441 +05:30 [INF] Executed endpoint 'Hahn.ApplicatonProcess.December2020.Web.Controllers.ApplicantController.GetApplicants (Hahn.ApplicatonProcess.December2020.Web)'
2021-01-07 22:14:33.444 +05:30 [INF] Request finished HTTP/2 GET https://localhost:5001/Applicant - - - 200 - application/json;+charset=utf-8 24.3436ms
2021-01-07 22:15:43.052 +05:30 [INF] Request starting HTTP/2 GET https://localhost:5001/Applicant - -
2021-01-07 22:15:43.054 +05:30 [INF] CORS policy execution successful.
2021-01-07 22:15:43.057 +05:30 [INF] Executing endpoint 'Hahn.ApplicatonProcess.December2020.Web.Controllers.ApplicantController.GetApplicants (Hahn.ApplicatonProcess.December2020.Web)'
2021-01-07 22:15:43.059 +05:30 [INF] Route matched with {action = "GetApplicants", controller = "Applicant"}. Executing controller action with signature Microsoft.AspNetCore.Mvc.ActionResult GetApplicants() on controller Hahn.ApplicatonProcess.December2020.Web.Controllers.ApplicantController (Hahn.ApplicatonProcess.December2020.Web).
2021-01-07 22:15:43.062 +05:30 [INF] Entity Framework Core 5.0.1 initialized 'ApplicationDbContext' using provider 'Microsoft.EntityFrameworkCore.InMemory' with options: StoreName=ApplicantManager 
2021-01-07 22:15:43.065 +05:30 [INF] Executing OkObjectResult, writing value of type 'Hahn.ApplicatonProcess.December2020.Domain.Application.Dto.Response.Response`1[[System.Collections.Generic.List`1[[Hahn.ApplicatonProcess.December2020.Domain.Application.Dto.Model.Applicant, Hahn.ApplicatonProcess.December2020.Domain, Version=1.0.0.0, Culture=neutral, PublicKeyToken=null]], System.Private.CoreLib, Version=5.0.0.0, Culture=neutral, PublicKeyToken=7cec85d7bea7798e]]'.
2021-01-07 22:15:43.067 +05:30 [INF] Executed action Hahn.ApplicatonProcess.December2020.Web.Controllers.ApplicantController.GetApplicants (Hahn.ApplicatonProcess.December2020.Web) in 6.0461ms
2021-01-07 22:15:43.069 +05:30 [INF] Executed endpoint 'Hahn.ApplicatonProcess.December2020.Web.Controllers.ApplicantController.GetApplicants (Hahn.ApplicatonProcess.December2020.Web)'
2021-01-07 22:15:43.072 +05:30 [INF] Request finished HTTP/2 GET https://localhost:5001/Applicant - - - 200 - application/json;+charset=utf-8 27.5953ms
2021-01-07 22:15:57.665 +05:30 [INF] Request starting HTTP/2 GET https://localhost:5001/Applicant - -
2021-01-07 22:15:57.675 +05:30 [INF] CORS policy execution successful.
2021-01-07 22:15:57.680 +05:30 [INF] Executing endpoint 'Hahn.ApplicatonProcess.December2020.Web.Controllers.ApplicantController.GetApplicants (Hahn.ApplicatonProcess.December2020.Web)'
2021-01-07 22:15:57.689 +05:30 [INF] Route matched with {action = "GetApplicants", controller = "Applicant"}. Executing controller action with signature Microsoft.AspNetCore.Mvc.ActionResult GetApplicants() on controller Hahn.ApplicatonProcess.December2020.Web.Controllers.ApplicantController (Hahn.ApplicatonProcess.December2020.Web).
2021-01-07 22:15:57.693 +05:30 [INF] Entity Framework Core 5.0.1 initialized 'ApplicationDbContext' using provider 'Microsoft.EntityFrameworkCore.InMemory' with options: StoreName=ApplicantManager 
2021-01-07 22:15:57.696 +05:30 [INF] Executing OkObjectResult, writing value of type 'Hahn.ApplicatonProcess.December2020.Domain.Application.Dto.Response.Response`1[[System.Collections.Generic.List`1[[Hahn.ApplicatonProcess.December2020.Domain.Application.Dto.Model.Applicant, Hahn.ApplicatonProcess.December2020.Domain, Version=1.0.0.0, Culture=neutral, PublicKeyToken=null]], System.Private.CoreLib, Version=5.0.0.0, Culture=neutral, PublicKeyToken=7cec85d7bea7798e]]'.
2021-01-07 22:15:57.700 +05:30 [INF] Executed action Hahn.ApplicatonProcess.December2020.Web.Controllers.ApplicantController.GetApplicants (Hahn.ApplicatonProcess.December2020.Web) in 7.6118ms
2021-01-07 22:15:57.702 +05:30 [INF] Executed endpoint 'Hahn.ApplicatonProcess.December2020.Web.Controllers.ApplicantController.GetApplicants (Hahn.ApplicatonProcess.December2020.Web)'
2021-01-07 22:15:57.705 +05:30 [INF] Request finished HTTP/2 GET https://localhost:5001/Applicant - - - 200 - application/json;+charset=utf-8 44.0194ms
2021-01-07 22:19:10.466 +05:30 [INF] Request starting HTTP/2 GET https://localhost:5001/Applicant - -
2021-01-07 22:19:10.469 +05:30 [INF] CORS policy execution successful.
2021-01-07 22:19:10.473 +05:30 [INF] Executing endpoint 'Hahn.ApplicatonProcess.December2020.Web.Controllers.ApplicantController.GetApplicants (Hahn.ApplicatonProcess.December2020.Web)'
2021-01-07 22:19:10.477 +05:30 [INF] Route matched with {action = "GetApplicants", controller = "Applicant"}. Executing controller action with signature Microsoft.AspNetCore.Mvc.ActionResult GetApplicants() on controller Hahn.ApplicatonProcess.December2020.Web.Controllers.ApplicantController (Hahn.ApplicatonProcess.December2020.Web).
2021-01-07 22:19:10.482 +05:30 [INF] Entity Framework Core 5.0.1 initialized 'ApplicationDbContext' using provider 'Microsoft.EntityFrameworkCore.InMemory' with options: StoreName=ApplicantManager 
2021-01-07 22:19:10.489 +05:30 [INF] Executing OkObjectResult, writing value of type 'Hahn.ApplicatonProcess.December2020.Domain.Application.Dto.Response.Response`1[[System.Collections.Generic.List`1[[Hahn.ApplicatonProcess.December2020.Domain.Application.Dto.Model.Applicant, Hahn.ApplicatonProcess.December2020.Domain, Version=1.0.0.0, Culture=neutral, PublicKeyToken=null]], System.Private.CoreLib, Version=5.0.0.0, Culture=neutral, PublicKeyToken=7cec85d7bea7798e]]'.
2021-01-07 22:19:10.494 +05:30 [INF] Executed action Hahn.ApplicatonProcess.December2020.Web.Controllers.ApplicantController.GetApplicants (Hahn.ApplicatonProcess.December2020.Web) in 12.2273ms
2021-01-07 22:19:10.497 +05:30 [INF] Executed endpoint 'Hahn.ApplicatonProcess.December2020.Web.Controllers.ApplicantController.GetApplicants (Hahn.ApplicatonProcess.December2020.Web)'
2021-01-07 22:19:10.500 +05:30 [INF] Request finished HTTP/2 GET https://localhost:5001/Applicant - - - 200 - application/json;+charset=utf-8 33.5568ms
2021-01-07 22:20:00.553 +05:30 [INF] Request starting HTTP/2 GET https://localhost:5001/Applicant - -
2021-01-07 22:20:00.560 +05:30 [INF] CORS policy execution successful.
2021-01-07 22:20:00.563 +05:30 [INF] Executing endpoint 'Hahn.ApplicatonProcess.December2020.Web.Controllers.ApplicantController.GetApplicants (Hahn.ApplicatonProcess.December2020.Web)'
2021-01-07 22:20:00.566 +05:30 [INF] Route matched with {action = "GetApplicants", controller = "Applicant"}. Executing controller action with signature Microsoft.AspNetCore.Mvc.ActionResult GetApplicants() on controller Hahn.ApplicatonProcess.December2020.Web.Controllers.ApplicantController (Hahn.ApplicatonProcess.December2020.Web).
2021-01-07 22:20:00.569 +05:30 [INF] Entity Framework Core 5.0.1 initialized 'ApplicationDbContext' using provider 'Microsoft.EntityFrameworkCore.InMemory' with options: StoreName=ApplicantManager 
2021-01-07 22:20:00.572 +05:30 [INF] Executing OkObjectResult, writing value of type 'Hahn.ApplicatonProcess.December2020.Domain.Application.Dto.Response.Response`1[[System.Collections.Generic.List`1[[Hahn.ApplicatonProcess.December2020.Domain.Application.Dto.Model.Applicant, Hahn.ApplicatonProcess.December2020.Domain, Version=1.0.0.0, Culture=neutral, PublicKeyToken=null]], System.Private.CoreLib, Version=5.0.0.0, Culture=neutral, PublicKeyToken=7cec85d7bea7798e]]'.
2021-01-07 22:20:00.575 +05:30 [INF] Executed action Hahn.ApplicatonProcess.December2020.Web.Controllers.ApplicantController.GetApplicants (Hahn.ApplicatonProcess.December2020.Web) in 6.3368ms
2021-01-07 22:20:00.577 +05:30 [INF] Executed endpoint 'Hahn.ApplicatonProcess.December2020.Web.Controllers.ApplicantController.GetApplicants (Hahn.ApplicatonProcess.December2020.Web)'
2021-01-07 22:20:00.580 +05:30 [INF] Request finished HTTP/2 GET https://localhost:5001/Applicant - - - 200 - application/json;+charset=utf-8 27.7200ms
2021-01-07 22:20:48.166 +05:30 [INF] Request starting HTTP/2 GET https://localhost:5001/Applicant - -
2021-01-07 22:20:48.171 +05:30 [INF] CORS policy execution successful.
2021-01-07 22:20:48.178 +05:30 [INF] Executing endpoint 'Hahn.ApplicatonProcess.December2020.Web.Controllers.ApplicantController.GetApplicants (Hahn.ApplicatonProcess.December2020.Web)'
2021-01-07 22:20:48.183 +05:30 [INF] Route matched with {action = "GetApplicants", controller = "Applicant"}. Executing controller action with signature Microsoft.AspNetCore.Mvc.ActionResult GetApplicants() on controller Hahn.ApplicatonProcess.December2020.Web.Controllers.ApplicantController (Hahn.ApplicatonProcess.December2020.Web).
2021-01-07 22:20:48.185 +05:30 [INF] Entity Framework Core 5.0.1 initialized 'ApplicationDbContext' using provider 'Microsoft.EntityFrameworkCore.InMemory' with options: StoreName=ApplicantManager 
2021-01-07 22:20:48.188 +05:30 [INF] Executing OkObjectResult, writing value of type 'Hahn.ApplicatonProcess.December2020.Domain.Application.Dto.Response.Response`1[[System.Collections.Generic.List`1[[Hahn.ApplicatonProcess.December2020.Domain.Application.Dto.Model.Applicant, Hahn.ApplicatonProcess.December2020.Domain, Version=1.0.0.0, Culture=neutral, PublicKeyToken=null]], System.Private.CoreLib, Version=5.0.0.0, Culture=neutral, PublicKeyToken=7cec85d7bea7798e]]'.
2021-01-07 22:20:48.191 +05:30 [INF] Executed action Hahn.ApplicatonProcess.December2020.Web.Controllers.ApplicantController.GetApplicants (Hahn.ApplicatonProcess.December2020.Web) in 5.2585ms
2021-01-07 22:20:48.194 +05:30 [INF] Executed endpoint 'Hahn.ApplicatonProcess.December2020.Web.Controllers.ApplicantController.GetApplicants (Hahn.ApplicatonProcess.December2020.Web)'
2021-01-07 22:20:48.197 +05:30 [INF] Request finished HTTP/2 GET https://localhost:5001/Applicant - - - 200 - application/json;+charset=utf-8 31.3146ms
2021-01-07 22:36:15.618 +05:30 [INF] Request starting HTTP/2 GET https://localhost:5001/Applicant - -
2021-01-07 22:36:15.628 +05:30 [INF] CORS policy execution successful.
2021-01-07 22:36:15.631 +05:30 [INF] Executing endpoint 'Hahn.ApplicatonProcess.December2020.Web.Controllers.ApplicantController.GetApplicants (Hahn.ApplicatonProcess.December2020.Web)'
2021-01-07 22:36:15.637 +05:30 [INF] Route matched with {action = "GetApplicants", controller = "Applicant"}. Executing controller action with signature Microsoft.AspNetCore.Mvc.ActionResult GetApplicants() on controller Hahn.ApplicatonProcess.December2020.Web.Controllers.ApplicantController (Hahn.ApplicatonProcess.December2020.Web).
2021-01-07 22:36:15.641 +05:30 [INF] Entity Framework Core 5.0.1 initialized 'ApplicationDbContext' using provider 'Microsoft.EntityFrameworkCore.InMemory' with options: StoreName=ApplicantManager 
2021-01-07 22:36:15.644 +05:30 [INF] Executing OkObjectResult, writing value of type 'Hahn.ApplicatonProcess.December2020.Domain.Application.Dto.Response.Response`1[[System.Collections.Generic.List`1[[Hahn.ApplicatonProcess.December2020.Domain.Application.Dto.Model.Applicant, Hahn.ApplicatonProcess.December2020.Domain, Version=1.0.0.0, Culture=neutral, PublicKeyToken=null]], System.Private.CoreLib, Version=5.0.0.0, Culture=neutral, PublicKeyToken=7cec85d7bea7798e]]'.
2021-01-07 22:36:15.647 +05:30 [INF] Executed action Hahn.ApplicatonProcess.December2020.Web.Controllers.ApplicantController.GetApplicants (Hahn.ApplicatonProcess.December2020.Web) in 6.9838ms
2021-01-07 22:36:15.654 +05:30 [INF] Executed endpoint 'Hahn.ApplicatonProcess.December2020.Web.Controllers.ApplicantController.GetApplicants (Hahn.ApplicatonProcess.December2020.Web)'
2021-01-07 22:36:15.659 +05:30 [INF] Request finished HTTP/2 GET https://localhost:5001/Applicant - - - 200 - application/json;+charset=utf-8 43.9481ms
2021-01-07 22:36:24.448 +05:30 [INF] Request starting HTTP/2 GET https://localhost:5001/Applicant - -
2021-01-07 22:36:24.452 +05:30 [INF] CORS policy execution successful.
2021-01-07 22:36:24.456 +05:30 [INF] Executing endpoint 'Hahn.ApplicatonProcess.December2020.Web.Controllers.ApplicantController.GetApplicants (Hahn.ApplicatonProcess.December2020.Web)'
2021-01-07 22:36:24.458 +05:30 [INF] Route matched with {action = "GetApplicants", controller = "Applicant"}. Executing controller action with signature Microsoft.AspNetCore.Mvc.ActionResult GetApplicants() on controller Hahn.ApplicatonProcess.December2020.Web.Controllers.ApplicantController (Hahn.ApplicatonProcess.December2020.Web).
2021-01-07 22:36:24.461 +05:30 [INF] Entity Framework Core 5.0.1 initialized 'ApplicationDbContext' using provider 'Microsoft.EntityFrameworkCore.InMemory' with options: StoreName=ApplicantManager 
2021-01-07 22:36:24.463 +05:30 [INF] Executing OkObjectResult, writing value of type 'Hahn.ApplicatonProcess.December2020.Domain.Application.Dto.Response.Response`1[[System.Collections.Generic.List`1[[Hahn.ApplicatonProcess.December2020.Domain.Application.Dto.Model.Applicant, Hahn.ApplicatonProcess.December2020.Domain, Version=1.0.0.0, Culture=neutral, PublicKeyToken=null]], System.Private.CoreLib, Version=5.0.0.0, Culture=neutral, PublicKeyToken=7cec85d7bea7798e]]'.
2021-01-07 22:36:24.465 +05:30 [INF] Executed action Hahn.ApplicatonProcess.December2020.Web.Controllers.ApplicantController.GetApplicants (Hahn.ApplicatonProcess.December2020.Web) in 4.8309ms
2021-01-07 22:36:24.467 +05:30 [INF] Executed endpoint 'Hahn.ApplicatonProcess.December2020.Web.Controllers.ApplicantController.GetApplicants (Hahn.ApplicatonProcess.December2020.Web)'
2021-01-07 22:36:24.474 +05:30 [INF] Request finished HTTP/2 GET https://localhost:5001/Applicant - - - 200 - application/json;+charset=utf-8 20.9341ms
2021-01-07 22:36:52.024 +05:30 [INF] Request starting HTTP/2 GET https://localhost:5001/Applicant - -
2021-01-07 22:36:52.028 +05:30 [INF] CORS policy execution successful.
2021-01-07 22:36:52.035 +05:30 [INF] Executing endpoint 'Hahn.ApplicatonProcess.December2020.Web.Controllers.ApplicantController.GetApplicants (Hahn.ApplicatonProcess.December2020.Web)'
2021-01-07 22:36:52.037 +05:30 [INF] Route matched with {action = "GetApplicants", controller = "Applicant"}. Executing controller action with signature Microsoft.AspNetCore.Mvc.ActionResult GetApplicants() on controller Hahn.ApplicatonProcess.December2020.Web.Controllers.ApplicantController (Hahn.ApplicatonProcess.December2020.Web).
2021-01-07 22:36:52.040 +05:30 [INF] Entity Framework Core 5.0.1 initialized 'ApplicationDbContext' using provider 'Microsoft.EntityFrameworkCore.InMemory' with options: StoreName=ApplicantManager 
2021-01-07 22:36:52.043 +05:30 [INF] Executing OkObjectResult, writing value of type 'Hahn.ApplicatonProcess.December2020.Domain.Application.Dto.Response.Response`1[[System.Collections.Generic.List`1[[Hahn.ApplicatonProcess.December2020.Domain.Application.Dto.Model.Applicant, Hahn.ApplicatonProcess.December2020.Domain, Version=1.0.0.0, Culture=neutral, PublicKeyToken=null]], System.Private.CoreLib, Version=5.0.0.0, Culture=neutral, PublicKeyToken=7cec85d7bea7798e]]'.
2021-01-07 22:36:52.045 +05:30 [INF] Executed action Hahn.ApplicatonProcess.December2020.Web.Controllers.ApplicantController.GetApplicants (Hahn.ApplicatonProcess.December2020.Web) in 5.3373ms
2021-01-07 22:36:52.048 +05:30 [INF] Executed endpoint 'Hahn.ApplicatonProcess.December2020.Web.Controllers.ApplicantController.GetApplicants (Hahn.ApplicatonProcess.December2020.Web)'
2021-01-07 22:36:52.054 +05:30 [INF] Request finished HTTP/2 GET https://localhost:5001/Applicant - - - 200 - application/json;+charset=utf-8 34.1782ms
2021-01-07 22:36:59.864 +05:30 [INF] Request starting HTTP/2 GET https://localhost:5001/Applicant - -
2021-01-07 22:36:59.866 +05:30 [INF] CORS policy execution successful.
2021-01-07 22:36:59.870 +05:30 [INF] Executing endpoint 'Hahn.ApplicatonProcess.December2020.Web.Controllers.ApplicantController.GetApplicants (Hahn.ApplicatonProcess.December2020.Web)'
2021-01-07 22:36:59.876 +05:30 [INF] Route matched with {action = "GetApplicants", controller = "Applicant"}. Executing controller action with signature Microsoft.AspNetCore.Mvc.ActionResult GetApplicants() on controller Hahn.ApplicatonProcess.December2020.Web.Controllers.ApplicantController (Hahn.ApplicatonProcess.December2020.Web).
2021-01-07 22:36:59.880 +05:30 [INF] Entity Framework Core 5.0.1 initialized 'ApplicationDbContext' using provider 'Microsoft.EntityFrameworkCore.InMemory' with options: StoreName=ApplicantManager 
2021-01-07 22:36:59.884 +05:30 [INF] Executing OkObjectResult, writing value of type 'Hahn.ApplicatonProcess.December2020.Domain.Application.Dto.Response.Response`1[[System.Collections.Generic.List`1[[Hahn.ApplicatonProcess.December2020.Domain.Application.Dto.Model.Applicant, Hahn.ApplicatonProcess.December2020.Domain, Version=1.0.0.0, Culture=neutral, PublicKeyToken=null]], System.Private.CoreLib, Version=5.0.0.0, Culture=neutral, PublicKeyToken=7cec85d7bea7798e]]'.
2021-01-07 22:36:59.889 +05:30 [INF] Executed action Hahn.ApplicatonProcess.December2020.Web.Controllers.ApplicantController.GetApplicants (Hahn.ApplicatonProcess.December2020.Web) in 7.2656ms
2021-01-07 22:36:59.894 +05:30 [INF] Executed endpoint 'Hahn.ApplicatonProcess.December2020.Web.Controllers.ApplicantController.GetApplicants (Hahn.ApplicatonProcess.December2020.Web)'
2021-01-07 22:36:59.897 +05:30 [INF] Request finished HTTP/2 GET https://localhost:5001/Applicant - - - 200 - application/json;+charset=utf-8 33.5333ms
2021-01-07 22:37:25.249 +05:30 [INF] Request starting HTTP/2 GET https://localhost:5001/Applicant - -
2021-01-07 22:37:25.252 +05:30 [INF] CORS policy execution successful.
2021-01-07 22:37:25.256 +05:30 [INF] Executing endpoint 'Hahn.ApplicatonProcess.December2020.Web.Controllers.ApplicantController.GetApplicants (Hahn.ApplicatonProcess.December2020.Web)'
2021-01-07 22:37:25.260 +05:30 [INF] Route matched with {action = "GetApplicants", controller = "Applicant"}. Executing controller action with signature Microsoft.AspNetCore.Mvc.ActionResult GetApplicants() on controller Hahn.ApplicatonProcess.December2020.Web.Controllers.ApplicantController (Hahn.ApplicatonProcess.December2020.Web).
2021-01-07 22:37:25.264 +05:30 [INF] Entity Framework Core 5.0.1 initialized 'ApplicationDbContext' using provider 'Microsoft.EntityFrameworkCore.InMemory' with options: StoreName=ApplicantManager 
2021-01-07 22:37:25.267 +05:30 [INF] Executing OkObjectResult, writing value of type 'Hahn.ApplicatonProcess.December2020.Domain.Application.Dto.Response.Response`1[[System.Collections.Generic.List`1[[Hahn.ApplicatonProcess.December2020.Domain.Application.Dto.Model.Applicant, Hahn.ApplicatonProcess.December2020.Domain, Version=1.0.0.0, Culture=neutral, PublicKeyToken=null]], System.Private.CoreLib, Version=5.0.0.0, Culture=neutral, PublicKeyToken=7cec85d7bea7798e]]'.
2021-01-07 22:37:25.271 +05:30 [INF] Executed action Hahn.ApplicatonProcess.December2020.Web.Controllers.ApplicantController.GetApplicants (Hahn.ApplicatonProcess.December2020.Web) in 7.6891ms
2021-01-07 22:37:25.276 +05:30 [INF] Executed endpoint 'Hahn.ApplicatonProcess.December2020.Web.Controllers.ApplicantController.GetApplicants (Hahn.ApplicatonProcess.December2020.Web)'
2021-01-07 22:37:25.280 +05:30 [INF] Request finished HTTP/2 GET https://localhost:5001/Applicant - - - 200 - application/json;+charset=utf-8 30.4658ms
2021-01-07 22:38:47.411 +05:30 [INF] Request starting HTTP/2 GET https://localhost:5001/Applicant - -
2021-01-07 22:38:47.413 +05:30 [INF] CORS policy execution successful.
2021-01-07 22:38:47.416 +05:30 [INF] Executing endpoint 'Hahn.ApplicatonProcess.December2020.Web.Controllers.ApplicantController.GetApplicants (Hahn.ApplicatonProcess.December2020.Web)'
2021-01-07 22:38:47.418 +05:30 [INF] Route matched with {action = "GetApplicants", controller = "Applicant"}. Executing controller action with signature Microsoft.AspNetCore.Mvc.ActionResult GetApplicants() on controller Hahn.ApplicatonProcess.December2020.Web.Controllers.ApplicantController (Hahn.ApplicatonProcess.December2020.Web).
2021-01-07 22:38:47.422 +05:30 [INF] Entity Framework Core 5.0.1 initialized 'ApplicationDbContext' using provider 'Microsoft.EntityFrameworkCore.InMemory' with options: StoreName=ApplicantManager 
2021-01-07 22:38:47.425 +05:30 [INF] Executing OkObjectResult, writing value of type 'Hahn.ApplicatonProcess.December2020.Domain.Application.Dto.Response.Response`1[[System.Collections.Generic.List`1[[Hahn.ApplicatonProcess.December2020.Domain.Application.Dto.Model.Applicant, Hahn.ApplicatonProcess.December2020.Domain, Version=1.0.0.0, Culture=neutral, PublicKeyToken=null]], System.Private.CoreLib, Version=5.0.0.0, Culture=neutral, PublicKeyToken=7cec85d7bea7798e]]'.
2021-01-07 22:38:47.428 +05:30 [INF] Executed action Hahn.ApplicatonProcess.December2020.Web.Controllers.ApplicantController.GetApplicants (Hahn.ApplicatonProcess.December2020.Web) in 6.6314ms
2021-01-07 22:38:47.430 +05:30 [INF] Executed endpoint 'Hahn.ApplicatonProcess.December2020.Web.Controllers.ApplicantController.GetApplicants (Hahn.ApplicatonProcess.December2020.Web)'
2021-01-07 22:38:47.433 +05:30 [INF] Request finished HTTP/2 GET https://localhost:5001/Applicant - - - 200 - application/json;+charset=utf-8 22.1006ms
2021-01-07 22:39:04.167 +05:30 [INF] Request starting HTTP/2 GET https://localhost:5001/Applicant - -
2021-01-07 22:39:04.169 +05:30 [INF] CORS policy execution successful.
2021-01-07 22:39:04.172 +05:30 [INF] Executing endpoint 'Hahn.ApplicatonProcess.December2020.Web.Controllers.ApplicantController.GetApplicants (Hahn.ApplicatonProcess.December2020.Web)'
2021-01-07 22:39:04.174 +05:30 [INF] Route matched with {action = "GetApplicants", controller = "Applicant"}. Executing controller action with signature Microsoft.AspNetCore.Mvc.ActionResult GetApplicants() on controller Hahn.ApplicatonProcess.December2020.Web.Controllers.ApplicantController (Hahn.ApplicatonProcess.December2020.Web).
2021-01-07 22:39:04.176 +05:30 [INF] Entity Framework Core 5.0.1 initialized 'ApplicationDbContext' using provider 'Microsoft.EntityFrameworkCore.InMemory' with options: StoreName=ApplicantManager 
2021-01-07 22:39:04.179 +05:30 [INF] Executing OkObjectResult, writing value of type 'Hahn.ApplicatonProcess.December2020.Domain.Application.Dto.Response.Response`1[[System.Collections.Generic.List`1[[Hahn.ApplicatonProcess.December2020.Domain.Application.Dto.Model.Applicant, Hahn.ApplicatonProcess.December2020.Domain, Version=1.0.0.0, Culture=neutral, PublicKeyToken=null]], System.Private.CoreLib, Version=5.0.0.0, Culture=neutral, PublicKeyToken=7cec85d7bea7798e]]'.
2021-01-07 22:39:04.181 +05:30 [INF] Executed action Hahn.ApplicatonProcess.December2020.Web.Controllers.ApplicantController.GetApplicants (Hahn.ApplicatonProcess.December2020.Web) in 5.2545ms
2021-01-07 22:39:04.184 +05:30 [INF] Executed endpoint 'Hahn.ApplicatonProcess.December2020.Web.Controllers.ApplicantController.GetApplicants (Hahn.ApplicatonProcess.December2020.Web)'
2021-01-07 22:39:04.187 +05:30 [INF] Request finished HTTP/2 GET https://localhost:5001/Applicant - - - 200 - application/json;+charset=utf-8 19.5625ms
2021-01-07 22:40:56.881 +05:30 [INF] Request starting HTTP/2 GET https://localhost:5001/Applicant - -
2021-01-07 22:40:56.885 +05:30 [INF] CORS policy execution successful.
2021-01-07 22:40:56.898 +05:30 [INF] Executing endpoint 'Hahn.ApplicatonProcess.December2020.Web.Controllers.ApplicantController.GetApplicants (Hahn.ApplicatonProcess.December2020.Web)'
2021-01-07 22:40:56.903 +05:30 [INF] Route matched with {action = "GetApplicants", controller = "Applicant"}. Executing controller action with signature Microsoft.AspNetCore.Mvc.ActionResult GetApplicants() on controller Hahn.ApplicatonProcess.December2020.Web.Controllers.ApplicantController (Hahn.ApplicatonProcess.December2020.Web).
2021-01-07 22:40:56.906 +05:30 [INF] Entity Framework Core 5.0.1 initialized 'ApplicationDbContext' using provider 'Microsoft.EntityFrameworkCore.InMemory' with options: StoreName=ApplicantManager 
2021-01-07 22:40:56.911 +05:30 [INF] Executing OkObjectResult, writing value of type 'Hahn.ApplicatonProcess.December2020.Domain.Application.Dto.Response.Response`1[[System.Collections.Generic.List`1[[Hahn.ApplicatonProcess.December2020.Domain.Application.Dto.Model.Applicant, Hahn.ApplicatonProcess.December2020.Domain, Version=1.0.0.0, Culture=neutral, PublicKeyToken=null]], System.Private.CoreLib, Version=5.0.0.0, Culture=neutral, PublicKeyToken=7cec85d7bea7798e]]'.
2021-01-07 22:40:56.917 +05:30 [INF] Executed action Hahn.ApplicatonProcess.December2020.Web.Controllers.ApplicantController.GetApplicants (Hahn.ApplicatonProcess.December2020.Web) in 8.7584ms
2021-01-07 22:40:56.921 +05:30 [INF] Executed endpoint 'Hahn.ApplicatonProcess.December2020.Web.Controllers.ApplicantController.GetApplicants (Hahn.ApplicatonProcess.December2020.Web)'
2021-01-07 22:40:56.927 +05:30 [INF] Request finished HTTP/2 GET https://localhost:5001/Applicant - - - 200 - application/json;+charset=utf-8 57.8594ms
2021-01-07 22:41:58.386 +05:30 [INF] Request starting HTTP/2 GET https://localhost:5001/Applicant - -
2021-01-07 22:41:58.391 +05:30 [INF] CORS policy execution successful.
2021-01-07 22:41:58.394 +05:30 [INF] Executing endpoint 'Hahn.ApplicatonProcess.December2020.Web.Controllers.ApplicantController.GetApplicants (Hahn.ApplicatonProcess.December2020.Web)'
2021-01-07 22:41:58.397 +05:30 [INF] Route matched with {action = "GetApplicants", controller = "Applicant"}. Executing controller action with signature Microsoft.AspNetCore.Mvc.ActionResult GetApplicants() on controller Hahn.ApplicatonProcess.December2020.Web.Controllers.ApplicantController (Hahn.ApplicatonProcess.December2020.Web).
2021-01-07 22:41:58.400 +05:30 [INF] Entity Framework Core 5.0.1 initialized 'ApplicationDbContext' using provider 'Microsoft.EntityFrameworkCore.InMemory' with options: StoreName=ApplicantManager 
2021-01-07 22:41:58.402 +05:30 [INF] Executing OkObjectResult, writing value of type 'Hahn.ApplicatonProcess.December2020.Domain.Application.Dto.Response.Response`1[[System.Collections.Generic.List`1[[Hahn.ApplicatonProcess.December2020.Domain.Application.Dto.Model.Applicant, Hahn.ApplicatonProcess.December2020.Domain, Version=1.0.0.0, Culture=neutral, PublicKeyToken=null]], System.Private.CoreLib, Version=5.0.0.0, Culture=neutral, PublicKeyToken=7cec85d7bea7798e]]'.
2021-01-07 22:41:58.405 +05:30 [INF] Executed action Hahn.ApplicatonProcess.December2020.Web.Controllers.ApplicantController.GetApplicants (Hahn.ApplicatonProcess.December2020.Web) in 5.3197ms
2021-01-07 22:41:58.408 +05:30 [INF] Executed endpoint 'Hahn.ApplicatonProcess.December2020.Web.Controllers.ApplicantController.GetApplicants (Hahn.ApplicatonProcess.December2020.Web)'
2021-01-07 22:41:58.411 +05:30 [INF] Request finished HTTP/2 GET https://localhost:5001/Applicant - - - 200 - application/json;+charset=utf-8 25.6414ms
2021-01-07 22:42:16.139 +05:30 [INF] Request starting HTTP/2 GET https://localhost:5001/Applicant - -
2021-01-07 22:42:16.141 +05:30 [INF] CORS policy execution successful.
2021-01-07 22:42:16.144 +05:30 [INF] Executing endpoint 'Hahn.ApplicatonProcess.December2020.Web.Controllers.ApplicantController.GetApplicants (Hahn.ApplicatonProcess.December2020.Web)'
2021-01-07 22:42:16.147 +05:30 [INF] Route matched with {action = "GetApplicants", controller = "Applicant"}. Executing controller action with signature Microsoft.AspNetCore.Mvc.ActionResult GetApplicants() on controller Hahn.ApplicatonProcess.December2020.Web.Controllers.ApplicantController (Hahn.ApplicatonProcess.December2020.Web).
2021-01-07 22:42:16.151 +05:30 [INF] Entity Framework Core 5.0.1 initialized 'ApplicationDbContext' using provider 'Microsoft.EntityFrameworkCore.InMemory' with options: StoreName=ApplicantManager 
2021-01-07 22:42:16.154 +05:30 [INF] Executing OkObjectResult, writing value of type 'Hahn.ApplicatonProcess.December2020.Domain.Application.Dto.Response.Response`1[[System.Collections.Generic.List`1[[Hahn.ApplicatonProcess.December2020.Domain.Application.Dto.Model.Applicant, Hahn.ApplicatonProcess.December2020.Domain, Version=1.0.0.0, Culture=neutral, PublicKeyToken=null]], System.Private.CoreLib, Version=5.0.0.0, Culture=neutral, PublicKeyToken=7cec85d7bea7798e]]'.
2021-01-07 22:42:16.156 +05:30 [INF] Executed action Hahn.ApplicatonProcess.December2020.Web.Controllers.ApplicantController.GetApplicants (Hahn.ApplicatonProcess.December2020.Web) in 6.6428ms
2021-01-07 22:42:16.159 +05:30 [INF] Executed endpoint 'Hahn.ApplicatonProcess.December2020.Web.Controllers.ApplicantController.GetApplicants (Hahn.ApplicatonProcess.December2020.Web)'
2021-01-07 22:42:16.163 +05:30 [INF] Request finished HTTP/2 GET https://localhost:5001/Applicant - - - 200 - application/json;+charset=utf-8 23.7016ms
2021-01-07 22:42:32.672 +05:30 [INF] Request starting HTTP/2 GET https://localhost:5001/Applicant - -
2021-01-07 22:42:32.680 +05:30 [INF] CORS policy execution successful.
2021-01-07 22:42:32.684 +05:30 [INF] Executing endpoint 'Hahn.ApplicatonProcess.December2020.Web.Controllers.ApplicantController.GetApplicants (Hahn.ApplicatonProcess.December2020.Web)'
2021-01-07 22:42:32.689 +05:30 [INF] Route matched with {action = "GetApplicants", controller = "Applicant"}. Executing controller action with signature Microsoft.AspNetCore.Mvc.ActionResult GetApplicants() on controller Hahn.ApplicatonProcess.December2020.Web.Controllers.ApplicantController (Hahn.ApplicatonProcess.December2020.Web).
2021-01-07 22:42:32.694 +05:30 [INF] Entity Framework Core 5.0.1 initialized 'ApplicationDbContext' using provider 'Microsoft.EntityFrameworkCore.InMemory' with options: StoreName=ApplicantManager 
2021-01-07 22:42:32.701 +05:30 [INF] Executing OkObjectResult, writing value of type 'Hahn.ApplicatonProcess.December2020.Domain.Application.Dto.Response.Response`1[[System.Collections.Generic.List`1[[Hahn.ApplicatonProcess.December2020.Domain.Application.Dto.Model.Applicant, Hahn.ApplicatonProcess.December2020.Domain, Version=1.0.0.0, Culture=neutral, PublicKeyToken=null]], System.Private.CoreLib, Version=5.0.0.0, Culture=neutral, PublicKeyToken=7cec85d7bea7798e]]'.
2021-01-07 22:42:32.707 +05:30 [INF] Executed action Hahn.ApplicatonProcess.December2020.Web.Controllers.ApplicantController.GetApplicants (Hahn.ApplicatonProcess.December2020.Web) in 12.4371ms
2021-01-07 22:42:32.711 +05:30 [INF] Executed endpoint 'Hahn.ApplicatonProcess.December2020.Web.Controllers.ApplicantController.GetApplicants (Hahn.ApplicatonProcess.December2020.Web)'
2021-01-07 22:42:32.716 +05:30 [INF] Request finished HTTP/2 GET https://localhost:5001/Applicant - - - 200 - application/json;+charset=utf-8 46.9915ms
2021-01-07 22:43:44.257 +05:30 [INF] Request starting HTTP/2 GET https://localhost:5001/Applicant - -
2021-01-07 22:43:44.265 +05:30 [INF] CORS policy execution successful.
2021-01-07 22:43:44.270 +05:30 [INF] Executing endpoint 'Hahn.ApplicatonProcess.December2020.Web.Controllers.ApplicantController.GetApplicants (Hahn.ApplicatonProcess.December2020.Web)'
2021-01-07 22:43:44.274 +05:30 [INF] Route matched with {action = "GetApplicants", controller = "Applicant"}. Executing controller action with signature Microsoft.AspNetCore.Mvc.ActionResult GetApplicants() on controller Hahn.ApplicatonProcess.December2020.Web.Controllers.ApplicantController (Hahn.ApplicatonProcess.December2020.Web).
2021-01-07 22:43:44.278 +05:30 [INF] Entity Framework Core 5.0.1 initialized 'ApplicationDbContext' using provider 'Microsoft.EntityFrameworkCore.InMemory' with options: StoreName=ApplicantManager 
2021-01-07 22:43:44.284 +05:30 [INF] Executing OkObjectResult, writing value of type 'Hahn.ApplicatonProcess.December2020.Domain.Application.Dto.Response.Response`1[[System.Collections.Generic.List`1[[Hahn.ApplicatonProcess.December2020.Domain.Application.Dto.Model.Applicant, Hahn.ApplicatonProcess.December2020.Domain, Version=1.0.0.0, Culture=neutral, PublicKeyToken=null]], System.Private.CoreLib, Version=5.0.0.0, Culture=neutral, PublicKeyToken=7cec85d7bea7798e]]'.
2021-01-07 22:43:44.290 +05:30 [INF] Executed action Hahn.ApplicatonProcess.December2020.Web.Controllers.ApplicantController.GetApplicants (Hahn.ApplicatonProcess.December2020.Web) in 10.7675ms
2021-01-07 22:43:44.293 +05:30 [INF] Executed endpoint 'Hahn.ApplicatonProcess.December2020.Web.Controllers.ApplicantController.GetApplicants (Hahn.ApplicatonProcess.December2020.Web)'
2021-01-07 22:43:44.296 +05:30 [INF] Request finished HTTP/2 GET https://localhost:5001/Applicant - - - 200 - application/json;+charset=utf-8 49.7899ms
2021-01-07 22:52:07.372 +05:30 [INF] Request starting HTTP/2 GET https://localhost:5001/Applicant - -
2021-01-07 22:52:07.375 +05:30 [INF] CORS policy execution successful.
2021-01-07 22:52:07.380 +05:30 [INF] Executing endpoint 'Hahn.ApplicatonProcess.December2020.Web.Controllers.ApplicantController.GetApplicants (Hahn.ApplicatonProcess.December2020.Web)'
2021-01-07 22:52:07.384 +05:30 [INF] Route matched with {action = "GetApplicants", controller = "Applicant"}. Executing controller action with signature Microsoft.AspNetCore.Mvc.ActionResult GetApplicants() on controller Hahn.ApplicatonProcess.December2020.Web.Controllers.ApplicantController (Hahn.ApplicatonProcess.December2020.Web).
2021-01-07 22:52:07.390 +05:30 [INF] Entity Framework Core 5.0.1 initialized 'ApplicationDbContext' using provider 'Microsoft.EntityFrameworkCore.InMemory' with options: StoreName=ApplicantManager 
2021-01-07 22:52:07.397 +05:30 [INF] Executing OkObjectResult, writing value of type 'Hahn.ApplicatonProcess.December2020.Domain.Application.Dto.Response.Response`1[[System.Collections.Generic.List`1[[Hahn.ApplicatonProcess.December2020.Domain.Application.Dto.Model.Applicant, Hahn.ApplicatonProcess.December2020.Domain, Version=1.0.0.0, Culture=neutral, PublicKeyToken=null]], System.Private.CoreLib, Version=5.0.0.0, Culture=neutral, PublicKeyToken=7cec85d7bea7798e]]'.
2021-01-07 22:52:07.412 +05:30 [INF] Executed action Hahn.ApplicatonProcess.December2020.Web.Controllers.ApplicantController.GetApplicants (Hahn.ApplicatonProcess.December2020.Web) in 12.8574ms
2021-01-07 22:52:07.426 +05:30 [INF] Executed endpoint 'Hahn.ApplicatonProcess.December2020.Web.Controllers.ApplicantController.GetApplicants (Hahn.ApplicatonProcess.December2020.Web)'
2021-01-07 22:52:07.437 +05:30 [INF] Request finished HTTP/2 GET https://localhost:5001/Applicant - - - 200 - application/json;+charset=utf-8 65.3983ms
2021-01-07 22:55:07.725 +05:30 [INF] Request starting HTTP/2 GET https://localhost:5001/Applicant - -
2021-01-07 22:55:07.727 +05:30 [INF] CORS policy execution successful.
2021-01-07 22:55:07.728 +05:30 [INF] Executing endpoint 'Hahn.ApplicatonProcess.December2020.Web.Controllers.ApplicantController.GetApplicants (Hahn.ApplicatonProcess.December2020.Web)'
2021-01-07 22:55:07.731 +05:30 [INF] Route matched with {action = "GetApplicants", controller = "Applicant"}. Executing controller action with signature Microsoft.AspNetCore.Mvc.ActionResult GetApplicants() on controller Hahn.ApplicatonProcess.December2020.Web.Controllers.ApplicantController (Hahn.ApplicatonProcess.December2020.Web).
2021-01-07 22:55:07.733 +05:30 [INF] Entity Framework Core 5.0.1 initialized 'ApplicationDbContext' using provider 'Microsoft.EntityFrameworkCore.InMemory' with options: StoreName=ApplicantManager 
2021-01-07 22:55:07.736 +05:30 [INF] Executing OkObjectResult, writing value of type 'Hahn.ApplicatonProcess.December2020.Domain.Application.Dto.Response.Response`1[[System.Collections.Generic.List`1[[Hahn.ApplicatonProcess.December2020.Domain.Application.Dto.Model.Applicant, Hahn.ApplicatonProcess.December2020.Domain, Version=1.0.0.0, Culture=neutral, PublicKeyToken=null]], System.Private.CoreLib, Version=5.0.0.0, Culture=neutral, PublicKeyToken=7cec85d7bea7798e]]'.
2021-01-07 22:55:07.738 +05:30 [INF] Executed action Hahn.ApplicatonProcess.December2020.Web.Controllers.ApplicantController.GetApplicants (Hahn.ApplicatonProcess.December2020.Web) in 5.2008ms
2021-01-07 22:55:07.740 +05:30 [INF] Executed endpoint 'Hahn.ApplicatonProcess.December2020.Web.Controllers.ApplicantController.GetApplicants (Hahn.ApplicatonProcess.December2020.Web)'
2021-01-07 22:55:07.742 +05:30 [INF] Request finished HTTP/2 GET https://localhost:5001/Applicant - - - 200 - application/json;+charset=utf-8 19.5229ms
2021-01-07 22:56:56.972 +05:30 [INF] Request starting HTTP/2 GET https://localhost:5001/Applicant - -
2021-01-07 22:56:56.974 +05:30 [INF] CORS policy execution successful.
2021-01-07 22:56:56.976 +05:30 [INF] Executing endpoint 'Hahn.ApplicatonProcess.December2020.Web.Controllers.ApplicantController.GetApplicants (Hahn.ApplicatonProcess.December2020.Web)'
2021-01-07 22:56:56.977 +05:30 [INF] Route matched with {action = "GetApplicants", controller = "Applicant"}. Executing controller action with signature Microsoft.AspNetCore.Mvc.ActionResult GetApplicants() on controller Hahn.ApplicatonProcess.December2020.Web.Controllers.ApplicantController (Hahn.ApplicatonProcess.December2020.Web).
2021-01-07 22:56:56.979 +05:30 [INF] Entity Framework Core 5.0.1 initialized 'ApplicationDbContext' using provider 'Microsoft.EntityFrameworkCore.InMemory' with options: StoreName=ApplicantManager 
2021-01-07 22:56:56.983 +05:30 [INF] Executing OkObjectResult, writing value of type 'Hahn.ApplicatonProcess.December2020.Domain.Application.Dto.Response.Response`1[[System.Collections.Generic.List`1[[Hahn.ApplicatonProcess.December2020.Domain.Application.Dto.Model.Applicant, Hahn.ApplicatonProcess.December2020.Domain, Version=1.0.0.0, Culture=neutral, PublicKeyToken=null]], System.Private.CoreLib, Version=5.0.0.0, Culture=neutral, PublicKeyToken=7cec85d7bea7798e]]'.
2021-01-07 22:56:56.988 +05:30 [INF] Executed action Hahn.ApplicatonProcess.December2020.Web.Controllers.ApplicantController.GetApplicants (Hahn.ApplicatonProcess.December2020.Web) in 5.5636ms
2021-01-07 22:56:56.992 +05:30 [INF] Executed endpoint 'Hahn.ApplicatonProcess.December2020.Web.Controllers.ApplicantController.GetApplicants (Hahn.ApplicatonProcess.December2020.Web)'
2021-01-07 22:56:56.994 +05:30 [INF] Request finished HTTP/2 GET https://localhost:5001/Applicant - - - 200 - application/json;+charset=utf-8 20.9534ms
2021-01-07 22:59:17.666 +05:30 [INF] Request starting HTTP/2 GET https://localhost:5001/Applicant - -
2021-01-07 22:59:17.668 +05:30 [INF] CORS policy execution successful.
2021-01-07 22:59:17.670 +05:30 [INF] Executing endpoint 'Hahn.ApplicatonProcess.December2020.Web.Controllers.ApplicantController.GetApplicants (Hahn.ApplicatonProcess.December2020.Web)'
2021-01-07 22:59:17.671 +05:30 [INF] Route matched with {action = "GetApplicants", controller = "Applicant"}. Executing controller action with signature Microsoft.AspNetCore.Mvc.ActionResult GetApplicants() on controller Hahn.ApplicatonProcess.December2020.Web.Controllers.ApplicantController (Hahn.ApplicatonProcess.December2020.Web).
2021-01-07 22:59:17.674 +05:30 [INF] Entity Framework Core 5.0.1 initialized 'ApplicationDbContext' using provider 'Microsoft.EntityFrameworkCore.InMemory' with options: StoreName=ApplicantManager 
2021-01-07 22:59:17.678 +05:30 [INF] Executing OkObjectResult, writing value of type 'Hahn.ApplicatonProcess.December2020.Domain.Application.Dto.Response.Response`1[[System.Collections.Generic.List`1[[Hahn.ApplicatonProcess.December2020.Domain.Application.Dto.Model.Applicant, Hahn.ApplicatonProcess.December2020.Domain, Version=1.0.0.0, Culture=neutral, PublicKeyToken=null]], System.Private.CoreLib, Version=5.0.0.0, Culture=neutral, PublicKeyToken=7cec85d7bea7798e]]'.
2021-01-07 22:59:17.681 +05:30 [INF] Executed action Hahn.ApplicatonProcess.December2020.Web.Controllers.ApplicantController.GetApplicants (Hahn.ApplicatonProcess.December2020.Web) in 7.1495ms
2021-01-07 22:59:17.684 +05:30 [INF] Executed endpoint 'Hahn.ApplicatonProcess.December2020.Web.Controllers.ApplicantController.GetApplicants (Hahn.ApplicatonProcess.December2020.Web)'
2021-01-07 22:59:17.686 +05:30 [INF] Request finished HTTP/2 GET https://localhost:5001/Applicant - - - 200 - application/json;+charset=utf-8 20.1176ms
