2021-01-02 10:48:35.551 +05:30 [INF] Request starting HTTP/2 GET https://localhost:5001/Applicant - -
2021-01-02 10:48:35.564 +05:30 [INF] Executing endpoint 'Hahn.ApplicatonProcess.December2020.Web.Controllers.ApplicantController.GetApplicants (Hahn.ApplicatonProcess.December2020.Web)'
2021-01-02 10:48:35.567 +05:30 [INF] Route matched with {action = "GetApplicants", controller = "Applicant"}. Executing controller action with signature Microsoft.AspNetCore.Mvc.ActionResult GetApplicants() on controller Hahn.ApplicatonProcess.December2020.Web.Controllers.ApplicantController (Hahn.ApplicatonProcess.December2020.Web).
2021-01-02 10:48:35.570 +05:30 [INF] Entity Framework Core 5.0.1 initialized 'ApplicationDbContext' using provider 'Microsoft.EntityFrameworkCore.InMemory' with options: StoreName=ApplicantManager 
2021-01-02 10:48:35.577 +05:30 [INF] Executing OkObjectResult, writing value of type 'Hahn.ApplicatonProcess.December2020.Domain.Application.Dto.Response.Response`1[[System.Collections.Generic.List`1[[Hahn.ApplicatonProcess.December2020.Domain.Application.Dto.Model.Applicant, Hahn.ApplicatonProcess.December2020.Domain, Version=1.0.0.0, Culture=neutral, PublicKeyToken=null]], System.Private.CoreLib, Version=5.0.0.0, Culture=neutral, PublicKeyToken=7cec85d7bea7798e]]'.
2021-01-02 10:48:35.581 +05:30 [INF] Executed action Hahn.ApplicatonProcess.December2020.Web.Controllers.ApplicantController.GetApplicants (Hahn.ApplicatonProcess.December2020.Web) in 10.4005ms
2021-01-02 10:48:35.585 +05:30 [INF] Executed endpoint 'Hahn.ApplicatonProcess.December2020.Web.Controllers.ApplicantController.GetApplicants (Hahn.ApplicatonProcess.December2020.Web)'
2021-01-02 10:48:35.588 +05:30 [INF] Request finished HTTP/2 GET https://localhost:5001/Applicant - - - 200 - application/json;+charset=utf-8 40.4057ms
2021-01-02 11:06:08.400 +05:30 [INF] Request starting HTTP/2 GET https://localhost:5001/Applicant - -
2021-01-02 11:06:08.444 +05:30 [INF] Executing endpoint 'Hahn.ApplicatonProcess.December2020.Web.Controllers.ApplicantController.GetApplicants (Hahn.ApplicatonProcess.December2020.Web)'
2021-01-02 11:06:08.450 +05:30 [INF] Route matched with {action = "GetApplicants", controller = "Applicant"}. Executing controller action with signature Microsoft.AspNetCore.Mvc.ActionResult GetApplicants() on controller Hahn.ApplicatonProcess.December2020.Web.Controllers.ApplicantController (Hahn.ApplicatonProcess.December2020.Web).
2021-01-02 11:06:08.453 +05:30 [INF] Entity Framework Core 5.0.1 initialized 'ApplicationDbContext' using provider 'Microsoft.EntityFrameworkCore.InMemory' with options: StoreName=ApplicantManager 
2021-01-02 11:06:08.457 +05:30 [INF] Executing OkObjectResult, writing value of type 'Hahn.ApplicatonProcess.December2020.Domain.Application.Dto.Response.Response`1[[System.Collections.Generic.List`1[[Hahn.ApplicatonProcess.December2020.Domain.Application.Dto.Model.Applicant, Hahn.ApplicatonProcess.December2020.Domain, Version=1.0.0.0, Culture=neutral, PublicKeyToken=null]], System.Private.CoreLib, Version=5.0.0.0, Culture=neutral, PublicKeyToken=7cec85d7bea7798e]]'.
2021-01-02 11:06:08.461 +05:30 [INF] Executed action Hahn.ApplicatonProcess.December2020.Web.Controllers.ApplicantController.GetApplicants (Hahn.ApplicatonProcess.December2020.Web) in 6.876ms
2021-01-02 11:06:08.469 +05:30 [INF] Executed endpoint 'Hahn.ApplicatonProcess.December2020.Web.Controllers.ApplicantController.GetApplicants (Hahn.ApplicatonProcess.December2020.Web)'
2021-01-02 11:06:08.471 +05:30 [INF] Request finished HTTP/2 GET https://localhost:5001/Applicant - - - 200 - application/json;+charset=utf-8 83.2045ms
2021-01-02 11:17:42.918 +05:30 [INF] User profile is available. Using 'C:\Users\Karthikeyan.P\AppData\Local\ASP.NET\DataProtection-Keys' as key repository and Windows DPAPI to encrypt keys at rest.
2021-01-02 11:17:44.643 +05:30 [INF] Request starting HTTP/2 GET https://localhost:5001/swagger/index.html - -
2021-01-02 11:17:44.767 +05:30 [INF] Request finished HTTP/2 GET https://localhost:5001/swagger/index.html - - - 200 - text/html;charset=utf-8 126.7896ms
2021-01-02 11:17:44.927 +05:30 [INF] Request starting HTTP/2 GET https://localhost:5001/swagger/v1/swagger.json - -
2021-01-02 11:17:45.049 +05:30 [INF] Request finished HTTP/2 GET https://localhost:5001/swagger/v1/swagger.json - - - 200 - application/json;charset=utf-8 120.9657ms
2021-01-02 11:18:29.890 +05:30 [INF] Request starting HTTP/2 GET https://localhost:5001/Applicant - -
2021-01-02 11:18:29.906 +05:30 [INF] CORS policy execution failed.
2021-01-02 11:18:29.910 +05:30 [INF] Request origin http://localhost:8080 does not have permission to access the resource.
2021-01-02 11:18:29.956 +05:30 [INF] Executing endpoint 'Hahn.ApplicatonProcess.December2020.Web.Controllers.ApplicantController.GetApplicants (Hahn.ApplicatonProcess.December2020.Web)'
2021-01-02 11:18:29.991 +05:30 [INF] Route matched with {action = "GetApplicants", controller = "Applicant"}. Executing controller action with signature Microsoft.AspNetCore.Mvc.ActionResult GetApplicants() on controller Hahn.ApplicatonProcess.December2020.Web.Controllers.ApplicantController (Hahn.ApplicatonProcess.December2020.Web).
2021-01-02 11:18:30.823 +05:30 [INF] Entity Framework Core 5.0.1 initialized 'ApplicationDbContext' using provider 'Microsoft.EntityFrameworkCore.InMemory' with options: StoreName=ApplicantManager 
2021-01-02 11:18:31.191 +05:30 [INF] Executing OkObjectResult, writing value of type 'Hahn.ApplicatonProcess.December2020.Domain.Application.Dto.Response.Response`1[[System.Collections.Generic.List`1[[Hahn.ApplicatonProcess.December2020.Domain.Application.Dto.Model.Applicant, Hahn.ApplicatonProcess.December2020.Domain, Version=1.0.0.0, Culture=neutral, PublicKeyToken=null]], System.Private.CoreLib, Version=5.0.0.0, Culture=neutral, PublicKeyToken=7cec85d7bea7798e]]'.
2021-01-02 11:18:31.237 +05:30 [INF] Executed action Hahn.ApplicatonProcess.December2020.Web.Controllers.ApplicantController.GetApplicants (Hahn.ApplicatonProcess.December2020.Web) in 1229.6535ms
2021-01-02 11:18:31.242 +05:30 [INF] Executed endpoint 'Hahn.ApplicatonProcess.December2020.Web.Controllers.ApplicantController.GetApplicants (Hahn.ApplicatonProcess.December2020.Web)'
2021-01-02 11:18:31.247 +05:30 [INF] Request finished HTTP/2 GET https://localhost:5001/Applicant - - - 200 - application/json;+charset=utf-8 1358.0930ms
2021-01-02 11:19:26.466 +05:30 [INF] User profile is available. Using 'C:\Users\Karthikeyan.P\AppData\Local\ASP.NET\DataProtection-Keys' as key repository and Windows DPAPI to encrypt keys at rest.
2021-01-02 11:19:28.222 +05:30 [INF] Request starting HTTP/2 GET https://localhost:5001/swagger/index.html - -
2021-01-02 11:19:28.338 +05:30 [INF] Request finished HTTP/2 GET https://localhost:5001/swagger/index.html - - - 200 - text/html;charset=utf-8 119.5890ms
2021-01-02 11:19:28.538 +05:30 [INF] Request starting HTTP/2 GET https://localhost:5001/swagger/v1/swagger.json - -
2021-01-02 11:19:28.669 +05:30 [INF] Request finished HTTP/2 GET https://localhost:5001/swagger/v1/swagger.json - - - 200 - application/json;charset=utf-8 131.3431ms
2021-01-02 11:19:59.091 +05:30 [INF] Request starting HTTP/2 GET https://localhost:5001/Applicant - -
2021-01-02 11:19:59.104 +05:30 [INF] CORS policy execution successful.
2021-01-02 11:19:59.187 +05:30 [INF] Executing endpoint 'Hahn.ApplicatonProcess.December2020.Web.Controllers.ApplicantController.GetApplicants (Hahn.ApplicatonProcess.December2020.Web)'
2021-01-02 11:19:59.258 +05:30 [INF] Route matched with {action = "GetApplicants", controller = "Applicant"}. Executing controller action with signature Microsoft.AspNetCore.Mvc.ActionResult GetApplicants() on controller Hahn.ApplicatonProcess.December2020.Web.Controllers.ApplicantController (Hahn.ApplicatonProcess.December2020.Web).
2021-01-02 11:20:00.083 +05:30 [INF] Entity Framework Core 5.0.1 initialized 'ApplicationDbContext' using provider 'Microsoft.EntityFrameworkCore.InMemory' with options: StoreName=ApplicantManager 
2021-01-02 11:20:00.501 +05:30 [INF] Executing OkObjectResult, writing value of type 'Hahn.ApplicatonProcess.December2020.Domain.Application.Dto.Response.Response`1[[System.Collections.Generic.List`1[[Hahn.ApplicatonProcess.December2020.Domain.Application.Dto.Model.Applicant, Hahn.ApplicatonProcess.December2020.Domain, Version=1.0.0.0, Culture=neutral, PublicKeyToken=null]], System.Private.CoreLib, Version=5.0.0.0, Culture=neutral, PublicKeyToken=7cec85d7bea7798e]]'.
2021-01-02 11:20:00.548 +05:30 [INF] Executed action Hahn.ApplicatonProcess.December2020.Web.Controllers.ApplicantController.GetApplicants (Hahn.ApplicatonProcess.December2020.Web) in 1268.2397ms
2021-01-02 11:20:00.556 +05:30 [INF] Executed endpoint 'Hahn.ApplicatonProcess.December2020.Web.Controllers.ApplicantController.GetApplicants (Hahn.ApplicatonProcess.December2020.Web)'
2021-01-02 11:20:00.569 +05:30 [INF] Request finished HTTP/2 GET https://localhost:5001/Applicant - - - 200 - application/json;+charset=utf-8 1475.3756ms
2021-01-02 11:20:03.627 +05:30 [INF] Request starting HTTP/2 GET https://localhost:5001/Applicant - -
2021-01-02 11:20:03.629 +05:30 [INF] CORS policy execution successful.
2021-01-02 11:20:03.633 +05:30 [INF] Executing endpoint 'Hahn.ApplicatonProcess.December2020.Web.Controllers.ApplicantController.GetApplicants (Hahn.ApplicatonProcess.December2020.Web)'
2021-01-02 11:20:03.637 +05:30 [INF] Route matched with {action = "GetApplicants", controller = "Applicant"}. Executing controller action with signature Microsoft.AspNetCore.Mvc.ActionResult GetApplicants() on controller Hahn.ApplicatonProcess.December2020.Web.Controllers.ApplicantController (Hahn.ApplicatonProcess.December2020.Web).
2021-01-02 11:20:03.668 +05:30 [INF] Entity Framework Core 5.0.1 initialized 'ApplicationDbContext' using provider 'Microsoft.EntityFrameworkCore.InMemory' with options: StoreName=ApplicantManager 
2021-01-02 11:20:03.674 +05:30 [INF] Executing OkObjectResult, writing value of type 'Hahn.ApplicatonProcess.December2020.Domain.Application.Dto.Response.Response`1[[System.Collections.Generic.List`1[[Hahn.ApplicatonProcess.December2020.Domain.Application.Dto.Model.Applicant, Hahn.ApplicatonProcess.December2020.Domain, Version=1.0.0.0, Culture=neutral, PublicKeyToken=null]], System.Private.CoreLib, Version=5.0.0.0, Culture=neutral, PublicKeyToken=7cec85d7bea7798e]]'.
2021-01-02 11:20:03.677 +05:30 [INF] Executed action Hahn.ApplicatonProcess.December2020.Web.Controllers.ApplicantController.GetApplicants (Hahn.ApplicatonProcess.December2020.Web) in 37.3348ms
2021-01-02 11:20:03.681 +05:30 [INF] Executed endpoint 'Hahn.ApplicatonProcess.December2020.Web.Controllers.ApplicantController.GetApplicants (Hahn.ApplicatonProcess.December2020.Web)'
2021-01-02 11:20:03.685 +05:30 [INF] Request finished HTTP/2 GET https://localhost:5001/Applicant - - - 200 - application/json;+charset=utf-8 57.8056ms
2021-01-02 11:21:31.858 +05:30 [INF] Request starting HTTP/1.1 POST https://localhost:5001/Applicant application/json 238
2021-01-02 11:21:31.865 +05:30 [INF] Executing endpoint 'Hahn.ApplicatonProcess.December2020.Web.Controllers.ApplicantController.Post (Hahn.ApplicatonProcess.December2020.Web)'
2021-01-02 11:21:31.896 +05:30 [INF] Route matched with {action = "Post", controller = "Applicant"}. Executing controller action with signature Microsoft.AspNetCore.Mvc.ActionResult Post(Hahn.ApplicatonProcess.December2020.Domain.Application.Dto.Request.Request`1[Hahn.ApplicatonProcess.December2020.Domain.Application.Dto.Model.Applicant]) on controller Hahn.ApplicatonProcess.December2020.Web.Controllers.ApplicantController (Hahn.ApplicatonProcess.December2020.Web).
2021-01-02 11:21:33.082 +05:30 [INF] Entity Framework Core 5.0.1 initialized 'ApplicationDbContext' using provider 'Microsoft.EntityFrameworkCore.InMemory' with options: StoreName=ApplicantManager 
2021-01-02 11:21:33.378 +05:30 [INF] Saved 1 entities to in-memory store.
2021-01-02 11:21:33.399 +05:30 [INF] Executing CreatedAtActionResult, writing value of type 'Hahn.ApplicatonProcess.December2020.Domain.Application.Dto.Response.Response`1[[Hahn.ApplicatonProcess.December2020.Domain.Application.Dto.Model.AddResponse, Hahn.ApplicatonProcess.December2020.Domain, Version=1.0.0.0, Culture=neutral, PublicKeyToken=null]]'.
2021-01-02 11:21:33.490 +05:30 [INF] Executed action Hahn.ApplicatonProcess.December2020.Web.Controllers.ApplicantController.Post (Hahn.ApplicatonProcess.December2020.Web) in 1589.5646ms
2021-01-02 11:21:33.496 +05:30 [INF] Executed endpoint 'Hahn.ApplicatonProcess.December2020.Web.Controllers.ApplicantController.Post (Hahn.ApplicatonProcess.December2020.Web)'
2021-01-02 11:21:33.502 +05:30 [INF] Request finished HTTP/1.1 POST https://localhost:5001/Applicant application/json 238 - 201 - application/json;+charset=utf-8 1643.2717ms
2021-01-02 11:21:37.361 +05:30 [INF] Request starting HTTP/1.1 POST https://localhost:5001/Applicant application/json 243
2021-01-02 11:21:37.366 +05:30 [INF] Executing endpoint 'Hahn.ApplicatonProcess.December2020.Web.Controllers.ApplicantController.Post (Hahn.ApplicatonProcess.December2020.Web)'
2021-01-02 11:21:37.372 +05:30 [INF] Route matched with {action = "Post", controller = "Applicant"}. Executing controller action with signature Microsoft.AspNetCore.Mvc.ActionResult Post(Hahn.ApplicatonProcess.December2020.Domain.Application.Dto.Request.Request`1[Hahn.ApplicatonProcess.December2020.Domain.Application.Dto.Model.Applicant]) on controller Hahn.ApplicatonProcess.December2020.Web.Controllers.ApplicantController (Hahn.ApplicatonProcess.December2020.Web).
2021-01-02 11:21:38.017 +05:30 [INF] Entity Framework Core 5.0.1 initialized 'ApplicationDbContext' using provider 'Microsoft.EntityFrameworkCore.InMemory' with options: StoreName=ApplicantManager 
2021-01-02 11:21:38.024 +05:30 [INF] Saved 1 entities to in-memory store.
2021-01-02 11:21:38.030 +05:30 [INF] Executing CreatedAtActionResult, writing value of type 'Hahn.ApplicatonProcess.December2020.Domain.Application.Dto.Response.Response`1[[Hahn.ApplicatonProcess.December2020.Domain.Application.Dto.Model.AddResponse, Hahn.ApplicatonProcess.December2020.Domain, Version=1.0.0.0, Culture=neutral, PublicKeyToken=null]]'.
2021-01-02 11:21:38.037 +05:30 [INF] Executed action Hahn.ApplicatonProcess.December2020.Web.Controllers.ApplicantController.Post (Hahn.ApplicatonProcess.December2020.Web) in 659.863ms
2021-01-02 11:21:38.043 +05:30 [INF] Executed endpoint 'Hahn.ApplicatonProcess.December2020.Web.Controllers.ApplicantController.Post (Hahn.ApplicatonProcess.December2020.Web)'
2021-01-02 11:21:38.049 +05:30 [INF] Request finished HTTP/1.1 POST https://localhost:5001/Applicant application/json 243 - 201 - application/json;+charset=utf-8 685.2082ms
2021-01-02 11:21:43.936 +05:30 [INF] Request starting HTTP/1.1 POST https://localhost:5001/Applicant application/json 252
2021-01-02 11:21:43.939 +05:30 [INF] Executing endpoint 'Hahn.ApplicatonProcess.December2020.Web.Controllers.ApplicantController.Post (Hahn.ApplicatonProcess.December2020.Web)'
2021-01-02 11:21:43.942 +05:30 [INF] Route matched with {action = "Post", controller = "Applicant"}. Executing controller action with signature Microsoft.AspNetCore.Mvc.ActionResult Post(Hahn.ApplicatonProcess.December2020.Domain.Application.Dto.Request.Request`1[Hahn.ApplicatonProcess.December2020.Domain.Application.Dto.Model.Applicant]) on controller Hahn.ApplicatonProcess.December2020.Web.Controllers.ApplicantController (Hahn.ApplicatonProcess.December2020.Web).
2021-01-02 11:21:44.656 +05:30 [INF] Entity Framework Core 5.0.1 initialized 'ApplicationDbContext' using provider 'Microsoft.EntityFrameworkCore.InMemory' with options: StoreName=ApplicantManager 
2021-01-02 11:21:44.662 +05:30 [INF] Saved 1 entities to in-memory store.
2021-01-02 11:21:44.668 +05:30 [INF] Executing CreatedAtActionResult, writing value of type 'Hahn.ApplicatonProcess.December2020.Domain.Application.Dto.Response.Response`1[[Hahn.ApplicatonProcess.December2020.Domain.Application.Dto.Model.AddResponse, Hahn.ApplicatonProcess.December2020.Domain, Version=1.0.0.0, Culture=neutral, PublicKeyToken=null]]'.
2021-01-02 11:21:44.674 +05:30 [INF] Executed action Hahn.ApplicatonProcess.December2020.Web.Controllers.ApplicantController.Post (Hahn.ApplicatonProcess.December2020.Web) in 726.4778ms
2021-01-02 11:21:44.679 +05:30 [INF] Executed endpoint 'Hahn.ApplicatonProcess.December2020.Web.Controllers.ApplicantController.Post (Hahn.ApplicatonProcess.December2020.Web)'
2021-01-02 11:21:44.683 +05:30 [INF] Request finished HTTP/1.1 POST https://localhost:5001/Applicant application/json 252 - 201 - application/json;+charset=utf-8 746.3554ms
2021-01-02 11:22:01.975 +05:30 [INF] Request starting HTTP/2 GET https://localhost:5001/Applicant - -
2021-01-02 11:22:01.978 +05:30 [INF] CORS policy execution successful.
2021-01-02 11:22:01.980 +05:30 [INF] Executing endpoint 'Hahn.ApplicatonProcess.December2020.Web.Controllers.ApplicantController.GetApplicants (Hahn.ApplicatonProcess.December2020.Web)'
2021-01-02 11:22:01.983 +05:30 [INF] Route matched with {action = "GetApplicants", controller = "Applicant"}. Executing controller action with signature Microsoft.AspNetCore.Mvc.ActionResult GetApplicants() on controller Hahn.ApplicatonProcess.December2020.Web.Controllers.ApplicantController (Hahn.ApplicatonProcess.December2020.Web).
2021-01-02 11:22:01.986 +05:30 [INF] Entity Framework Core 5.0.1 initialized 'ApplicationDbContext' using provider 'Microsoft.EntityFrameworkCore.InMemory' with options: StoreName=ApplicantManager 
2021-01-02 11:22:02.003 +05:30 [INF] Executing OkObjectResult, writing value of type 'Hahn.ApplicatonProcess.December2020.Domain.Application.Dto.Response.Response`1[[System.Collections.Generic.List`1[[Hahn.ApplicatonProcess.December2020.Domain.Application.Dto.Model.Applicant, Hahn.ApplicatonProcess.December2020.Domain, Version=1.0.0.0, Culture=neutral, PublicKeyToken=null]], System.Private.CoreLib, Version=5.0.0.0, Culture=neutral, PublicKeyToken=7cec85d7bea7798e]]'.
2021-01-02 11:22:02.023 +05:30 [INF] Executed action Hahn.ApplicatonProcess.December2020.Web.Controllers.ApplicantController.GetApplicants (Hahn.ApplicatonProcess.December2020.Web) in 26.7144ms
2021-01-02 11:22:02.028 +05:30 [INF] Executed endpoint 'Hahn.ApplicatonProcess.December2020.Web.Controllers.ApplicantController.GetApplicants (Hahn.ApplicatonProcess.December2020.Web)'
2021-01-02 11:22:02.031 +05:30 [INF] Request finished HTTP/2 GET https://localhost:5001/Applicant - - - 200 - application/json;+charset=utf-8 57.1586ms
2021-01-02 11:22:12.261 +05:30 [INF] Request starting HTTP/2 GET https://localhost:5001/Applicant - -
2021-01-02 11:22:12.264 +05:30 [INF] CORS policy execution successful.
2021-01-02 11:22:12.267 +05:30 [INF] Executing endpoint 'Hahn.ApplicatonProcess.December2020.Web.Controllers.ApplicantController.GetApplicants (Hahn.ApplicatonProcess.December2020.Web)'
2021-01-02 11:22:12.271 +05:30 [INF] Route matched with {action = "GetApplicants", controller = "Applicant"}. Executing controller action with signature Microsoft.AspNetCore.Mvc.ActionResult GetApplicants() on controller Hahn.ApplicatonProcess.December2020.Web.Controllers.ApplicantController (Hahn.ApplicatonProcess.December2020.Web).
2021-01-02 11:22:12.275 +05:30 [INF] Entity Framework Core 5.0.1 initialized 'ApplicationDbContext' using provider 'Microsoft.EntityFrameworkCore.InMemory' with options: StoreName=ApplicantManager 
2021-01-02 11:22:12.278 +05:30 [INF] Executing OkObjectResult, writing value of type 'Hahn.ApplicatonProcess.December2020.Domain.Application.Dto.Response.Response`1[[System.Collections.Generic.List`1[[Hahn.ApplicatonProcess.December2020.Domain.Application.Dto.Model.Applicant, Hahn.ApplicatonProcess.December2020.Domain, Version=1.0.0.0, Culture=neutral, PublicKeyToken=null]], System.Private.CoreLib, Version=5.0.0.0, Culture=neutral, PublicKeyToken=7cec85d7bea7798e]]'.
2021-01-02 11:22:12.281 +05:30 [INF] Executed action Hahn.ApplicatonProcess.December2020.Web.Controllers.ApplicantController.GetApplicants (Hahn.ApplicatonProcess.December2020.Web) in 7.4496ms
2021-01-02 11:22:12.283 +05:30 [INF] Executed endpoint 'Hahn.ApplicatonProcess.December2020.Web.Controllers.ApplicantController.GetApplicants (Hahn.ApplicatonProcess.December2020.Web)'
2021-01-02 11:22:12.287 +05:30 [INF] Request finished HTTP/2 GET https://localhost:5001/Applicant - - - 200 - application/json;+charset=utf-8 25.3120ms
2021-01-02 11:23:15.135 +05:30 [INF] Request starting HTTP/2 GET https://localhost:5001/Applicant - -
2021-01-02 11:23:15.138 +05:30 [INF] CORS policy execution successful.
2021-01-02 11:23:15.140 +05:30 [INF] Executing endpoint 'Hahn.ApplicatonProcess.December2020.Web.Controllers.ApplicantController.GetApplicants (Hahn.ApplicatonProcess.December2020.Web)'
2021-01-02 11:23:15.143 +05:30 [INF] Route matched with {action = "GetApplicants", controller = "Applicant"}. Executing controller action with signature Microsoft.AspNetCore.Mvc.ActionResult GetApplicants() on controller Hahn.ApplicatonProcess.December2020.Web.Controllers.ApplicantController (Hahn.ApplicatonProcess.December2020.Web).
2021-01-02 11:23:15.146 +05:30 [INF] Entity Framework Core 5.0.1 initialized 'ApplicationDbContext' using provider 'Microsoft.EntityFrameworkCore.InMemory' with options: StoreName=ApplicantManager 
2021-01-02 11:23:15.149 +05:30 [INF] Executing OkObjectResult, writing value of type 'Hahn.ApplicatonProcess.December2020.Domain.Application.Dto.Response.Response`1[[System.Collections.Generic.List`1[[Hahn.ApplicatonProcess.December2020.Domain.Application.Dto.Model.Applicant, Hahn.ApplicatonProcess.December2020.Domain, Version=1.0.0.0, Culture=neutral, PublicKeyToken=null]], System.Private.CoreLib, Version=5.0.0.0, Culture=neutral, PublicKeyToken=7cec85d7bea7798e]]'.
2021-01-02 11:23:15.152 +05:30 [INF] Executed action Hahn.ApplicatonProcess.December2020.Web.Controllers.ApplicantController.GetApplicants (Hahn.ApplicatonProcess.December2020.Web) in 5.8287ms
2021-01-02 11:23:15.155 +05:30 [INF] Executed endpoint 'Hahn.ApplicatonProcess.December2020.Web.Controllers.ApplicantController.GetApplicants (Hahn.ApplicatonProcess.December2020.Web)'
2021-01-02 11:23:15.159 +05:30 [INF] Request finished HTTP/2 GET https://localhost:5001/Applicant - - - 200 - application/json;+charset=utf-8 22.6390ms
2021-01-02 11:29:53.887 +05:30 [INF] Request starting HTTP/2 GET https://localhost:5001/Applicant - -
2021-01-02 11:29:53.889 +05:30 [INF] CORS policy execution successful.
2021-01-02 11:29:53.892 +05:30 [INF] Executing endpoint 'Hahn.ApplicatonProcess.December2020.Web.Controllers.ApplicantController.GetApplicants (Hahn.ApplicatonProcess.December2020.Web)'
2021-01-02 11:29:53.895 +05:30 [INF] Route matched with {action = "GetApplicants", controller = "Applicant"}. Executing controller action with signature Microsoft.AspNetCore.Mvc.ActionResult GetApplicants() on controller Hahn.ApplicatonProcess.December2020.Web.Controllers.ApplicantController (Hahn.ApplicatonProcess.December2020.Web).
2021-01-02 11:29:53.898 +05:30 [INF] Entity Framework Core 5.0.1 initialized 'ApplicationDbContext' using provider 'Microsoft.EntityFrameworkCore.InMemory' with options: StoreName=ApplicantManager 
2021-01-02 11:29:53.901 +05:30 [INF] Executing OkObjectResult, writing value of type 'Hahn.ApplicatonProcess.December2020.Domain.Application.Dto.Response.Response`1[[System.Collections.Generic.List`1[[Hahn.ApplicatonProcess.December2020.Domain.Application.Dto.Model.Applicant, Hahn.ApplicatonProcess.December2020.Domain, Version=1.0.0.0, Culture=neutral, PublicKeyToken=null]], System.Private.CoreLib, Version=5.0.0.0, Culture=neutral, PublicKeyToken=7cec85d7bea7798e]]'.
2021-01-02 11:29:53.905 +05:30 [INF] Executed action Hahn.ApplicatonProcess.December2020.Web.Controllers.ApplicantController.GetApplicants (Hahn.ApplicatonProcess.December2020.Web) in 6.4142ms
2021-01-02 11:29:53.909 +05:30 [INF] Executed endpoint 'Hahn.ApplicatonProcess.December2020.Web.Controllers.ApplicantController.GetApplicants (Hahn.ApplicatonProcess.December2020.Web)'
2021-01-02 11:29:53.912 +05:30 [INF] Request finished HTTP/2 GET https://localhost:5001/Applicant - - - 200 - application/json;+charset=utf-8 25.8397ms
2021-01-02 11:30:11.483 +05:30 [INF] Request starting HTTP/2 GET https://localhost:5001/Applicant - -
2021-01-02 11:30:11.487 +05:30 [INF] CORS policy execution successful.
2021-01-02 11:30:11.490 +05:30 [INF] Executing endpoint 'Hahn.ApplicatonProcess.December2020.Web.Controllers.ApplicantController.GetApplicants (Hahn.ApplicatonProcess.December2020.Web)'
2021-01-02 11:30:11.493 +05:30 [INF] Route matched with {action = "GetApplicants", controller = "Applicant"}. Executing controller action with signature Microsoft.AspNetCore.Mvc.ActionResult GetApplicants() on controller Hahn.ApplicatonProcess.December2020.Web.Controllers.ApplicantController (Hahn.ApplicatonProcess.December2020.Web).
2021-01-02 11:30:11.496 +05:30 [INF] Entity Framework Core 5.0.1 initialized 'ApplicationDbContext' using provider 'Microsoft.EntityFrameworkCore.InMemory' with options: StoreName=ApplicantManager 
2021-01-02 11:30:11.500 +05:30 [INF] Executing OkObjectResult, writing value of type 'Hahn.ApplicatonProcess.December2020.Domain.Application.Dto.Response.Response`1[[System.Collections.Generic.List`1[[Hahn.ApplicatonProcess.December2020.Domain.Application.Dto.Model.Applicant, Hahn.ApplicatonProcess.December2020.Domain, Version=1.0.0.0, Culture=neutral, PublicKeyToken=null]], System.Private.CoreLib, Version=5.0.0.0, Culture=neutral, PublicKeyToken=7cec85d7bea7798e]]'.
2021-01-02 11:30:11.505 +05:30 [INF] Executed action Hahn.ApplicatonProcess.December2020.Web.Controllers.ApplicantController.GetApplicants (Hahn.ApplicatonProcess.December2020.Web) in 7.3173ms
2021-01-02 11:30:11.508 +05:30 [INF] Executed endpoint 'Hahn.ApplicatonProcess.December2020.Web.Controllers.ApplicantController.GetApplicants (Hahn.ApplicatonProcess.December2020.Web)'
2021-01-02 11:30:11.512 +05:30 [INF] Request finished HTTP/2 GET https://localhost:5001/Applicant - - - 200 - application/json;+charset=utf-8 28.7918ms
2021-01-02 11:30:20.608 +05:30 [INF] Request starting HTTP/2 GET https://localhost:5001/Applicant - -
2021-01-02 11:30:20.611 +05:30 [INF] CORS policy execution successful.
2021-01-02 11:30:20.614 +05:30 [INF] Executing endpoint 'Hahn.ApplicatonProcess.December2020.Web.Controllers.ApplicantController.GetApplicants (Hahn.ApplicatonProcess.December2020.Web)'
2021-01-02 11:30:20.617 +05:30 [INF] Route matched with {action = "GetApplicants", controller = "Applicant"}. Executing controller action with signature Microsoft.AspNetCore.Mvc.ActionResult GetApplicants() on controller Hahn.ApplicatonProcess.December2020.Web.Controllers.ApplicantController (Hahn.ApplicatonProcess.December2020.Web).
2021-01-02 11:30:20.622 +05:30 [INF] Entity Framework Core 5.0.1 initialized 'ApplicationDbContext' using provider 'Microsoft.EntityFrameworkCore.InMemory' with options: StoreName=ApplicantManager 
2021-01-02 11:30:20.626 +05:30 [INF] Executing OkObjectResult, writing value of type 'Hahn.ApplicatonProcess.December2020.Domain.Application.Dto.Response.Response`1[[System.Collections.Generic.List`1[[Hahn.ApplicatonProcess.December2020.Domain.Application.Dto.Model.Applicant, Hahn.ApplicatonProcess.December2020.Domain, Version=1.0.0.0, Culture=neutral, PublicKeyToken=null]], System.Private.CoreLib, Version=5.0.0.0, Culture=neutral, PublicKeyToken=7cec85d7bea7798e]]'.
2021-01-02 11:30:20.630 +05:30 [INF] Executed action Hahn.ApplicatonProcess.December2020.Web.Controllers.ApplicantController.GetApplicants (Hahn.ApplicatonProcess.December2020.Web) in 9.6217ms
2021-01-02 11:30:20.633 +05:30 [INF] Executed endpoint 'Hahn.ApplicatonProcess.December2020.Web.Controllers.ApplicantController.GetApplicants (Hahn.ApplicatonProcess.December2020.Web)'
2021-01-02 11:30:20.637 +05:30 [INF] Request finished HTTP/2 GET https://localhost:5001/Applicant - - - 200 - application/json;+charset=utf-8 27.1523ms
2021-01-02 11:30:28.609 +05:30 [INF] Request starting HTTP/2 GET https://localhost:5001/Applicant - -
2021-01-02 11:30:28.612 +05:30 [INF] CORS policy execution successful.
2021-01-02 11:30:28.614 +05:30 [INF] Executing endpoint 'Hahn.ApplicatonProcess.December2020.Web.Controllers.ApplicantController.GetApplicants (Hahn.ApplicatonProcess.December2020.Web)'
2021-01-02 11:30:28.618 +05:30 [INF] Route matched with {action = "GetApplicants", controller = "Applicant"}. Executing controller action with signature Microsoft.AspNetCore.Mvc.ActionResult GetApplicants() on controller Hahn.ApplicatonProcess.December2020.Web.Controllers.ApplicantController (Hahn.ApplicatonProcess.December2020.Web).
2021-01-02 11:30:28.623 +05:30 [INF] Entity Framework Core 5.0.1 initialized 'ApplicationDbContext' using provider 'Microsoft.EntityFrameworkCore.InMemory' with options: StoreName=ApplicantManager 
2021-01-02 11:30:28.626 +05:30 [INF] Executing OkObjectResult, writing value of type 'Hahn.ApplicatonProcess.December2020.Domain.Application.Dto.Response.Response`1[[System.Collections.Generic.List`1[[Hahn.ApplicatonProcess.December2020.Domain.Application.Dto.Model.Applicant, Hahn.ApplicatonProcess.December2020.Domain, Version=1.0.0.0, Culture=neutral, PublicKeyToken=null]], System.Private.CoreLib, Version=5.0.0.0, Culture=neutral, PublicKeyToken=7cec85d7bea7798e]]'.
2021-01-02 11:30:28.629 +05:30 [INF] Executed action Hahn.ApplicatonProcess.December2020.Web.Controllers.ApplicantController.GetApplicants (Hahn.ApplicatonProcess.December2020.Web) in 8.0053ms
2021-01-02 11:30:28.632 +05:30 [INF] Executed endpoint 'Hahn.ApplicatonProcess.December2020.Web.Controllers.ApplicantController.GetApplicants (Hahn.ApplicatonProcess.December2020.Web)'
2021-01-02 11:30:28.637 +05:30 [INF] Request finished HTTP/2 GET https://localhost:5001/Applicant - - - 200 - application/json;+charset=utf-8 26.4241ms
2021-01-02 11:30:30.405 +05:30 [INF] Request starting HTTP/2 GET https://localhost:5001/Applicant - -
2021-01-02 11:30:30.408 +05:30 [INF] CORS policy execution successful.
2021-01-02 11:30:30.410 +05:30 [INF] Executing endpoint 'Hahn.ApplicatonProcess.December2020.Web.Controllers.ApplicantController.GetApplicants (Hahn.ApplicatonProcess.December2020.Web)'
2021-01-02 11:30:30.414 +05:30 [INF] Route matched with {action = "GetApplicants", controller = "Applicant"}. Executing controller action with signature Microsoft.AspNetCore.Mvc.ActionResult GetApplicants() on controller Hahn.ApplicatonProcess.December2020.Web.Controllers.ApplicantController (Hahn.ApplicatonProcess.December2020.Web).
2021-01-02 11:30:30.419 +05:30 [INF] Entity Framework Core 5.0.1 initialized 'ApplicationDbContext' using provider 'Microsoft.EntityFrameworkCore.InMemory' with options: StoreName=ApplicantManager 
2021-01-02 11:30:30.425 +05:30 [INF] Executing OkObjectResult, writing value of type 'Hahn.ApplicatonProcess.December2020.Domain.Application.Dto.Response.Response`1[[System.Collections.Generic.List`1[[Hahn.ApplicatonProcess.December2020.Domain.Application.Dto.Model.Applicant, Hahn.ApplicatonProcess.December2020.Domain, Version=1.0.0.0, Culture=neutral, PublicKeyToken=null]], System.Private.CoreLib, Version=5.0.0.0, Culture=neutral, PublicKeyToken=7cec85d7bea7798e]]'.
2021-01-02 11:30:30.429 +05:30 [INF] Executed action Hahn.ApplicatonProcess.December2020.Web.Controllers.ApplicantController.GetApplicants (Hahn.ApplicatonProcess.December2020.Web) in 11.5489ms
2021-01-02 11:30:30.432 +05:30 [INF] Executed endpoint 'Hahn.ApplicatonProcess.December2020.Web.Controllers.ApplicantController.GetApplicants (Hahn.ApplicatonProcess.December2020.Web)'
2021-01-02 11:30:30.436 +05:30 [INF] Request finished HTTP/2 GET https://localhost:5001/Applicant - - - 200 - application/json;+charset=utf-8 29.4308ms
2021-01-02 11:30:32.890 +05:30 [INF] Request starting HTTP/2 GET https://localhost:5001/Applicant - -
2021-01-02 11:30:32.893 +05:30 [INF] CORS policy execution successful.
2021-01-02 11:30:32.896 +05:30 [INF] Executing endpoint 'Hahn.ApplicatonProcess.December2020.Web.Controllers.ApplicantController.GetApplicants (Hahn.ApplicatonProcess.December2020.Web)'
2021-01-02 11:30:32.900 +05:30 [INF] Route matched with {action = "GetApplicants", controller = "Applicant"}. Executing controller action with signature Microsoft.AspNetCore.Mvc.ActionResult GetApplicants() on controller Hahn.ApplicatonProcess.December2020.Web.Controllers.ApplicantController (Hahn.ApplicatonProcess.December2020.Web).
2021-01-02 11:30:32.904 +05:30 [INF] Entity Framework Core 5.0.1 initialized 'ApplicationDbContext' using provider 'Microsoft.EntityFrameworkCore.InMemory' with options: StoreName=ApplicantManager 
2021-01-02 11:30:32.907 +05:30 [INF] Executing OkObjectResult, writing value of type 'Hahn.ApplicatonProcess.December2020.Domain.Application.Dto.Response.Response`1[[System.Collections.Generic.List`1[[Hahn.ApplicatonProcess.December2020.Domain.Application.Dto.Model.Applicant, Hahn.ApplicatonProcess.December2020.Domain, Version=1.0.0.0, Culture=neutral, PublicKeyToken=null]], System.Private.CoreLib, Version=5.0.0.0, Culture=neutral, PublicKeyToken=7cec85d7bea7798e]]'.
2021-01-02 11:30:32.910 +05:30 [INF] Executed action Hahn.ApplicatonProcess.December2020.Web.Controllers.ApplicantController.GetApplicants (Hahn.ApplicatonProcess.December2020.Web) in 7.6497ms
2021-01-02 11:30:32.913 +05:30 [INF] Executed endpoint 'Hahn.ApplicatonProcess.December2020.Web.Controllers.ApplicantController.GetApplicants (Hahn.ApplicatonProcess.December2020.Web)'
2021-01-02 11:30:32.916 +05:30 [INF] Request finished HTTP/2 GET https://localhost:5001/Applicant - - - 200 - application/json;+charset=utf-8 27.0410ms
2021-01-02 11:30:35.459 +05:30 [INF] Request starting HTTP/2 GET https://localhost:5001/Applicant - -
2021-01-02 11:30:35.462 +05:30 [INF] CORS policy execution successful.
2021-01-02 11:30:35.465 +05:30 [INF] Executing endpoint 'Hahn.ApplicatonProcess.December2020.Web.Controllers.ApplicantController.GetApplicants (Hahn.ApplicatonProcess.December2020.Web)'
2021-01-02 11:30:35.470 +05:30 [INF] Route matched with {action = "GetApplicants", controller = "Applicant"}. Executing controller action with signature Microsoft.AspNetCore.Mvc.ActionResult GetApplicants() on controller Hahn.ApplicatonProcess.December2020.Web.Controllers.ApplicantController (Hahn.ApplicatonProcess.December2020.Web).
2021-01-02 11:30:35.474 +05:30 [INF] Entity Framework Core 5.0.1 initialized 'ApplicationDbContext' using provider 'Microsoft.EntityFrameworkCore.InMemory' with options: StoreName=ApplicantManager 
2021-01-02 11:30:35.477 +05:30 [INF] Executing OkObjectResult, writing value of type 'Hahn.ApplicatonProcess.December2020.Domain.Application.Dto.Response.Response`1[[System.Collections.Generic.List`1[[Hahn.ApplicatonProcess.December2020.Domain.Application.Dto.Model.Applicant, Hahn.ApplicatonProcess.December2020.Domain, Version=1.0.0.0, Culture=neutral, PublicKeyToken=null]], System.Private.CoreLib, Version=5.0.0.0, Culture=neutral, PublicKeyToken=7cec85d7bea7798e]]'.
2021-01-02 11:30:35.481 +05:30 [INF] Executed action Hahn.ApplicatonProcess.December2020.Web.Controllers.ApplicantController.GetApplicants (Hahn.ApplicatonProcess.December2020.Web) in 7.8133ms
2021-01-02 11:30:35.485 +05:30 [INF] Executed endpoint 'Hahn.ApplicatonProcess.December2020.Web.Controllers.ApplicantController.GetApplicants (Hahn.ApplicatonProcess.December2020.Web)'
2021-01-02 11:30:35.489 +05:30 [INF] Request finished HTTP/2 GET https://localhost:5001/Applicant - - - 200 - application/json;+charset=utf-8 29.2737ms
2021-01-02 11:31:03.246 +05:30 [INF] Request starting HTTP/2 GET https://localhost:5001/Applicant - -
2021-01-02 11:31:03.249 +05:30 [INF] CORS policy execution successful.
2021-01-02 11:31:03.252 +05:30 [INF] Executing endpoint 'Hahn.ApplicatonProcess.December2020.Web.Controllers.ApplicantController.GetApplicants (Hahn.ApplicatonProcess.December2020.Web)'
2021-01-02 11:31:03.256 +05:30 [INF] Route matched with {action = "GetApplicants", controller = "Applicant"}. Executing controller action with signature Microsoft.AspNetCore.Mvc.ActionResult GetApplicants() on controller Hahn.ApplicatonProcess.December2020.Web.Controllers.ApplicantController (Hahn.ApplicatonProcess.December2020.Web).
2021-01-02 11:31:03.259 +05:30 [INF] Entity Framework Core 5.0.1 initialized 'ApplicationDbContext' using provider 'Microsoft.EntityFrameworkCore.InMemory' with options: StoreName=ApplicantManager 
2021-01-02 11:31:03.262 +05:30 [INF] Executing OkObjectResult, writing value of type 'Hahn.ApplicatonProcess.December2020.Domain.Application.Dto.Response.Response`1[[System.Collections.Generic.List`1[[Hahn.ApplicatonProcess.December2020.Domain.Application.Dto.Model.Applicant, Hahn.ApplicatonProcess.December2020.Domain, Version=1.0.0.0, Culture=neutral, PublicKeyToken=null]], System.Private.CoreLib, Version=5.0.0.0, Culture=neutral, PublicKeyToken=7cec85d7bea7798e]]'.
2021-01-02 11:31:03.267 +05:30 [INF] Executed action Hahn.ApplicatonProcess.December2020.Web.Controllers.ApplicantController.GetApplicants (Hahn.ApplicatonProcess.December2020.Web) in 6.5306ms
2021-01-02 11:31:03.270 +05:30 [INF] Executed endpoint 'Hahn.ApplicatonProcess.December2020.Web.Controllers.ApplicantController.GetApplicants (Hahn.ApplicatonProcess.December2020.Web)'
2021-01-02 11:31:03.274 +05:30 [INF] Request finished HTTP/2 GET https://localhost:5001/Applicant - - - 200 - application/json;+charset=utf-8 27.0955ms
2021-01-02 11:31:08.032 +05:30 [INF] Request starting HTTP/2 GET https://localhost:5001/Applicant - -
2021-01-02 11:31:08.034 +05:30 [INF] CORS policy execution successful.
2021-01-02 11:31:08.038 +05:30 [INF] Executing endpoint 'Hahn.ApplicatonProcess.December2020.Web.Controllers.ApplicantController.GetApplicants (Hahn.ApplicatonProcess.December2020.Web)'
2021-01-02 11:31:08.041 +05:30 [INF] Route matched with {action = "GetApplicants", controller = "Applicant"}. Executing controller action with signature Microsoft.AspNetCore.Mvc.ActionResult GetApplicants() on controller Hahn.ApplicatonProcess.December2020.Web.Controllers.ApplicantController (Hahn.ApplicatonProcess.December2020.Web).
2021-01-02 11:31:08.044 +05:30 [INF] Entity Framework Core 5.0.1 initialized 'ApplicationDbContext' using provider 'Microsoft.EntityFrameworkCore.InMemory' with options: StoreName=ApplicantManager 
2021-01-02 11:31:08.046 +05:30 [INF] Executing OkObjectResult, writing value of type 'Hahn.ApplicatonProcess.December2020.Domain.Application.Dto.Response.Response`1[[System.Collections.Generic.List`1[[Hahn.ApplicatonProcess.December2020.Domain.Application.Dto.Model.Applicant, Hahn.ApplicatonProcess.December2020.Domain, Version=1.0.0.0, Culture=neutral, PublicKeyToken=null]], System.Private.CoreLib, Version=5.0.0.0, Culture=neutral, PublicKeyToken=7cec85d7bea7798e]]'.
2021-01-02 11:31:08.050 +05:30 [INF] Executed action Hahn.ApplicatonProcess.December2020.Web.Controllers.ApplicantController.GetApplicants (Hahn.ApplicatonProcess.December2020.Web) in 5.3333ms
2021-01-02 11:31:08.053 +05:30 [INF] Executed endpoint 'Hahn.ApplicatonProcess.December2020.Web.Controllers.ApplicantController.GetApplicants (Hahn.ApplicatonProcess.December2020.Web)'
2021-01-02 11:31:08.057 +05:30 [INF] Request finished HTTP/2 GET https://localhost:5001/Applicant - - - 200 - application/json;+charset=utf-8 24.4953ms
2021-01-02 11:31:56.036 +05:30 [INF] Request starting HTTP/2 GET https://localhost:5001/Applicant - -
2021-01-02 11:31:56.039 +05:30 [INF] CORS policy execution successful.
2021-01-02 11:31:56.042 +05:30 [INF] Executing endpoint 'Hahn.ApplicatonProcess.December2020.Web.Controllers.ApplicantController.GetApplicants (Hahn.ApplicatonProcess.December2020.Web)'
2021-01-02 11:31:56.044 +05:30 [INF] Route matched with {action = "GetApplicants", controller = "Applicant"}. Executing controller action with signature Microsoft.AspNetCore.Mvc.ActionResult GetApplicants() on controller Hahn.ApplicatonProcess.December2020.Web.Controllers.ApplicantController (Hahn.ApplicatonProcess.December2020.Web).
2021-01-02 11:31:56.047 +05:30 [INF] Entity Framework Core 5.0.1 initialized 'ApplicationDbContext' using provider 'Microsoft.EntityFrameworkCore.InMemory' with options: StoreName=ApplicantManager 
2021-01-02 11:31:56.060 +05:30 [INF] Executing OkObjectResult, writing value of type 'Hahn.ApplicatonProcess.December2020.Domain.Application.Dto.Response.Response`1[[System.Collections.Generic.List`1[[Hahn.ApplicatonProcess.December2020.Domain.Application.Dto.Model.Applicant, Hahn.ApplicatonProcess.December2020.Domain, Version=1.0.0.0, Culture=neutral, PublicKeyToken=null]], System.Private.CoreLib, Version=5.0.0.0, Culture=neutral, PublicKeyToken=7cec85d7bea7798e]]'.
2021-01-02 11:31:56.064 +05:30 [INF] Executed action Hahn.ApplicatonProcess.December2020.Web.Controllers.ApplicantController.GetApplicants (Hahn.ApplicatonProcess.December2020.Web) in 15.8448ms
2021-01-02 11:31:56.067 +05:30 [INF] Executed endpoint 'Hahn.ApplicatonProcess.December2020.Web.Controllers.ApplicantController.GetApplicants (Hahn.ApplicatonProcess.December2020.Web)'
2021-01-02 11:31:56.070 +05:30 [INF] Request finished HTTP/2 GET https://localhost:5001/Applicant - - - 200 - application/json;+charset=utf-8 34.2903ms
2021-01-02 11:33:22.269 +05:30 [INF] Request starting HTTP/2 GET https://localhost:5001/Applicant - -
2021-01-02 11:33:22.271 +05:30 [INF] CORS policy execution successful.
2021-01-02 11:33:22.274 +05:30 [INF] Executing endpoint 'Hahn.ApplicatonProcess.December2020.Web.Controllers.ApplicantController.GetApplicants (Hahn.ApplicatonProcess.December2020.Web)'
2021-01-02 11:33:22.276 +05:30 [INF] Route matched with {action = "GetApplicants", controller = "Applicant"}. Executing controller action with signature Microsoft.AspNetCore.Mvc.ActionResult GetApplicants() on controller Hahn.ApplicatonProcess.December2020.Web.Controllers.ApplicantController (Hahn.ApplicatonProcess.December2020.Web).
2021-01-02 11:33:22.279 +05:30 [INF] Entity Framework Core 5.0.1 initialized 'ApplicationDbContext' using provider 'Microsoft.EntityFrameworkCore.InMemory' with options: StoreName=ApplicantManager 
2021-01-02 11:33:22.281 +05:30 [INF] Executing OkObjectResult, writing value of type 'Hahn.ApplicatonProcess.December2020.Domain.Application.Dto.Response.Response`1[[System.Collections.Generic.List`1[[Hahn.ApplicatonProcess.December2020.Domain.Application.Dto.Model.Applicant, Hahn.ApplicatonProcess.December2020.Domain, Version=1.0.0.0, Culture=neutral, PublicKeyToken=null]], System.Private.CoreLib, Version=5.0.0.0, Culture=neutral, PublicKeyToken=7cec85d7bea7798e]]'.
2021-01-02 11:33:22.284 +05:30 [INF] Executed action Hahn.ApplicatonProcess.December2020.Web.Controllers.ApplicantController.GetApplicants (Hahn.ApplicatonProcess.December2020.Web) in 5.1842ms
2021-01-02 11:33:22.286 +05:30 [INF] Executed endpoint 'Hahn.ApplicatonProcess.December2020.Web.Controllers.ApplicantController.GetApplicants (Hahn.ApplicatonProcess.December2020.Web)'
2021-01-02 11:33:22.289 +05:30 [INF] Request finished HTTP/2 GET https://localhost:5001/Applicant - - - 200 - application/json;+charset=utf-8 19.2382ms
2021-01-02 11:33:33.048 +05:30 [INF] Request starting HTTP/2 GET https://localhost:5001/Applicant - -
2021-01-02 11:33:33.050 +05:30 [INF] CORS policy execution successful.
2021-01-02 11:33:33.053 +05:30 [INF] Executing endpoint 'Hahn.ApplicatonProcess.December2020.Web.Controllers.ApplicantController.GetApplicants (Hahn.ApplicatonProcess.December2020.Web)'
2021-01-02 11:33:33.056 +05:30 [INF] Route matched with {action = "GetApplicants", controller = "Applicant"}. Executing controller action with signature Microsoft.AspNetCore.Mvc.ActionResult GetApplicants() on controller Hahn.ApplicatonProcess.December2020.Web.Controllers.ApplicantController (Hahn.ApplicatonProcess.December2020.Web).
2021-01-02 11:33:33.059 +05:30 [INF] Entity Framework Core 5.0.1 initialized 'ApplicationDbContext' using provider 'Microsoft.EntityFrameworkCore.InMemory' with options: StoreName=ApplicantManager 
2021-01-02 11:33:33.062 +05:30 [INF] Executing OkObjectResult, writing value of type 'Hahn.ApplicatonProcess.December2020.Domain.Application.Dto.Response.Response`1[[System.Collections.Generic.List`1[[Hahn.ApplicatonProcess.December2020.Domain.Application.Dto.Model.Applicant, Hahn.ApplicatonProcess.December2020.Domain, Version=1.0.0.0, Culture=neutral, PublicKeyToken=null]], System.Private.CoreLib, Version=5.0.0.0, Culture=neutral, PublicKeyToken=7cec85d7bea7798e]]'.
2021-01-02 11:33:33.068 +05:30 [INF] Executed action Hahn.ApplicatonProcess.December2020.Web.Controllers.ApplicantController.GetApplicants (Hahn.ApplicatonProcess.December2020.Web) in 6.265ms
2021-01-02 11:33:33.071 +05:30 [INF] Executed endpoint 'Hahn.ApplicatonProcess.December2020.Web.Controllers.ApplicantController.GetApplicants (Hahn.ApplicatonProcess.December2020.Web)'
2021-01-02 11:33:33.076 +05:30 [INF] Request finished HTTP/2 GET https://localhost:5001/Applicant - - - 200 - application/json;+charset=utf-8 25.9525ms
2021-01-02 11:36:05.675 +05:30 [INF] Request starting HTTP/2 GET https://localhost:5001/Applicant - -
2021-01-02 11:36:05.682 +05:30 [INF] CORS policy execution successful.
2021-01-02 11:36:05.687 +05:30 [INF] Executing endpoint 'Hahn.ApplicatonProcess.December2020.Web.Controllers.ApplicantController.GetApplicants (Hahn.ApplicatonProcess.December2020.Web)'
2021-01-02 11:36:05.692 +05:30 [INF] Route matched with {action = "GetApplicants", controller = "Applicant"}. Executing controller action with signature Microsoft.AspNetCore.Mvc.ActionResult GetApplicants() on controller Hahn.ApplicatonProcess.December2020.Web.Controllers.ApplicantController (Hahn.ApplicatonProcess.December2020.Web).
2021-01-02 11:36:05.716 +05:30 [INF] Entity Framework Core 5.0.1 initialized 'ApplicationDbContext' using provider 'Microsoft.EntityFrameworkCore.InMemory' with options: StoreName=ApplicantManager 
2021-01-02 11:36:05.720 +05:30 [INF] Executing OkObjectResult, writing value of type 'Hahn.ApplicatonProcess.December2020.Domain.Application.Dto.Response.Response`1[[System.Collections.Generic.List`1[[Hahn.ApplicatonProcess.December2020.Domain.Application.Dto.Model.Applicant, Hahn.ApplicatonProcess.December2020.Domain, Version=1.0.0.0, Culture=neutral, PublicKeyToken=null]], System.Private.CoreLib, Version=5.0.0.0, Culture=neutral, PublicKeyToken=7cec85d7bea7798e]]'.
2021-01-02 11:36:05.725 +05:30 [INF] Executed action Hahn.ApplicatonProcess.December2020.Web.Controllers.ApplicantController.GetApplicants (Hahn.ApplicatonProcess.December2020.Web) in 28.4186ms
2021-01-02 11:36:05.729 +05:30 [INF] Executed endpoint 'Hahn.ApplicatonProcess.December2020.Web.Controllers.ApplicantController.GetApplicants (Hahn.ApplicatonProcess.December2020.Web)'
2021-01-02 11:36:05.736 +05:30 [INF] Request finished HTTP/2 GET https://localhost:5001/Applicant - - - 200 - application/json;+charset=utf-8 60.0085ms
2021-01-02 11:38:51.482 +05:30 [INF] Request starting HTTP/2 GET https://localhost:5001/Applicant - -
2021-01-02 11:38:51.488 +05:30 [INF] CORS policy execution successful.
2021-01-02 11:38:51.491 +05:30 [INF] Executing endpoint 'Hahn.ApplicatonProcess.December2020.Web.Controllers.ApplicantController.GetApplicants (Hahn.ApplicatonProcess.December2020.Web)'
2021-01-02 11:38:51.495 +05:30 [INF] Route matched with {action = "GetApplicants", controller = "Applicant"}. Executing controller action with signature Microsoft.AspNetCore.Mvc.ActionResult GetApplicants() on controller Hahn.ApplicatonProcess.December2020.Web.Controllers.ApplicantController (Hahn.ApplicatonProcess.December2020.Web).
2021-01-02 11:38:51.501 +05:30 [INF] Entity Framework Core 5.0.1 initialized 'ApplicationDbContext' using provider 'Microsoft.EntityFrameworkCore.InMemory' with options: StoreName=ApplicantManager 
2021-01-02 11:38:51.504 +05:30 [INF] Executing OkObjectResult, writing value of type 'Hahn.ApplicatonProcess.December2020.Domain.Application.Dto.Response.Response`1[[System.Collections.Generic.List`1[[Hahn.ApplicatonProcess.December2020.Domain.Application.Dto.Model.Applicant, Hahn.ApplicatonProcess.December2020.Domain, Version=1.0.0.0, Culture=neutral, PublicKeyToken=null]], System.Private.CoreLib, Version=5.0.0.0, Culture=neutral, PublicKeyToken=7cec85d7bea7798e]]'.
2021-01-02 11:38:51.508 +05:30 [INF] Executed action Hahn.ApplicatonProcess.December2020.Web.Controllers.ApplicantController.GetApplicants (Hahn.ApplicatonProcess.December2020.Web) in 9.3118ms
2021-01-02 11:38:51.510 +05:30 [INF] Executed endpoint 'Hahn.ApplicatonProcess.December2020.Web.Controllers.ApplicantController.GetApplicants (Hahn.ApplicatonProcess.December2020.Web)'
2021-01-02 11:38:51.513 +05:30 [INF] Request finished HTTP/2 GET https://localhost:5001/Applicant - - - 200 - application/json;+charset=utf-8 31.4378ms
2021-01-02 11:42:52.637 +05:30 [INF] Request starting HTTP/2 GET https://localhost:5001/Applicant - -
2021-01-02 11:42:52.642 +05:30 [INF] CORS policy execution successful.
2021-01-02 11:42:52.647 +05:30 [INF] Executing endpoint 'Hahn.ApplicatonProcess.December2020.Web.Controllers.ApplicantController.GetApplicants (Hahn.ApplicatonProcess.December2020.Web)'
2021-01-02 11:42:52.651 +05:30 [INF] Route matched with {action = "GetApplicants", controller = "Applicant"}. Executing controller action with signature Microsoft.AspNetCore.Mvc.ActionResult GetApplicants() on controller Hahn.ApplicatonProcess.December2020.Web.Controllers.ApplicantController (Hahn.ApplicatonProcess.December2020.Web).
2021-01-02 11:42:52.656 +05:30 [INF] Entity Framework Core 5.0.1 initialized 'ApplicationDbContext' using provider 'Microsoft.EntityFrameworkCore.InMemory' with options: StoreName=ApplicantManager 
2021-01-02 11:42:52.659 +05:30 [INF] Executing OkObjectResult, writing value of type 'Hahn.ApplicatonProcess.December2020.Domain.Application.Dto.Response.Response`1[[System.Collections.Generic.List`1[[Hahn.ApplicatonProcess.December2020.Domain.Application.Dto.Model.Applicant, Hahn.ApplicatonProcess.December2020.Domain, Version=1.0.0.0, Culture=neutral, PublicKeyToken=null]], System.Private.CoreLib, Version=5.0.0.0, Culture=neutral, PublicKeyToken=7cec85d7bea7798e]]'.
2021-01-02 11:42:52.663 +05:30 [INF] Executed action Hahn.ApplicatonProcess.December2020.Web.Controllers.ApplicantController.GetApplicants (Hahn.ApplicatonProcess.December2020.Web) in 8.7586ms
2021-01-02 11:42:52.666 +05:30 [INF] Executed endpoint 'Hahn.ApplicatonProcess.December2020.Web.Controllers.ApplicantController.GetApplicants (Hahn.ApplicatonProcess.December2020.Web)'
2021-01-02 11:42:52.669 +05:30 [INF] Request finished HTTP/2 GET https://localhost:5001/Applicant - - - 200 - application/json;+charset=utf-8 33.6366ms
2021-01-02 11:42:56.595 +05:30 [INF] Request starting HTTP/2 GET https://localhost:5001/Applicant - -
2021-01-02 11:42:56.597 +05:30 [INF] CORS policy execution successful.
2021-01-02 11:42:56.599 +05:30 [INF] Executing endpoint 'Hahn.ApplicatonProcess.December2020.Web.Controllers.ApplicantController.GetApplicants (Hahn.ApplicatonProcess.December2020.Web)'
2021-01-02 11:42:56.602 +05:30 [INF] Route matched with {action = "GetApplicants", controller = "Applicant"}. Executing controller action with signature Microsoft.AspNetCore.Mvc.ActionResult GetApplicants() on controller Hahn.ApplicatonProcess.December2020.Web.Controllers.ApplicantController (Hahn.ApplicatonProcess.December2020.Web).
2021-01-02 11:42:56.604 +05:30 [INF] Entity Framework Core 5.0.1 initialized 'ApplicationDbContext' using provider 'Microsoft.EntityFrameworkCore.InMemory' with options: StoreName=ApplicantManager 
2021-01-02 11:42:56.608 +05:30 [INF] Executing OkObjectResult, writing value of type 'Hahn.ApplicatonProcess.December2020.Domain.Application.Dto.Response.Response`1[[System.Collections.Generic.List`1[[Hahn.ApplicatonProcess.December2020.Domain.Application.Dto.Model.Applicant, Hahn.ApplicatonProcess.December2020.Domain, Version=1.0.0.0, Culture=neutral, PublicKeyToken=null]], System.Private.CoreLib, Version=5.0.0.0, Culture=neutral, PublicKeyToken=7cec85d7bea7798e]]'.
2021-01-02 11:42:56.610 +05:30 [INF] Executed action Hahn.ApplicatonProcess.December2020.Web.Controllers.ApplicantController.GetApplicants (Hahn.ApplicatonProcess.December2020.Web) in 6.2512ms
2021-01-02 11:42:56.612 +05:30 [INF] Executed endpoint 'Hahn.ApplicatonProcess.December2020.Web.Controllers.ApplicantController.GetApplicants (Hahn.ApplicatonProcess.December2020.Web)'
2021-01-02 11:42:56.619 +05:30 [INF] Request finished HTTP/2 GET https://localhost:5001/Applicant - - - 200 - application/json;+charset=utf-8 19.1855ms
2021-01-02 11:43:02.800 +05:30 [INF] Request starting HTTP/2 GET https://localhost:5001/Applicant - -
2021-01-02 11:43:02.803 +05:30 [INF] CORS policy execution successful.
2021-01-02 11:43:02.806 +05:30 [INF] Executing endpoint 'Hahn.ApplicatonProcess.December2020.Web.Controllers.ApplicantController.GetApplicants (Hahn.ApplicatonProcess.December2020.Web)'
2021-01-02 11:43:02.810 +05:30 [INF] Route matched with {action = "GetApplicants", controller = "Applicant"}. Executing controller action with signature Microsoft.AspNetCore.Mvc.ActionResult GetApplicants() on controller Hahn.ApplicatonProcess.December2020.Web.Controllers.ApplicantController (Hahn.ApplicatonProcess.December2020.Web).
2021-01-02 11:43:02.813 +05:30 [INF] Entity Framework Core 5.0.1 initialized 'ApplicationDbContext' using provider 'Microsoft.EntityFrameworkCore.InMemory' with options: StoreName=ApplicantManager 
2021-01-02 11:43:02.815 +05:30 [INF] Executing OkObjectResult, writing value of type 'Hahn.ApplicatonProcess.December2020.Domain.Application.Dto.Response.Response`1[[System.Collections.Generic.List`1[[Hahn.ApplicatonProcess.December2020.Domain.Application.Dto.Model.Applicant, Hahn.ApplicatonProcess.December2020.Domain, Version=1.0.0.0, Culture=neutral, PublicKeyToken=null]], System.Private.CoreLib, Version=5.0.0.0, Culture=neutral, PublicKeyToken=7cec85d7bea7798e]]'.
2021-01-02 11:43:02.818 +05:30 [INF] Executed action Hahn.ApplicatonProcess.December2020.Web.Controllers.ApplicantController.GetApplicants (Hahn.ApplicatonProcess.December2020.Web) in 5.5674ms
2021-01-02 11:43:02.821 +05:30 [INF] Executed endpoint 'Hahn.ApplicatonProcess.December2020.Web.Controllers.ApplicantController.GetApplicants (Hahn.ApplicatonProcess.December2020.Web)'
2021-01-02 11:43:02.826 +05:30 [INF] Request finished HTTP/2 GET https://localhost:5001/Applicant - - - 200 - application/json;+charset=utf-8 23.9577ms
2021-01-02 11:45:03.575 +05:30 [INF] Request starting HTTP/2 GET https://localhost:5001/Applicant - -
2021-01-02 11:45:03.579 +05:30 [INF] CORS policy execution successful.
2021-01-02 11:45:03.582 +05:30 [INF] Executing endpoint 'Hahn.ApplicatonProcess.December2020.Web.Controllers.ApplicantController.GetApplicants (Hahn.ApplicatonProcess.December2020.Web)'
2021-01-02 11:45:03.585 +05:30 [INF] Route matched with {action = "GetApplicants", controller = "Applicant"}. Executing controller action with signature Microsoft.AspNetCore.Mvc.ActionResult GetApplicants() on controller Hahn.ApplicatonProcess.December2020.Web.Controllers.ApplicantController (Hahn.ApplicatonProcess.December2020.Web).
2021-01-02 11:45:03.601 +05:30 [INF] Entity Framework Core 5.0.1 initialized 'ApplicationDbContext' using provider 'Microsoft.EntityFrameworkCore.InMemory' with options: StoreName=ApplicantManager 
2021-01-02 11:45:03.604 +05:30 [INF] Executing OkObjectResult, writing value of type 'Hahn.ApplicatonProcess.December2020.Domain.Application.Dto.Response.Response`1[[System.Collections.Generic.List`1[[Hahn.ApplicatonProcess.December2020.Domain.Application.Dto.Model.Applicant, Hahn.ApplicatonProcess.December2020.Domain, Version=1.0.0.0, Culture=neutral, PublicKeyToken=null]], System.Private.CoreLib, Version=5.0.0.0, Culture=neutral, PublicKeyToken=7cec85d7bea7798e]]'.
2021-01-02 11:45:03.608 +05:30 [INF] Executed action Hahn.ApplicatonProcess.December2020.Web.Controllers.ApplicantController.GetApplicants (Hahn.ApplicatonProcess.December2020.Web) in 18.9469ms
2021-01-02 11:45:03.612 +05:30 [INF] Executed endpoint 'Hahn.ApplicatonProcess.December2020.Web.Controllers.ApplicantController.GetApplicants (Hahn.ApplicatonProcess.December2020.Web)'
2021-01-02 11:45:03.616 +05:30 [INF] Request finished HTTP/2 GET https://localhost:5001/Applicant - - - 200 - application/json;+charset=utf-8 39.8808ms
2021-01-02 11:46:46.478 +05:30 [INF] Request starting HTTP/2 GET https://localhost:5001/Applicant - -
2021-01-02 11:46:46.481 +05:30 [INF] CORS policy execution successful.
2021-01-02 11:46:46.485 +05:30 [INF] Executing endpoint 'Hahn.ApplicatonProcess.December2020.Web.Controllers.ApplicantController.GetApplicants (Hahn.ApplicatonProcess.December2020.Web)'
2021-01-02 11:46:46.488 +05:30 [INF] Route matched with {action = "GetApplicants", controller = "Applicant"}. Executing controller action with signature Microsoft.AspNetCore.Mvc.ActionResult GetApplicants() on controller Hahn.ApplicatonProcess.December2020.Web.Controllers.ApplicantController (Hahn.ApplicatonProcess.December2020.Web).
2021-01-02 11:46:46.493 +05:30 [INF] Entity Framework Core 5.0.1 initialized 'ApplicationDbContext' using provider 'Microsoft.EntityFrameworkCore.InMemory' with options: StoreName=ApplicantManager 
2021-01-02 11:46:46.498 +05:30 [INF] Executing OkObjectResult, writing value of type 'Hahn.ApplicatonProcess.December2020.Domain.Application.Dto.Response.Response`1[[System.Collections.Generic.List`1[[Hahn.ApplicatonProcess.December2020.Domain.Application.Dto.Model.Applicant, Hahn.ApplicatonProcess.December2020.Domain, Version=1.0.0.0, Culture=neutral, PublicKeyToken=null]], System.Private.CoreLib, Version=5.0.0.0, Culture=neutral, PublicKeyToken=7cec85d7bea7798e]]'.
2021-01-02 11:46:46.503 +05:30 [INF] Executed action Hahn.ApplicatonProcess.December2020.Web.Controllers.ApplicantController.GetApplicants (Hahn.ApplicatonProcess.December2020.Web) in 9.9811ms
2021-01-02 11:46:46.508 +05:30 [INF] Executed endpoint 'Hahn.ApplicatonProcess.December2020.Web.Controllers.ApplicantController.GetApplicants (Hahn.ApplicatonProcess.December2020.Web)'
2021-01-02 11:46:46.513 +05:30 [INF] Request finished HTTP/2 GET https://localhost:5001/Applicant - - - 200 - application/json;+charset=utf-8 33.3304ms
2021-01-02 11:48:11.949 +05:30 [INF] Request starting HTTP/2 GET https://localhost:5001/Applicant - -
2021-01-02 11:48:11.952 +05:30 [INF] CORS policy execution successful.
2021-01-02 11:48:11.955 +05:30 [INF] Executing endpoint 'Hahn.ApplicatonProcess.December2020.Web.Controllers.ApplicantController.GetApplicants (Hahn.ApplicatonProcess.December2020.Web)'
2021-01-02 11:48:11.958 +05:30 [INF] Route matched with {action = "GetApplicants", controller = "Applicant"}. Executing controller action with signature Microsoft.AspNetCore.Mvc.ActionResult GetApplicants() on controller Hahn.ApplicatonProcess.December2020.Web.Controllers.ApplicantController (Hahn.ApplicatonProcess.December2020.Web).
2021-01-02 11:48:11.962 +05:30 [INF] Entity Framework Core 5.0.1 initialized 'ApplicationDbContext' using provider 'Microsoft.EntityFrameworkCore.InMemory' with options: StoreName=ApplicantManager 
2021-01-02 11:48:11.966 +05:30 [INF] Executing OkObjectResult, writing value of type 'Hahn.ApplicatonProcess.December2020.Domain.Application.Dto.Response.Response`1[[System.Collections.Generic.List`1[[Hahn.ApplicatonProcess.December2020.Domain.Application.Dto.Model.Applicant, Hahn.ApplicatonProcess.December2020.Domain, Version=1.0.0.0, Culture=neutral, PublicKeyToken=null]], System.Private.CoreLib, Version=5.0.0.0, Culture=neutral, PublicKeyToken=7cec85d7bea7798e]]'.
2021-01-02 11:48:11.970 +05:30 [INF] Executed action Hahn.ApplicatonProcess.December2020.Web.Controllers.ApplicantController.GetApplicants (Hahn.ApplicatonProcess.December2020.Web) in 8.1704ms
2021-01-02 11:48:11.973 +05:30 [INF] Executed endpoint 'Hahn.ApplicatonProcess.December2020.Web.Controllers.ApplicantController.GetApplicants (Hahn.ApplicatonProcess.December2020.Web)'
2021-01-02 11:48:11.976 +05:30 [INF] Request finished HTTP/2 GET https://localhost:5001/Applicant - - - 200 - application/json;+charset=utf-8 27.8744ms
2021-01-02 11:48:19.848 +05:30 [INF] Request starting HTTP/2 GET https://localhost:5001/Applicant - -
2021-01-02 11:48:19.852 +05:30 [INF] CORS policy execution successful.
2021-01-02 11:48:19.855 +05:30 [INF] Executing endpoint 'Hahn.ApplicatonProcess.December2020.Web.Controllers.ApplicantController.GetApplicants (Hahn.ApplicatonProcess.December2020.Web)'
2021-01-02 11:48:19.857 +05:30 [INF] Route matched with {action = "GetApplicants", controller = "Applicant"}. Executing controller action with signature Microsoft.AspNetCore.Mvc.ActionResult GetApplicants() on controller Hahn.ApplicatonProcess.December2020.Web.Controllers.ApplicantController (Hahn.ApplicatonProcess.December2020.Web).
2021-01-02 11:48:19.860 +05:30 [INF] Entity Framework Core 5.0.1 initialized 'ApplicationDbContext' using provider 'Microsoft.EntityFrameworkCore.InMemory' with options: StoreName=ApplicantManager 
2021-01-02 11:48:19.863 +05:30 [INF] Executing OkObjectResult, writing value of type 'Hahn.ApplicatonProcess.December2020.Domain.Application.Dto.Response.Response`1[[System.Collections.Generic.List`1[[Hahn.ApplicatonProcess.December2020.Domain.Application.Dto.Model.Applicant, Hahn.ApplicatonProcess.December2020.Domain, Version=1.0.0.0, Culture=neutral, PublicKeyToken=null]], System.Private.CoreLib, Version=5.0.0.0, Culture=neutral, PublicKeyToken=7cec85d7bea7798e]]'.
2021-01-02 11:48:19.867 +05:30 [INF] Executed action Hahn.ApplicatonProcess.December2020.Web.Controllers.ApplicantController.GetApplicants (Hahn.ApplicatonProcess.December2020.Web) in 5.7541ms
2021-01-02 11:48:19.870 +05:30 [INF] Executed endpoint 'Hahn.ApplicatonProcess.December2020.Web.Controllers.ApplicantController.GetApplicants (Hahn.ApplicatonProcess.December2020.Web)'
2021-01-02 11:48:19.873 +05:30 [INF] Request finished HTTP/2 GET https://localhost:5001/Applicant - - - 200 - application/json;+charset=utf-8 25.4729ms
2021-01-02 11:49:40.582 +05:30 [INF] Request starting HTTP/2 GET https://localhost:5001/Applicant - -
2021-01-02 11:49:40.585 +05:30 [INF] CORS policy execution successful.
2021-01-02 11:49:40.588 +05:30 [INF] Executing endpoint 'Hahn.ApplicatonProcess.December2020.Web.Controllers.ApplicantController.GetApplicants (Hahn.ApplicatonProcess.December2020.Web)'
2021-01-02 11:49:40.591 +05:30 [INF] Route matched with {action = "GetApplicants", controller = "Applicant"}. Executing controller action with signature Microsoft.AspNetCore.Mvc.ActionResult GetApplicants() on controller Hahn.ApplicatonProcess.December2020.Web.Controllers.ApplicantController (Hahn.ApplicatonProcess.December2020.Web).
2021-01-02 11:49:40.594 +05:30 [INF] Entity Framework Core 5.0.1 initialized 'ApplicationDbContext' using provider 'Microsoft.EntityFrameworkCore.InMemory' with options: StoreName=ApplicantManager 
2021-01-02 11:49:40.596 +05:30 [INF] Executing OkObjectResult, writing value of type 'Hahn.ApplicatonProcess.December2020.Domain.Application.Dto.Response.Response`1[[System.Collections.Generic.List`1[[Hahn.ApplicatonProcess.December2020.Domain.Application.Dto.Model.Applicant, Hahn.ApplicatonProcess.December2020.Domain, Version=1.0.0.0, Culture=neutral, PublicKeyToken=null]], System.Private.CoreLib, Version=5.0.0.0, Culture=neutral, PublicKeyToken=7cec85d7bea7798e]]'.
2021-01-02 11:49:40.600 +05:30 [INF] Executed action Hahn.ApplicatonProcess.December2020.Web.Controllers.ApplicantController.GetApplicants (Hahn.ApplicatonProcess.December2020.Web) in 5.7ms
2021-01-02 11:49:40.603 +05:30 [INF] Executed endpoint 'Hahn.ApplicatonProcess.December2020.Web.Controllers.ApplicantController.GetApplicants (Hahn.ApplicatonProcess.December2020.Web)'
2021-01-02 11:49:40.606 +05:30 [INF] Request finished HTTP/2 GET https://localhost:5001/Applicant - - - 200 - application/json;+charset=utf-8 23.6024ms
2021-01-02 11:49:59.678 +05:30 [INF] Request starting HTTP/2 GET https://localhost:5001/Applicant - -
2021-01-02 11:49:59.681 +05:30 [INF] CORS policy execution successful.
2021-01-02 11:49:59.684 +05:30 [INF] Executing endpoint 'Hahn.ApplicatonProcess.December2020.Web.Controllers.ApplicantController.GetApplicants (Hahn.ApplicatonProcess.December2020.Web)'
2021-01-02 11:49:59.687 +05:30 [INF] Route matched with {action = "GetApplicants", controller = "Applicant"}. Executing controller action with signature Microsoft.AspNetCore.Mvc.ActionResult GetApplicants() on controller Hahn.ApplicatonProcess.December2020.Web.Controllers.ApplicantController (Hahn.ApplicatonProcess.December2020.Web).
2021-01-02 11:49:59.691 +05:30 [INF] Entity Framework Core 5.0.1 initialized 'ApplicationDbContext' using provider 'Microsoft.EntityFrameworkCore.InMemory' with options: StoreName=ApplicantManager 
2021-01-02 11:49:59.695 +05:30 [INF] Executing OkObjectResult, writing value of type 'Hahn.ApplicatonProcess.December2020.Domain.Application.Dto.Response.Response`1[[System.Collections.Generic.List`1[[Hahn.ApplicatonProcess.December2020.Domain.Application.Dto.Model.Applicant, Hahn.ApplicatonProcess.December2020.Domain, Version=1.0.0.0, Culture=neutral, PublicKeyToken=null]], System.Private.CoreLib, Version=5.0.0.0, Culture=neutral, PublicKeyToken=7cec85d7bea7798e]]'.
2021-01-02 11:49:59.698 +05:30 [INF] Executed action Hahn.ApplicatonProcess.December2020.Web.Controllers.ApplicantController.GetApplicants (Hahn.ApplicatonProcess.December2020.Web) in 7.664ms
2021-01-02 11:49:59.701 +05:30 [INF] Executed endpoint 'Hahn.ApplicatonProcess.December2020.Web.Controllers.ApplicantController.GetApplicants (Hahn.ApplicatonProcess.December2020.Web)'
2021-01-02 11:49:59.705 +05:30 [INF] Request finished HTTP/2 GET https://localhost:5001/Applicant - - - 200 - application/json;+charset=utf-8 26.7267ms
2021-01-02 11:50:25.966 +05:30 [INF] Request starting HTTP/2 GET https://localhost:5001/Applicant - -
2021-01-02 11:50:25.971 +05:30 [INF] CORS policy execution successful.
2021-01-02 11:50:25.975 +05:30 [INF] Executing endpoint 'Hahn.ApplicatonProcess.December2020.Web.Controllers.ApplicantController.GetApplicants (Hahn.ApplicatonProcess.December2020.Web)'
2021-01-02 11:50:25.978 +05:30 [INF] Route matched with {action = "GetApplicants", controller = "Applicant"}. Executing controller action with signature Microsoft.AspNetCore.Mvc.ActionResult GetApplicants() on controller Hahn.ApplicatonProcess.December2020.Web.Controllers.ApplicantController (Hahn.ApplicatonProcess.December2020.Web).
2021-01-02 11:50:25.983 +05:30 [INF] Entity Framework Core 5.0.1 initialized 'ApplicationDbContext' using provider 'Microsoft.EntityFrameworkCore.InMemory' with options: StoreName=ApplicantManager 
2021-01-02 11:50:25.988 +05:30 [INF] Executing OkObjectResult, writing value of type 'Hahn.ApplicatonProcess.December2020.Domain.Application.Dto.Response.Response`1[[System.Collections.Generic.List`1[[Hahn.ApplicatonProcess.December2020.Domain.Application.Dto.Model.Applicant, Hahn.ApplicatonProcess.December2020.Domain, Version=1.0.0.0, Culture=neutral, PublicKeyToken=null]], System.Private.CoreLib, Version=5.0.0.0, Culture=neutral, PublicKeyToken=7cec85d7bea7798e]]'.
2021-01-02 11:50:25.992 +05:30 [INF] Executed action Hahn.ApplicatonProcess.December2020.Web.Controllers.ApplicantController.GetApplicants (Hahn.ApplicatonProcess.December2020.Web) in 9.3397ms
2021-01-02 11:50:25.995 +05:30 [INF] Executed endpoint 'Hahn.ApplicatonProcess.December2020.Web.Controllers.ApplicantController.GetApplicants (Hahn.ApplicatonProcess.December2020.Web)'
2021-01-02 11:50:25.999 +05:30 [INF] Request finished HTTP/2 GET https://localhost:5001/Applicant - - - 200 - application/json;+charset=utf-8 32.6108ms
2021-01-02 11:50:28.606 +05:30 [INF] Request starting HTTP/2 GET https://localhost:5001/Applicant - -
2021-01-02 11:50:28.608 +05:30 [INF] CORS policy execution successful.
2021-01-02 11:50:28.610 +05:30 [INF] Executing endpoint 'Hahn.ApplicatonProcess.December2020.Web.Controllers.ApplicantController.GetApplicants (Hahn.ApplicatonProcess.December2020.Web)'
2021-01-02 11:50:28.613 +05:30 [INF] Route matched with {action = "GetApplicants", controller = "Applicant"}. Executing controller action with signature Microsoft.AspNetCore.Mvc.ActionResult GetApplicants() on controller Hahn.ApplicatonProcess.December2020.Web.Controllers.ApplicantController (Hahn.ApplicatonProcess.December2020.Web).
2021-01-02 11:50:28.616 +05:30 [INF] Entity Framework Core 5.0.1 initialized 'ApplicationDbContext' using provider 'Microsoft.EntityFrameworkCore.InMemory' with options: StoreName=ApplicantManager 
2021-01-02 11:50:28.618 +05:30 [INF] Executing OkObjectResult, writing value of type 'Hahn.ApplicatonProcess.December2020.Domain.Application.Dto.Response.Response`1[[System.Collections.Generic.List`1[[Hahn.ApplicatonProcess.December2020.Domain.Application.Dto.Model.Applicant, Hahn.ApplicatonProcess.December2020.Domain, Version=1.0.0.0, Culture=neutral, PublicKeyToken=null]], System.Private.CoreLib, Version=5.0.0.0, Culture=neutral, PublicKeyToken=7cec85d7bea7798e]]'.
2021-01-02 11:50:28.623 +05:30 [INF] Executed action Hahn.ApplicatonProcess.December2020.Web.Controllers.ApplicantController.GetApplicants (Hahn.ApplicatonProcess.December2020.Web) in 5.7336ms
2021-01-02 11:50:28.625 +05:30 [INF] Executed endpoint 'Hahn.ApplicatonProcess.December2020.Web.Controllers.ApplicantController.GetApplicants (Hahn.ApplicatonProcess.December2020.Web)'
2021-01-02 11:50:28.628 +05:30 [INF] Request finished HTTP/2 GET https://localhost:5001/Applicant - - - 200 - application/json;+charset=utf-8 23.4495ms
2021-01-02 11:52:16.543 +05:30 [INF] Request starting HTTP/2 GET https://localhost:5001/Applicant - -
2021-01-02 11:52:16.547 +05:30 [INF] CORS policy execution successful.
2021-01-02 11:52:16.549 +05:30 [INF] Executing endpoint 'Hahn.ApplicatonProcess.December2020.Web.Controllers.ApplicantController.GetApplicants (Hahn.ApplicatonProcess.December2020.Web)'
2021-01-02 11:52:16.552 +05:30 [INF] Route matched with {action = "GetApplicants", controller = "Applicant"}. Executing controller action with signature Microsoft.AspNetCore.Mvc.ActionResult GetApplicants() on controller Hahn.ApplicatonProcess.December2020.Web.Controllers.ApplicantController (Hahn.ApplicatonProcess.December2020.Web).
2021-01-02 11:52:16.555 +05:30 [INF] Entity Framework Core 5.0.1 initialized 'ApplicationDbContext' using provider 'Microsoft.EntityFrameworkCore.InMemory' with options: StoreName=ApplicantManager 
2021-01-02 11:52:16.559 +05:30 [INF] Executing OkObjectResult, writing value of type 'Hahn.ApplicatonProcess.December2020.Domain.Application.Dto.Response.Response`1[[System.Collections.Generic.List`1[[Hahn.ApplicatonProcess.December2020.Domain.Application.Dto.Model.Applicant, Hahn.ApplicatonProcess.December2020.Domain, Version=1.0.0.0, Culture=neutral, PublicKeyToken=null]], System.Private.CoreLib, Version=5.0.0.0, Culture=neutral, PublicKeyToken=7cec85d7bea7798e]]'.
2021-01-02 11:52:16.562 +05:30 [INF] Executed action Hahn.ApplicatonProcess.December2020.Web.Controllers.ApplicantController.GetApplicants (Hahn.ApplicatonProcess.December2020.Web) in 7.1503ms
2021-01-02 11:52:16.564 +05:30 [INF] Executed endpoint 'Hahn.ApplicatonProcess.December2020.Web.Controllers.ApplicantController.GetApplicants (Hahn.ApplicatonProcess.December2020.Web)'
2021-01-02 11:52:16.567 +05:30 [INF] Request finished HTTP/2 GET https://localhost:5001/Applicant - - - 200 - application/json;+charset=utf-8 23.8988ms
2021-01-02 12:20:52.473 +05:30 [INF] Request starting HTTP/2 GET https://localhost:5001/Applicant - -
2021-01-02 12:20:52.479 +05:30 [INF] CORS policy execution successful.
2021-01-02 12:20:52.485 +05:30 [INF] Executing endpoint 'Hahn.ApplicatonProcess.December2020.Web.Controllers.ApplicantController.GetApplicants (Hahn.ApplicatonProcess.December2020.Web)'
2021-01-02 12:20:52.489 +05:30 [INF] Route matched with {action = "GetApplicants", controller = "Applicant"}. Executing controller action with signature Microsoft.AspNetCore.Mvc.ActionResult GetApplicants() on controller Hahn.ApplicatonProcess.December2020.Web.Controllers.ApplicantController (Hahn.ApplicatonProcess.December2020.Web).
2021-01-02 12:20:52.495 +05:30 [INF] Entity Framework Core 5.0.1 initialized 'ApplicationDbContext' using provider 'Microsoft.EntityFrameworkCore.InMemory' with options: StoreName=ApplicantManager 
2021-01-02 12:20:52.500 +05:30 [INF] Executing OkObjectResult, writing value of type 'Hahn.ApplicatonProcess.December2020.Domain.Application.Dto.Response.Response`1[[System.Collections.Generic.List`1[[Hahn.ApplicatonProcess.December2020.Domain.Application.Dto.Model.Applicant, Hahn.ApplicatonProcess.December2020.Domain, Version=1.0.0.0, Culture=neutral, PublicKeyToken=null]], System.Private.CoreLib, Version=5.0.0.0, Culture=neutral, PublicKeyToken=7cec85d7bea7798e]]'.
2021-01-02 12:20:52.504 +05:30 [INF] Executed action Hahn.ApplicatonProcess.December2020.Web.Controllers.ApplicantController.GetApplicants (Hahn.ApplicatonProcess.December2020.Web) in 10.788ms
2021-01-02 12:20:52.507 +05:30 [INF] Executed endpoint 'Hahn.ApplicatonProcess.December2020.Web.Controllers.ApplicantController.GetApplicants (Hahn.ApplicatonProcess.December2020.Web)'
2021-01-02 12:20:52.512 +05:30 [INF] Request finished HTTP/2 GET https://localhost:5001/Applicant - - - 200 - application/json;+charset=utf-8 42.4339ms
2021-01-02 12:22:17.639 +05:30 [INF] Request starting HTTP/2 GET https://localhost:5001/Applicant - -
2021-01-02 12:22:17.643 +05:30 [INF] CORS policy execution successful.
2021-01-02 12:22:17.648 +05:30 [INF] Executing endpoint 'Hahn.ApplicatonProcess.December2020.Web.Controllers.ApplicantController.GetApplicants (Hahn.ApplicatonProcess.December2020.Web)'
2021-01-02 12:22:17.653 +05:30 [INF] Route matched with {action = "GetApplicants", controller = "Applicant"}. Executing controller action with signature Microsoft.AspNetCore.Mvc.ActionResult GetApplicants() on controller Hahn.ApplicatonProcess.December2020.Web.Controllers.ApplicantController (Hahn.ApplicatonProcess.December2020.Web).
2021-01-02 12:22:17.659 +05:30 [INF] Entity Framework Core 5.0.1 initialized 'ApplicationDbContext' using provider 'Microsoft.EntityFrameworkCore.InMemory' with options: StoreName=ApplicantManager 
2021-01-02 12:22:17.665 +05:30 [INF] Executing OkObjectResult, writing value of type 'Hahn.ApplicatonProcess.December2020.Domain.Application.Dto.Response.Response`1[[System.Collections.Generic.List`1[[Hahn.ApplicatonProcess.December2020.Domain.Application.Dto.Model.Applicant, Hahn.ApplicatonProcess.December2020.Domain, Version=1.0.0.0, Culture=neutral, PublicKeyToken=null]], System.Private.CoreLib, Version=5.0.0.0, Culture=neutral, PublicKeyToken=7cec85d7bea7798e]]'.
2021-01-02 12:22:17.671 +05:30 [INF] Executed action Hahn.ApplicatonProcess.December2020.Web.Controllers.ApplicantController.GetApplicants (Hahn.ApplicatonProcess.December2020.Web) in 11.8312ms
2021-01-02 12:22:17.675 +05:30 [INF] Executed endpoint 'Hahn.ApplicatonProcess.December2020.Web.Controllers.ApplicantController.GetApplicants (Hahn.ApplicatonProcess.December2020.Web)'
2021-01-02 12:22:17.680 +05:30 [INF] Request finished HTTP/2 GET https://localhost:5001/Applicant - - - 200 - application/json;+charset=utf-8 41.8799ms
2021-01-02 12:22:34.711 +05:30 [INF] Request starting HTTP/2 GET https://localhost:5001/Applicant - -
2021-01-02 12:22:34.716 +05:30 [INF] CORS policy execution successful.
2021-01-02 12:22:34.720 +05:30 [INF] Executing endpoint 'Hahn.ApplicatonProcess.December2020.Web.Controllers.ApplicantController.GetApplicants (Hahn.ApplicatonProcess.December2020.Web)'
2021-01-02 12:22:34.725 +05:30 [INF] Route matched with {action = "GetApplicants", controller = "Applicant"}. Executing controller action with signature Microsoft.AspNetCore.Mvc.ActionResult GetApplicants() on controller Hahn.ApplicatonProcess.December2020.Web.Controllers.ApplicantController (Hahn.ApplicatonProcess.December2020.Web).
2021-01-02 12:22:34.729 +05:30 [INF] Entity Framework Core 5.0.1 initialized 'ApplicationDbContext' using provider 'Microsoft.EntityFrameworkCore.InMemory' with options: StoreName=ApplicantManager 
2021-01-02 12:22:34.733 +05:30 [INF] Executing OkObjectResult, writing value of type 'Hahn.ApplicatonProcess.December2020.Domain.Application.Dto.Response.Response`1[[System.Collections.Generic.List`1[[Hahn.ApplicatonProcess.December2020.Domain.Application.Dto.Model.Applicant, Hahn.ApplicatonProcess.December2020.Domain, Version=1.0.0.0, Culture=neutral, PublicKeyToken=null]], System.Private.CoreLib, Version=5.0.0.0, Culture=neutral, PublicKeyToken=7cec85d7bea7798e]]'.
2021-01-02 12:22:34.737 +05:30 [INF] Executed action Hahn.ApplicatonProcess.December2020.Web.Controllers.ApplicantController.GetApplicants (Hahn.ApplicatonProcess.December2020.Web) in 8.5421ms
2021-01-02 12:22:34.741 +05:30 [INF] Executed endpoint 'Hahn.ApplicatonProcess.December2020.Web.Controllers.ApplicantController.GetApplicants (Hahn.ApplicatonProcess.December2020.Web)'
2021-01-02 12:22:34.745 +05:30 [INF] Request finished HTTP/2 GET https://localhost:5001/Applicant - - - 200 - application/json;+charset=utf-8 34.7216ms
2021-01-02 12:23:29.190 +05:30 [INF] Request starting HTTP/2 GET https://localhost:5001/Applicant - -
2021-01-02 12:23:29.196 +05:30 [INF] CORS policy execution successful.
2021-01-02 12:23:29.201 +05:30 [INF] Executing endpoint 'Hahn.ApplicatonProcess.December2020.Web.Controllers.ApplicantController.GetApplicants (Hahn.ApplicatonProcess.December2020.Web)'
2021-01-02 12:23:29.205 +05:30 [INF] Route matched with {action = "GetApplicants", controller = "Applicant"}. Executing controller action with signature Microsoft.AspNetCore.Mvc.ActionResult GetApplicants() on controller Hahn.ApplicatonProcess.December2020.Web.Controllers.ApplicantController (Hahn.ApplicatonProcess.December2020.Web).
2021-01-02 12:23:29.212 +05:30 [INF] Entity Framework Core 5.0.1 initialized 'ApplicationDbContext' using provider 'Microsoft.EntityFrameworkCore.InMemory' with options: StoreName=ApplicantManager 
2021-01-02 12:23:29.216 +05:30 [INF] Executing OkObjectResult, writing value of type 'Hahn.ApplicatonProcess.December2020.Domain.Application.Dto.Response.Response`1[[System.Collections.Generic.List`1[[Hahn.ApplicatonProcess.December2020.Domain.Application.Dto.Model.Applicant, Hahn.ApplicatonProcess.December2020.Domain, Version=1.0.0.0, Culture=neutral, PublicKeyToken=null]], System.Private.CoreLib, Version=5.0.0.0, Culture=neutral, PublicKeyToken=7cec85d7bea7798e]]'.
2021-01-02 12:23:29.221 +05:30 [INF] Executed action Hahn.ApplicatonProcess.December2020.Web.Controllers.ApplicantController.GetApplicants (Hahn.ApplicatonProcess.December2020.Web) in 11.2408ms
2021-01-02 12:23:29.226 +05:30 [INF] Executed endpoint 'Hahn.ApplicatonProcess.December2020.Web.Controllers.ApplicantController.GetApplicants (Hahn.ApplicatonProcess.December2020.Web)'
2021-01-02 12:23:29.230 +05:30 [INF] Request finished HTTP/2 GET https://localhost:5001/Applicant - - - 200 - application/json;+charset=utf-8 42.1831ms
2021-01-02 12:24:23.647 +05:30 [INF] Request starting HTTP/2 GET https://localhost:5001/Applicant/1 - -
2021-01-02 12:24:23.653 +05:30 [INF] CORS policy execution successful.
2021-01-02 12:24:23.659 +05:30 [INF] Request starting HTTP/2 GET https://localhost:5001/Applicant - -
2021-01-02 12:24:23.664 +05:30 [INF] CORS policy execution successful.
2021-01-02 12:24:23.667 +05:30 [INF] Executing endpoint 'Hahn.ApplicatonProcess.December2020.Web.Controllers.ApplicantController.GetApplicant (Hahn.ApplicatonProcess.December2020.Web)'
2021-01-02 12:24:23.672 +05:30 [INF] Executing endpoint 'Hahn.ApplicatonProcess.December2020.Web.Controllers.ApplicantController.GetApplicants (Hahn.ApplicatonProcess.December2020.Web)'
2021-01-02 12:24:23.707 +05:30 [INF] Route matched with {action = "GetApplicants", controller = "Applicant"}. Executing controller action with signature Microsoft.AspNetCore.Mvc.ActionResult GetApplicants() on controller Hahn.ApplicatonProcess.December2020.Web.Controllers.ApplicantController (Hahn.ApplicatonProcess.December2020.Web).
2021-01-02 12:24:23.712 +05:30 [INF] Entity Framework Core 5.0.1 initialized 'ApplicationDbContext' using provider 'Microsoft.EntityFrameworkCore.InMemory' with options: StoreName=ApplicantManager 
2021-01-02 12:24:23.718 +05:30 [INF] Executing OkObjectResult, writing value of type 'Hahn.ApplicatonProcess.December2020.Domain.Application.Dto.Response.Response`1[[System.Collections.Generic.List`1[[Hahn.ApplicatonProcess.December2020.Domain.Application.Dto.Model.Applicant, Hahn.ApplicatonProcess.December2020.Domain, Version=1.0.0.0, Culture=neutral, PublicKeyToken=null]], System.Private.CoreLib, Version=5.0.0.0, Culture=neutral, PublicKeyToken=7cec85d7bea7798e]]'.
2021-01-02 12:24:23.723 +05:30 [INF] Executed action Hahn.ApplicatonProcess.December2020.Web.Controllers.ApplicantController.GetApplicants (Hahn.ApplicatonProcess.December2020.Web) in 11.2366ms
2021-01-02 12:24:23.728 +05:30 [INF] Executed endpoint 'Hahn.ApplicatonProcess.December2020.Web.Controllers.ApplicantController.GetApplicants (Hahn.ApplicatonProcess.December2020.Web)'
2021-01-02 12:24:23.732 +05:30 [INF] Request finished HTTP/2 GET https://localhost:5001/Applicant - - - 200 - application/json;+charset=utf-8 73.8302ms
2021-01-02 12:24:23.751 +05:30 [INF] Route matched with {action = "GetApplicant", controller = "Applicant"}. Executing controller action with signature Microsoft.AspNetCore.Mvc.ActionResult GetApplicant(Int32) on controller Hahn.ApplicatonProcess.December2020.Web.Controllers.ApplicantController (Hahn.ApplicatonProcess.December2020.Web).
2021-01-02 12:24:23.767 +05:30 [INF] Entity Framework Core 5.0.1 initialized 'ApplicationDbContext' using provider 'Microsoft.EntityFrameworkCore.InMemory' with options: StoreName=ApplicantManager 
2021-01-02 12:24:23.918 +05:30 [INF] Executing OkObjectResult, writing value of type 'Hahn.ApplicatonProcess.December2020.Domain.Application.Dto.Response.Response`1[[Hahn.ApplicatonProcess.December2020.Domain.Application.Dto.Model.Applicant, Hahn.ApplicatonProcess.December2020.Domain, Version=1.0.0.0, Culture=neutral, PublicKeyToken=null]]'.
2021-01-02 12:24:23.924 +05:30 [INF] Executed action Hahn.ApplicatonProcess.December2020.Web.Controllers.ApplicantController.GetApplicant (Hahn.ApplicatonProcess.December2020.Web) in 169.0789ms
2021-01-02 12:24:23.929 +05:30 [INF] Executed endpoint 'Hahn.ApplicatonProcess.December2020.Web.Controllers.ApplicantController.GetApplicant (Hahn.ApplicatonProcess.December2020.Web)'
2021-01-02 12:24:23.932 +05:30 [INF] Request finished HTTP/2 GET https://localhost:5001/Applicant/1 - - - 200 - application/json;+charset=utf-8 286.1247ms
2021-01-02 12:24:47.687 +05:30 [INF] Request starting HTTP/2 GET https://localhost:5001/Applicant - -
2021-01-02 12:24:47.688 +05:30 [INF] Request starting HTTP/2 GET https://localhost:5001/Applicant/1 - -
2021-01-02 12:24:47.691 +05:30 [INF] CORS policy execution successful.
2021-01-02 12:24:47.693 +05:30 [INF] CORS policy execution successful.
2021-01-02 12:24:47.696 +05:30 [INF] Executing endpoint 'Hahn.ApplicatonProcess.December2020.Web.Controllers.ApplicantController.GetApplicants (Hahn.ApplicatonProcess.December2020.Web)'
2021-01-02 12:24:47.700 +05:30 [INF] Executing endpoint 'Hahn.ApplicatonProcess.December2020.Web.Controllers.ApplicantController.GetApplicant (Hahn.ApplicatonProcess.December2020.Web)'
2021-01-02 12:24:47.703 +05:30 [INF] Route matched with {action = "GetApplicants", controller = "Applicant"}. Executing controller action with signature Microsoft.AspNetCore.Mvc.ActionResult GetApplicants() on controller Hahn.ApplicatonProcess.December2020.Web.Controllers.ApplicantController (Hahn.ApplicatonProcess.December2020.Web).
2021-01-02 12:24:47.706 +05:30 [INF] Route matched with {action = "GetApplicant", controller = "Applicant"}. Executing controller action with signature Microsoft.AspNetCore.Mvc.ActionResult GetApplicant(Int32) on controller Hahn.ApplicatonProcess.December2020.Web.Controllers.ApplicantController (Hahn.ApplicatonProcess.December2020.Web).
2021-01-02 12:24:47.709 +05:30 [INF] Entity Framework Core 5.0.1 initialized 'ApplicationDbContext' using provider 'Microsoft.EntityFrameworkCore.InMemory' with options: StoreName=ApplicantManager 
2021-01-02 12:24:47.712 +05:30 [INF] Executing OkObjectResult, writing value of type 'Hahn.ApplicatonProcess.December2020.Domain.Application.Dto.Response.Response`1[[System.Collections.Generic.List`1[[Hahn.ApplicatonProcess.December2020.Domain.Application.Dto.Model.Applicant, Hahn.ApplicatonProcess.December2020.Domain, Version=1.0.0.0, Culture=neutral, PublicKeyToken=null]], System.Private.CoreLib, Version=5.0.0.0, Culture=neutral, PublicKeyToken=7cec85d7bea7798e]]'.
2021-01-02 12:24:47.718 +05:30 [INF] Entity Framework Core 5.0.1 initialized 'ApplicationDbContext' using provider 'Microsoft.EntityFrameworkCore.InMemory' with options: StoreName=ApplicantManager 
2021-01-02 12:24:47.719 +05:30 [INF] Executed action Hahn.ApplicatonProcess.December2020.Web.Controllers.ApplicantController.GetApplicants (Hahn.ApplicatonProcess.December2020.Web) in 9.3545ms
2021-01-02 12:24:47.722 +05:30 [INF] Executed endpoint 'Hahn.ApplicatonProcess.December2020.Web.Controllers.ApplicantController.GetApplicants (Hahn.ApplicatonProcess.December2020.Web)'
2021-01-02 12:24:47.725 +05:30 [INF] Request finished HTTP/2 GET https://localhost:5001/Applicant - - - 200 - application/json;+charset=utf-8 39.2787ms
2021-01-02 12:24:47.732 +05:30 [INF] Executing OkObjectResult, writing value of type 'Hahn.ApplicatonProcess.December2020.Domain.Application.Dto.Response.Response`1[[Hahn.ApplicatonProcess.December2020.Domain.Application.Dto.Model.Applicant, Hahn.ApplicatonProcess.December2020.Domain, Version=1.0.0.0, Culture=neutral, PublicKeyToken=null]]'.
2021-01-02 12:24:47.737 +05:30 [INF] Executed action Hahn.ApplicatonProcess.December2020.Web.Controllers.ApplicantController.GetApplicant (Hahn.ApplicatonProcess.December2020.Web) in 25.1244ms
2021-01-02 12:24:47.740 +05:30 [INF] Executed endpoint 'Hahn.ApplicatonProcess.December2020.Web.Controllers.ApplicantController.GetApplicant (Hahn.ApplicatonProcess.December2020.Web)'
2021-01-02 12:24:47.743 +05:30 [INF] Request finished HTTP/2 GET https://localhost:5001/Applicant/1 - - - 200 - application/json;+charset=utf-8 56.4153ms
2021-01-02 12:28:35.793 +05:30 [INF] Request starting HTTP/2 GET https://localhost:5001/Applicant - -
2021-01-02 12:28:35.797 +05:30 [INF] Request starting HTTP/2 GET https://localhost:5001/Applicant/1 - -
2021-01-02 12:28:35.798 +05:30 [INF] CORS policy execution successful.
2021-01-02 12:28:35.800 +05:30 [INF] CORS policy execution successful.
2021-01-02 12:28:35.802 +05:30 [INF] Executing endpoint 'Hahn.ApplicatonProcess.December2020.Web.Controllers.ApplicantController.GetApplicants (Hahn.ApplicatonProcess.December2020.Web)'
2021-01-02 12:28:35.804 +05:30 [INF] Executing endpoint 'Hahn.ApplicatonProcess.December2020.Web.Controllers.ApplicantController.GetApplicant (Hahn.ApplicatonProcess.December2020.Web)'
2021-01-02 12:28:35.807 +05:30 [INF] Route matched with {action = "GetApplicants", controller = "Applicant"}. Executing controller action with signature Microsoft.AspNetCore.Mvc.ActionResult GetApplicants() on controller Hahn.ApplicatonProcess.December2020.Web.Controllers.ApplicantController (Hahn.ApplicatonProcess.December2020.Web).
2021-01-02 12:28:35.810 +05:30 [INF] Route matched with {action = "GetApplicant", controller = "Applicant"}. Executing controller action with signature Microsoft.AspNetCore.Mvc.ActionResult GetApplicant(Int32) on controller Hahn.ApplicatonProcess.December2020.Web.Controllers.ApplicantController (Hahn.ApplicatonProcess.December2020.Web).
2021-01-02 12:28:35.813 +05:30 [INF] Entity Framework Core 5.0.1 initialized 'ApplicationDbContext' using provider 'Microsoft.EntityFrameworkCore.InMemory' with options: StoreName=ApplicantManager 
2021-01-02 12:28:35.814 +05:30 [INF] Entity Framework Core 5.0.1 initialized 'ApplicationDbContext' using provider 'Microsoft.EntityFrameworkCore.InMemory' with options: StoreName=ApplicantManager 
2021-01-02 12:28:35.817 +05:30 [INF] Executing OkObjectResult, writing value of type 'Hahn.ApplicatonProcess.December2020.Domain.Application.Dto.Response.Response`1[[System.Collections.Generic.List`1[[Hahn.ApplicatonProcess.December2020.Domain.Application.Dto.Model.Applicant, Hahn.ApplicatonProcess.December2020.Domain, Version=1.0.0.0, Culture=neutral, PublicKeyToken=null]], System.Private.CoreLib, Version=5.0.0.0, Culture=neutral, PublicKeyToken=7cec85d7bea7798e]]'.
2021-01-02 12:28:35.819 +05:30 [INF] Executing OkObjectResult, writing value of type 'Hahn.ApplicatonProcess.December2020.Domain.Application.Dto.Response.Response`1[[Hahn.ApplicatonProcess.December2020.Domain.Application.Dto.Model.Applicant, Hahn.ApplicatonProcess.December2020.Domain, Version=1.0.0.0, Culture=neutral, PublicKeyToken=null]]'.
2021-01-02 12:28:35.824 +05:30 [INF] Executed action Hahn.ApplicatonProcess.December2020.Web.Controllers.ApplicantController.GetApplicants (Hahn.ApplicatonProcess.December2020.Web) in 9.6006ms
2021-01-02 12:28:35.829 +05:30 [INF] Executed action Hahn.ApplicatonProcess.December2020.Web.Controllers.ApplicantController.GetApplicant (Hahn.ApplicatonProcess.December2020.Web) in 9.5662ms
2021-01-02 12:28:35.830 +05:30 [INF] Executed endpoint 'Hahn.ApplicatonProcess.December2020.Web.Controllers.ApplicantController.GetApplicants (Hahn.ApplicatonProcess.December2020.Web)'
2021-01-02 12:28:35.833 +05:30 [INF] Executed endpoint 'Hahn.ApplicatonProcess.December2020.Web.Controllers.ApplicantController.GetApplicant (Hahn.ApplicatonProcess.December2020.Web)'
2021-01-02 12:28:35.838 +05:30 [INF] Request finished HTTP/2 GET https://localhost:5001/Applicant - - - 200 - application/json;+charset=utf-8 42.4363ms
2021-01-02 12:28:35.840 +05:30 [INF] Request finished HTTP/2 GET https://localhost:5001/Applicant/1 - - - 200 - application/json;+charset=utf-8 41.2352ms
2021-01-02 12:32:43.516 +05:30 [INF] Request starting HTTP/2 GET https://localhost:5001/Applicant - -
2021-01-02 12:32:43.519 +05:30 [INF] Request starting HTTP/2 GET https://localhost:5001/Applicant/1 - -
2021-01-02 12:32:43.520 +05:30 [INF] CORS policy execution successful.
2021-01-02 12:32:43.522 +05:30 [INF] CORS policy execution successful.
2021-01-02 12:32:43.525 +05:30 [INF] Executing endpoint 'Hahn.ApplicatonProcess.December2020.Web.Controllers.ApplicantController.GetApplicants (Hahn.ApplicatonProcess.December2020.Web)'
2021-01-02 12:32:43.527 +05:30 [INF] Executing endpoint 'Hahn.ApplicatonProcess.December2020.Web.Controllers.ApplicantController.GetApplicant (Hahn.ApplicatonProcess.December2020.Web)'
2021-01-02 12:32:43.532 +05:30 [INF] Route matched with {action = "GetApplicants", controller = "Applicant"}. Executing controller action with signature Microsoft.AspNetCore.Mvc.ActionResult GetApplicants() on controller Hahn.ApplicatonProcess.December2020.Web.Controllers.ApplicantController (Hahn.ApplicatonProcess.December2020.Web).
2021-01-02 12:32:43.533 +05:30 [INF] Route matched with {action = "GetApplicant", controller = "Applicant"}. Executing controller action with signature Microsoft.AspNetCore.Mvc.ActionResult GetApplicant(Int32) on controller Hahn.ApplicatonProcess.December2020.Web.Controllers.ApplicantController (Hahn.ApplicatonProcess.December2020.Web).
2021-01-02 12:32:43.536 +05:30 [INF] Entity Framework Core 5.0.1 initialized 'ApplicationDbContext' using provider 'Microsoft.EntityFrameworkCore.InMemory' with options: StoreName=ApplicantManager 
2021-01-02 12:32:43.538 +05:30 [INF] Entity Framework Core 5.0.1 initialized 'ApplicationDbContext' using provider 'Microsoft.EntityFrameworkCore.InMemory' with options: StoreName=ApplicantManager 
2021-01-02 12:32:43.541 +05:30 [INF] Executing OkObjectResult, writing value of type 'Hahn.ApplicatonProcess.December2020.Domain.Application.Dto.Response.Response`1[[System.Collections.Generic.List`1[[Hahn.ApplicatonProcess.December2020.Domain.Application.Dto.Model.Applicant, Hahn.ApplicatonProcess.December2020.Domain, Version=1.0.0.0, Culture=neutral, PublicKeyToken=null]], System.Private.CoreLib, Version=5.0.0.0, Culture=neutral, PublicKeyToken=7cec85d7bea7798e]]'.
2021-01-02 12:32:43.544 +05:30 [INF] Executed action Hahn.ApplicatonProcess.December2020.Web.Controllers.ApplicantController.GetApplicants (Hahn.ApplicatonProcess.December2020.Web) in 9.3779ms
2021-01-02 12:32:43.547 +05:30 [INF] Executing OkObjectResult, writing value of type 'Hahn.ApplicatonProcess.December2020.Domain.Application.Dto.Response.Response`1[[Hahn.ApplicatonProcess.December2020.Domain.Application.Dto.Model.Applicant, Hahn.ApplicatonProcess.December2020.Domain, Version=1.0.0.0, Culture=neutral, PublicKeyToken=null]]'.
2021-01-02 12:32:43.550 +05:30 [INF] Executed endpoint 'Hahn.ApplicatonProcess.December2020.Web.Controllers.ApplicantController.GetApplicants (Hahn.ApplicatonProcess.December2020.Web)'
2021-01-02 12:32:43.554 +05:30 [INF] Executed action Hahn.ApplicatonProcess.December2020.Web.Controllers.ApplicantController.GetApplicant (Hahn.ApplicatonProcess.December2020.Web) in 17.4404ms
2021-01-02 12:32:43.558 +05:30 [INF] Request finished HTTP/2 GET https://localhost:5001/Applicant - - - 200 - application/json;+charset=utf-8 40.3149ms
2021-01-02 12:32:43.559 +05:30 [INF] Executed endpoint 'Hahn.ApplicatonProcess.December2020.Web.Controllers.ApplicantController.GetApplicant (Hahn.ApplicatonProcess.December2020.Web)'
2021-01-02 12:32:43.563 +05:30 [INF] Request finished HTTP/2 GET https://localhost:5001/Applicant/1 - - - 200 - application/json;+charset=utf-8 45.8803ms
2021-01-02 12:35:06.453 +05:30 [INF] Request starting HTTP/2 GET https://localhost:5001/Applicant - -
2021-01-02 12:35:06.454 +05:30 [INF] Request starting HTTP/2 GET https://localhost:5001/Applicant/1 - -
2021-01-02 12:35:06.458 +05:30 [INF] CORS policy execution successful.
2021-01-02 12:35:06.460 +05:30 [INF] CORS policy execution successful.
2021-01-02 12:35:06.463 +05:30 [INF] Executing endpoint 'Hahn.ApplicatonProcess.December2020.Web.Controllers.ApplicantController.GetApplicants (Hahn.ApplicatonProcess.December2020.Web)'
2021-01-02 12:35:06.466 +05:30 [INF] Executing endpoint 'Hahn.ApplicatonProcess.December2020.Web.Controllers.ApplicantController.GetApplicant (Hahn.ApplicatonProcess.December2020.Web)'
2021-01-02 12:35:06.472 +05:30 [INF] Route matched with {action = "GetApplicants", controller = "Applicant"}. Executing controller action with signature Microsoft.AspNetCore.Mvc.ActionResult GetApplicants() on controller Hahn.ApplicatonProcess.December2020.Web.Controllers.ApplicantController (Hahn.ApplicatonProcess.December2020.Web).
2021-01-02 12:35:06.473 +05:30 [INF] Route matched with {action = "GetApplicant", controller = "Applicant"}. Executing controller action with signature Microsoft.AspNetCore.Mvc.ActionResult GetApplicant(Int32) on controller Hahn.ApplicatonProcess.December2020.Web.Controllers.ApplicantController (Hahn.ApplicatonProcess.December2020.Web).
2021-01-02 12:35:06.476 +05:30 [INF] Entity Framework Core 5.0.1 initialized 'ApplicationDbContext' using provider 'Microsoft.EntityFrameworkCore.InMemory' with options: StoreName=ApplicantManager 
2021-01-02 12:35:06.479 +05:30 [INF] Entity Framework Core 5.0.1 initialized 'ApplicationDbContext' using provider 'Microsoft.EntityFrameworkCore.InMemory' with options: StoreName=ApplicantManager 
2021-01-02 12:35:06.483 +05:30 [INF] Executing OkObjectResult, writing value of type 'Hahn.ApplicatonProcess.December2020.Domain.Application.Dto.Response.Response`1[[System.Collections.Generic.List`1[[Hahn.ApplicatonProcess.December2020.Domain.Application.Dto.Model.Applicant, Hahn.ApplicatonProcess.December2020.Domain, Version=1.0.0.0, Culture=neutral, PublicKeyToken=null]], System.Private.CoreLib, Version=5.0.0.0, Culture=neutral, PublicKeyToken=7cec85d7bea7798e]]'.
2021-01-02 12:35:06.487 +05:30 [INF] Executing OkObjectResult, writing value of type 'Hahn.ApplicatonProcess.December2020.Domain.Application.Dto.Response.Response`1[[Hahn.ApplicatonProcess.December2020.Domain.Application.Dto.Model.Applicant, Hahn.ApplicatonProcess.December2020.Domain, Version=1.0.0.0, Culture=neutral, PublicKeyToken=null]]'.
2021-01-02 12:35:06.490 +05:30 [INF] Executed action Hahn.ApplicatonProcess.December2020.Web.Controllers.ApplicantController.GetApplicants (Hahn.ApplicatonProcess.December2020.Web) in 13.8644ms
2021-01-02 12:35:06.497 +05:30 [INF] Executed action Hahn.ApplicatonProcess.December2020.Web.Controllers.ApplicantController.GetApplicant (Hahn.ApplicatonProcess.December2020.Web) in 17.2313ms
2021-01-02 12:35:06.498 +05:30 [INF] Executed endpoint 'Hahn.ApplicatonProcess.December2020.Web.Controllers.ApplicantController.GetApplicants (Hahn.ApplicatonProcess.December2020.Web)'
2021-01-02 12:35:06.503 +05:30 [INF] Executed endpoint 'Hahn.ApplicatonProcess.December2020.Web.Controllers.ApplicantController.GetApplicant (Hahn.ApplicatonProcess.December2020.Web)'
2021-01-02 12:35:06.508 +05:30 [INF] Request finished HTTP/2 GET https://localhost:5001/Applicant - - - 200 - application/json;+charset=utf-8 52.7218ms
2021-01-02 12:35:06.510 +05:30 [INF] Request finished HTTP/2 GET https://localhost:5001/Applicant/1 - - - 200 - application/json;+charset=utf-8 56.9405ms
2021-01-02 12:35:40.445 +05:30 [INF] Request starting HTTP/2 GET https://localhost:5001/Applicant - -
2021-01-02 12:35:40.449 +05:30 [INF] Request starting HTTP/2 GET https://localhost:5001/Applicant/1 - -
2021-01-02 12:35:40.452 +05:30 [INF] CORS policy execution successful.
2021-01-02 12:35:40.456 +05:30 [INF] Request starting HTTP/2 OPTIONS https://localhost:5001/Applicant - -
2021-01-02 12:35:40.459 +05:30 [INF] Executing endpoint 'Hahn.ApplicatonProcess.December2020.Web.Controllers.ApplicantController.GetApplicants (Hahn.ApplicatonProcess.December2020.Web)'
2021-01-02 12:35:40.462 +05:30 [INF] CORS policy execution successful.
2021-01-02 12:35:40.465 +05:30 [INF] CORS policy execution successful.
2021-01-02 12:35:40.468 +05:30 [INF] Route matched with {action = "GetApplicants", controller = "Applicant"}. Executing controller action with signature Microsoft.AspNetCore.Mvc.ActionResult GetApplicants() on controller Hahn.ApplicatonProcess.December2020.Web.Controllers.ApplicantController (Hahn.ApplicatonProcess.December2020.Web).
2021-01-02 12:35:40.472 +05:30 [INF] Executing endpoint 'Hahn.ApplicatonProcess.December2020.Web.Controllers.ApplicantController.GetApplicant (Hahn.ApplicatonProcess.December2020.Web)'
2021-01-02 12:35:40.475 +05:30 [INF] Request finished HTTP/2 OPTIONS https://localhost:5001/Applicant - - - 204 - - 20.0962ms
2021-01-02 12:35:40.480 +05:30 [INF] Route matched with {action = "GetApplicant", controller = "Applicant"}. Executing controller action with signature Microsoft.AspNetCore.Mvc.ActionResult GetApplicant(Int32) on controller Hahn.ApplicatonProcess.December2020.Web.Controllers.ApplicantController (Hahn.ApplicatonProcess.December2020.Web).
2021-01-02 12:35:40.482 +05:30 [INF] Entity Framework Core 5.0.1 initialized 'ApplicationDbContext' using provider 'Microsoft.EntityFrameworkCore.InMemory' with options: StoreName=ApplicantManager 
2021-01-02 12:35:40.486 +05:30 [INF] Executing OkObjectResult, writing value of type 'Hahn.ApplicatonProcess.December2020.Domain.Application.Dto.Response.Response`1[[System.Collections.Generic.List`1[[Hahn.ApplicatonProcess.December2020.Domain.Application.Dto.Model.Applicant, Hahn.ApplicatonProcess.December2020.Domain, Version=1.0.0.0, Culture=neutral, PublicKeyToken=null]], System.Private.CoreLib, Version=5.0.0.0, Culture=neutral, PublicKeyToken=7cec85d7bea7798e]]'.
