2021-01-04 12:01:49.095 +05:30 [INF] User profile is available. Using 'C:\Users\Karthikeyan.P\AppData\Local\ASP.NET\DataProtection-Keys' as key repository and Windows DPAPI to encrypt keys at rest.
2021-01-04 12:01:52.048 +05:30 [INF] Request starting HTTP/2 GET https://localhost:5001/swagger/index.html - -
2021-01-04 12:01:52.265 +05:30 [INF] Request finished HTTP/2 GET https://localhost:5001/swagger/index.html - - - 200 - text/html;charset=utf-8 229.8768ms
2021-01-04 12:01:52.855 +05:30 [INF] Request starting HTTP/2 GET https://localhost:5001/swagger/v1/swagger.json - -
2021-01-04 12:01:52.990 +05:30 [INF] Request finished HTTP/2 GET https://localhost:5001/swagger/v1/swagger.json - - - 200 - application/json;charset=utf-8 131.0311ms
2021-01-04 12:03:55.824 +05:30 [INF] Request starting HTTP/1.1 POST https://localhost:5001/Applicant application/json 149
2021-01-04 12:03:55.857 +05:30 [INF] Executing endpoint 'Hahn.ApplicatonProcess.December2020.Web.Controllers.ApplicantController.Post (Hahn.ApplicatonProcess.December2020.Web)'
2021-01-04 12:03:55.896 +05:30 [INF] Route matched with {action = "Post", controller = "Applicant"}. Executing controller action with signature Microsoft.AspNetCore.Mvc.ActionResult Post(System.String) on controller Hahn.ApplicatonProcess.December2020.Web.Controllers.ApplicantController (Hahn.ApplicatonProcess.December2020.Web).
2021-01-04 12:04:31.754 +05:30 [INF] User profile is available. Using 'C:\Users\Karthikeyan.P\AppData\Local\ASP.NET\DataProtection-Keys' as key repository and Windows DPAPI to encrypt keys at rest.
2021-01-04 12:04:33.634 +05:30 [INF] Request starting HTTP/2 GET https://localhost:5001/swagger/index.html - -
2021-01-04 12:04:33.763 +05:30 [INF] Request finished HTTP/2 GET https://localhost:5001/swagger/index.html - - - 200 - text/html;charset=utf-8 131.0576ms
2021-01-04 12:04:33.904 +05:30 [INF] Request starting HTTP/2 GET https://localhost:5001/swagger/v1/swagger.json - -
2021-01-04 12:04:34.010 +05:30 [INF] Request finished HTTP/2 GET https://localhost:5001/swagger/v1/swagger.json - - - 200 - application/json;charset=utf-8 106.2865ms
2021-01-04 12:04:37.664 +05:30 [INF] Request starting HTTP/1.1 POST https://localhost:5001/Applicant application/json 149
2021-01-04 12:04:37.709 +05:30 [INF] Executing endpoint 'Hahn.ApplicatonProcess.December2020.Web.Controllers.ApplicantController.Post (Hahn.ApplicatonProcess.December2020.Web)'
2021-01-04 12:04:37.761 +05:30 [INF] Route matched with {action = "Post", controller = "Applicant"}. Executing controller action with signature Microsoft.AspNetCore.Mvc.ActionResult Post(Hahn.ApplicatonProcess.December2020.Domain.Application.Dto.Request.Request`1[Hahn.ApplicatonProcess.December2020.Domain.Application.Dto.Model.Applicant]) on controller Hahn.ApplicatonProcess.December2020.Web.Controllers.ApplicantController (Hahn.ApplicatonProcess.December2020.Web).
2021-01-04 12:04:51.670 +05:30 [INF] Entity Framework Core 5.0.1 initialized 'ApplicationDbContext' using provider 'Microsoft.EntityFrameworkCore.InMemory' with options: StoreName=ApplicantManager 
2021-01-04 12:04:51.799 +05:30 [INF] Saved 1 entities to in-memory store.
2021-01-04 12:04:51.813 +05:30 [INF] Executing OkObjectResult, writing value of type 'Hahn.ApplicatonProcess.December2020.Domain.Application.Dto.Response.Response`1[[Hahn.ApplicatonProcess.December2020.Domain.Application.Dto.Model.AddResponse, Hahn.ApplicatonProcess.December2020.Domain, Version=1.0.0.0, Culture=neutral, PublicKeyToken=null]]'.
2021-01-04 12:04:51.829 +05:30 [INF] Executed action Hahn.ApplicatonProcess.December2020.Web.Controllers.ApplicantController.Post (Hahn.ApplicatonProcess.December2020.Web) in 14059.7957ms
2021-01-04 12:04:51.831 +05:30 [INF] Executed endpoint 'Hahn.ApplicatonProcess.December2020.Web.Controllers.ApplicantController.Post (Hahn.ApplicatonProcess.December2020.Web)'
2021-01-04 12:04:51.835 +05:30 [INF] Request finished HTTP/1.1 POST https://localhost:5001/Applicant application/json 149 - 200 - application/json;+charset=utf-8 14172.8440ms
2021-01-04 12:06:23.103 +05:30 [INF] Request starting HTTP/2 POST https://localhost:5001/Applicant text/plain;charset=UTF-8 149
2021-01-04 12:06:23.113 +05:30 [INF] CORS policy execution successful.
2021-01-04 12:06:23.115 +05:30 [INF] Executing endpoint 'Hahn.ApplicatonProcess.December2020.Web.Controllers.ApplicantController.Post (Hahn.ApplicatonProcess.December2020.Web)'
2021-01-04 12:06:23.119 +05:30 [INF] Route matched with {action = "Post", controller = "Applicant"}. Executing controller action with signature Microsoft.AspNetCore.Mvc.ActionResult Post(Hahn.ApplicatonProcess.December2020.Domain.Application.Dto.Request.Request`1[Hahn.ApplicatonProcess.December2020.Domain.Application.Dto.Model.Applicant]) on controller Hahn.ApplicatonProcess.December2020.Web.Controllers.ApplicantController (Hahn.ApplicatonProcess.December2020.Web).
2021-01-04 12:06:30.936 +05:30 [INF] Executing ObjectResult, writing value of type 'Microsoft.AspNetCore.Mvc.ProblemDetails'.
2021-01-04 12:06:30.947 +05:30 [INF] Executed action Hahn.ApplicatonProcess.December2020.Web.Controllers.ApplicantController.Post (Hahn.ApplicatonProcess.December2020.Web) in 7822.5014ms
2021-01-04 12:06:30.949 +05:30 [INF] Executed endpoint 'Hahn.ApplicatonProcess.December2020.Web.Controllers.ApplicantController.Post (Hahn.ApplicatonProcess.December2020.Web)'
2021-01-04 12:06:30.952 +05:30 [INF] Request finished HTTP/2 POST https://localhost:5001/Applicant text/plain;charset=UTF-8 149 - 415 - application/problem+json;+charset=utf-8 7848.3244ms
2021-01-04 12:07:05.256 +05:30 [INF] Request starting HTTP/2 POST https://localhost:5001/Applicant text/plain;charset=UTF-8 15
2021-01-04 12:07:05.260 +05:30 [INF] CORS policy execution successful.
2021-01-04 12:07:05.264 +05:30 [INF] Executing endpoint 'Hahn.ApplicatonProcess.December2020.Web.Controllers.ApplicantController.Post (Hahn.ApplicatonProcess.December2020.Web)'
2021-01-04 12:07:05.268 +05:30 [INF] Route matched with {action = "Post", controller = "Applicant"}. Executing controller action with signature Microsoft.AspNetCore.Mvc.ActionResult Post(Hahn.ApplicatonProcess.December2020.Domain.Application.Dto.Request.Request`1[Hahn.ApplicatonProcess.December2020.Domain.Application.Dto.Model.Applicant]) on controller Hahn.ApplicatonProcess.December2020.Web.Controllers.ApplicantController (Hahn.ApplicatonProcess.December2020.Web).
2021-01-04 12:07:17.858 +05:30 [INF] Executing ObjectResult, writing value of type 'Microsoft.AspNetCore.Mvc.ProblemDetails'.
2021-01-04 12:07:17.861 +05:30 [INF] Executed action Hahn.ApplicatonProcess.December2020.Web.Controllers.ApplicantController.Post (Hahn.ApplicatonProcess.December2020.Web) in 12590.514ms
2021-01-04 12:07:17.867 +05:30 [INF] Executed endpoint 'Hahn.ApplicatonProcess.December2020.Web.Controllers.ApplicantController.Post (Hahn.ApplicatonProcess.December2020.Web)'
2021-01-04 12:07:17.871 +05:30 [INF] Request finished HTTP/2 POST https://localhost:5001/Applicant text/plain;charset=UTF-8 15 - 415 - application/problem+json;+charset=utf-8 12615.3387ms
2021-01-04 12:07:40.707 +05:30 [INF] Request starting HTTP/1.1 POST https://localhost:5001/Applicant application/json 149
2021-01-04 12:07:40.709 +05:30 [INF] Executing endpoint 'Hahn.ApplicatonProcess.December2020.Web.Controllers.ApplicantController.Post (Hahn.ApplicatonProcess.December2020.Web)'
2021-01-04 12:07:40.710 +05:30 [INF] Route matched with {action = "Post", controller = "Applicant"}. Executing controller action with signature Microsoft.AspNetCore.Mvc.ActionResult Post(Hahn.ApplicatonProcess.December2020.Domain.Application.Dto.Request.Request`1[Hahn.ApplicatonProcess.December2020.Domain.Application.Dto.Model.Applicant]) on controller Hahn.ApplicatonProcess.December2020.Web.Controllers.ApplicantController (Hahn.ApplicatonProcess.December2020.Web).
2021-01-04 12:07:43.006 +05:30 [INF] Entity Framework Core 5.0.1 initialized 'ApplicationDbContext' using provider 'Microsoft.EntityFrameworkCore.InMemory' with options: StoreName=ApplicantManager 
2021-01-04 12:07:43.009 +05:30 [INF] Saved 1 entities to in-memory store.
2021-01-04 12:07:43.011 +05:30 [INF] Executing OkObjectResult, writing value of type 'Hahn.ApplicatonProcess.December2020.Domain.Application.Dto.Response.Response`1[[Hahn.ApplicatonProcess.December2020.Domain.Application.Dto.Model.AddResponse, Hahn.ApplicatonProcess.December2020.Domain, Version=1.0.0.0, Culture=neutral, PublicKeyToken=null]]'.
2021-01-04 12:07:43.014 +05:30 [INF] Executed action Hahn.ApplicatonProcess.December2020.Web.Controllers.ApplicantController.Post (Hahn.ApplicatonProcess.December2020.Web) in 2301.0958ms
2021-01-04 12:07:43.016 +05:30 [INF] Executed endpoint 'Hahn.ApplicatonProcess.December2020.Web.Controllers.ApplicantController.Post (Hahn.ApplicatonProcess.December2020.Web)'
2021-01-04 12:07:43.018 +05:30 [INF] Request finished HTTP/1.1 POST https://localhost:5001/Applicant application/json 149 - 200 - application/json;+charset=utf-8 2311.4629ms
2021-01-04 12:08:00.153 +05:30 [INF] Request starting HTTP/1.1 POST https://localhost:5001/Applicant application/json 149
2021-01-04 12:08:00.155 +05:30 [INF] Executing endpoint 'Hahn.ApplicatonProcess.December2020.Web.Controllers.ApplicantController.Post (Hahn.ApplicatonProcess.December2020.Web)'
2021-01-04 12:08:00.157 +05:30 [INF] Route matched with {action = "Post", controller = "Applicant"}. Executing controller action with signature Microsoft.AspNetCore.Mvc.ActionResult Post(Hahn.ApplicatonProcess.December2020.Domain.Application.Dto.Request.Request`1[Hahn.ApplicatonProcess.December2020.Domain.Application.Dto.Model.Applicant]) on controller Hahn.ApplicatonProcess.December2020.Web.Controllers.ApplicantController (Hahn.ApplicatonProcess.December2020.Web).
2021-01-04 12:08:13.700 +05:30 [INF] Entity Framework Core 5.0.1 initialized 'ApplicationDbContext' using provider 'Microsoft.EntityFrameworkCore.InMemory' with options: StoreName=ApplicantManager 
2021-01-04 12:08:13.703 +05:30 [INF] Saved 1 entities to in-memory store.
2021-01-04 12:08:13.705 +05:30 [INF] Executing OkObjectResult, writing value of type 'Hahn.ApplicatonProcess.December2020.Domain.Application.Dto.Response.Response`1[[Hahn.ApplicatonProcess.December2020.Domain.Application.Dto.Model.AddResponse, Hahn.ApplicatonProcess.December2020.Domain, Version=1.0.0.0, Culture=neutral, PublicKeyToken=null]]'.
2021-01-04 12:08:13.707 +05:30 [INF] Executed action Hahn.ApplicatonProcess.December2020.Web.Controllers.ApplicantController.Post (Hahn.ApplicatonProcess.December2020.Web) in 13547.6693ms
2021-01-04 12:08:13.709 +05:30 [INF] Executed endpoint 'Hahn.ApplicatonProcess.December2020.Web.Controllers.ApplicantController.Post (Hahn.ApplicatonProcess.December2020.Web)'
2021-01-04 12:08:13.711 +05:30 [INF] Request finished HTTP/1.1 POST https://localhost:5001/Applicant application/json 149 - 200 - application/json;+charset=utf-8 13558.7580ms
2021-01-04 12:08:58.057 +05:30 [INF] Request starting HTTP/2 POST https://localhost:5001/Applicant text/plain;charset=UTF-8 149
2021-01-04 12:08:58.060 +05:30 [INF] CORS policy execution successful.
2021-01-04 12:08:58.062 +05:30 [INF] Executing endpoint 'Hahn.ApplicatonProcess.December2020.Web.Controllers.ApplicantController.Post (Hahn.ApplicatonProcess.December2020.Web)'
2021-01-04 12:08:58.066 +05:30 [INF] Route matched with {action = "Post", controller = "Applicant"}. Executing controller action with signature Microsoft.AspNetCore.Mvc.ActionResult Post(Hahn.ApplicatonProcess.December2020.Domain.Application.Dto.Request.Request`1[Hahn.ApplicatonProcess.December2020.Domain.Application.Dto.Model.Applicant]) on controller Hahn.ApplicatonProcess.December2020.Web.Controllers.ApplicantController (Hahn.ApplicatonProcess.December2020.Web).
2021-01-04 12:09:18.253 +05:30 [INF] Executing ObjectResult, writing value of type 'Microsoft.AspNetCore.Mvc.ProblemDetails'.
2021-01-04 12:09:18.262 +05:30 [INF] Executed action Hahn.ApplicatonProcess.December2020.Web.Controllers.ApplicantController.Post (Hahn.ApplicatonProcess.December2020.Web) in 20193.0072ms
2021-01-04 12:09:18.274 +05:30 [INF] Executed endpoint 'Hahn.ApplicatonProcess.December2020.Web.Controllers.ApplicantController.Post (Hahn.ApplicatonProcess.December2020.Web)'
2021-01-04 12:09:18.281 +05:30 [INF] Request finished HTTP/2 POST https://localhost:5001/Applicant text/plain;charset=UTF-8 149 - 415 - application/problem+json;+charset=utf-8 20220.5347ms
2021-01-04 12:12:44.491 +05:30 [INF] User profile is available. Using 'C:\Users\Karthikeyan.P\AppData\Local\ASP.NET\DataProtection-Keys' as key repository and Windows DPAPI to encrypt keys at rest.
2021-01-04 12:12:45.994 +05:30 [INF] Request starting HTTP/2 GET https://localhost:5001/swagger/index.html - -
2021-01-04 12:12:46.176 +05:30 [INF] Request finished HTTP/2 GET https://localhost:5001/swagger/index.html - - - 200 - text/html;charset=utf-8 184.1516ms
2021-01-04 12:12:46.343 +05:30 [INF] Request starting HTTP/2 GET https://localhost:5001/swagger/v1/swagger.json - -
2021-01-04 12:12:46.445 +05:30 [INF] Request finished HTTP/2 GET https://localhost:5001/swagger/v1/swagger.json - - - 200 - application/json;charset=utf-8 102.7146ms
2021-01-04 12:12:50.232 +05:30 [INF] Request starting HTTP/1.1 POST https://localhost:5001/Applicant application/json 149
2021-01-04 12:12:50.265 +05:30 [INF] Executing endpoint 'Hahn.ApplicatonProcess.December2020.Web.Controllers.ApplicantController.Post (Hahn.ApplicatonProcess.December2020.Web)'
2021-01-04 12:12:50.309 +05:30 [INF] Route matched with {action = "Post", controller = "Applicant"}. Executing controller action with signature Microsoft.AspNetCore.Mvc.ActionResult Post(Hahn.ApplicatonProcess.December2020.Domain.Application.Dto.Model.Applicant) on controller Hahn.ApplicatonProcess.December2020.Web.Controllers.ApplicantController (Hahn.ApplicatonProcess.December2020.Web).
2021-01-04 12:13:08.956 +05:30 [INF] Executed action Hahn.ApplicatonProcess.December2020.Web.Controllers.ApplicantController.Post (Hahn.ApplicatonProcess.December2020.Web) in 18637.9597ms
2021-01-04 12:13:08.960 +05:30 [INF] Executed endpoint 'Hahn.ApplicatonProcess.December2020.Web.Controllers.ApplicantController.Post (Hahn.ApplicatonProcess.December2020.Web)'
2021-01-04 12:13:09.094 +05:30 [ERR] An unhandled exception has occurred while executing the request.
System.NullReferenceException: Object reference not set to an instance of an object.
   at Hahn.ApplicatonProcess.December2020.Domain.Validation.ValidateApplicant.ValidateName(String name) in C:\Users\Karthikeyan.P\Source\Repos\Hahn.ApplicatonProcess.Application\Hahn.ApplicatonProcess.December2020.Domain\Validation\ValidateApplicant.cs:line 26
   at FluentValidation.DefaultValidatorExtensions.<>c__DisplayClass21_0`2.<Must>b__0(T x, TProperty val) in C:\Projects\FluentValidation\src\FluentValidation\DefaultValidatorExtensions.cs:line 343
   at FluentValidation.DefaultValidatorExtensions.<>c__DisplayClass22_0`2.<Must>b__0(T x, TProperty val, PropertyValidatorContext propertyValidatorContext) in C:\Projects\FluentValidation\src\FluentValidation\DefaultValidatorExtensions.cs:line 359
   at FluentValidation.DefaultValidatorExtensions.<>c__DisplayClass23_0`2.<Must>b__0(Object instance, Object property, PropertyValidatorContext propertyValidatorContext) in C:\Projects\FluentValidation\src\FluentValidation\DefaultValidatorExtensions.cs:line 375
   at FluentValidation.Validators.PredicateValidator.IsValid(PropertyValidatorContext context) in C:\Projects\FluentValidation\src\FluentValidation\Validators\PredicateValidator.cs:line 34
   at FluentValidation.Validators.PropertyValidator.Validate(PropertyValidatorContext context) in C:\Projects\FluentValidation\src\FluentValidation\Validators\PropertyValidator.cs:line 76
   at FluentValidation.Internal.PropertyRule.InvokePropertyValidator(IValidationContext context, IPropertyValidator validator, String propertyName) in C:\Projects\FluentValidation\src\FluentValidation\Internal\PropertyRule.cs:line 480
   at FluentValidation.Internal.PropertyRule.Validate(IValidationContext context)+MoveNext() in C:\Projects\FluentValidation\src\FluentValidation\Internal\PropertyRule.cs:line 312
   at System.Linq.Enumerable.WhereEnumerableIterator`1.MoveNext()
   at FluentValidation.AbstractValidator`1.Validate(ValidationContext`1 context) in C:\Projects\FluentValidation\src\FluentValidation\AbstractValidator.cs:line 95
   at FluentValidation.AbstractValidator`1.Validate(T instance) in C:\Projects\FluentValidation\src\FluentValidation\AbstractValidator.cs:line 62
   at Hahn.ApplicatonProcess.December2020.Web.Controllers.ApplicantController.Post(Applicant json) in C:\Users\Karthikeyan.P\Source\Repos\Hahn.ApplicatonProcess.Application\Hahn.ApplicatonProcess.December2020.Web\Controllers\ApplicantController.cs:line 36
   at lambda_method3(Closure , Object , Object[] )
   at Microsoft.AspNetCore.Mvc.Infrastructure.ActionMethodExecutor.SyncActionResultExecutor.Execute(IActionResultTypeMapper mapper, ObjectMethodExecutor executor, Object controller, Object[] arguments)
   at Microsoft.AspNetCore.Mvc.Infrastructure.ControllerActionInvoker.InvokeActionMethodAsync()
   at Microsoft.AspNetCore.Mvc.Infrastructure.ControllerActionInvoker.Next(State& next, Scope& scope, Object& state, Boolean& isCompleted)
   at Microsoft.AspNetCore.Mvc.Infrastructure.ControllerActionInvoker.InvokeNextActionFilterAsync()
--- End of stack trace from previous location ---
   at Microsoft.AspNetCore.Mvc.Infrastructure.ControllerActionInvoker.Rethrow(ActionExecutedContextSealed context)
   at Microsoft.AspNetCore.Mvc.Infrastructure.ControllerActionInvoker.Next(State& next, Scope& scope, Object& state, Boolean& isCompleted)
   at Microsoft.AspNetCore.Mvc.Infrastructure.ControllerActionInvoker.InvokeInnerFilterAsync()
--- End of stack trace from previous location ---
   at Microsoft.AspNetCore.Mvc.Infrastructure.ResourceInvoker.<InvokeNextResourceFilter>g__Awaited|24_0(ResourceInvoker invoker, Task lastTask, State next, Scope scope, Object state, Boolean isCompleted)
   at Microsoft.AspNetCore.Mvc.Infrastructure.ResourceInvoker.Rethrow(ResourceExecutedContextSealed context)
   at Microsoft.AspNetCore.Mvc.Infrastructure.ResourceInvoker.Next(State& next, Scope& scope, Object& state, Boolean& isCompleted)
   at Microsoft.AspNetCore.Mvc.Infrastructure.ResourceInvoker.InvokeFilterPipelineAsync()
--- End of stack trace from previous location ---
   at Microsoft.AspNetCore.Mvc.Infrastructure.ResourceInvoker.<InvokeAsync>g__Logged|17_1(ResourceInvoker invoker)
   at Microsoft.AspNetCore.Routing.EndpointMiddleware.<Invoke>g__AwaitRequestTask|6_0(Endpoint endpoint, Task requestTask, ILogger logger)
   at Swashbuckle.AspNetCore.SwaggerUI.SwaggerUIMiddleware.Invoke(HttpContext httpContext)
   at Swashbuckle.AspNetCore.Swagger.SwaggerMiddleware.Invoke(HttpContext httpContext, ISwaggerProvider swaggerProvider)
   at Microsoft.AspNetCore.Diagnostics.DeveloperExceptionPageMiddleware.Invoke(HttpContext context)
2021-01-04 12:13:09.118 +05:30 [INF] Request finished HTTP/1.1 POST https://localhost:5001/Applicant application/json 149 - 500 - text/plain 18887.2115ms
2021-01-04 12:13:32.680 +05:30 [INF] Request starting HTTP/1.1 POST https://localhost:5001/Applicant application/json 184
2021-01-04 12:13:32.683 +05:30 [INF] Executing endpoint 'Hahn.ApplicatonProcess.December2020.Web.Controllers.ApplicantController.Post (Hahn.ApplicatonProcess.December2020.Web)'
2021-01-04 12:13:32.686 +05:30 [INF] Route matched with {action = "Post", controller = "Applicant"}. Executing controller action with signature Microsoft.AspNetCore.Mvc.ActionResult Post(Hahn.ApplicatonProcess.December2020.Domain.Application.Dto.Model.Applicant) on controller Hahn.ApplicatonProcess.December2020.Web.Controllers.ApplicantController (Hahn.ApplicatonProcess.December2020.Web).
2021-01-04 12:13:46.194 +05:30 [INF] Entity Framework Core 5.0.1 initialized 'ApplicationDbContext' using provider 'Microsoft.EntityFrameworkCore.InMemory' with options: StoreName=ApplicantManager 
2021-01-04 12:13:46.343 +05:30 [INF] Saved 1 entities to in-memory store.
2021-01-04 12:13:46.357 +05:30 [INF] Executing OkObjectResult, writing value of type 'Hahn.ApplicatonProcess.December2020.Domain.Application.Dto.Response.Response`1[[Hahn.ApplicatonProcess.December2020.Domain.Application.Dto.Model.AddResponse, Hahn.ApplicatonProcess.December2020.Domain, Version=1.0.0.0, Culture=neutral, PublicKeyToken=null]]'.
2021-01-04 12:13:46.376 +05:30 [INF] Executed action Hahn.ApplicatonProcess.December2020.Web.Controllers.ApplicantController.Post (Hahn.ApplicatonProcess.December2020.Web) in 13687.7149ms
2021-01-04 12:13:46.379 +05:30 [INF] Executed endpoint 'Hahn.ApplicatonProcess.December2020.Web.Controllers.ApplicantController.Post (Hahn.ApplicatonProcess.December2020.Web)'
2021-01-04 12:13:46.383 +05:30 [INF] Request finished HTTP/1.1 POST https://localhost:5001/Applicant application/json 184 - 200 - application/json;+charset=utf-8 13703.2360ms
2021-01-04 12:15:13.645 +05:30 [INF] Request starting HTTP/2 POST https://localhost:5001/Applicant text/plain;charset=UTF-8 140
2021-01-04 12:15:13.670 +05:30 [INF] CORS policy execution successful.
2021-01-04 12:15:13.673 +05:30 [INF] Executing endpoint 'Hahn.ApplicatonProcess.December2020.Web.Controllers.ApplicantController.Post (Hahn.ApplicatonProcess.December2020.Web)'
2021-01-04 12:15:13.676 +05:30 [INF] Route matched with {action = "Post", controller = "Applicant"}. Executing controller action with signature Microsoft.AspNetCore.Mvc.ActionResult Post(Hahn.ApplicatonProcess.December2020.Domain.Application.Dto.Model.Applicant) on controller Hahn.ApplicatonProcess.December2020.Web.Controllers.ApplicantController (Hahn.ApplicatonProcess.December2020.Web).
2021-01-04 12:15:16.612 +05:30 [INF] Executing ObjectResult, writing value of type 'Microsoft.AspNetCore.Mvc.ProblemDetails'.
2021-01-04 12:15:16.620 +05:30 [INF] Executed action Hahn.ApplicatonProcess.December2020.Web.Controllers.ApplicantController.Post (Hahn.ApplicatonProcess.December2020.Web) in 2941.7009ms
2021-01-04 12:15:16.623 +05:30 [INF] Executed endpoint 'Hahn.ApplicatonProcess.December2020.Web.Controllers.ApplicantController.Post (Hahn.ApplicatonProcess.December2020.Web)'
2021-01-04 12:15:16.626 +05:30 [INF] Request finished HTTP/2 POST https://localhost:5001/Applicant text/plain;charset=UTF-8 140 - 415 - application/problem+json;+charset=utf-8 3004.4588ms
2021-01-04 12:19:17.913 +05:30 [INF] Request starting HTTP/2 POST https://localhost:5001/Applicant text/plain;charset=UTF-8 140
2021-01-04 12:19:17.918 +05:30 [INF] CORS policy execution successful.
2021-01-04 12:19:17.922 +05:30 [INF] Executing endpoint 'Hahn.ApplicatonProcess.December2020.Web.Controllers.ApplicantController.Post (Hahn.ApplicatonProcess.December2020.Web)'
2021-01-04 12:19:17.925 +05:30 [INF] Route matched with {action = "Post", controller = "Applicant"}. Executing controller action with signature Microsoft.AspNetCore.Mvc.ActionResult Post(Hahn.ApplicatonProcess.December2020.Domain.Application.Dto.Model.Applicant) on controller Hahn.ApplicatonProcess.December2020.Web.Controllers.ApplicantController (Hahn.ApplicatonProcess.December2020.Web).
2021-01-04 12:19:24.208 +05:30 [INF] Executing ObjectResult, writing value of type 'Microsoft.AspNetCore.Mvc.ProblemDetails'.
2021-01-04 12:19:24.212 +05:30 [INF] Executed action Hahn.ApplicatonProcess.December2020.Web.Controllers.ApplicantController.Post (Hahn.ApplicatonProcess.December2020.Web) in 6284.0578ms
2021-01-04 12:19:24.218 +05:30 [INF] Executed endpoint 'Hahn.ApplicatonProcess.December2020.Web.Controllers.ApplicantController.Post (Hahn.ApplicatonProcess.December2020.Web)'
2021-01-04 12:19:24.223 +05:30 [INF] Request finished HTTP/2 POST https://localhost:5001/Applicant text/plain;charset=UTF-8 140 - 415 - application/problem+json;+charset=utf-8 6307.7806ms
2021-01-04 12:20:50.276 +05:30 [INF] Request starting HTTP/2 POST https://localhost:5001/Applicant text/plain;charset=UTF-8 140
2021-01-04 12:20:50.278 +05:30 [INF] CORS policy execution successful.
2021-01-04 12:20:50.280 +05:30 [INF] Executing endpoint 'Hahn.ApplicatonProcess.December2020.Web.Controllers.ApplicantController.Post (Hahn.ApplicatonProcess.December2020.Web)'
2021-01-04 12:20:50.283 +05:30 [INF] Route matched with {action = "Post", controller = "Applicant"}. Executing controller action with signature Microsoft.AspNetCore.Mvc.ActionResult Post(Hahn.ApplicatonProcess.December2020.Domain.Application.Dto.Model.Applicant) on controller Hahn.ApplicatonProcess.December2020.Web.Controllers.ApplicantController (Hahn.ApplicatonProcess.December2020.Web).
2021-01-04 12:20:52.330 +05:30 [INF] Executing ObjectResult, writing value of type 'Microsoft.AspNetCore.Mvc.ProblemDetails'.
2021-01-04 12:20:52.332 +05:30 [INF] Executed action Hahn.ApplicatonProcess.December2020.Web.Controllers.ApplicantController.Post (Hahn.ApplicatonProcess.December2020.Web) in 2046.5598ms
2021-01-04 12:20:52.338 +05:30 [INF] Executed endpoint 'Hahn.ApplicatonProcess.December2020.Web.Controllers.ApplicantController.Post (Hahn.ApplicatonProcess.December2020.Web)'
2021-01-04 12:20:52.340 +05:30 [INF] Request finished HTTP/2 POST https://localhost:5001/Applicant text/plain;charset=UTF-8 140 - 415 - application/problem+json;+charset=utf-8 2063.9119ms
2021-01-04 12:21:34.153 +05:30 [INF] Request starting HTTP/2 POST https://localhost:5001/Applicant text/plain;charset=UTF-8 140
2021-01-04 12:21:34.159 +05:30 [INF] CORS policy execution successful.
2021-01-04 12:21:34.162 +05:30 [INF] Executing endpoint 'Hahn.ApplicatonProcess.December2020.Web.Controllers.ApplicantController.Post (Hahn.ApplicatonProcess.December2020.Web)'
2021-01-04 12:21:34.164 +05:30 [INF] Route matched with {action = "Post", controller = "Applicant"}. Executing controller action with signature Microsoft.AspNetCore.Mvc.ActionResult Post(Hahn.ApplicatonProcess.December2020.Domain.Application.Dto.Model.Applicant) on controller Hahn.ApplicatonProcess.December2020.Web.Controllers.ApplicantController (Hahn.ApplicatonProcess.December2020.Web).
2021-01-04 12:21:35.712 +05:30 [INF] Executing ObjectResult, writing value of type 'Microsoft.AspNetCore.Mvc.ProblemDetails'.
2021-01-04 12:21:35.715 +05:30 [INF] Executed action Hahn.ApplicatonProcess.December2020.Web.Controllers.ApplicantController.Post (Hahn.ApplicatonProcess.December2020.Web) in 1548.1734ms
2021-01-04 12:21:35.720 +05:30 [INF] Executed endpoint 'Hahn.ApplicatonProcess.December2020.Web.Controllers.ApplicantController.Post (Hahn.ApplicatonProcess.December2020.Web)'
2021-01-04 12:21:35.723 +05:30 [INF] Request finished HTTP/2 POST https://localhost:5001/Applicant text/plain;charset=UTF-8 140 - 415 - application/problem+json;+charset=utf-8 1574.1230ms
2021-01-04 12:24:49.844 +05:30 [INF] Request starting HTTP/2 POST https://localhost:5001/Applicant text/plain;charset=UTF-8 140
2021-01-04 12:24:49.846 +05:30 [INF] CORS policy execution successful.
2021-01-04 12:24:49.849 +05:30 [INF] Executing endpoint 'Hahn.ApplicatonProcess.December2020.Web.Controllers.ApplicantController.Post (Hahn.ApplicatonProcess.December2020.Web)'
2021-01-04 12:24:49.851 +05:30 [INF] Route matched with {action = "Post", controller = "Applicant"}. Executing controller action with signature Microsoft.AspNetCore.Mvc.ActionResult Post(Hahn.ApplicatonProcess.December2020.Domain.Application.Dto.Model.Applicant) on controller Hahn.ApplicatonProcess.December2020.Web.Controllers.ApplicantController (Hahn.ApplicatonProcess.December2020.Web).
2021-01-04 12:24:51.264 +05:30 [INF] Executing ObjectResult, writing value of type 'Microsoft.AspNetCore.Mvc.ProblemDetails'.
2021-01-04 12:24:51.266 +05:30 [INF] Executed action Hahn.ApplicatonProcess.December2020.Web.Controllers.ApplicantController.Post (Hahn.ApplicatonProcess.December2020.Web) in 1413.0738ms
2021-01-04 12:24:51.270 +05:30 [INF] Executed endpoint 'Hahn.ApplicatonProcess.December2020.Web.Controllers.ApplicantController.Post (Hahn.ApplicatonProcess.December2020.Web)'
2021-01-04 12:24:51.275 +05:30 [INF] Request finished HTTP/2 POST https://localhost:5001/Applicant text/plain;charset=UTF-8 140 - 415 - application/problem+json;+charset=utf-8 1438.3808ms
2021-01-04 12:26:42.340 +05:30 [INF] User profile is available. Using 'C:\Users\Karthikeyan.P\AppData\Local\ASP.NET\DataProtection-Keys' as key repository and Windows DPAPI to encrypt keys at rest.
2021-01-04 12:26:44.379 +05:30 [INF] Request starting HTTP/2 GET https://localhost:5001/swagger/index.html - -
2021-01-04 12:26:44.568 +05:30 [INF] Request finished HTTP/2 GET https://localhost:5001/swagger/index.html - - - 200 - text/html;charset=utf-8 190.6958ms
2021-01-04 12:26:44.751 +05:30 [INF] Request starting HTTP/2 GET https://localhost:5001/swagger/v1/swagger.json - -
2021-01-04 12:26:44.854 +05:30 [INF] Request finished HTTP/2 GET https://localhost:5001/swagger/v1/swagger.json - - - 200 - application/json;charset=utf-8 102.2609ms
2021-01-04 12:26:53.192 +05:30 [INF] Request starting HTTP/1.1 POST https://localhost:5001/Applicant text/plain 184
2021-01-04 12:26:53.225 +05:30 [INF] Executing endpoint 'Hahn.ApplicatonProcess.December2020.Web.Controllers.ApplicantController.Post (Hahn.ApplicatonProcess.December2020.Web)'
2021-01-04 12:26:53.269 +05:30 [INF] Route matched with {action = "Post", controller = "Applicant"}. Executing controller action with signature Microsoft.AspNetCore.Mvc.ActionResult Post(System.String) on controller Hahn.ApplicatonProcess.December2020.Web.Controllers.ApplicantController (Hahn.ApplicatonProcess.December2020.Web).
2021-01-04 12:27:06.409 +05:30 [INF] Executed action Hahn.ApplicatonProcess.December2020.Web.Controllers.ApplicantController.Post (Hahn.ApplicatonProcess.December2020.Web) in 13130.5761ms
2021-01-04 12:27:06.413 +05:30 [INF] Executed endpoint 'Hahn.ApplicatonProcess.December2020.Web.Controllers.ApplicantController.Post (Hahn.ApplicatonProcess.December2020.Web)'
2021-01-04 12:27:06.488 +05:30 [ERR] An unhandled exception has occurred while executing the request.
System.ArgumentNullException: Value cannot be null. (Parameter 'value')
   at Newtonsoft.Json.Utilities.ValidationUtils.ArgumentNotNull(Object value, String parameterName)
   at Newtonsoft.Json.JsonConvert.DeserializeObject(String value, Type type, JsonSerializerSettings settings)
   at Newtonsoft.Json.JsonConvert.DeserializeObject[T](String value, JsonSerializerSettings settings)
   at Newtonsoft.Json.JsonConvert.DeserializeObject[T](String value)
   at Hahn.ApplicatonProcess.December2020.Web.Controllers.ApplicantController.Post(String value) in C:\Users\Karthikeyan.P\Source\Repos\Hahn.ApplicatonProcess.Application\Hahn.ApplicatonProcess.December2020.Web\Controllers\ApplicantController.cs:line 34
   at lambda_method3(Closure , Object , Object[] )
   at Microsoft.AspNetCore.Mvc.Infrastructure.ActionMethodExecutor.SyncActionResultExecutor.Execute(IActionResultTypeMapper mapper, ObjectMethodExecutor executor, Object controller, Object[] arguments)
   at Microsoft.AspNetCore.Mvc.Infrastructure.ControllerActionInvoker.InvokeActionMethodAsync()
   at Microsoft.AspNetCore.Mvc.Infrastructure.ControllerActionInvoker.Next(State& next, Scope& scope, Object& state, Boolean& isCompleted)
   at Microsoft.AspNetCore.Mvc.Infrastructure.ControllerActionInvoker.InvokeNextActionFilterAsync()
--- End of stack trace from previous location ---
   at Microsoft.AspNetCore.Mvc.Infrastructure.ControllerActionInvoker.Rethrow(ActionExecutedContextSealed context)
   at Microsoft.AspNetCore.Mvc.Infrastructure.ControllerActionInvoker.Next(State& next, Scope& scope, Object& state, Boolean& isCompleted)
   at Microsoft.AspNetCore.Mvc.Infrastructure.ControllerActionInvoker.InvokeInnerFilterAsync()
--- End of stack trace from previous location ---
   at Microsoft.AspNetCore.Mvc.Infrastructure.ResourceInvoker.<InvokeNextResourceFilter>g__Awaited|24_0(ResourceInvoker invoker, Task lastTask, State next, Scope scope, Object state, Boolean isCompleted)
   at Microsoft.AspNetCore.Mvc.Infrastructure.ResourceInvoker.Rethrow(ResourceExecutedContextSealed context)
   at Microsoft.AspNetCore.Mvc.Infrastructure.ResourceInvoker.Next(State& next, Scope& scope, Object& state, Boolean& isCompleted)
   at Microsoft.AspNetCore.Mvc.Infrastructure.ResourceInvoker.InvokeFilterPipelineAsync()
--- End of stack trace from previous location ---
   at Microsoft.AspNetCore.Mvc.Infrastructure.ResourceInvoker.<InvokeAsync>g__Logged|17_1(ResourceInvoker invoker)
   at Microsoft.AspNetCore.Routing.EndpointMiddleware.<Invoke>g__AwaitRequestTask|6_0(Endpoint endpoint, Task requestTask, ILogger logger)
   at Swashbuckle.AspNetCore.SwaggerUI.SwaggerUIMiddleware.Invoke(HttpContext httpContext)
   at Swashbuckle.AspNetCore.Swagger.SwaggerMiddleware.Invoke(HttpContext httpContext, ISwaggerProvider swaggerProvider)
   at Microsoft.AspNetCore.Diagnostics.DeveloperExceptionPageMiddleware.Invoke(HttpContext context)
2021-01-04 12:27:06.506 +05:30 [INF] Request finished HTTP/1.1 POST https://localhost:5001/Applicant text/plain 184 - 500 - text/plain 13314.4010ms
2021-01-04 12:27:35.913 +05:30 [INF] Request starting HTTP/1.1 POST https://localhost:5001/Applicant text/plain 186
2021-01-04 12:27:35.915 +05:30 [INF] Executing endpoint 'Hahn.ApplicatonProcess.December2020.Web.Controllers.ApplicantController.Post (Hahn.ApplicatonProcess.December2020.Web)'
2021-01-04 12:27:35.917 +05:30 [INF] Route matched with {action = "Post", controller = "Applicant"}. Executing controller action with signature Microsoft.AspNetCore.Mvc.ActionResult Post(System.String) on controller Hahn.ApplicatonProcess.December2020.Web.Controllers.ApplicantController (Hahn.ApplicatonProcess.December2020.Web).
2021-01-04 12:27:50.887 +05:30 [INF] Executed action Hahn.ApplicatonProcess.December2020.Web.Controllers.ApplicantController.Post (Hahn.ApplicatonProcess.December2020.Web) in 14967.5936ms
2021-01-04 12:27:50.889 +05:30 [INF] Executed endpoint 'Hahn.ApplicatonProcess.December2020.Web.Controllers.ApplicantController.Post (Hahn.ApplicatonProcess.December2020.Web)'
2021-01-04 12:27:50.894 +05:30 [ERR] An unhandled exception has occurred while executing the request.
System.ArgumentNullException: Value cannot be null. (Parameter 'value')
   at Newtonsoft.Json.Utilities.ValidationUtils.ArgumentNotNull(Object value, String parameterName)
   at Newtonsoft.Json.JsonConvert.DeserializeObject(String value, Type type, JsonSerializerSettings settings)
   at Newtonsoft.Json.JsonConvert.DeserializeObject[T](String value, JsonSerializerSettings settings)
   at Newtonsoft.Json.JsonConvert.DeserializeObject[T](String value)
   at Hahn.ApplicatonProcess.December2020.Web.Controllers.ApplicantController.Post(String value) in C:\Users\Karthikeyan.P\Source\Repos\Hahn.ApplicatonProcess.Application\Hahn.ApplicatonProcess.December2020.Web\Controllers\ApplicantController.cs:line 34
   at lambda_method3(Closure , Object , Object[] )
   at Microsoft.AspNetCore.Mvc.Infrastructure.ActionMethodExecutor.SyncActionResultExecutor.Execute(IActionResultTypeMapper mapper, ObjectMethodExecutor executor, Object controller, Object[] arguments)
   at Microsoft.AspNetCore.Mvc.Infrastructure.ControllerActionInvoker.InvokeActionMethodAsync()
   at Microsoft.AspNetCore.Mvc.Infrastructure.ControllerActionInvoker.Next(State& next, Scope& scope, Object& state, Boolean& isCompleted)
   at Microsoft.AspNetCore.Mvc.Infrastructure.ControllerActionInvoker.InvokeNextActionFilterAsync()
--- End of stack trace from previous location ---
   at Microsoft.AspNetCore.Mvc.Infrastructure.ControllerActionInvoker.Rethrow(ActionExecutedContextSealed context)
   at Microsoft.AspNetCore.Mvc.Infrastructure.ControllerActionInvoker.Next(State& next, Scope& scope, Object& state, Boolean& isCompleted)
   at Microsoft.AspNetCore.Mvc.Infrastructure.ControllerActionInvoker.InvokeInnerFilterAsync()
--- End of stack trace from previous location ---
   at Microsoft.AspNetCore.Mvc.Infrastructure.ResourceInvoker.<InvokeNextResourceFilter>g__Awaited|24_0(ResourceInvoker invoker, Task lastTask, State next, Scope scope, Object state, Boolean isCompleted)
   at Microsoft.AspNetCore.Mvc.Infrastructure.ResourceInvoker.Rethrow(ResourceExecutedContextSealed context)
   at Microsoft.AspNetCore.Mvc.Infrastructure.ResourceInvoker.Next(State& next, Scope& scope, Object& state, Boolean& isCompleted)
   at Microsoft.AspNetCore.Mvc.Infrastructure.ResourceInvoker.InvokeFilterPipelineAsync()
--- End of stack trace from previous location ---
   at Microsoft.AspNetCore.Mvc.Infrastructure.ResourceInvoker.<InvokeAsync>g__Logged|17_1(ResourceInvoker invoker)
   at Microsoft.AspNetCore.Routing.EndpointMiddleware.<Invoke>g__AwaitRequestTask|6_0(Endpoint endpoint, Task requestTask, ILogger logger)
   at Swashbuckle.AspNetCore.SwaggerUI.SwaggerUIMiddleware.Invoke(HttpContext httpContext)
   at Swashbuckle.AspNetCore.Swagger.SwaggerMiddleware.Invoke(HttpContext httpContext, ISwaggerProvider swaggerProvider)
   at Microsoft.AspNetCore.Diagnostics.DeveloperExceptionPageMiddleware.Invoke(HttpContext context)
2021-01-04 12:27:50.901 +05:30 [INF] Request finished HTTP/1.1 POST https://localhost:5001/Applicant text/plain 186 - 500 - text/plain 14985.8625ms
2021-01-04 12:28:34.355 +05:30 [INF] Request starting HTTP/1.1 POST https://localhost:5001/Applicant text/plain 164
2021-01-04 12:28:34.359 +05:30 [INF] Executing endpoint 'Hahn.ApplicatonProcess.December2020.Web.Controllers.ApplicantController.Post (Hahn.ApplicatonProcess.December2020.Web)'
2021-01-04 12:28:34.363 +05:30 [INF] Route matched with {action = "Post", controller = "Applicant"}. Executing controller action with signature Microsoft.AspNetCore.Mvc.ActionResult Post(System.String) on controller Hahn.ApplicatonProcess.December2020.Web.Controllers.ApplicantController (Hahn.ApplicatonProcess.December2020.Web).
2021-01-04 12:29:06.593 +05:30 [INF] User profile is available. Using 'C:\Users\Karthikeyan.P\AppData\Local\ASP.NET\DataProtection-Keys' as key repository and Windows DPAPI to encrypt keys at rest.
2021-01-04 12:29:08.216 +05:30 [INF] Request starting HTTP/2 GET https://localhost:5001/swagger/index.html - -
2021-01-04 12:29:08.405 +05:30 [INF] Request finished HTTP/2 GET https://localhost:5001/swagger/index.html - - - 200 - text/html;charset=utf-8 202.2774ms
2021-01-04 12:29:08.594 +05:30 [INF] Request starting HTTP/2 GET https://localhost:5001/swagger/v1/swagger.json - -
2021-01-04 12:29:08.716 +05:30 [INF] Request finished HTTP/2 GET https://localhost:5001/swagger/v1/swagger.json - - - 200 - application/json;charset=utf-8 113.7470ms
2021-01-04 12:29:58.844 +05:30 [INF] Request starting HTTP/1.1 POST https://localhost:5001/Applicant text/plain 164
2021-01-04 12:29:58.874 +05:30 [INF] Executing endpoint 'Hahn.ApplicatonProcess.December2020.Web.Controllers.ApplicantController.Post (Hahn.ApplicatonProcess.December2020.Web)'
2021-01-04 12:29:58.915 +05:30 [INF] Route matched with {action = "Post", controller = "Applicant"}. Executing controller action with signature Microsoft.AspNetCore.Mvc.ActionResult Post(System.String) on controller Hahn.ApplicatonProcess.December2020.Web.Controllers.ApplicantController (Hahn.ApplicatonProcess.December2020.Web).
2021-01-04 12:30:05.588 +05:30 [INF] Executed action Hahn.ApplicatonProcess.December2020.Web.Controllers.ApplicantController.Post (Hahn.ApplicatonProcess.December2020.Web) in 6664.9363ms
2021-01-04 12:30:05.592 +05:30 [INF] Executed endpoint 'Hahn.ApplicatonProcess.December2020.Web.Controllers.ApplicantController.Post (Hahn.ApplicatonProcess.December2020.Web)'
2021-01-04 12:30:05.659 +05:30 [ERR] An unhandled exception has occurred while executing the request.
System.ArgumentNullException: Value cannot be null. (Parameter 'value')
   at Newtonsoft.Json.Utilities.ValidationUtils.ArgumentNotNull(Object value, String parameterName)
   at Newtonsoft.Json.JsonConvert.DeserializeObject(String value, Type type, JsonSerializerSettings settings)
   at Newtonsoft.Json.JsonConvert.DeserializeObject[T](String value, JsonSerializerSettings settings)
   at Newtonsoft.Json.JsonConvert.DeserializeObject[T](String value)
   at Hahn.ApplicatonProcess.December2020.Web.Controllers.ApplicantController.Post(String value) in C:\Users\Karthikeyan.P\Source\Repos\Hahn.ApplicatonProcess.Application\Hahn.ApplicatonProcess.December2020.Web\Controllers\ApplicantController.cs:line 34
   at lambda_method3(Closure , Object , Object[] )
   at Microsoft.AspNetCore.Mvc.Infrastructure.ActionMethodExecutor.SyncActionResultExecutor.Execute(IActionResultTypeMapper mapper, ObjectMethodExecutor executor, Object controller, Object[] arguments)
   at Microsoft.AspNetCore.Mvc.Infrastructure.ControllerActionInvoker.InvokeActionMethodAsync()
   at Microsoft.AspNetCore.Mvc.Infrastructure.ControllerActionInvoker.Next(State& next, Scope& scope, Object& state, Boolean& isCompleted)
   at Microsoft.AspNetCore.Mvc.Infrastructure.ControllerActionInvoker.InvokeNextActionFilterAsync()
--- End of stack trace from previous location ---
   at Microsoft.AspNetCore.Mvc.Infrastructure.ControllerActionInvoker.Rethrow(ActionExecutedContextSealed context)
   at Microsoft.AspNetCore.Mvc.Infrastructure.ControllerActionInvoker.Next(State& next, Scope& scope, Object& state, Boolean& isCompleted)
   at Microsoft.AspNetCore.Mvc.Infrastructure.ControllerActionInvoker.InvokeInnerFilterAsync()
--- End of stack trace from previous location ---
   at Microsoft.AspNetCore.Mvc.Infrastructure.ResourceInvoker.<InvokeNextResourceFilter>g__Awaited|24_0(ResourceInvoker invoker, Task lastTask, State next, Scope scope, Object state, Boolean isCompleted)
   at Microsoft.AspNetCore.Mvc.Infrastructure.ResourceInvoker.Rethrow(ResourceExecutedContextSealed context)
   at Microsoft.AspNetCore.Mvc.Infrastructure.ResourceInvoker.Next(State& next, Scope& scope, Object& state, Boolean& isCompleted)
   at Microsoft.AspNetCore.Mvc.Infrastructure.ResourceInvoker.InvokeFilterPipelineAsync()
--- End of stack trace from previous location ---
   at Microsoft.AspNetCore.Mvc.Infrastructure.ResourceInvoker.<InvokeAsync>g__Logged|17_1(ResourceInvoker invoker)
   at Microsoft.AspNetCore.Routing.EndpointMiddleware.<Invoke>g__AwaitRequestTask|6_0(Endpoint endpoint, Task requestTask, ILogger logger)
   at Swashbuckle.AspNetCore.SwaggerUI.SwaggerUIMiddleware.Invoke(HttpContext httpContext)
   at Swashbuckle.AspNetCore.Swagger.SwaggerMiddleware.Invoke(HttpContext httpContext, ISwaggerProvider swaggerProvider)
   at Microsoft.AspNetCore.Diagnostics.DeveloperExceptionPageMiddleware.Invoke(HttpContext context)
2021-01-04 12:30:05.675 +05:30 [INF] Request finished HTTP/1.1 POST https://localhost:5001/Applicant text/plain 164 - 500 - text/plain 6830.4897ms
2021-01-04 12:31:14.179 +05:30 [INF] User profile is available. Using 'C:\Users\Karthikeyan.P\AppData\Local\ASP.NET\DataProtection-Keys' as key repository and Windows DPAPI to encrypt keys at rest.
2021-01-04 12:31:15.748 +05:30 [INF] Request starting HTTP/2 GET https://localhost:5001/swagger/index.html - -
2021-01-04 12:31:16.111 +05:30 [INF] Request finished HTTP/2 GET https://localhost:5001/swagger/index.html - - - 200 - text/html;charset=utf-8 376.9120ms
2021-01-04 12:31:16.311 +05:30 [INF] Request starting HTTP/2 GET https://localhost:5001/swagger/v1/swagger.json - -
2021-01-04 12:31:16.471 +05:30 [INF] Request finished HTTP/2 GET https://localhost:5001/swagger/v1/swagger.json - - - 200 - application/json;charset=utf-8 157.7882ms
2021-01-04 12:31:34.990 +05:30 [INF] Request starting HTTP/1.1 POST https://localhost:5001/Applicant application/json 184
2021-01-04 12:31:35.028 +05:30 [INF] Executing endpoint 'Hahn.ApplicatonProcess.December2020.Web.Controllers.ApplicantController.Post (Hahn.ApplicatonProcess.December2020.Web)'
2021-01-04 12:31:35.076 +05:30 [INF] Route matched with {action = "Post", controller = "Applicant"}. Executing controller action with signature Microsoft.AspNetCore.Mvc.ActionResult Post(Hahn.ApplicatonProcess.December2020.Domain.Application.Dto.Model.Applicant) on controller Hahn.ApplicatonProcess.December2020.Web.Controllers.ApplicantController (Hahn.ApplicatonProcess.December2020.Web).
2021-01-04 12:31:38.377 +05:30 [INF] Entity Framework Core 5.0.1 initialized 'ApplicationDbContext' using provider 'Microsoft.EntityFrameworkCore.InMemory' with options: StoreName=ApplicantManager 
2021-01-04 12:31:38.505 +05:30 [INF] Saved 1 entities to in-memory store.
2021-01-04 12:31:38.519 +05:30 [INF] Executing OkObjectResult, writing value of type 'Hahn.ApplicatonProcess.December2020.Domain.Application.Dto.Response.Response`1[[Hahn.ApplicatonProcess.December2020.Domain.Application.Dto.Model.AddResponse, Hahn.ApplicatonProcess.December2020.Domain, Version=1.0.0.0, Culture=neutral, PublicKeyToken=null]]'.
2021-01-04 12:31:38.545 +05:30 [INF] Executed action Hahn.ApplicatonProcess.December2020.Web.Controllers.ApplicantController.Post (Hahn.ApplicatonProcess.December2020.Web) in 3460.8607ms
2021-01-04 12:31:38.548 +05:30 [INF] Executed endpoint 'Hahn.ApplicatonProcess.December2020.Web.Controllers.ApplicantController.Post (Hahn.ApplicatonProcess.December2020.Web)'
2021-01-04 12:31:38.555 +05:30 [INF] Request finished HTTP/1.1 POST https://localhost:5001/Applicant application/json 184 - 200 - application/json;+charset=utf-8 3564.4766ms
2021-01-04 12:32:57.019 +05:30 [INF] Request starting HTTP/2 POST https://localhost:5001/Applicant text/plain;charset=UTF-8 140
2021-01-04 12:32:57.029 +05:30 [INF] CORS policy execution successful.
2021-01-04 12:32:57.032 +05:30 [INF] Executing endpoint 'Hahn.ApplicatonProcess.December2020.Web.Controllers.ApplicantController.Post (Hahn.ApplicatonProcess.December2020.Web)'
2021-01-04 12:32:57.036 +05:30 [INF] Route matched with {action = "Post", controller = "Applicant"}. Executing controller action with signature Microsoft.AspNetCore.Mvc.ActionResult Post(Hahn.ApplicatonProcess.December2020.Domain.Application.Dto.Model.Applicant) on controller Hahn.ApplicatonProcess.December2020.Web.Controllers.ApplicantController (Hahn.ApplicatonProcess.December2020.Web).
2021-01-04 12:32:58.999 +05:30 [INF] Executing ObjectResult, writing value of type 'Microsoft.AspNetCore.Mvc.ProblemDetails'.
2021-01-04 12:32:59.009 +05:30 [INF] Executed action Hahn.ApplicatonProcess.December2020.Web.Controllers.ApplicantController.Post (Hahn.ApplicatonProcess.December2020.Web) in 1968.2058ms
2021-01-04 12:32:59.012 +05:30 [INF] Executed endpoint 'Hahn.ApplicatonProcess.December2020.Web.Controllers.ApplicantController.Post (Hahn.ApplicatonProcess.December2020.Web)'
2021-01-04 12:32:59.015 +05:30 [INF] Request finished HTTP/2 POST https://localhost:5001/Applicant text/plain;charset=UTF-8 140 - 415 - application/problem+json;+charset=utf-8 2002.9203ms
2021-01-04 12:33:25.029 +05:30 [INF] Request starting HTTP/2 POST https://localhost:5001/Applicant text/plain;charset=UTF-8 140
2021-01-04 12:33:25.032 +05:30 [INF] CORS policy execution successful.
2021-01-04 12:33:25.034 +05:30 [INF] Executing endpoint 'Hahn.ApplicatonProcess.December2020.Web.Controllers.ApplicantController.Post (Hahn.ApplicatonProcess.December2020.Web)'
2021-01-04 12:33:25.038 +05:30 [INF] Route matched with {action = "Post", controller = "Applicant"}. Executing controller action with signature Microsoft.AspNetCore.Mvc.ActionResult Post(Hahn.ApplicatonProcess.December2020.Domain.Application.Dto.Model.Applicant) on controller Hahn.ApplicatonProcess.December2020.Web.Controllers.ApplicantController (Hahn.ApplicatonProcess.December2020.Web).
2021-01-04 12:33:28.929 +05:30 [INF] Executing ObjectResult, writing value of type 'Microsoft.AspNetCore.Mvc.ProblemDetails'.
2021-01-04 12:33:28.932 +05:30 [INF] Executed action Hahn.ApplicatonProcess.December2020.Web.Controllers.ApplicantController.Post (Hahn.ApplicatonProcess.December2020.Web) in 3891.2808ms
2021-01-04 12:33:28.935 +05:30 [INF] Executed endpoint 'Hahn.ApplicatonProcess.December2020.Web.Controllers.ApplicantController.Post (Hahn.ApplicatonProcess.December2020.Web)'
2021-01-04 12:33:28.939 +05:30 [INF] Request finished HTTP/2 POST https://localhost:5001/Applicant text/plain;charset=UTF-8 140 - 415 - application/problem+json;+charset=utf-8 3909.4437ms
2021-01-04 12:34:35.776 +05:30 [INF] Request starting HTTP/2 POST https://localhost:5001/Applicant text/plain;charset=UTF-8 140
2021-01-04 12:34:35.779 +05:30 [INF] CORS policy execution successful.
2021-01-04 12:34:35.781 +05:30 [INF] Executing endpoint 'Hahn.ApplicatonProcess.December2020.Web.Controllers.ApplicantController.Post (Hahn.ApplicatonProcess.December2020.Web)'
2021-01-04 12:34:35.783 +05:30 [INF] Route matched with {action = "Post", controller = "Applicant"}. Executing controller action with signature Microsoft.AspNetCore.Mvc.ActionResult Post(Hahn.ApplicatonProcess.December2020.Domain.Application.Dto.Model.Applicant) on controller Hahn.ApplicatonProcess.December2020.Web.Controllers.ApplicantController (Hahn.ApplicatonProcess.December2020.Web).
2021-01-04 12:34:37.266 +05:30 [INF] Executing ObjectResult, writing value of type 'Microsoft.AspNetCore.Mvc.ProblemDetails'.
2021-01-04 12:34:37.270 +05:30 [INF] Executed action Hahn.ApplicatonProcess.December2020.Web.Controllers.ApplicantController.Post (Hahn.ApplicatonProcess.December2020.Web) in 1483.6186ms
2021-01-04 12:34:37.275 +05:30 [INF] Executed endpoint 'Hahn.ApplicatonProcess.December2020.Web.Controllers.ApplicantController.Post (Hahn.ApplicatonProcess.December2020.Web)'
2021-01-04 12:34:37.281 +05:30 [INF] Request finished HTTP/2 POST https://localhost:5001/Applicant text/plain;charset=UTF-8 140 - 415 - application/problem+json;+charset=utf-8 1502.8646ms
2021-01-04 12:34:46.768 +05:30 [INF] Request starting HTTP/2 POST https://localhost:5001/Applicant text/plain;charset=UTF-8 140
2021-01-04 12:34:46.771 +05:30 [INF] CORS policy execution successful.
2021-01-04 12:34:46.776 +05:30 [INF] Executing endpoint 'Hahn.ApplicatonProcess.December2020.Web.Controllers.ApplicantController.Post (Hahn.ApplicatonProcess.December2020.Web)'
2021-01-04 12:34:46.781 +05:30 [INF] Route matched with {action = "Post", controller = "Applicant"}. Executing controller action with signature Microsoft.AspNetCore.Mvc.ActionResult Post(Hahn.ApplicatonProcess.December2020.Domain.Application.Dto.Model.Applicant) on controller Hahn.ApplicatonProcess.December2020.Web.Controllers.ApplicantController (Hahn.ApplicatonProcess.December2020.Web).
2021-01-04 12:34:48.250 +05:30 [INF] Executing ObjectResult, writing value of type 'Microsoft.AspNetCore.Mvc.ProblemDetails'.
2021-01-04 12:34:48.253 +05:30 [INF] Executed action Hahn.ApplicatonProcess.December2020.Web.Controllers.ApplicantController.Post (Hahn.ApplicatonProcess.December2020.Web) in 1469.3026ms
2021-01-04 12:34:48.255 +05:30 [INF] Executed endpoint 'Hahn.ApplicatonProcess.December2020.Web.Controllers.ApplicantController.Post (Hahn.ApplicatonProcess.December2020.Web)'
2021-01-04 12:34:48.259 +05:30 [INF] Request finished HTTP/2 POST https://localhost:5001/Applicant text/plain;charset=UTF-8 140 - 415 - application/problem+json;+charset=utf-8 1491.6604ms
2021-01-04 12:36:25.966 +05:30 [INF] Request starting HTTP/2 POST https://localhost:5001/Applicant text/plain;charset=UTF-8 15
2021-01-04 12:36:25.970 +05:30 [INF] CORS policy execution successful.
2021-01-04 12:36:25.973 +05:30 [INF] Executing endpoint 'Hahn.ApplicatonProcess.December2020.Web.Controllers.ApplicantController.Post (Hahn.ApplicatonProcess.December2020.Web)'
2021-01-04 12:36:25.979 +05:30 [INF] Route matched with {action = "Post", controller = "Applicant"}. Executing controller action with signature Microsoft.AspNetCore.Mvc.ActionResult Post(Hahn.ApplicatonProcess.December2020.Domain.Application.Dto.Model.Applicant) on controller Hahn.ApplicatonProcess.December2020.Web.Controllers.ApplicantController (Hahn.ApplicatonProcess.December2020.Web).
2021-01-04 12:36:32.593 +05:30 [INF] Executing ObjectResult, writing value of type 'Microsoft.AspNetCore.Mvc.ProblemDetails'.
2021-01-04 12:36:32.595 +05:30 [INF] Executed action Hahn.ApplicatonProcess.December2020.Web.Controllers.ApplicantController.Post (Hahn.ApplicatonProcess.December2020.Web) in 6613.6998ms
2021-01-04 12:36:32.598 +05:30 [INF] Executed endpoint 'Hahn.ApplicatonProcess.December2020.Web.Controllers.ApplicantController.Post (Hahn.ApplicatonProcess.December2020.Web)'
2021-01-04 12:36:32.600 +05:30 [INF] Request finished HTTP/2 POST https://localhost:5001/Applicant text/plain;charset=UTF-8 15 - 415 - application/problem+json;+charset=utf-8 6634.2023ms
2021-01-04 12:36:47.357 +05:30 [INF] Request starting HTTP/2 POST https://localhost:5001/Applicant text/plain;charset=UTF-8 9
2021-01-04 12:36:47.359 +05:30 [INF] CORS policy execution successful.
2021-01-04 12:36:47.362 +05:30 [INF] Executing endpoint 'Hahn.ApplicatonProcess.December2020.Web.Controllers.ApplicantController.Post (Hahn.ApplicatonProcess.December2020.Web)'
2021-01-04 12:36:47.364 +05:30 [INF] Route matched with {action = "Post", controller = "Applicant"}. Executing controller action with signature Microsoft.AspNetCore.Mvc.ActionResult Post(Hahn.ApplicatonProcess.December2020.Domain.Application.Dto.Model.Applicant) on controller Hahn.ApplicatonProcess.December2020.Web.Controllers.ApplicantController (Hahn.ApplicatonProcess.December2020.Web).
2021-01-04 12:36:48.553 +05:30 [INF] Executing ObjectResult, writing value of type 'Microsoft.AspNetCore.Mvc.ProblemDetails'.
2021-01-04 12:36:48.556 +05:30 [INF] Executed action Hahn.ApplicatonProcess.December2020.Web.Controllers.ApplicantController.Post (Hahn.ApplicatonProcess.December2020.Web) in 1188.4719ms
2021-01-04 12:36:48.562 +05:30 [INF] Executed endpoint 'Hahn.ApplicatonProcess.December2020.Web.Controllers.ApplicantController.Post (Hahn.ApplicatonProcess.December2020.Web)'
2021-01-04 12:36:48.565 +05:30 [INF] Request finished HTTP/2 POST https://localhost:5001/Applicant text/plain;charset=UTF-8 9 - 415 - application/problem+json;+charset=utf-8 1208.2352ms
2021-01-04 12:36:58.789 +05:30 [INF] Request starting HTTP/2 POST https://localhost:5001/Applicant text/plain;charset=UTF-8 9
2021-01-04 12:36:58.792 +05:30 [INF] CORS policy execution successful.
2021-01-04 12:36:58.794 +05:30 [INF] Executing endpoint 'Hahn.ApplicatonProcess.December2020.Web.Controllers.ApplicantController.Post (Hahn.ApplicatonProcess.December2020.Web)'
2021-01-04 12:36:58.797 +05:30 [INF] Route matched with {action = "Post", controller = "Applicant"}. Executing controller action with signature Microsoft.AspNetCore.Mvc.ActionResult Post(Hahn.ApplicatonProcess.December2020.Domain.Application.Dto.Model.Applicant) on controller Hahn.ApplicatonProcess.December2020.Web.Controllers.ApplicantController (Hahn.ApplicatonProcess.December2020.Web).
2021-01-04 12:36:59.856 +05:30 [INF] Executing ObjectResult, writing value of type 'Microsoft.AspNetCore.Mvc.ProblemDetails'.
2021-01-04 12:36:59.859 +05:30 [INF] Executed action Hahn.ApplicatonProcess.December2020.Web.Controllers.ApplicantController.Post (Hahn.ApplicatonProcess.December2020.Web) in 1059.9428ms
2021-01-04 12:36:59.862 +05:30 [INF] Executed endpoint 'Hahn.ApplicatonProcess.December2020.Web.Controllers.ApplicantController.Post (Hahn.ApplicatonProcess.December2020.Web)'
2021-01-04 12:36:59.864 +05:30 [INF] Request finished HTTP/2 POST https://localhost:5001/Applicant text/plain;charset=UTF-8 9 - 415 - application/problem+json;+charset=utf-8 1075.0030ms
2021-01-04 12:37:38.691 +05:30 [INF] Request starting HTTP/2 POST https://localhost:5001/Applicant text/plain;charset=UTF-8 9
2021-01-04 12:37:38.693 +05:30 [INF] CORS policy execution successful.
2021-01-04 12:37:38.708 +05:30 [INF] Executing endpoint 'Hahn.ApplicatonProcess.December2020.Web.Controllers.ApplicantController.Post (Hahn.ApplicatonProcess.December2020.Web)'
2021-01-04 12:37:38.710 +05:30 [INF] Route matched with {action = "Post", controller = "Applicant"}. Executing controller action with signature Microsoft.AspNetCore.Mvc.ActionResult Post(Hahn.ApplicatonProcess.December2020.Domain.Application.Dto.Model.Applicant) on controller Hahn.ApplicatonProcess.December2020.Web.Controllers.ApplicantController (Hahn.ApplicatonProcess.December2020.Web).
2021-01-04 12:37:42.954 +05:30 [INF] Executing ObjectResult, writing value of type 'Microsoft.AspNetCore.Mvc.ProblemDetails'.
2021-01-04 12:37:42.957 +05:30 [INF] Executed action Hahn.ApplicatonProcess.December2020.Web.Controllers.ApplicantController.Post (Hahn.ApplicatonProcess.December2020.Web) in 4244.1589ms
2021-01-04 12:37:42.959 +05:30 [INF] Executed endpoint 'Hahn.ApplicatonProcess.December2020.Web.Controllers.ApplicantController.Post (Hahn.ApplicatonProcess.December2020.Web)'
2021-01-04 12:37:42.962 +05:30 [INF] Request finished HTTP/2 POST https://localhost:5001/Applicant text/plain;charset=UTF-8 9 - 415 - application/problem+json;+charset=utf-8 4270.6632ms
2021-01-04 12:39:18.917 +05:30 [INF] User profile is available. Using 'C:\Users\Karthikeyan.P\AppData\Local\ASP.NET\DataProtection-Keys' as key repository and Windows DPAPI to encrypt keys at rest.
2021-01-04 12:39:20.805 +05:30 [INF] Request starting HTTP/2 GET https://localhost:5001/swagger/index.html - -
2021-01-04 12:39:20.976 +05:30 [INF] Request finished HTTP/2 GET https://localhost:5001/swagger/index.html - - - 200 - text/html;charset=utf-8 173.8638ms
2021-01-04 12:39:21.106 +05:30 [INF] Request starting HTTP/2 GET https://localhost:5001/swagger/v1/swagger.json - -
2021-01-04 12:39:21.197 +05:30 [INF] Request finished HTTP/2 GET https://localhost:5001/swagger/v1/swagger.json - - - 200 - application/json;charset=utf-8 90.7925ms
2021-01-04 12:39:36.654 +05:30 [INF] Request starting HTTP/2 POST https://localhost:5001/Applicant text/plain;charset=UTF-8 9
2021-01-04 12:39:36.664 +05:30 [INF] CORS policy execution successful.
2021-01-04 12:39:36.711 +05:30 [INF] Executing endpoint 'Hahn.ApplicatonProcess.December2020.Web.Controllers.ApplicantController.Post (Hahn.ApplicatonProcess.December2020.Web)'
2021-01-04 12:39:36.763 +05:30 [INF] Route matched with {action = "Post", controller = "Applicant"}. Executing controller action with signature Microsoft.AspNetCore.Mvc.ActionResult Post(System.String) on controller Hahn.ApplicatonProcess.December2020.Web.Controllers.ApplicantController (Hahn.ApplicatonProcess.December2020.Web).
2021-01-04 12:40:05.820 +05:30 [INF] Executed action Hahn.ApplicatonProcess.December2020.Web.Controllers.ApplicantController.Post (Hahn.ApplicatonProcess.December2020.Web) in 29049.4343ms
2021-01-04 12:40:05.824 +05:30 [INF] Executed endpoint 'Hahn.ApplicatonProcess.December2020.Web.Controllers.ApplicantController.Post (Hahn.ApplicatonProcess.December2020.Web)'
2021-01-04 12:40:05.889 +05:30 [ERR] An unhandled exception has occurred while executing the request.
System.ArgumentNullException: Value cannot be null. (Parameter 'value')
   at Newtonsoft.Json.Utilities.ValidationUtils.ArgumentNotNull(Object value, String parameterName)
   at Newtonsoft.Json.JsonConvert.DeserializeObject(String value, Type type, JsonSerializerSettings settings)
   at Newtonsoft.Json.JsonConvert.DeserializeObject[T](String value, JsonSerializerSettings settings)
   at Newtonsoft.Json.JsonConvert.DeserializeObject[T](String value)
   at Hahn.ApplicatonProcess.December2020.Web.Controllers.ApplicantController.Post(String value) in C:\Users\Karthikeyan.P\Source\Repos\Hahn.ApplicatonProcess.Application\Hahn.ApplicatonProcess.December2020.Web\Controllers\ApplicantController.cs:line 34
   at lambda_method3(Closure , Object , Object[] )
   at Microsoft.AspNetCore.Mvc.Infrastructure.ActionMethodExecutor.SyncActionResultExecutor.Execute(IActionResultTypeMapper mapper, ObjectMethodExecutor executor, Object controller, Object[] arguments)
   at Microsoft.AspNetCore.Mvc.Infrastructure.ControllerActionInvoker.InvokeActionMethodAsync()
   at Microsoft.AspNetCore.Mvc.Infrastructure.ControllerActionInvoker.Next(State& next, Scope& scope, Object& state, Boolean& isCompleted)
   at Microsoft.AspNetCore.Mvc.Infrastructure.ControllerActionInvoker.InvokeNextActionFilterAsync()
--- End of stack trace from previous location ---
   at Microsoft.AspNetCore.Mvc.Infrastructure.ControllerActionInvoker.Rethrow(ActionExecutedContextSealed context)
   at Microsoft.AspNetCore.Mvc.Infrastructure.ControllerActionInvoker.Next(State& next, Scope& scope, Object& state, Boolean& isCompleted)
   at Microsoft.AspNetCore.Mvc.Infrastructure.ControllerActionInvoker.InvokeInnerFilterAsync()
--- End of stack trace from previous location ---
   at Microsoft.AspNetCore.Mvc.Infrastructure.ResourceInvoker.<InvokeNextResourceFilter>g__Awaited|24_0(ResourceInvoker invoker, Task lastTask, State next, Scope scope, Object state, Boolean isCompleted)
   at Microsoft.AspNetCore.Mvc.Infrastructure.ResourceInvoker.Rethrow(ResourceExecutedContextSealed context)
   at Microsoft.AspNetCore.Mvc.Infrastructure.ResourceInvoker.Next(State& next, Scope& scope, Object& state, Boolean& isCompleted)
   at Microsoft.AspNetCore.Mvc.Infrastructure.ResourceInvoker.InvokeFilterPipelineAsync()
--- End of stack trace from previous location ---
   at Microsoft.AspNetCore.Mvc.Infrastructure.ResourceInvoker.<InvokeAsync>g__Logged|17_1(ResourceInvoker invoker)
   at Microsoft.AspNetCore.Routing.EndpointMiddleware.<Invoke>g__AwaitRequestTask|6_0(Endpoint endpoint, Task requestTask, ILogger logger)
   at Swashbuckle.AspNetCore.SwaggerUI.SwaggerUIMiddleware.Invoke(HttpContext httpContext)
   at Swashbuckle.AspNetCore.Swagger.SwaggerMiddleware.Invoke(HttpContext httpContext, ISwaggerProvider swaggerProvider)
   at Microsoft.AspNetCore.Diagnostics.DeveloperExceptionPageMiddleware.Invoke(HttpContext context)
2021-01-04 12:40:05.908 +05:30 [INF] Request finished HTTP/2 POST https://localhost:5001/Applicant text/plain;charset=UTF-8 9 - 500 - text/plain 29256.0801ms
2021-01-04 12:42:36.384 +05:30 [INF] User profile is available. Using 'C:\Users\Karthikeyan.P\AppData\Local\ASP.NET\DataProtection-Keys' as key repository and Windows DPAPI to encrypt keys at rest.
2021-01-04 12:42:38.265 +05:30 [INF] Request starting HTTP/2 GET https://localhost:5001/swagger/index.html - -
2021-01-04 12:42:38.408 +05:30 [INF] Request finished HTTP/2 GET https://localhost:5001/swagger/index.html - - - 200 - text/html;charset=utf-8 144.6618ms
2021-01-04 12:42:38.561 +05:30 [INF] Request starting HTTP/2 GET https://localhost:5001/swagger/v1/swagger.json - -
2021-01-04 12:42:38.648 +05:30 [INF] Request finished HTTP/2 GET https://localhost:5001/swagger/v1/swagger.json - - - 200 - application/json;charset=utf-8 86.2826ms
2021-01-04 12:42:44.660 +05:30 [INF] Request starting HTTP/2 POST https://localhost:5001/Applicant text/plain;charset=UTF-8 9
2021-01-04 12:42:44.680 +05:30 [INF] CORS policy execution successful.
2021-01-04 12:42:44.752 +05:30 [INF] Executing endpoint 'Hahn.ApplicatonProcess.December2020.Web.Controllers.ApplicantController.Post (Hahn.ApplicatonProcess.December2020.Web)'
2021-01-04 12:42:44.812 +05:30 [INF] Route matched with {action = "Post", controller = "Applicant"}. Executing controller action with signature Microsoft.AspNetCore.Mvc.ActionResult Post(System.String) on controller Hahn.ApplicatonProcess.December2020.Web.Controllers.ApplicantController (Hahn.ApplicatonProcess.December2020.Web).
2021-01-04 12:42:50.371 +05:30 [INF] Executing ObjectResult, writing value of type 'Microsoft.AspNetCore.Mvc.ProblemDetails'.
2021-01-04 12:42:50.404 +05:30 [INF] Executed action Hahn.ApplicatonProcess.December2020.Web.Controllers.ApplicantController.Post (Hahn.ApplicatonProcess.December2020.Web) in 5568.9871ms
2021-01-04 12:42:50.408 +05:30 [INF] Executed endpoint 'Hahn.ApplicatonProcess.December2020.Web.Controllers.ApplicantController.Post (Hahn.ApplicatonProcess.December2020.Web)'
2021-01-04 12:42:50.413 +05:30 [INF] Request finished HTTP/2 POST https://localhost:5001/Applicant text/plain;charset=UTF-8 9 - 415 - application/problem+json;+charset=utf-8 5762.9699ms
2021-01-04 12:43:04.104 +05:30 [INF] Request starting HTTP/2 POST https://localhost:5001/Applicant text/plain;charset=UTF-8 9
2021-01-04 12:43:04.112 +05:30 [INF] CORS policy execution successful.
2021-01-04 12:43:04.115 +05:30 [INF] Executing endpoint 'Hahn.ApplicatonProcess.December2020.Web.Controllers.ApplicantController.Post (Hahn.ApplicatonProcess.December2020.Web)'
2021-01-04 12:43:04.118 +05:30 [INF] Route matched with {action = "Post", controller = "Applicant"}. Executing controller action with signature Microsoft.AspNetCore.Mvc.ActionResult Post(System.String) on controller Hahn.ApplicatonProcess.December2020.Web.Controllers.ApplicantController (Hahn.ApplicatonProcess.December2020.Web).
2021-01-04 12:43:06.882 +05:30 [INF] Executing ObjectResult, writing value of type 'Microsoft.AspNetCore.Mvc.ProblemDetails'.
2021-01-04 12:43:06.886 +05:30 [INF] Executed action Hahn.ApplicatonProcess.December2020.Web.Controllers.ApplicantController.Post (Hahn.ApplicatonProcess.December2020.Web) in 2764.8172ms
2021-01-04 12:43:06.890 +05:30 [INF] Executed endpoint 'Hahn.ApplicatonProcess.December2020.Web.Controllers.ApplicantController.Post (Hahn.ApplicatonProcess.December2020.Web)'
2021-01-04 12:43:06.897 +05:30 [INF] Request finished HTTP/2 POST https://localhost:5001/Applicant text/plain;charset=UTF-8 9 - 415 - application/problem+json;+charset=utf-8 2793.7849ms
2021-01-04 12:43:30.002 +05:30 [INF] User profile is available. Using 'C:\Users\Karthikeyan.P\AppData\Local\ASP.NET\DataProtection-Keys' as key repository and Windows DPAPI to encrypt keys at rest.
2021-01-04 12:43:31.893 +05:30 [INF] Request starting HTTP/2 GET https://localhost:5001/swagger/index.html - -
2021-01-04 12:43:32.064 +05:30 [INF] Request finished HTTP/2 GET https://localhost:5001/swagger/index.html - - - 200 - text/html;charset=utf-8 176.7934ms
2021-01-04 12:43:32.323 +05:30 [INF] Request starting HTTP/2 GET https://localhost:5001/swagger/v1/swagger.json - -
2021-01-04 12:43:32.457 +05:30 [INF] Request finished HTTP/2 GET https://localhost:5001/swagger/v1/swagger.json - - - 200 - application/json;charset=utf-8 137.9568ms
2021-01-04 12:43:38.098 +05:30 [INF] Request starting HTTP/2 POST https://localhost:5001/Applicant text/plain;charset=UTF-8 9
2021-01-04 12:43:38.110 +05:30 [INF] CORS policy execution successful.
2021-01-04 12:43:38.158 +05:30 [INF] Executing endpoint 'Hahn.ApplicatonProcess.December2020.Web.Controllers.ApplicantController.Post (Hahn.ApplicatonProcess.December2020.Web)'
2021-01-04 12:43:38.199 +05:30 [INF] Route matched with {action = "Post", controller = "Applicant"}. Executing controller action with signature Microsoft.AspNetCore.Mvc.ActionResult Post(System.String) on controller Hahn.ApplicatonProcess.December2020.Web.Controllers.ApplicantController (Hahn.ApplicatonProcess.December2020.Web).
2021-01-04 13:07:33.885 +05:30 [INF] User profile is available. Using 'C:\Users\Karthikeyan.P\AppData\Local\ASP.NET\DataProtection-Keys' as key repository and Windows DPAPI to encrypt keys at rest.
2021-01-04 13:07:35.366 +05:30 [INF] Request starting HTTP/2 GET https://localhost:5001/swagger/index.html - -
2021-01-04 13:07:35.482 +05:30 [INF] Request finished HTTP/2 GET https://localhost:5001/swagger/index.html - - - 200 - text/html;charset=utf-8 119.5854ms
2021-01-04 13:07:35.607 +05:30 [INF] Request starting HTTP/2 GET https://localhost:5001/swagger/v1/swagger.json - -
2021-01-04 13:07:35.686 +05:30 [INF] Request finished HTTP/2 GET https://localhost:5001/swagger/v1/swagger.json - - - 200 - application/json;charset=utf-8 79.7323ms
2021-01-04 13:07:51.388 +05:30 [INF] Request starting HTTP/1.1 POST https://localhost:5001/Applicant text/plain 164
2021-01-04 13:07:51.422 +05:30 [INF] Executing endpoint '415 HTTP Unsupported Media Type'
2021-01-04 13:07:51.424 +05:30 [INF] Executed endpoint '415 HTTP Unsupported Media Type'
2021-01-04 13:07:51.434 +05:30 [INF] Request finished HTTP/1.1 POST https://localhost:5001/Applicant text/plain 164 - 415 0 - 45.1191ms
2021-01-04 13:08:27.398 +05:30 [INF] Request starting HTTP/1.1 POST https://localhost:5001/Applicant text/plain 164
2021-01-04 13:08:27.400 +05:30 [INF] Executing endpoint '415 HTTP Unsupported Media Type'
2021-01-04 13:08:27.402 +05:30 [INF] Executed endpoint '415 HTTP Unsupported Media Type'
2021-01-04 13:08:27.404 +05:30 [INF] Request finished HTTP/1.1 POST https://localhost:5001/Applicant text/plain 164 - 415 0 - 7.0221ms
2021-01-04 13:09:13.946 +05:30 [INF] User profile is available. Using 'C:\Users\Karthikeyan.P\AppData\Local\ASP.NET\DataProtection-Keys' as key repository and Windows DPAPI to encrypt keys at rest.
2021-01-04 13:09:15.146 +05:30 [INF] Request starting HTTP/2 GET https://localhost:5001/swagger/index.html - -
2021-01-04 13:09:15.241 +05:30 [INF] Request finished HTTP/2 GET https://localhost:5001/swagger/index.html - - - 200 - text/html;charset=utf-8 97.0792ms
2021-01-04 13:09:15.358 +05:30 [INF] Request starting HTTP/2 GET https://localhost:5001/swagger/v1/swagger.json - -
2021-01-04 13:09:15.437 +05:30 [INF] Request finished HTTP/2 GET https://localhost:5001/swagger/v1/swagger.json - - - 200 - application/json;charset=utf-8 79.5955ms
2021-01-04 13:09:25.837 +05:30 [INF] Request starting HTTP/1.1 POST https://localhost:5001/Applicant text/plain 8
2021-01-04 13:09:25.871 +05:30 [INF] Executing endpoint '415 HTTP Unsupported Media Type'
2021-01-04 13:09:25.874 +05:30 [INF] Executed endpoint '415 HTTP Unsupported Media Type'
2021-01-04 13:09:25.883 +05:30 [INF] Request finished HTTP/1.1 POST https://localhost:5001/Applicant text/plain 8 - 415 0 - 46.0666ms
2021-01-04 13:09:27.579 +05:30 [INF] Request starting HTTP/1.1 POST https://localhost:5001/Applicant text/plain 8
2021-01-04 13:09:27.581 +05:30 [INF] Executing endpoint '415 HTTP Unsupported Media Type'
2021-01-04 13:09:27.583 +05:30 [INF] Executed endpoint '415 HTTP Unsupported Media Type'
2021-01-04 13:09:27.585 +05:30 [INF] Request finished HTTP/1.1 POST https://localhost:5001/Applicant text/plain 8 - 415 0 - 6.5717ms
2021-01-04 13:09:44.490 +05:30 [INF] User profile is available. Using 'C:\Users\Karthikeyan.P\AppData\Local\ASP.NET\DataProtection-Keys' as key repository and Windows DPAPI to encrypt keys at rest.
2021-01-04 13:09:45.754 +05:30 [INF] Request starting HTTP/2 GET https://localhost:5001/swagger/index.html - -
2021-01-04 13:09:45.862 +05:30 [INF] Request finished HTTP/2 GET https://localhost:5001/swagger/index.html - - - 200 - text/html;charset=utf-8 110.3155ms
2021-01-04 13:09:45.993 +05:30 [INF] Request starting HTTP/2 GET https://localhost:5001/swagger/v1/swagger.json - -
2021-01-04 13:09:46.083 +05:30 [INF] Request finished HTTP/2 GET https://localhost:5001/swagger/v1/swagger.json - - - 200 - application/json;charset=utf-8 88.7921ms
2021-01-04 13:09:51.661 +05:30 [INF] Request starting HTTP/1.1 POST https://localhost:5001/Applicant text/plain 8
2021-01-04 13:09:51.693 +05:30 [INF] Executing endpoint 'Hahn.ApplicatonProcess.December2020.Web.Controllers.ApplicantController.Post (Hahn.ApplicatonProcess.December2020.Web)'
2021-01-04 13:09:51.727 +05:30 [INF] Route matched with {action = "Post", controller = "Applicant"}. Executing controller action with signature Microsoft.AspNetCore.Mvc.ActionResult Post(System.String) on controller Hahn.ApplicatonProcess.December2020.Web.Controllers.ApplicantController (Hahn.ApplicatonProcess.December2020.Web).
2021-01-04 13:10:26.613 +05:30 [INF] User profile is available. Using 'C:\Users\Karthikeyan.P\AppData\Local\ASP.NET\DataProtection-Keys' as key repository and Windows DPAPI to encrypt keys at rest.
2021-01-04 13:10:27.893 +05:30 [INF] Request starting HTTP/2 GET https://localhost:5001/swagger/index.html - -
2021-01-04 13:10:27.985 +05:30 [INF] Request finished HTTP/2 GET https://localhost:5001/swagger/index.html - - - 200 - text/html;charset=utf-8 95.7179ms
2021-01-04 13:10:28.093 +05:30 [INF] Request starting HTTP/2 GET https://localhost:5001/swagger/v1/swagger.json - -
2021-01-04 13:10:28.175 +05:30 [INF] Request finished HTTP/2 GET https://localhost:5001/swagger/v1/swagger.json - - - 200 - application/json;charset=utf-8 78.0701ms
2021-01-04 13:10:32.741 +05:30 [INF] Request starting HTTP/1.1 POST https://localhost:5001/Applicant text/plain 8
2021-01-04 13:10:32.774 +05:30 [INF] Executing endpoint '415 HTTP Unsupported Media Type'
2021-01-04 13:10:32.775 +05:30 [INF] Executed endpoint '415 HTTP Unsupported Media Type'
2021-01-04 13:10:32.784 +05:30 [INF] Request finished HTTP/1.1 POST https://localhost:5001/Applicant text/plain 8 - 415 0 - 43.3456ms
2021-01-04 13:10:34.146 +05:30 [INF] Request starting HTTP/1.1 POST https://localhost:5001/Applicant text/plain 8
2021-01-04 13:10:34.149 +05:30 [INF] Executing endpoint '415 HTTP Unsupported Media Type'
2021-01-04 13:10:34.151 +05:30 [INF] Executed endpoint '415 HTTP Unsupported Media Type'
2021-01-04 13:10:34.153 +05:30 [INF] Request finished HTTP/1.1 POST https://localhost:5001/Applicant text/plain 8 - 415 0 - 7.3334ms
2021-01-04 13:11:13.618 +05:30 [INF] User profile is available. Using 'C:\Users\Karthikeyan.P\AppData\Local\ASP.NET\DataProtection-Keys' as key repository and Windows DPAPI to encrypt keys at rest.
2021-01-04 13:11:14.597 +05:30 [INF] Request starting HTTP/2 GET https://localhost:5001/swagger/index.html - -
2021-01-04 13:11:14.701 +05:30 [INF] Request finished HTTP/2 GET https://localhost:5001/swagger/index.html - - - 200 - text/html;charset=utf-8 106.1517ms
2021-01-04 13:11:14.819 +05:30 [INF] Request starting HTTP/2 GET https://localhost:5001/swagger/v1/swagger.json - -
2021-01-04 13:11:14.897 +05:30 [INF] Request finished HTTP/2 GET https://localhost:5001/swagger/v1/swagger.json - - - 200 - application/json;charset=utf-8 75.7746ms
2021-01-04 13:11:17.918 +05:30 [INF] Request starting HTTP/1.1 POST https://localhost:5001/Applicant text/plain 8
2021-01-04 13:11:17.958 +05:30 [INF] Executing endpoint '415 HTTP Unsupported Media Type'
2021-01-04 13:11:17.960 +05:30 [INF] Executed endpoint '415 HTTP Unsupported Media Type'
2021-01-04 13:11:17.970 +05:30 [INF] Request finished HTTP/1.1 POST https://localhost:5001/Applicant text/plain 8 - 415 0 - 54.2381ms
2021-01-04 13:11:19.249 +05:30 [INF] Request starting HTTP/1.1 POST https://localhost:5001/Applicant text/plain 8
2021-01-04 13:11:19.252 +05:30 [INF] Executing endpoint '415 HTTP Unsupported Media Type'
2021-01-04 13:11:19.254 +05:30 [INF] Executed endpoint '415 HTTP Unsupported Media Type'
2021-01-04 13:11:19.256 +05:30 [INF] Request finished HTTP/1.1 POST https://localhost:5001/Applicant text/plain 8 - 415 0 - 7.4750ms
2021-01-04 13:11:38.345 +05:30 [INF] User profile is available. Using 'C:\Users\Karthikeyan.P\AppData\Local\ASP.NET\DataProtection-Keys' as key repository and Windows DPAPI to encrypt keys at rest.
2021-01-04 13:11:39.596 +05:30 [INF] Request starting HTTP/2 GET https://localhost:5001/swagger/index.html - -
2021-01-04 13:11:39.692 +05:30 [INF] Request finished HTTP/2 GET https://localhost:5001/swagger/index.html - - - 200 - text/html;charset=utf-8 98.0552ms
2021-01-04 13:11:39.799 +05:30 [INF] Request starting HTTP/2 GET https://localhost:5001/swagger/v1/swagger.json - -
2021-01-04 13:11:39.881 +05:30 [INF] Request finished HTTP/2 GET https://localhost:5001/swagger/v1/swagger.json - - - 200 - application/json;charset=utf-8 78.9062ms
2021-01-04 13:11:44.264 +05:30 [INF] Request starting HTTP/1.1 POST https://localhost:5001/Applicant text/plain 8
2021-01-04 13:11:44.295 +05:30 [INF] Executing endpoint 'Hahn.ApplicatonProcess.December2020.Web.Controllers.ApplicantController.Post (Hahn.ApplicatonProcess.December2020.Web)'
2021-01-04 13:11:44.340 +05:30 [INF] Route matched with {action = "Post", controller = "Applicant"}. Executing controller action with signature Microsoft.AspNetCore.Mvc.ActionResult Post(System.String) on controller Hahn.ApplicatonProcess.December2020.Web.Controllers.ApplicantController (Hahn.ApplicatonProcess.December2020.Web).
2021-01-04 13:11:47.383 +05:30 [INF] Executing ObjectResult, writing value of type 'Microsoft.AspNetCore.Mvc.ProblemDetails'.
2021-01-04 13:11:47.402 +05:30 [INF] Executed action Hahn.ApplicatonProcess.December2020.Web.Controllers.ApplicantController.Post (Hahn.ApplicatonProcess.December2020.Web) in 3053.7965ms
2021-01-04 13:11:47.405 +05:30 [INF] Executed endpoint 'Hahn.ApplicatonProcess.December2020.Web.Controllers.ApplicantController.Post (Hahn.ApplicatonProcess.December2020.Web)'
2021-01-04 13:11:47.410 +05:30 [INF] Request finished HTTP/1.1 POST https://localhost:5001/Applicant text/plain 8 - 415 - application/problem+json;+charset=utf-8 3145.8387ms
2021-01-04 13:12:10.055 +05:30 [INF] User profile is available. Using 'C:\Users\Karthikeyan.P\AppData\Local\ASP.NET\DataProtection-Keys' as key repository and Windows DPAPI to encrypt keys at rest.
2021-01-04 13:12:11.498 +05:30 [INF] Request starting HTTP/2 GET https://localhost:5001/swagger/index.html - -
2021-01-04 13:12:11.627 +05:30 [INF] Request finished HTTP/2 GET https://localhost:5001/swagger/index.html - - - 200 - text/html;charset=utf-8 132.0432ms
2021-01-04 13:12:11.770 +05:30 [INF] Request starting HTTP/2 GET https://localhost:5001/swagger/v1/swagger.json - -
2021-01-04 13:12:11.847 +05:30 [INF] Request finished HTTP/2 GET https://localhost:5001/swagger/v1/swagger.json - - - 200 - application/json;charset=utf-8 76.2022ms
2021-01-04 13:12:13.643 +05:30 [INF] Request starting HTTP/1.1 POST https://localhost:5001/Applicant text/plain 8
2021-01-04 13:12:13.670 +05:30 [INF] Executing endpoint 'Hahn.ApplicatonProcess.December2020.Web.Controllers.ApplicantController.Post (Hahn.ApplicatonProcess.December2020.Web)'
2021-01-04 13:12:13.703 +05:30 [INF] Route matched with {action = "Post", controller = "Applicant"}. Executing controller action with signature Microsoft.AspNetCore.Mvc.ActionResult Post(System.String) on controller Hahn.ApplicatonProcess.December2020.Web.Controllers.ApplicantController (Hahn.ApplicatonProcess.December2020.Web).
2021-01-04 13:12:19.135 +05:30 [INF] Executed action Hahn.ApplicatonProcess.December2020.Web.Controllers.ApplicantController.Post (Hahn.ApplicatonProcess.December2020.Web) in 5424.4331ms
2021-01-04 13:12:19.138 +05:30 [INF] Executed endpoint 'Hahn.ApplicatonProcess.December2020.Web.Controllers.ApplicantController.Post (Hahn.ApplicatonProcess.December2020.Web)'
2021-01-04 13:12:19.196 +05:30 [ERR] An unhandled exception has occurred while executing the request.
System.ArgumentNullException: Value cannot be null. (Parameter 'value')
   at Newtonsoft.Json.Utilities.ValidationUtils.ArgumentNotNull(Object value, String parameterName)
   at Newtonsoft.Json.JsonConvert.DeserializeObject(String value, Type type, JsonSerializerSettings settings)
   at Newtonsoft.Json.JsonConvert.DeserializeObject[T](String value, JsonSerializerSettings settings)
   at Newtonsoft.Json.JsonConvert.DeserializeObject[T](String value)
   at Hahn.ApplicatonProcess.December2020.Web.Controllers.ApplicantController.Post(String value) in C:\Users\Karthikeyan.P\Source\Repos\Hahn.ApplicatonProcess.Application\Hahn.ApplicatonProcess.December2020.Web\Controllers\ApplicantController.cs:line 34
   at lambda_method3(Closure , Object , Object[] )
   at Microsoft.AspNetCore.Mvc.Infrastructure.ActionMethodExecutor.SyncActionResultExecutor.Execute(IActionResultTypeMapper mapper, ObjectMethodExecutor executor, Object controller, Object[] arguments)
   at Microsoft.AspNetCore.Mvc.Infrastructure.ControllerActionInvoker.InvokeActionMethodAsync()
   at Microsoft.AspNetCore.Mvc.Infrastructure.ControllerActionInvoker.Next(State& next, Scope& scope, Object& state, Boolean& isCompleted)
   at Microsoft.AspNetCore.Mvc.Infrastructure.ControllerActionInvoker.InvokeNextActionFilterAsync()
--- End of stack trace from previous location ---
   at Microsoft.AspNetCore.Mvc.Infrastructure.ControllerActionInvoker.Rethrow(ActionExecutedContextSealed context)
   at Microsoft.AspNetCore.Mvc.Infrastructure.ControllerActionInvoker.Next(State& next, Scope& scope, Object& state, Boolean& isCompleted)
   at Microsoft.AspNetCore.Mvc.Infrastructure.ControllerActionInvoker.InvokeInnerFilterAsync()
--- End of stack trace from previous location ---
   at Microsoft.AspNetCore.Mvc.Infrastructure.ResourceInvoker.<InvokeNextResourceFilter>g__Awaited|24_0(ResourceInvoker invoker, Task lastTask, State next, Scope scope, Object state, Boolean isCompleted)
   at Microsoft.AspNetCore.Mvc.Infrastructure.ResourceInvoker.Rethrow(ResourceExecutedContextSealed context)
   at Microsoft.AspNetCore.Mvc.Infrastructure.ResourceInvoker.Next(State& next, Scope& scope, Object& state, Boolean& isCompleted)
   at Microsoft.AspNetCore.Mvc.Infrastructure.ResourceInvoker.InvokeFilterPipelineAsync()
--- End of stack trace from previous location ---
   at Microsoft.AspNetCore.Mvc.Infrastructure.ResourceInvoker.<InvokeAsync>g__Logged|17_1(ResourceInvoker invoker)
   at Microsoft.AspNetCore.Routing.EndpointMiddleware.<Invoke>g__AwaitRequestTask|6_0(Endpoint endpoint, Task requestTask, ILogger logger)
   at Swashbuckle.AspNetCore.SwaggerUI.SwaggerUIMiddleware.Invoke(HttpContext httpContext)
   at Swashbuckle.AspNetCore.Swagger.SwaggerMiddleware.Invoke(HttpContext httpContext, ISwaggerProvider swaggerProvider)
   at Microsoft.AspNetCore.Diagnostics.DeveloperExceptionPageMiddleware.Invoke(HttpContext context)
2021-01-04 13:12:19.212 +05:30 [INF] Request finished HTTP/1.1 POST https://localhost:5001/Applicant text/plain 8 - 500 - text/plain 5569.7091ms
2021-01-04 13:12:52.752 +05:30 [INF] User profile is available. Using 'C:\Users\Karthikeyan.P\AppData\Local\ASP.NET\DataProtection-Keys' as key repository and Windows DPAPI to encrypt keys at rest.
2021-01-04 13:12:54.103 +05:30 [INF] Request starting HTTP/2 GET https://localhost:5001/swagger/index.html - -
2021-01-04 13:12:54.203 +05:30 [INF] Request finished HTTP/2 GET https://localhost:5001/swagger/index.html - - - 200 - text/html;charset=utf-8 102.7415ms
2021-01-04 13:12:54.317 +05:30 [INF] Request starting HTTP/2 GET https://localhost:5001/swagger/v1/swagger.json - -
2021-01-04 13:12:54.402 +05:30 [INF] Request finished HTTP/2 GET https://localhost:5001/swagger/v1/swagger.json - - - 200 - application/json;charset=utf-8 85.6925ms
2021-01-04 13:12:56.705 +05:30 [INF] Request starting HTTP/1.1 POST https://localhost:5001/Applicant text/plain 8
2021-01-04 13:12:56.739 +05:30 [INF] Executing endpoint '415 HTTP Unsupported Media Type'
2021-01-04 13:12:56.742 +05:30 [INF] Executed endpoint '415 HTTP Unsupported Media Type'
2021-01-04 13:12:56.752 +05:30 [INF] Request finished HTTP/1.1 POST https://localhost:5001/Applicant text/plain 8 - 415 0 - 47.1409ms
2021-01-04 13:12:57.906 +05:30 [INF] Request starting HTTP/1.1 POST https://localhost:5001/Applicant text/plain 8
2021-01-04 13:12:57.909 +05:30 [INF] Executing endpoint '415 HTTP Unsupported Media Type'
2021-01-04 13:12:57.911 +05:30 [INF] Executed endpoint '415 HTTP Unsupported Media Type'
2021-01-04 13:12:57.913 +05:30 [INF] Request finished HTTP/1.1 POST https://localhost:5001/Applicant text/plain 8 - 415 0 - 7.2748ms
2021-01-04 13:12:58.625 +05:30 [INF] Request starting HTTP/1.1 POST https://localhost:5001/Applicant text/plain 8
2021-01-04 13:12:58.628 +05:30 [INF] Executing endpoint '415 HTTP Unsupported Media Type'
2021-01-04 13:12:58.630 +05:30 [INF] Executed endpoint '415 HTTP Unsupported Media Type'
2021-01-04 13:12:58.632 +05:30 [INF] Request finished HTTP/1.1 POST https://localhost:5001/Applicant text/plain 8 - 415 0 - 7.4597ms
2021-01-04 13:13:04.827 +05:30 [INF] Request starting HTTP/1.1 POST https://localhost:5001/Applicant application/json 8
2021-01-04 13:13:04.829 +05:30 [INF] Executing endpoint '415 HTTP Unsupported Media Type'
2021-01-04 13:13:04.831 +05:30 [INF] Executed endpoint '415 HTTP Unsupported Media Type'
2021-01-04 13:13:04.832 +05:30 [INF] Request finished HTTP/1.1 POST https://localhost:5001/Applicant application/json 8 - 415 0 - 6.7362ms
2021-01-04 13:13:14.576 +05:30 [INF] Request starting HTTP/1.1 POST https://localhost:5001/Applicant - 0
2021-01-04 13:13:14.578 +05:30 [INF] Executing endpoint 'Hahn.ApplicatonProcess.December2020.Web.Controllers.ApplicantController.Post (Hahn.ApplicatonProcess.December2020.Web)'
2021-01-04 13:13:14.609 +05:30 [INF] Route matched with {action = "Post", controller = "Applicant"}. Executing controller action with signature Microsoft.AspNetCore.Mvc.ActionResult Post(System.String) on controller Hahn.ApplicatonProcess.December2020.Web.Controllers.ApplicantController (Hahn.ApplicatonProcess.December2020.Web).
2021-01-04 13:13:48.181 +05:30 [INF] User profile is available. Using 'C:\Users\Karthikeyan.P\AppData\Local\ASP.NET\DataProtection-Keys' as key repository and Windows DPAPI to encrypt keys at rest.
2021-01-04 13:13:49.371 +05:30 [INF] Request starting HTTP/2 GET https://localhost:5001/swagger/index.html - -
2021-01-04 13:13:49.476 +05:30 [INF] Request finished HTTP/2 GET https://localhost:5001/swagger/index.html - - - 200 - text/html;charset=utf-8 106.8619ms
2021-01-04 13:13:59.605 +05:30 [INF] Request starting HTTP/2 GET https://localhost:5001/swagger/v1/swagger.json - -
2021-01-04 13:13:59.685 +05:30 [INF] Request finished HTTP/2 GET https://localhost:5001/swagger/v1/swagger.json - - - 200 - application/json;charset=utf-8 74.7844ms
2021-01-04 13:14:11.834 +05:30 [INF] Request starting HTTP/1.1 POST https://localhost:5001/Applicant application/x-www-form-urlencoded 11
2021-01-04 13:14:11.868 +05:30 [INF] Executing endpoint 'Hahn.ApplicatonProcess.December2020.Web.Controllers.ApplicantController.Post (Hahn.ApplicatonProcess.December2020.Web)'
2021-01-04 13:14:11.903 +05:30 [INF] Route matched with {action = "Post", controller = "Applicant"}. Executing controller action with signature Microsoft.AspNetCore.Mvc.ActionResult Post(System.String) on controller Hahn.ApplicatonProcess.December2020.Web.Controllers.ApplicantController (Hahn.ApplicatonProcess.December2020.Web).
2021-01-04 13:14:22.270 +05:30 [INF] Executed action Hahn.ApplicatonProcess.December2020.Web.Controllers.ApplicantController.Post (Hahn.ApplicatonProcess.December2020.Web) in 10357.1245ms
2021-01-04 13:14:22.274 +05:30 [INF] Executed endpoint 'Hahn.ApplicatonProcess.December2020.Web.Controllers.ApplicantController.Post (Hahn.ApplicatonProcess.December2020.Web)'
2021-01-04 13:14:22.334 +05:30 [ERR] An unhandled exception has occurred while executing the request.
Newtonsoft.Json.JsonReaderException: Unexpected character encountered while parsing value: d. Path '', line 0, position 0.
   at Newtonsoft.Json.JsonTextReader.ParseValue()
   at Newtonsoft.Json.JsonReader.ReadAndMoveToContent()
   at Newtonsoft.Json.JsonReader.ReadForType(JsonContract contract, Boolean hasConverter)
   at Newtonsoft.Json.Serialization.JsonSerializerInternalReader.Deserialize(JsonReader reader, Type objectType, Boolean checkAdditionalContent)
   at Newtonsoft.Json.JsonSerializer.DeserializeInternal(JsonReader reader, Type objectType)
   at Newtonsoft.Json.JsonSerializer.Deserialize(JsonReader reader, Type objectType)
   at Newtonsoft.Json.JsonConvert.DeserializeObject(String value, Type type, JsonSerializerSettings settings)
   at Newtonsoft.Json.JsonConvert.DeserializeObject[T](String value, JsonSerializerSettings settings)
   at Newtonsoft.Json.JsonConvert.DeserializeObject[T](String value)
   at Hahn.ApplicatonProcess.December2020.Web.Controllers.ApplicantController.Post(String value) in C:\Users\Karthikeyan.P\Source\Repos\Hahn.ApplicatonProcess.Application\Hahn.ApplicatonProcess.December2020.Web\Controllers\ApplicantController.cs:line 35
   at lambda_method3(Closure , Object , Object[] )
   at Microsoft.AspNetCore.Mvc.Infrastructure.ActionMethodExecutor.SyncActionResultExecutor.Execute(IActionResultTypeMapper mapper, ObjectMethodExecutor executor, Object controller, Object[] arguments)
   at Microsoft.AspNetCore.Mvc.Infrastructure.ControllerActionInvoker.InvokeActionMethodAsync()
   at Microsoft.AspNetCore.Mvc.Infrastructure.ControllerActionInvoker.Next(State& next, Scope& scope, Object& state, Boolean& isCompleted)
   at Microsoft.AspNetCore.Mvc.Infrastructure.ControllerActionInvoker.InvokeNextActionFilterAsync()
--- End of stack trace from previous location ---
   at Microsoft.AspNetCore.Mvc.Infrastructure.ControllerActionInvoker.Rethrow(ActionExecutedContextSealed context)
   at Microsoft.AspNetCore.Mvc.Infrastructure.ControllerActionInvoker.Next(State& next, Scope& scope, Object& state, Boolean& isCompleted)
   at Microsoft.AspNetCore.Mvc.Infrastructure.ControllerActionInvoker.InvokeInnerFilterAsync()
--- End of stack trace from previous location ---
   at Microsoft.AspNetCore.Mvc.Infrastructure.ResourceInvoker.<InvokeNextResourceFilter>g__Awaited|24_0(ResourceInvoker invoker, Task lastTask, State next, Scope scope, Object state, Boolean isCompleted)
   at Microsoft.AspNetCore.Mvc.Infrastructure.ResourceInvoker.Rethrow(ResourceExecutedContextSealed context)
   at Microsoft.AspNetCore.Mvc.Infrastructure.ResourceInvoker.Next(State& next, Scope& scope, Object& state, Boolean& isCompleted)
   at Microsoft.AspNetCore.Mvc.Infrastructure.ResourceInvoker.InvokeFilterPipelineAsync()
--- End of stack trace from previous location ---
   at Microsoft.AspNetCore.Mvc.Infrastructure.ResourceInvoker.<InvokeAsync>g__Logged|17_1(ResourceInvoker invoker)
   at Microsoft.AspNetCore.Routing.EndpointMiddleware.<Invoke>g__AwaitRequestTask|6_0(Endpoint endpoint, Task requestTask, ILogger logger)
   at Swashbuckle.AspNetCore.SwaggerUI.SwaggerUIMiddleware.Invoke(HttpContext httpContext)
   at Swashbuckle.AspNetCore.Swagger.SwaggerMiddleware.Invoke(HttpContext httpContext, ISwaggerProvider swaggerProvider)
   at Microsoft.AspNetCore.Diagnostics.DeveloperExceptionPageMiddleware.Invoke(HttpContext context)
2021-01-04 13:14:22.350 +05:30 [INF] Request finished HTTP/1.1 POST https://localhost:5001/Applicant application/x-www-form-urlencoded 11 - 500 - text/plain 10516.5133ms
2021-01-04 13:14:58.440 +05:30 [INF] Request starting HTTP/2 POST https://localhost:5001/Applicant text/plain;charset=UTF-8 9
2021-01-04 13:14:58.446 +05:30 [INF] CORS policy execution successful.
2021-01-04 13:14:58.448 +05:30 [INF] Executing endpoint '415 HTTP Unsupported Media Type'
2021-01-04 13:14:58.451 +05:30 [INF] Executed endpoint '415 HTTP Unsupported Media Type'
2021-01-04 13:14:58.454 +05:30 [INF] Request finished HTTP/2 POST https://localhost:5001/Applicant text/plain;charset=UTF-8 9 - 415 0 - 14.2698ms
2021-01-04 13:15:06.994 +05:30 [INF] Request starting HTTP/2 POST https://localhost:5001/Applicant text/plain;charset=UTF-8 9
2021-01-04 13:15:06.997 +05:30 [INF] CORS policy execution successful.
2021-01-04 13:15:06.999 +05:30 [INF] Executing endpoint '415 HTTP Unsupported Media Type'
2021-01-04 13:15:07.001 +05:30 [INF] Executed endpoint '415 HTTP Unsupported Media Type'
2021-01-04 13:15:07.005 +05:30 [INF] Request finished HTTP/2 POST https://localhost:5001/Applicant text/plain;charset=UTF-8 9 - 415 0 - 11.7443ms
2021-01-04 13:15:14.174 +05:30 [INF] Request starting HTTP/2 POST https://localhost:5001/Applicant text/plain;charset=UTF-8 9
2021-01-04 13:15:14.177 +05:30 [INF] CORS policy execution successful.
2021-01-04 13:15:14.179 +05:30 [INF] Executing endpoint '415 HTTP Unsupported Media Type'
2021-01-04 13:15:14.181 +05:30 [INF] Executed endpoint '415 HTTP Unsupported Media Type'
2021-01-04 13:15:14.183 +05:30 [INF] Request finished HTTP/2 POST https://localhost:5001/Applicant text/plain;charset=UTF-8 9 - 415 0 - 9.2753ms
2021-01-04 13:16:51.756 +05:30 [INF] Request starting HTTP/2 POST https://localhost:5001/Applicant application/x-www-form-urlencoded 9
2021-01-04 13:16:51.758 +05:30 [INF] CORS policy execution successful.
2021-01-04 13:16:51.761 +05:30 [INF] Executing endpoint 'Hahn.ApplicatonProcess.December2020.Web.Controllers.ApplicantController.Post (Hahn.ApplicatonProcess.December2020.Web)'
2021-01-04 13:16:51.764 +05:30 [INF] Route matched with {action = "Post", controller = "Applicant"}. Executing controller action with signature Microsoft.AspNetCore.Mvc.ActionResult Post(System.String) on controller Hahn.ApplicatonProcess.December2020.Web.Controllers.ApplicantController (Hahn.ApplicatonProcess.December2020.Web).
2021-01-04 13:17:15.881 +05:30 [INF] Executed action Hahn.ApplicatonProcess.December2020.Web.Controllers.ApplicantController.Post (Hahn.ApplicatonProcess.December2020.Web) in 24114.5316ms
2021-01-04 13:17:15.884 +05:30 [INF] Executed endpoint 'Hahn.ApplicatonProcess.December2020.Web.Controllers.ApplicantController.Post (Hahn.ApplicatonProcess.December2020.Web)'
2021-01-04 13:17:15.887 +05:30 [ERR] An unhandled exception has occurred while executing the request.
System.ArgumentNullException: Value cannot be null. (Parameter 'value')
   at Newtonsoft.Json.Utilities.ValidationUtils.ArgumentNotNull(Object value, String parameterName)
   at Newtonsoft.Json.JsonConvert.DeserializeObject(String value, Type type, JsonSerializerSettings settings)
   at Newtonsoft.Json.JsonConvert.DeserializeObject[T](String value, JsonSerializerSettings settings)
   at Newtonsoft.Json.JsonConvert.DeserializeObject[T](String value)
   at Hahn.ApplicatonProcess.December2020.Web.Controllers.ApplicantController.Post(String value) in C:\Users\Karthikeyan.P\Source\Repos\Hahn.ApplicatonProcess.Application\Hahn.ApplicatonProcess.December2020.Web\Controllers\ApplicantController.cs:line 35
   at lambda_method3(Closure , Object , Object[] )
   at Microsoft.AspNetCore.Mvc.Infrastructure.ActionMethodExecutor.SyncActionResultExecutor.Execute(IActionResultTypeMapper mapper, ObjectMethodExecutor executor, Object controller, Object[] arguments)
   at Microsoft.AspNetCore.Mvc.Infrastructure.ControllerActionInvoker.InvokeActionMethodAsync()
   at Microsoft.AspNetCore.Mvc.Infrastructure.ControllerActionInvoker.Next(State& next, Scope& scope, Object& state, Boolean& isCompleted)
   at Microsoft.AspNetCore.Mvc.Infrastructure.ControllerActionInvoker.InvokeNextActionFilterAsync()
--- End of stack trace from previous location ---
   at Microsoft.AspNetCore.Mvc.Infrastructure.ControllerActionInvoker.Rethrow(ActionExecutedContextSealed context)
   at Microsoft.AspNetCore.Mvc.Infrastructure.ControllerActionInvoker.Next(State& next, Scope& scope, Object& state, Boolean& isCompleted)
   at Microsoft.AspNetCore.Mvc.Infrastructure.ControllerActionInvoker.InvokeInnerFilterAsync()
--- End of stack trace from previous location ---
   at Microsoft.AspNetCore.Mvc.Infrastructure.ResourceInvoker.<InvokeNextResourceFilter>g__Awaited|24_0(ResourceInvoker invoker, Task lastTask, State next, Scope scope, Object state, Boolean isCompleted)
   at Microsoft.AspNetCore.Mvc.Infrastructure.ResourceInvoker.Rethrow(ResourceExecutedContextSealed context)
   at Microsoft.AspNetCore.Mvc.Infrastructure.ResourceInvoker.Next(State& next, Scope& scope, Object& state, Boolean& isCompleted)
   at Microsoft.AspNetCore.Mvc.Infrastructure.ResourceInvoker.InvokeFilterPipelineAsync()
--- End of stack trace from previous location ---
   at Microsoft.AspNetCore.Mvc.Infrastructure.ResourceInvoker.<InvokeAsync>g__Logged|17_1(ResourceInvoker invoker)
   at Microsoft.AspNetCore.Routing.EndpointMiddleware.<Invoke>g__AwaitRequestTask|6_0(Endpoint endpoint, Task requestTask, ILogger logger)
   at Swashbuckle.AspNetCore.SwaggerUI.SwaggerUIMiddleware.Invoke(HttpContext httpContext)
   at Swashbuckle.AspNetCore.Swagger.SwaggerMiddleware.Invoke(HttpContext httpContext, ISwaggerProvider swaggerProvider)
   at Microsoft.AspNetCore.Diagnostics.DeveloperExceptionPageMiddleware.Invoke(HttpContext context)
2021-01-04 13:17:15.891 +05:30 [INF] Request finished HTTP/2 POST https://localhost:5001/Applicant application/x-www-form-urlencoded 9 - 500 - text/plain 24134.2001ms
2021-01-04 13:17:56.735 +05:30 [INF] Request starting HTTP/2 POST https://localhost:5001/Applicant application/x-www-form-urlencoded 21
2021-01-04 13:17:56.737 +05:30 [INF] CORS policy execution successful.
2021-01-04 13:17:56.739 +05:30 [INF] Executing endpoint 'Hahn.ApplicatonProcess.December2020.Web.Controllers.ApplicantController.Post (Hahn.ApplicatonProcess.December2020.Web)'
2021-01-04 13:17:56.742 +05:30 [INF] Route matched with {action = "Post", controller = "Applicant"}. Executing controller action with signature Microsoft.AspNetCore.Mvc.ActionResult Post(System.String) on controller Hahn.ApplicatonProcess.December2020.Web.Controllers.ApplicantController (Hahn.ApplicatonProcess.December2020.Web).
2021-01-04 13:24:14.170 +05:30 [INF] User profile is available. Using 'C:\Users\Karthikeyan.P\AppData\Local\ASP.NET\DataProtection-Keys' as key repository and Windows DPAPI to encrypt keys at rest.
2021-01-04 13:24:15.479 +05:30 [INF] Request starting HTTP/2 GET https://localhost:5001/swagger/index.html - -
2021-01-04 13:24:15.575 +05:30 [INF] Request finished HTTP/2 GET https://localhost:5001/swagger/index.html - - - 200 - text/html;charset=utf-8 100.9456ms
2021-01-04 13:24:15.716 +05:30 [INF] Request starting HTTP/2 GET https://localhost:5001/swagger/v1/swagger.json - -
2021-01-04 13:24:15.812 +05:30 [INF] Request finished HTTP/2 GET https://localhost:5001/swagger/v1/swagger.json - - - 200 - application/json;charset=utf-8 93.5219ms
2021-01-04 13:24:19.273 +05:30 [INF] Request starting HTTP/2 POST https://localhost:5001/Applicant application/x-www-form-urlencoded 13
2021-01-04 13:24:19.284 +05:30 [INF] CORS policy execution successful.
2021-01-04 13:24:19.321 +05:30 [INF] Executing endpoint 'Hahn.ApplicatonProcess.December2020.Web.Controllers.ApplicantController.Post (Hahn.ApplicatonProcess.December2020.Web)'
2021-01-04 13:24:19.357 +05:30 [INF] Route matched with {action = "Post", controller = "Applicant"}. Executing controller action with signature Microsoft.AspNetCore.Mvc.ActionResult Post(System.String) on controller Hahn.ApplicatonProcess.December2020.Web.Controllers.ApplicantController (Hahn.ApplicatonProcess.December2020.Web).
2021-01-04 13:25:39.916 +05:30 [INF] User profile is available. Using 'C:\Users\Karthikeyan.P\AppData\Local\ASP.NET\DataProtection-Keys' as key repository and Windows DPAPI to encrypt keys at rest.
2021-01-04 13:25:41.140 +05:30 [INF] Request starting HTTP/2 GET https://localhost:5001/swagger/index.html - -
2021-01-04 13:25:41.235 +05:30 [INF] Request finished HTTP/2 GET https://localhost:5001/swagger/index.html - - - 200 - text/html;charset=utf-8 97.7406ms
2021-01-04 13:25:41.411 +05:30 [INF] Request starting HTTP/2 GET https://localhost:5001/swagger/v1/swagger.json - -
2021-01-04 13:25:41.498 +05:30 [INF] Request finished HTTP/2 GET https://localhost:5001/swagger/v1/swagger.json - - - 200 - application/json;charset=utf-8 87.8613ms
2021-01-04 13:25:55.290 +05:30 [INF] Request starting HTTP/2 POST https://localhost:5001/Applicant application/x-www-form-urlencoded 146
2021-01-04 13:25:55.301 +05:30 [INF] CORS policy execution successful.
2021-01-04 13:25:55.344 +05:30 [INF] Executing endpoint 'Hahn.ApplicatonProcess.December2020.Web.Controllers.ApplicantController.Post (Hahn.ApplicatonProcess.December2020.Web)'
2021-01-04 13:25:55.383 +05:30 [INF] Route matched with {action = "Post", controller = "Applicant"}. Executing controller action with signature Microsoft.AspNetCore.Mvc.ActionResult Post(System.String) on controller Hahn.ApplicatonProcess.December2020.Web.Controllers.ApplicantController (Hahn.ApplicatonProcess.December2020.Web).
