2021-01-04 13:26:47.092 +05:30 [INF] User profile is available. Using 'C:\Users\Karthikeyan.P\AppData\Local\ASP.NET\DataProtection-Keys' as key repository and Windows DPAPI to encrypt keys at rest.
2021-01-04 13:26:48.431 +05:30 [INF] Request starting HTTP/2 GET https://localhost:5001/swagger/index.html - -
2021-01-04 13:26:48.541 +05:30 [INF] Request finished HTTP/2 GET https://localhost:5001/swagger/index.html - - - 200 - text/html;charset=utf-8 115.1419ms
2021-01-04 13:26:48.664 +05:30 [INF] Request starting HTTP/2 GET https://localhost:5001/swagger/v1/swagger.json - -
2021-01-04 13:26:48.772 +05:30 [INF] Request finished HTTP/2 GET https://localhost:5001/swagger/v1/swagger.json - - - 200 - application/json;charset=utf-8 105.6635ms
2021-01-04 13:26:52.284 +05:30 [INF] Request starting HTTP/2 POST https://localhost:5001/Applicant application/x-www-form-urlencoded 155
2021-01-04 13:26:52.292 +05:30 [INF] CORS policy execution successful.
2021-01-04 13:26:52.335 +05:30 [INF] Executing endpoint 'Hahn.ApplicatonProcess.December2020.Web.Controllers.ApplicantController.Post (Hahn.ApplicatonProcess.December2020.Web)'
2021-01-04 13:26:52.367 +05:30 [INF] Route matched with {action = "Post", controller = "Applicant"}. Executing controller action with signature Microsoft.AspNetCore.Mvc.ActionResult Post(System.String) on controller Hahn.ApplicatonProcess.December2020.Web.Controllers.ApplicantController (Hahn.ApplicatonProcess.December2020.Web).
2021-01-04 13:27:03.295 +05:30 [INF] Entity Framework Core 5.0.1 initialized 'ApplicationDbContext' using provider 'Microsoft.EntityFrameworkCore.InMemory' with options: StoreName=ApplicantManager 
2021-01-04 13:27:03.399 +05:30 [INF] Saved 1 entities to in-memory store.
2021-01-04 13:27:03.413 +05:30 [INF] Executing OkObjectResult, writing value of type 'Hahn.ApplicatonProcess.December2020.Domain.Application.Dto.Response.Response`1[[Hahn.ApplicatonProcess.December2020.Domain.Application.Dto.Model.AddResponse, Hahn.ApplicatonProcess.December2020.Domain, Version=1.0.0.0, Culture=neutral, PublicKeyToken=null]]'.
2021-01-04 13:27:03.427 +05:30 [INF] Executed action Hahn.ApplicatonProcess.December2020.Web.Controllers.ApplicantController.Post (Hahn.ApplicatonProcess.December2020.Web) in 11052.5016ms
2021-01-04 13:27:03.431 +05:30 [INF] Executed endpoint 'Hahn.ApplicatonProcess.December2020.Web.Controllers.ApplicantController.Post (Hahn.ApplicatonProcess.December2020.Web)'
2021-01-04 13:27:03.435 +05:30 [INF] Request finished HTTP/2 POST https://localhost:5001/Applicant application/x-www-form-urlencoded 155 - 200 - application/json;+charset=utf-8 11150.3062ms
2021-01-04 13:27:33.736 +05:30 [INF] Request starting HTTP/2 POST https://localhost:5001/Applicant application/x-www-form-urlencoded 155
2021-01-04 13:27:33.739 +05:30 [INF] CORS policy execution successful.
2021-01-04 13:27:33.741 +05:30 [INF] Executing endpoint 'Hahn.ApplicatonProcess.December2020.Web.Controllers.ApplicantController.Post (Hahn.ApplicatonProcess.December2020.Web)'
2021-01-04 13:27:33.744 +05:30 [INF] Route matched with {action = "Post", controller = "Applicant"}. Executing controller action with signature Microsoft.AspNetCore.Mvc.ActionResult Post(System.String) on controller Hahn.ApplicatonProcess.December2020.Web.Controllers.ApplicantController (Hahn.ApplicatonProcess.December2020.Web).
2021-01-04 13:27:37.220 +05:30 [INF] Entity Framework Core 5.0.1 initialized 'ApplicationDbContext' using provider 'Microsoft.EntityFrameworkCore.InMemory' with options: StoreName=ApplicantManager 
2021-01-04 13:27:37.224 +05:30 [INF] Saved 1 entities to in-memory store.
2021-01-04 13:27:37.227 +05:30 [INF] Executing OkObjectResult, writing value of type 'Hahn.ApplicatonProcess.December2020.Domain.Application.Dto.Response.Response`1[[Hahn.ApplicatonProcess.December2020.Domain.Application.Dto.Model.AddResponse, Hahn.ApplicatonProcess.December2020.Domain, Version=1.0.0.0, Culture=neutral, PublicKeyToken=null]]'.
2021-01-04 13:27:37.231 +05:30 [INF] Executed action Hahn.ApplicatonProcess.December2020.Web.Controllers.ApplicantController.Post (Hahn.ApplicatonProcess.December2020.Web) in 3483.7091ms
2021-01-04 13:27:37.234 +05:30 [INF] Executed endpoint 'Hahn.ApplicatonProcess.December2020.Web.Controllers.ApplicantController.Post (Hahn.ApplicatonProcess.December2020.Web)'
2021-01-04 13:27:37.237 +05:30 [INF] Request finished HTTP/2 POST https://localhost:5001/Applicant application/x-www-form-urlencoded 155 - 200 - application/json;+charset=utf-8 3500.1888ms
2021-01-04 13:28:17.998 +05:30 [INF] Request starting HTTP/1.1 POST https://localhost:5001/Applicant application/x-www-form-urlencoded 11
2021-01-04 13:28:18.000 +05:30 [INF] Executing endpoint 'Hahn.ApplicatonProcess.December2020.Web.Controllers.ApplicantController.Post (Hahn.ApplicatonProcess.December2020.Web)'
2021-01-04 13:28:18.002 +05:30 [INF] Route matched with {action = "Post", controller = "Applicant"}. Executing controller action with signature Microsoft.AspNetCore.Mvc.ActionResult Post(System.String) on controller Hahn.ApplicatonProcess.December2020.Web.Controllers.ApplicantController (Hahn.ApplicatonProcess.December2020.Web).
2021-01-04 13:28:20.691 +05:30 [INF] Executed action Hahn.ApplicatonProcess.December2020.Web.Controllers.ApplicantController.Post (Hahn.ApplicatonProcess.December2020.Web) in 2686.2324ms
2021-01-04 13:28:20.694 +05:30 [INF] Executed endpoint 'Hahn.ApplicatonProcess.December2020.Web.Controllers.ApplicantController.Post (Hahn.ApplicatonProcess.December2020.Web)'
2021-01-04 13:28:20.749 +05:30 [ERR] An unhandled exception has occurred while executing the request.
Newtonsoft.Json.JsonReaderException: Unexpected character encountered while parsing value: d. Path '', line 0, position 0.
   at Newtonsoft.Json.JsonTextReader.ParseValue()
   at Newtonsoft.Json.JsonReader.ReadAndMoveToContent()
   at Newtonsoft.Json.JsonReader.ReadForType(JsonContract contract, Boolean hasConverter)
   at Newtonsoft.Json.Serialization.JsonSerializerInternalReader.Deserialize(JsonReader reader, Type objectType, Boolean checkAdditionalContent)
   at Newtonsoft.Json.JsonSerializer.DeserializeInternal(JsonReader reader, Type objectType)
   at Newtonsoft.Json.JsonSerializer.Deserialize(JsonReader reader, Type objectType)
   at Newtonsoft.Json.JsonConvert.DeserializeObject(String value, Type type, JsonSerializerSettings settings)
   at Newtonsoft.Json.JsonConvert.DeserializeObject[T](String value, JsonSerializerSettings settings)
   at Newtonsoft.Json.JsonConvert.DeserializeObject[T](String value)
   at Hahn.ApplicatonProcess.December2020.Web.Controllers.ApplicantController.Post(String value) in C:\Users\Karthikeyan.P\Source\Repos\Hahn.ApplicatonProcess.Application\Hahn.ApplicatonProcess.December2020.Web\Controllers\ApplicantController.cs:line 35
   at lambda_method3(Closure , Object , Object[] )
   at Microsoft.AspNetCore.Mvc.Infrastructure.ActionMethodExecutor.SyncActionResultExecutor.Execute(IActionResultTypeMapper mapper, ObjectMethodExecutor executor, Object controller, Object[] arguments)
   at Microsoft.AspNetCore.Mvc.Infrastructure.ControllerActionInvoker.InvokeActionMethodAsync()
   at Microsoft.AspNetCore.Mvc.Infrastructure.ControllerActionInvoker.Next(State& next, Scope& scope, Object& state, Boolean& isCompleted)
   at Microsoft.AspNetCore.Mvc.Infrastructure.ControllerActionInvoker.InvokeNextActionFilterAsync()
--- End of stack trace from previous location ---
   at Microsoft.AspNetCore.Mvc.Infrastructure.ControllerActionInvoker.Rethrow(ActionExecutedContextSealed context)
   at Microsoft.AspNetCore.Mvc.Infrastructure.ControllerActionInvoker.Next(State& next, Scope& scope, Object& state, Boolean& isCompleted)
   at Microsoft.AspNetCore.Mvc.Infrastructure.ControllerActionInvoker.InvokeInnerFilterAsync()
--- End of stack trace from previous location ---
   at Microsoft.AspNetCore.Mvc.Infrastructure.ResourceInvoker.<InvokeNextResourceFilter>g__Awaited|24_0(ResourceInvoker invoker, Task lastTask, State next, Scope scope, Object state, Boolean isCompleted)
   at Microsoft.AspNetCore.Mvc.Infrastructure.ResourceInvoker.Rethrow(ResourceExecutedContextSealed context)
   at Microsoft.AspNetCore.Mvc.Infrastructure.ResourceInvoker.Next(State& next, Scope& scope, Object& state, Boolean& isCompleted)
   at Microsoft.AspNetCore.Mvc.Infrastructure.ResourceInvoker.InvokeFilterPipelineAsync()
--- End of stack trace from previous location ---
   at Microsoft.AspNetCore.Mvc.Infrastructure.ResourceInvoker.<InvokeAsync>g__Logged|17_1(ResourceInvoker invoker)
   at Microsoft.AspNetCore.Routing.EndpointMiddleware.<Invoke>g__AwaitRequestTask|6_0(Endpoint endpoint, Task requestTask, ILogger logger)
   at Swashbuckle.AspNetCore.SwaggerUI.SwaggerUIMiddleware.Invoke(HttpContext httpContext)
   at Swashbuckle.AspNetCore.Swagger.SwaggerMiddleware.Invoke(HttpContext httpContext, ISwaggerProvider swaggerProvider)
   at Microsoft.AspNetCore.Diagnostics.DeveloperExceptionPageMiddleware.Invoke(HttpContext context)
2021-01-04 13:28:20.766 +05:30 [INF] Request finished HTTP/1.1 POST https://localhost:5001/Applicant application/x-www-form-urlencoded 11 - 500 - text/plain 2766.4447ms
2021-01-04 13:28:37.719 +05:30 [INF] Request starting HTTP/1.1 POST https://localhost:5001/Applicant application/x-www-form-urlencoded 237
2021-01-04 13:28:37.721 +05:30 [INF] Executing endpoint 'Hahn.ApplicatonProcess.December2020.Web.Controllers.ApplicantController.Post (Hahn.ApplicatonProcess.December2020.Web)'
2021-01-04 13:28:37.724 +05:30 [INF] Route matched with {action = "Post", controller = "Applicant"}. Executing controller action with signature Microsoft.AspNetCore.Mvc.ActionResult Post(System.String) on controller Hahn.ApplicatonProcess.December2020.Web.Controllers.ApplicantController (Hahn.ApplicatonProcess.December2020.Web).
2021-01-04 13:28:40.225 +05:30 [INF] Entity Framework Core 5.0.1 initialized 'ApplicationDbContext' using provider 'Microsoft.EntityFrameworkCore.InMemory' with options: StoreName=ApplicantManager 
2021-01-04 13:28:40.229 +05:30 [INF] Saved 1 entities to in-memory store.
2021-01-04 13:28:40.232 +05:30 [INF] Executing OkObjectResult, writing value of type 'Hahn.ApplicatonProcess.December2020.Domain.Application.Dto.Response.Response`1[[Hahn.ApplicatonProcess.December2020.Domain.Application.Dto.Model.AddResponse, Hahn.ApplicatonProcess.December2020.Domain, Version=1.0.0.0, Culture=neutral, PublicKeyToken=null]]'.
2021-01-04 13:28:40.235 +05:30 [INF] Executed action Hahn.ApplicatonProcess.December2020.Web.Controllers.ApplicantController.Post (Hahn.ApplicatonProcess.December2020.Web) in 2508.481ms
2021-01-04 13:28:40.237 +05:30 [INF] Executed endpoint 'Hahn.ApplicatonProcess.December2020.Web.Controllers.ApplicantController.Post (Hahn.ApplicatonProcess.December2020.Web)'
2021-01-04 13:28:40.239 +05:30 [INF] Request finished HTTP/1.1 POST https://localhost:5001/Applicant application/x-www-form-urlencoded 237 - 200 - application/json;+charset=utf-8 2520.5826ms
2021-01-04 13:30:58.118 +05:30 [INF] Request starting HTTP/2 POST https://localhost:5001/Applicant application/x-www-form-urlencoded 155
2021-01-04 13:30:58.122 +05:30 [INF] CORS policy execution successful.
2021-01-04 13:30:58.124 +05:30 [INF] Executing endpoint 'Hahn.ApplicatonProcess.December2020.Web.Controllers.ApplicantController.Post (Hahn.ApplicatonProcess.December2020.Web)'
2021-01-04 13:30:58.127 +05:30 [INF] Route matched with {action = "Post", controller = "Applicant"}. Executing controller action with signature Microsoft.AspNetCore.Mvc.ActionResult Post(System.String) on controller Hahn.ApplicatonProcess.December2020.Web.Controllers.ApplicantController (Hahn.ApplicatonProcess.December2020.Web).
2021-01-04 13:31:05.718 +05:30 [INF] Entity Framework Core 5.0.1 initialized 'ApplicationDbContext' using provider 'Microsoft.EntityFrameworkCore.InMemory' with options: StoreName=ApplicantManager 
2021-01-04 13:31:05.722 +05:30 [INF] Saved 1 entities to in-memory store.
2021-01-04 13:31:14.199 +05:30 [INF] Executing OkObjectResult, writing value of type 'Hahn.ApplicatonProcess.December2020.Domain.Application.Dto.Response.Response`1[[Hahn.ApplicatonProcess.December2020.Domain.Application.Dto.Model.AddResponse, Hahn.ApplicatonProcess.December2020.Domain, Version=1.0.0.0, Culture=neutral, PublicKeyToken=null]]'.
2021-01-04 13:31:14.208 +05:30 [INF] Executed action Hahn.ApplicatonProcess.December2020.Web.Controllers.ApplicantController.Post (Hahn.ApplicatonProcess.December2020.Web) in 16071.6866ms
2021-01-04 13:31:14.211 +05:30 [INF] Executed endpoint 'Hahn.ApplicatonProcess.December2020.Web.Controllers.ApplicantController.Post (Hahn.ApplicatonProcess.December2020.Web)'
2021-01-04 13:31:14.214 +05:30 [INF] Request finished HTTP/2 POST https://localhost:5001/Applicant application/x-www-form-urlencoded 155 - 200 - application/json;+charset=utf-8 16096.4302ms
2021-01-04 13:32:53.076 +05:30 [INF] Request starting HTTP/2 POST https://localhost:5001/Applicant application/x-www-form-urlencoded 155
2021-01-04 13:32:53.078 +05:30 [INF] CORS policy execution successful.
2021-01-04 13:32:53.080 +05:30 [INF] Executing endpoint 'Hahn.ApplicatonProcess.December2020.Web.Controllers.ApplicantController.Post (Hahn.ApplicatonProcess.December2020.Web)'
2021-01-04 13:32:53.083 +05:30 [INF] Route matched with {action = "Post", controller = "Applicant"}. Executing controller action with signature Microsoft.AspNetCore.Mvc.ActionResult Post(System.String) on controller Hahn.ApplicatonProcess.December2020.Web.Controllers.ApplicantController (Hahn.ApplicatonProcess.December2020.Web).
2021-01-04 13:32:59.134 +05:30 [INF] Entity Framework Core 5.0.1 initialized 'ApplicationDbContext' using provider 'Microsoft.EntityFrameworkCore.InMemory' with options: StoreName=ApplicantManager 
2021-01-04 13:32:59.136 +05:30 [INF] Saved 1 entities to in-memory store.
2021-01-04 13:32:59.138 +05:30 [INF] Executing OkObjectResult, writing value of type 'Hahn.ApplicatonProcess.December2020.Domain.Application.Dto.Response.Response`1[[Hahn.ApplicatonProcess.December2020.Domain.Application.Dto.Model.AddResponse, Hahn.ApplicatonProcess.December2020.Domain, Version=1.0.0.0, Culture=neutral, PublicKeyToken=null]]'.
2021-01-04 13:32:59.140 +05:30 [INF] Executed action Hahn.ApplicatonProcess.December2020.Web.Controllers.ApplicantController.Post (Hahn.ApplicatonProcess.December2020.Web) in 6055.4324ms
2021-01-04 13:32:59.141 +05:30 [INF] Executed endpoint 'Hahn.ApplicatonProcess.December2020.Web.Controllers.ApplicantController.Post (Hahn.ApplicatonProcess.December2020.Web)'
2021-01-04 13:32:59.144 +05:30 [INF] Request finished HTTP/2 POST https://localhost:5001/Applicant application/x-www-form-urlencoded 155 - 200 - application/json;+charset=utf-8 6068.5915ms
2021-01-04 13:35:56.221 +05:30 [INF] User profile is available. Using 'C:\Users\Karthikeyan.P\AppData\Local\ASP.NET\DataProtection-Keys' as key repository and Windows DPAPI to encrypt keys at rest.
2021-01-04 13:35:57.482 +05:30 [INF] Request starting HTTP/2 GET https://localhost:5001/swagger/index.html - -
2021-01-04 13:35:57.582 +05:30 [INF] Request finished HTTP/2 GET https://localhost:5001/swagger/index.html - - - 200 - text/html;charset=utf-8 106.7648ms
2021-01-04 13:35:57.692 +05:30 [INF] Request starting HTTP/2 GET https://localhost:5001/swagger/v1/swagger.json - -
2021-01-04 13:35:57.769 +05:30 [INF] Request finished HTTP/2 GET https://localhost:5001/swagger/v1/swagger.json - - - 200 - application/json;charset=utf-8 77.1543ms
2021-01-04 13:35:59.906 +05:30 [INF] Request starting HTTP/1.1 POST https://localhost:5001/Applicant application/x-www-form-urlencoded 237
2021-01-04 13:35:59.942 +05:30 [INF] Executing endpoint 'Hahn.ApplicatonProcess.December2020.Web.Controllers.ApplicantController.Post (Hahn.ApplicatonProcess.December2020.Web)'
2021-01-04 13:35:59.975 +05:30 [INF] Route matched with {action = "Post", controller = "Applicant"}. Executing controller action with signature Microsoft.AspNetCore.Mvc.ActionResult Post(System.String) on controller Hahn.ApplicatonProcess.December2020.Web.Controllers.ApplicantController (Hahn.ApplicatonProcess.December2020.Web).
2021-01-04 13:36:03.037 +05:30 [INF] Entity Framework Core 5.0.1 initialized 'ApplicationDbContext' using provider 'Microsoft.EntityFrameworkCore.InMemory' with options: StoreName=ApplicantManager 
2021-01-04 13:36:03.146 +05:30 [INF] Saved 1 entities to in-memory store.
2021-01-04 13:36:03.167 +05:30 [INF] Executing CreatedAtActionResult, writing value of type 'Hahn.ApplicatonProcess.December2020.Domain.Application.Dto.Response.Response`1[[Hahn.ApplicatonProcess.December2020.Domain.Application.Dto.Model.AddResponse, Hahn.ApplicatonProcess.December2020.Domain, Version=1.0.0.0, Culture=neutral, PublicKeyToken=null]]'.
2021-01-04 13:36:03.223 +05:30 [INF] Executed action Hahn.ApplicatonProcess.December2020.Web.Controllers.ApplicantController.Post (Hahn.ApplicatonProcess.December2020.Web) in 3239.5457ms
2021-01-04 13:36:03.226 +05:30 [INF] Executed endpoint 'Hahn.ApplicatonProcess.December2020.Web.Controllers.ApplicantController.Post (Hahn.ApplicatonProcess.December2020.Web)'
2021-01-04 13:36:03.231 +05:30 [INF] Request finished HTTP/1.1 POST https://localhost:5001/Applicant application/x-www-form-urlencoded 237 - 201 - application/json;+charset=utf-8 3325.8221ms
2021-01-04 13:36:16.667 +05:30 [INF] Request starting HTTP/2 POST https://localhost:5001/Applicant application/x-www-form-urlencoded 155
2021-01-04 13:36:16.674 +05:30 [INF] CORS policy execution successful.
2021-01-04 13:36:16.679 +05:30 [INF] Executing endpoint 'Hahn.ApplicatonProcess.December2020.Web.Controllers.ApplicantController.Post (Hahn.ApplicatonProcess.December2020.Web)'
2021-01-04 13:36:16.682 +05:30 [INF] Route matched with {action = "Post", controller = "Applicant"}. Executing controller action with signature Microsoft.AspNetCore.Mvc.ActionResult Post(System.String) on controller Hahn.ApplicatonProcess.December2020.Web.Controllers.ApplicantController (Hahn.ApplicatonProcess.December2020.Web).
2021-01-04 13:36:24.031 +05:30 [INF] Entity Framework Core 5.0.1 initialized 'ApplicationDbContext' using provider 'Microsoft.EntityFrameworkCore.InMemory' with options: StoreName=ApplicantManager 
2021-01-04 13:36:24.033 +05:30 [INF] Saved 1 entities to in-memory store.
2021-01-04 13:36:24.035 +05:30 [INF] Executing CreatedAtActionResult, writing value of type 'Hahn.ApplicatonProcess.December2020.Domain.Application.Dto.Response.Response`1[[Hahn.ApplicatonProcess.December2020.Domain.Application.Dto.Model.AddResponse, Hahn.ApplicatonProcess.December2020.Domain, Version=1.0.0.0, Culture=neutral, PublicKeyToken=null]]'.
2021-01-04 13:36:24.038 +05:30 [INF] Executed action Hahn.ApplicatonProcess.December2020.Web.Controllers.ApplicantController.Post (Hahn.ApplicatonProcess.December2020.Web) in 7354.5251ms
2021-01-04 13:36:24.039 +05:30 [INF] Executed endpoint 'Hahn.ApplicatonProcess.December2020.Web.Controllers.ApplicantController.Post (Hahn.ApplicatonProcess.December2020.Web)'
2021-01-04 13:36:24.045 +05:30 [INF] Request finished HTTP/2 POST https://localhost:5001/Applicant application/x-www-form-urlencoded 155 - 201 - application/json;+charset=utf-8 7376.4432ms
2021-01-04 13:37:07.491 +05:30 [INF] Request starting HTTP/2 POST https://localhost:5001/Applicant application/x-www-form-urlencoded 155
2021-01-04 13:37:07.494 +05:30 [INF] CORS policy execution successful.
2021-01-04 13:37:07.497 +05:30 [INF] Executing endpoint 'Hahn.ApplicatonProcess.December2020.Web.Controllers.ApplicantController.Post (Hahn.ApplicatonProcess.December2020.Web)'
2021-01-04 13:37:07.499 +05:30 [INF] Route matched with {action = "Post", controller = "Applicant"}. Executing controller action with signature Microsoft.AspNetCore.Mvc.ActionResult Post(System.String) on controller Hahn.ApplicatonProcess.December2020.Web.Controllers.ApplicantController (Hahn.ApplicatonProcess.December2020.Web).
2021-01-04 13:37:19.141 +05:30 [INF] Entity Framework Core 5.0.1 initialized 'ApplicationDbContext' using provider 'Microsoft.EntityFrameworkCore.InMemory' with options: StoreName=ApplicantManager 
2021-01-04 13:37:19.144 +05:30 [INF] Saved 1 entities to in-memory store.
2021-01-04 13:37:19.146 +05:30 [INF] Executing CreatedAtActionResult, writing value of type 'Hahn.ApplicatonProcess.December2020.Domain.Application.Dto.Response.Response`1[[Hahn.ApplicatonProcess.December2020.Domain.Application.Dto.Model.AddResponse, Hahn.ApplicatonProcess.December2020.Domain, Version=1.0.0.0, Culture=neutral, PublicKeyToken=null]]'.
2021-01-04 13:37:19.150 +05:30 [INF] Executed action Hahn.ApplicatonProcess.December2020.Web.Controllers.ApplicantController.Post (Hahn.ApplicatonProcess.December2020.Web) in 11648.3304ms
2021-01-04 13:37:19.152 +05:30 [INF] Executed endpoint 'Hahn.ApplicatonProcess.December2020.Web.Controllers.ApplicantController.Post (Hahn.ApplicatonProcess.December2020.Web)'
2021-01-04 13:37:19.154 +05:30 [INF] Request finished HTTP/2 POST https://localhost:5001/Applicant application/x-www-form-urlencoded 155 - 201 - application/json;+charset=utf-8 11662.8000ms
2021-01-04 13:38:47.193 +05:30 [INF] Request starting HTTP/2 POST https://localhost:5001/Applicant application/x-www-form-urlencoded 155
2021-01-04 13:38:47.195 +05:30 [INF] CORS policy execution successful.
2021-01-04 13:38:47.200 +05:30 [INF] Executing endpoint 'Hahn.ApplicatonProcess.December2020.Web.Controllers.ApplicantController.Post (Hahn.ApplicatonProcess.December2020.Web)'
2021-01-04 13:38:47.202 +05:30 [INF] Route matched with {action = "Post", controller = "Applicant"}. Executing controller action with signature Microsoft.AspNetCore.Mvc.ActionResult Post(System.String) on controller Hahn.ApplicatonProcess.December2020.Web.Controllers.ApplicantController (Hahn.ApplicatonProcess.December2020.Web).
2021-01-04 13:38:47.884 +05:30 [INF] Entity Framework Core 5.0.1 initialized 'ApplicationDbContext' using provider 'Microsoft.EntityFrameworkCore.InMemory' with options: StoreName=ApplicantManager 
2021-01-04 13:38:47.886 +05:30 [INF] Saved 1 entities to in-memory store.
2021-01-04 13:38:47.889 +05:30 [INF] Executing CreatedAtActionResult, writing value of type 'Hahn.ApplicatonProcess.December2020.Domain.Application.Dto.Response.Response`1[[Hahn.ApplicatonProcess.December2020.Domain.Application.Dto.Model.AddResponse, Hahn.ApplicatonProcess.December2020.Domain, Version=1.0.0.0, Culture=neutral, PublicKeyToken=null]]'.
2021-01-04 13:38:47.892 +05:30 [INF] Executed action Hahn.ApplicatonProcess.December2020.Web.Controllers.ApplicantController.Post (Hahn.ApplicatonProcess.December2020.Web) in 686.9408ms
2021-01-04 13:38:47.894 +05:30 [INF] Executed endpoint 'Hahn.ApplicatonProcess.December2020.Web.Controllers.ApplicantController.Post (Hahn.ApplicatonProcess.December2020.Web)'
2021-01-04 13:38:47.901 +05:30 [INF] Request finished HTTP/2 POST https://localhost:5001/Applicant application/x-www-form-urlencoded 155 - 201 - application/json;+charset=utf-8 706.9847ms
2021-01-04 13:39:41.370 +05:30 [INF] Request starting HTTP/2 POST https://localhost:5001/Applicant application/x-www-form-urlencoded 155
2021-01-04 13:39:41.372 +05:30 [INF] CORS policy execution successful.
2021-01-04 13:39:41.375 +05:30 [INF] Executing endpoint 'Hahn.ApplicatonProcess.December2020.Web.Controllers.ApplicantController.Post (Hahn.ApplicatonProcess.December2020.Web)'
2021-01-04 13:39:41.377 +05:30 [INF] Route matched with {action = "Post", controller = "Applicant"}. Executing controller action with signature Microsoft.AspNetCore.Mvc.ActionResult Post(System.String) on controller Hahn.ApplicatonProcess.December2020.Web.Controllers.ApplicantController (Hahn.ApplicatonProcess.December2020.Web).
2021-01-04 13:39:42.262 +05:30 [INF] Entity Framework Core 5.0.1 initialized 'ApplicationDbContext' using provider 'Microsoft.EntityFrameworkCore.InMemory' with options: StoreName=ApplicantManager 
2021-01-04 13:39:42.265 +05:30 [INF] Saved 1 entities to in-memory store.
2021-01-04 13:39:42.267 +05:30 [INF] Executing CreatedAtActionResult, writing value of type 'Hahn.ApplicatonProcess.December2020.Domain.Application.Dto.Response.Response`1[[Hahn.ApplicatonProcess.December2020.Domain.Application.Dto.Model.AddResponse, Hahn.ApplicatonProcess.December2020.Domain, Version=1.0.0.0, Culture=neutral, PublicKeyToken=null]]'.
2021-01-04 13:39:42.270 +05:30 [INF] Executed action Hahn.ApplicatonProcess.December2020.Web.Controllers.ApplicantController.Post (Hahn.ApplicatonProcess.December2020.Web) in 890.4787ms
2021-01-04 13:39:42.272 +05:30 [INF] Executed endpoint 'Hahn.ApplicatonProcess.December2020.Web.Controllers.ApplicantController.Post (Hahn.ApplicatonProcess.December2020.Web)'
2021-01-04 13:39:42.279 +05:30 [INF] Request finished HTTP/2 POST https://localhost:5001/Applicant application/x-www-form-urlencoded 155 - 201 - application/json;+charset=utf-8 908.4542ms
2021-01-04 13:43:55.490 +05:30 [INF] Request starting HTTP/2 POST https://localhost:5001/Applicant application/x-www-form-urlencoded 155
2021-01-04 13:43:55.517 +05:30 [INF] CORS policy execution successful.
2021-01-04 13:43:55.521 +05:30 [INF] Executing endpoint 'Hahn.ApplicatonProcess.December2020.Web.Controllers.ApplicantController.Post (Hahn.ApplicatonProcess.December2020.Web)'
2021-01-04 13:43:55.525 +05:30 [INF] Route matched with {action = "Post", controller = "Applicant"}. Executing controller action with signature Microsoft.AspNetCore.Mvc.ActionResult Post(System.String) on controller Hahn.ApplicatonProcess.December2020.Web.Controllers.ApplicantController (Hahn.ApplicatonProcess.December2020.Web).
2021-01-04 13:43:56.222 +05:30 [INF] Entity Framework Core 5.0.1 initialized 'ApplicationDbContext' using provider 'Microsoft.EntityFrameworkCore.InMemory' with options: StoreName=ApplicantManager 
2021-01-04 13:43:56.225 +05:30 [INF] Saved 1 entities to in-memory store.
2021-01-04 13:43:56.227 +05:30 [INF] Executing CreatedAtActionResult, writing value of type 'Hahn.ApplicatonProcess.December2020.Domain.Application.Dto.Response.Response`1[[Hahn.ApplicatonProcess.December2020.Domain.Application.Dto.Model.AddResponse, Hahn.ApplicatonProcess.December2020.Domain, Version=1.0.0.0, Culture=neutral, PublicKeyToken=null]]'.
2021-01-04 13:43:56.230 +05:30 [INF] Executed action Hahn.ApplicatonProcess.December2020.Web.Controllers.ApplicantController.Post (Hahn.ApplicatonProcess.December2020.Web) in 703.0222ms
2021-01-04 13:43:56.232 +05:30 [INF] Executed endpoint 'Hahn.ApplicatonProcess.December2020.Web.Controllers.ApplicantController.Post (Hahn.ApplicatonProcess.December2020.Web)'
2021-01-04 13:43:56.235 +05:30 [INF] Request finished HTTP/2 POST https://localhost:5001/Applicant application/x-www-form-urlencoded 155 - 201 - application/json;+charset=utf-8 745.3660ms
2021-01-04 13:44:24.704 +05:30 [INF] Request starting HTTP/2 POST https://localhost:5001/Applicant application/x-www-form-urlencoded 155
2021-01-04 13:44:24.707 +05:30 [INF] CORS policy execution successful.
2021-01-04 13:44:24.710 +05:30 [INF] Executing endpoint 'Hahn.ApplicatonProcess.December2020.Web.Controllers.ApplicantController.Post (Hahn.ApplicatonProcess.December2020.Web)'
2021-01-04 13:44:24.712 +05:30 [INF] Route matched with {action = "Post", controller = "Applicant"}. Executing controller action with signature Microsoft.AspNetCore.Mvc.ActionResult Post(System.String) on controller Hahn.ApplicatonProcess.December2020.Web.Controllers.ApplicantController (Hahn.ApplicatonProcess.December2020.Web).
2021-01-04 13:50:57.066 +05:30 [INF] User profile is available. Using 'C:\Users\Karthikeyan.P\AppData\Local\ASP.NET\DataProtection-Keys' as key repository and Windows DPAPI to encrypt keys at rest.
2021-01-04 13:50:58.136 +05:30 [INF] Request starting HTTP/2 GET https://localhost:5001/swagger/index.html - -
2021-01-04 13:50:58.241 +05:30 [INF] Request finished HTTP/2 GET https://localhost:5001/swagger/index.html - - - 200 - text/html;charset=utf-8 109.2220ms
2021-01-04 13:50:58.421 +05:30 [INF] Request starting HTTP/2 GET https://localhost:5001/swagger/v1/swagger.json - -
2021-01-04 13:50:58.513 +05:30 [INF] Request finished HTTP/2 GET https://localhost:5001/swagger/v1/swagger.json - - - 200 - application/json;charset=utf-8 91.4190ms
2021-01-04 13:51:03.109 +05:30 [INF] Request starting HTTP/2 OPTIONS https://localhost:5001/Applicant - -
2021-01-04 13:51:03.118 +05:30 [INF] CORS policy execution successful.
2021-01-04 13:51:03.121 +05:30 [INF] Request finished HTTP/2 OPTIONS https://localhost:5001/Applicant - - - 204 - - 13.2235ms
2021-01-04 13:51:47.617 +05:30 [INF] Request starting HTTP/2 POST https://localhost:5001/Applicant text/plain;charset=UTF-8 149
2021-01-04 13:51:47.621 +05:30 [INF] CORS policy execution successful.
2021-01-04 13:51:47.661 +05:30 [INF] Executing endpoint 'Hahn.ApplicatonProcess.December2020.Web.Controllers.ApplicantController.Post (Hahn.ApplicatonProcess.December2020.Web)'
2021-01-04 13:51:47.708 +05:30 [INF] Route matched with {action = "Post", controller = "Applicant"}. Executing controller action with signature Microsoft.AspNetCore.Mvc.ActionResult Post(Hahn.ApplicatonProcess.December2020.Domain.Application.Dto.Request.Request`1[Hahn.ApplicatonProcess.December2020.Domain.Application.Dto.Model.Applicant]) on controller Hahn.ApplicatonProcess.December2020.Web.Controllers.ApplicantController (Hahn.ApplicatonProcess.December2020.Web).
2021-01-04 13:51:49.171 +05:30 [INF] Executing ObjectResult, writing value of type 'Microsoft.AspNetCore.Mvc.ProblemDetails'.
2021-01-04 13:51:49.190 +05:30 [INF] Executed action Hahn.ApplicatonProcess.December2020.Web.Controllers.ApplicantController.Post (Hahn.ApplicatonProcess.December2020.Web) in 1472.0904ms
2021-01-04 13:51:49.193 +05:30 [INF] Executed endpoint 'Hahn.ApplicatonProcess.December2020.Web.Controllers.ApplicantController.Post (Hahn.ApplicatonProcess.December2020.Web)'
2021-01-04 13:51:49.196 +05:30 [INF] Request finished HTTP/2 POST https://localhost:5001/Applicant text/plain;charset=UTF-8 149 - 415 - application/problem+json;+charset=utf-8 1579.2868ms
2021-01-04 14:05:52.220 +05:30 [INF] User profile is available. Using 'C:\Users\Karthikeyan.P\AppData\Local\ASP.NET\DataProtection-Keys' as key repository and Windows DPAPI to encrypt keys at rest.
2021-01-04 14:05:53.254 +05:30 [INF] Request starting HTTP/2 GET https://localhost:5001/swagger/index.html - -
2021-01-04 14:05:53.387 +05:30 [INF] Request finished HTTP/2 GET https://localhost:5001/swagger/index.html - - - 200 - text/html;charset=utf-8 137.4921ms
2021-01-04 14:05:53.564 +05:30 [INF] Request starting HTTP/2 GET https://localhost:5001/swagger/v1/swagger.json - -
2021-01-04 14:05:53.687 +05:30 [INF] Request finished HTTP/2 GET https://localhost:5001/swagger/v1/swagger.json - - - 200 - application/json;charset=utf-8 124.3471ms
2021-01-04 14:06:02.605 +05:30 [INF] Request starting HTTP/2 OPTIONS https://localhost:5001/Applicant - -
2021-01-04 14:06:02.615 +05:30 [INF] CORS policy execution successful.
2021-01-04 14:06:02.618 +05:30 [INF] Request finished HTTP/2 OPTIONS https://localhost:5001/Applicant - - - 204 - - 13.6847ms
2021-01-04 14:06:08.839 +05:30 [INF] Request starting HTTP/2 OPTIONS https://localhost:5001/Applicant - -
2021-01-04 14:06:08.843 +05:30 [INF] CORS policy execution successful.
2021-01-04 14:06:08.847 +05:30 [INF] Request finished HTTP/2 OPTIONS https://localhost:5001/Applicant - - - 204 - - 7.5373ms
2021-01-04 14:06:13.383 +05:30 [INF] Request starting HTTP/2 POST https://localhost:5001/Applicant text/plain;charset=UTF-8 149
2021-01-04 14:06:13.386 +05:30 [INF] CORS policy execution successful.
2021-01-04 14:06:13.431 +05:30 [INF] Executing endpoint 'Hahn.ApplicatonProcess.December2020.Web.Controllers.ApplicantController.Post (Hahn.ApplicatonProcess.December2020.Web)'
2021-01-04 14:06:13.488 +05:30 [INF] Route matched with {action = "Post", controller = "Applicant"}. Executing controller action with signature Microsoft.AspNetCore.Mvc.ActionResult Post(Hahn.ApplicatonProcess.December2020.Domain.Application.Dto.Request.Request`1[Hahn.ApplicatonProcess.December2020.Domain.Application.Dto.Model.Applicant]) on controller Hahn.ApplicatonProcess.December2020.Web.Controllers.ApplicantController (Hahn.ApplicatonProcess.December2020.Web).
2021-01-04 14:06:15.642 +05:30 [INF] Executing ObjectResult, writing value of type 'Microsoft.AspNetCore.Mvc.ProblemDetails'.
2021-01-04 14:06:15.667 +05:30 [INF] Executed action Hahn.ApplicatonProcess.December2020.Web.Controllers.ApplicantController.Post (Hahn.ApplicatonProcess.December2020.Web) in 2167.6284ms
2021-01-04 14:06:15.670 +05:30 [INF] Executed endpoint 'Hahn.ApplicatonProcess.December2020.Web.Controllers.ApplicantController.Post (Hahn.ApplicatonProcess.December2020.Web)'
2021-01-04 14:06:15.674 +05:30 [INF] Request finished HTTP/2 POST https://localhost:5001/Applicant text/plain;charset=UTF-8 149 - 415 - application/problem+json;+charset=utf-8 2290.3920ms
2021-01-04 14:06:50.598 +05:30 [INF] Request starting HTTP/2 POST https://localhost:5001/Applicant text/plain;charset=UTF-8 149
2021-01-04 14:06:50.600 +05:30 [INF] CORS policy execution successful.
2021-01-04 14:06:50.602 +05:30 [INF] Executing endpoint 'Hahn.ApplicatonProcess.December2020.Web.Controllers.ApplicantController.Post (Hahn.ApplicatonProcess.December2020.Web)'
2021-01-04 14:06:50.605 +05:30 [INF] Route matched with {action = "Post", controller = "Applicant"}. Executing controller action with signature Microsoft.AspNetCore.Mvc.ActionResult Post(Hahn.ApplicatonProcess.December2020.Domain.Application.Dto.Request.Request`1[Hahn.ApplicatonProcess.December2020.Domain.Application.Dto.Model.Applicant]) on controller Hahn.ApplicatonProcess.December2020.Web.Controllers.ApplicantController (Hahn.ApplicatonProcess.December2020.Web).
2021-01-04 14:06:53.176 +05:30 [INF] Executing ObjectResult, writing value of type 'Microsoft.AspNetCore.Mvc.ProblemDetails'.
2021-01-04 14:06:53.180 +05:30 [INF] Executed action Hahn.ApplicatonProcess.December2020.Web.Controllers.ApplicantController.Post (Hahn.ApplicatonProcess.December2020.Web) in 2572.1863ms
2021-01-04 14:06:53.182 +05:30 [INF] Executed endpoint 'Hahn.ApplicatonProcess.December2020.Web.Controllers.ApplicantController.Post (Hahn.ApplicatonProcess.December2020.Web)'
2021-01-04 14:06:53.184 +05:30 [INF] Request finished HTTP/2 POST https://localhost:5001/Applicant text/plain;charset=UTF-8 149 - 415 - application/problem+json;+charset=utf-8 2586.3627ms
2021-01-04 14:07:09.735 +05:30 [INF] User profile is available. Using 'C:\Users\Karthikeyan.P\AppData\Local\ASP.NET\DataProtection-Keys' as key repository and Windows DPAPI to encrypt keys at rest.
2021-01-04 14:07:11.051 +05:30 [INF] Request starting HTTP/2 GET https://localhost:5001/swagger/index.html - -
2021-01-04 14:07:11.147 +05:30 [INF] Request finished HTTP/2 GET https://localhost:5001/swagger/index.html - - - 200 - text/html;charset=utf-8 98.8685ms
2021-01-04 14:07:11.261 +05:30 [INF] Request starting HTTP/2 GET https://localhost:5001/swagger/v1/swagger.json - -
2021-01-04 14:07:11.346 +05:30 [INF] Request finished HTTP/2 GET https://localhost:5001/swagger/v1/swagger.json - - - 200 - application/json;charset=utf-8 84.7691ms
2021-01-04 14:07:19.104 +05:30 [INF] Request starting HTTP/2 POST https://localhost:5001/Applicant text/plain;charset=UTF-8 149
2021-01-04 14:07:19.114 +05:30 [INF] CORS policy execution successful.
2021-01-04 14:07:19.157 +05:30 [INF] Executing endpoint 'Hahn.ApplicatonProcess.December2020.Web.Controllers.ApplicantController.Post (Hahn.ApplicatonProcess.December2020.Web)'
2021-01-04 14:07:19.204 +05:30 [INF] Route matched with {action = "Post", controller = "Applicant"}. Executing controller action with signature Microsoft.AspNetCore.Mvc.ActionResult Post(Hahn.ApplicatonProcess.December2020.Domain.Application.Dto.Request.Request`1[Hahn.ApplicatonProcess.December2020.Domain.Application.Dto.Model.Applicant]) on controller Hahn.ApplicatonProcess.December2020.Web.Controllers.ApplicantController (Hahn.ApplicatonProcess.December2020.Web).
2021-01-04 14:07:21.985 +05:30 [INF] Executing ObjectResult, writing value of type 'Microsoft.AspNetCore.Mvc.ProblemDetails'.
2021-01-04 14:07:22.003 +05:30 [INF] Executed action Hahn.ApplicatonProcess.December2020.Web.Controllers.ApplicantController.Post (Hahn.ApplicatonProcess.December2020.Web) in 2789.6402ms
2021-01-04 14:07:22.007 +05:30 [INF] Executed endpoint 'Hahn.ApplicatonProcess.December2020.Web.Controllers.ApplicantController.Post (Hahn.ApplicatonProcess.December2020.Web)'
2021-01-04 14:07:22.011 +05:30 [INF] Request finished HTTP/2 POST https://localhost:5001/Applicant text/plain;charset=UTF-8 149 - 415 - application/problem+json;+charset=utf-8 2906.6842ms
2021-01-04 14:07:35.225 +05:30 [INF] Request starting HTTP/2 OPTIONS https://localhost:5001/Applicant - -
2021-01-04 14:07:35.228 +05:30 [INF] CORS policy execution successful.
2021-01-04 14:07:35.234 +05:30 [INF] Request finished HTTP/2 OPTIONS https://localhost:5001/Applicant - - - 204 - - 7.4336ms
2021-01-04 14:07:42.264 +05:30 [INF] Request starting HTTP/2 POST https://localhost:5001/Applicant text/plain;charset=UTF-8 149
2021-01-04 14:07:42.266 +05:30 [INF] CORS policy execution successful.
2021-01-04 14:07:42.268 +05:30 [INF] Executing endpoint 'Hahn.ApplicatonProcess.December2020.Web.Controllers.ApplicantController.Post (Hahn.ApplicatonProcess.December2020.Web)'
2021-01-04 14:07:42.271 +05:30 [INF] Route matched with {action = "Post", controller = "Applicant"}. Executing controller action with signature Microsoft.AspNetCore.Mvc.ActionResult Post(Hahn.ApplicatonProcess.December2020.Domain.Application.Dto.Request.Request`1[Hahn.ApplicatonProcess.December2020.Domain.Application.Dto.Model.Applicant]) on controller Hahn.ApplicatonProcess.December2020.Web.Controllers.ApplicantController (Hahn.ApplicatonProcess.December2020.Web).
2021-01-04 14:07:44.921 +05:30 [INF] Executing ObjectResult, writing value of type 'Microsoft.AspNetCore.Mvc.ProblemDetails'.
2021-01-04 14:07:44.923 +05:30 [INF] Executed action Hahn.ApplicatonProcess.December2020.Web.Controllers.ApplicantController.Post (Hahn.ApplicatonProcess.December2020.Web) in 2650.6625ms
2021-01-04 14:07:44.925 +05:30 [INF] Executed endpoint 'Hahn.ApplicatonProcess.December2020.Web.Controllers.ApplicantController.Post (Hahn.ApplicatonProcess.December2020.Web)'
2021-01-04 14:07:44.929 +05:30 [INF] Request finished HTTP/2 POST https://localhost:5001/Applicant text/plain;charset=UTF-8 149 - 415 - application/problem+json;+charset=utf-8 2665.6047ms
2021-01-04 14:11:42.755 +05:30 [INF] User profile is available. Using 'C:\Users\Karthikeyan.P\AppData\Local\ASP.NET\DataProtection-Keys' as key repository and Windows DPAPI to encrypt keys at rest.
2021-01-04 14:11:44.134 +05:30 [INF] Request starting HTTP/2 GET https://localhost:5001/swagger/index.html - -
2021-01-04 14:11:44.303 +05:30 [INF] Request finished HTTP/2 GET https://localhost:5001/swagger/index.html - - - 200 - text/html;charset=utf-8 172.3059ms
2021-01-04 14:11:44.515 +05:30 [INF] Request starting HTTP/2 GET https://localhost:5001/swagger/v1/swagger.json - -
2021-01-04 14:11:44.610 +05:30 [INF] Request finished HTTP/2 GET https://localhost:5001/swagger/v1/swagger.json - - - 200 - application/json;charset=utf-8 94.2161ms
2021-01-04 14:13:00.432 +05:30 [INF] Request starting HTTP/1.1 POST https://localhost:5001/Applicant application/json 230
2021-01-04 14:13:00.462 +05:30 [INF] Executing endpoint 'Hahn.ApplicatonProcess.December2020.Web.Controllers.ApplicantController.Post (Hahn.ApplicatonProcess.December2020.Web)'
2021-01-04 14:13:00.498 +05:30 [INF] Route matched with {action = "Post", controller = "Applicant"}. Executing controller action with signature Microsoft.AspNetCore.Mvc.ActionResult Post(Hahn.ApplicatonProcess.December2020.Domain.Application.Dto.Request.Request`1[Hahn.ApplicatonProcess.December2020.Domain.Application.Dto.Model.Applicant]) on controller Hahn.ApplicatonProcess.December2020.Web.Controllers.ApplicantController (Hahn.ApplicatonProcess.December2020.Web).
2021-01-04 14:13:11.780 +05:30 [INF] Entity Framework Core 5.0.1 initialized 'ApplicationDbContext' using provider 'Microsoft.EntityFrameworkCore.InMemory' with options: StoreName=ApplicantManager 
2021-01-04 14:13:11.921 +05:30 [INF] Saved 1 entities to in-memory store.
2021-01-04 14:13:11.936 +05:30 [INF] Executing CreatedAtActionResult, writing value of type 'Hahn.ApplicatonProcess.December2020.Domain.Application.Dto.Response.Response`1[[Hahn.ApplicatonProcess.December2020.Domain.Application.Dto.Model.AddResponse, Hahn.ApplicatonProcess.December2020.Domain, Version=1.0.0.0, Culture=neutral, PublicKeyToken=null]]'.
2021-01-04 14:13:11.989 +05:30 [INF] Executed action Hahn.ApplicatonProcess.December2020.Web.Controllers.ApplicantController.Post (Hahn.ApplicatonProcess.December2020.Web) in 11482.1964ms
2021-01-04 14:13:11.992 +05:30 [INF] Executed endpoint 'Hahn.ApplicatonProcess.December2020.Web.Controllers.ApplicantController.Post (Hahn.ApplicatonProcess.December2020.Web)'
2021-01-04 14:13:11.997 +05:30 [INF] Request finished HTTP/1.1 POST https://localhost:5001/Applicant application/json 230 - 201 - application/json;+charset=utf-8 11564.6764ms
2021-01-04 14:16:33.182 +05:30 [INF] User profile is available. Using 'C:\Users\Karthikeyan.P\AppData\Local\ASP.NET\DataProtection-Keys' as key repository and Windows DPAPI to encrypt keys at rest.
2021-01-04 14:16:34.714 +05:30 [INF] Request starting HTTP/2 GET https://localhost:5001/swagger/index.html - -
2021-01-04 14:16:34.853 +05:30 [INF] Request finished HTTP/2 GET https://localhost:5001/swagger/index.html - - - 200 - text/html;charset=utf-8 131.6288ms
2021-01-04 14:16:35.019 +05:30 [INF] Request starting HTTP/2 GET https://localhost:5001/swagger/v1/swagger.json - -
2021-01-04 14:16:35.124 +05:30 [INF] Request finished HTTP/2 GET https://localhost:5001/swagger/v1/swagger.json - - - 200 - application/json;charset=utf-8 103.9145ms
2021-01-04 14:16:39.525 +05:30 [INF] Request starting HTTP/1.1 POST https://localhost:5001/Applicant application/json 230
2021-01-04 14:16:39.553 +05:30 [INF] Executing endpoint 'Hahn.ApplicatonProcess.December2020.Web.Controllers.ApplicantController.Post (Hahn.ApplicatonProcess.December2020.Web)'
2021-01-04 14:16:39.596 +05:30 [INF] Route matched with {action = "Post", controller = "Applicant"}. Executing controller action with signature Microsoft.AspNetCore.Mvc.ActionResult Post(Hahn.ApplicatonProcess.December2020.Domain.Application.Dto.Request.Request`1[Hahn.ApplicatonProcess.December2020.Domain.Application.Dto.Model.Applicant]) on controller Hahn.ApplicatonProcess.December2020.Web.Controllers.ApplicantController (Hahn.ApplicatonProcess.December2020.Web).
2021-01-04 14:16:46.886 +05:30 [INF] Entity Framework Core 5.0.1 initialized 'ApplicationDbContext' using provider 'Microsoft.EntityFrameworkCore.InMemory' with options: StoreName=ApplicantManager 
2021-01-04 14:16:47.004 +05:30 [INF] Saved 1 entities to in-memory store.
2021-01-04 14:16:47.022 +05:30 [INF] Executing CreatedAtActionResult, writing value of type 'Hahn.ApplicatonProcess.December2020.Domain.Application.Dto.Response.Response`1[[Hahn.ApplicatonProcess.December2020.Domain.Application.Dto.Model.AddResponse, Hahn.ApplicatonProcess.December2020.Domain, Version=1.0.0.0, Culture=neutral, PublicKeyToken=null]]'.
2021-01-04 14:16:47.081 +05:30 [INF] Executed action Hahn.ApplicatonProcess.December2020.Web.Controllers.ApplicantController.Post (Hahn.ApplicatonProcess.December2020.Web) in 7475.9156ms
2021-01-04 14:16:47.083 +05:30 [INF] Executed endpoint 'Hahn.ApplicatonProcess.December2020.Web.Controllers.ApplicantController.Post (Hahn.ApplicatonProcess.December2020.Web)'
2021-01-04 14:16:47.088 +05:30 [INF] Request finished HTTP/1.1 POST https://localhost:5001/Applicant application/json 230 - 201 - application/json;+charset=utf-8 7562.6780ms
2021-01-04 14:22:18.605 +05:30 [INF] Request starting HTTP/2 POST https://localhost:5001/Applicant/ text/plain;charset=UTF-8 149
2021-01-04 14:22:18.618 +05:30 [INF] CORS policy execution successful.
2021-01-04 14:22:18.627 +05:30 [INF] Executing endpoint 'Hahn.ApplicatonProcess.December2020.Web.Controllers.ApplicantController.Post (Hahn.ApplicatonProcess.December2020.Web)'
2021-01-04 14:22:18.633 +05:30 [INF] Route matched with {action = "Post", controller = "Applicant"}. Executing controller action with signature Microsoft.AspNetCore.Mvc.ActionResult Post(Hahn.ApplicatonProcess.December2020.Domain.Application.Dto.Request.Request`1[Hahn.ApplicatonProcess.December2020.Domain.Application.Dto.Model.Applicant]) on controller Hahn.ApplicatonProcess.December2020.Web.Controllers.ApplicantController (Hahn.ApplicatonProcess.December2020.Web).
2021-01-04 14:22:25.771 +05:30 [INF] Executing ObjectResult, writing value of type 'Microsoft.AspNetCore.Mvc.ProblemDetails'.
2021-01-04 14:22:25.783 +05:30 [INF] Executed action Hahn.ApplicatonProcess.December2020.Web.Controllers.ApplicantController.Post (Hahn.ApplicatonProcess.December2020.Web) in 7147.486ms
2021-01-04 14:22:25.785 +05:30 [INF] Executed endpoint 'Hahn.ApplicatonProcess.December2020.Web.Controllers.ApplicantController.Post (Hahn.ApplicatonProcess.December2020.Web)'
2021-01-04 14:22:25.787 +05:30 [INF] Request finished HTTP/2 POST https://localhost:5001/Applicant/ text/plain;charset=UTF-8 149 - 415 - application/problem+json;+charset=utf-8 7185.4642ms
2021-01-04 14:22:49.815 +05:30 [INF] Request starting HTTP/1.1 POST https://localhost:5001/Applicant/ application/json 230
2021-01-04 14:22:49.818 +05:30 [INF] Executing endpoint 'Hahn.ApplicatonProcess.December2020.Web.Controllers.ApplicantController.Post (Hahn.ApplicatonProcess.December2020.Web)'
2021-01-04 14:22:49.819 +05:30 [INF] Route matched with {action = "Post", controller = "Applicant"}. Executing controller action with signature Microsoft.AspNetCore.Mvc.ActionResult Post(Hahn.ApplicatonProcess.December2020.Domain.Application.Dto.Request.Request`1[Hahn.ApplicatonProcess.December2020.Domain.Application.Dto.Model.Applicant]) on controller Hahn.ApplicatonProcess.December2020.Web.Controllers.ApplicantController (Hahn.ApplicatonProcess.December2020.Web).
2021-01-04 14:22:52.296 +05:30 [INF] Entity Framework Core 5.0.1 initialized 'ApplicationDbContext' using provider 'Microsoft.EntityFrameworkCore.InMemory' with options: StoreName=ApplicantManager 
2021-01-04 14:22:52.299 +05:30 [INF] Saved 1 entities to in-memory store.
2021-01-04 14:22:52.301 +05:30 [INF] Executing CreatedAtActionResult, writing value of type 'Hahn.ApplicatonProcess.December2020.Domain.Application.Dto.Response.Response`1[[Hahn.ApplicatonProcess.December2020.Domain.Application.Dto.Model.AddResponse, Hahn.ApplicatonProcess.December2020.Domain, Version=1.0.0.0, Culture=neutral, PublicKeyToken=null]]'.
2021-01-04 14:22:52.305 +05:30 [INF] Executed action Hahn.ApplicatonProcess.December2020.Web.Controllers.ApplicantController.Post (Hahn.ApplicatonProcess.December2020.Web) in 2482.7186ms
2021-01-04 14:22:52.308 +05:30 [INF] Executed endpoint 'Hahn.ApplicatonProcess.December2020.Web.Controllers.ApplicantController.Post (Hahn.ApplicatonProcess.December2020.Web)'
2021-01-04 14:22:52.311 +05:30 [INF] Request finished HTTP/1.1 POST https://localhost:5001/Applicant/ application/json 230 - 201 - application/json;+charset=utf-8 2494.6216ms
2021-01-04 14:23:59.327 +05:30 [INF] User profile is available. Using 'C:\Users\Karthikeyan.P\AppData\Local\ASP.NET\DataProtection-Keys' as key repository and Windows DPAPI to encrypt keys at rest.
2021-01-04 14:24:00.504 +05:30 [INF] Request starting HTTP/2 GET https://localhost:5001/swagger/index.html - -
2021-01-04 14:24:00.651 +05:30 [INF] Request finished HTTP/2 GET https://localhost:5001/swagger/index.html - - - 200 - text/html;charset=utf-8 151.2332ms
2021-01-04 14:24:00.864 +05:30 [INF] Request starting HTTP/2 GET https://localhost:5001/swagger/v1/swagger.json - -
2021-01-04 14:24:00.985 +05:30 [INF] Request finished HTTP/2 GET https://localhost:5001/swagger/v1/swagger.json - - - 200 - application/json;charset=utf-8 120.2282ms
2021-01-04 14:27:18.868 +05:30 [INF] User profile is available. Using 'C:\Users\Karthikeyan.P\AppData\Local\ASP.NET\DataProtection-Keys' as key repository and Windows DPAPI to encrypt keys at rest.
2021-01-04 14:27:20.386 +05:30 [INF] Request starting HTTP/2 GET https://localhost:5001/swagger/index.html - -
2021-01-04 14:27:20.512 +05:30 [INF] Request finished HTTP/2 GET https://localhost:5001/swagger/index.html - - - 200 - text/html;charset=utf-8 129.6210ms
2021-01-04 14:27:20.672 +05:30 [INF] Request starting HTTP/2 GET https://localhost:5001/swagger/v1/swagger.json - -
2021-01-04 14:27:20.770 +05:30 [INF] Request finished HTTP/2 GET https://localhost:5001/swagger/v1/swagger.json - - - 200 - application/json;charset=utf-8 97.3124ms
2021-01-04 14:27:57.300 +05:30 [INF] Request starting HTTP/2 POST https://localhost:5001/Applicant text/plain;charset=UTF-8 149
2021-01-04 14:27:57.308 +05:30 [INF] CORS policy execution successful.
2021-01-04 14:27:57.363 +05:30 [INF] Executing endpoint 'Hahn.ApplicatonProcess.December2020.Web.Controllers.ApplicantController.Post (Hahn.ApplicatonProcess.December2020.Web)'
2021-01-04 14:27:57.435 +05:30 [INF] Route matched with {action = "Post", controller = "Applicant"}. Executing controller action with signature Microsoft.AspNetCore.Mvc.ActionResult Post(Hahn.ApplicatonProcess.December2020.Domain.Application.Dto.Request.Request`1[Hahn.ApplicatonProcess.December2020.Domain.Application.Dto.Model.Applicant]) on controller Hahn.ApplicatonProcess.December2020.Web.Controllers.ApplicantController (Hahn.ApplicatonProcess.December2020.Web).
2021-01-04 14:28:00.381 +05:30 [INF] Executing ObjectResult, writing value of type 'Microsoft.AspNetCore.Mvc.ProblemDetails'.
2021-01-04 14:28:00.408 +05:30 [INF] Executed action Hahn.ApplicatonProcess.December2020.Web.Controllers.ApplicantController.Post (Hahn.ApplicatonProcess.December2020.Web) in 2963.2528ms
2021-01-04 14:28:00.412 +05:30 [INF] Executed endpoint 'Hahn.ApplicatonProcess.December2020.Web.Controllers.ApplicantController.Post (Hahn.ApplicatonProcess.December2020.Web)'
2021-01-04 14:28:00.417 +05:30 [INF] Request finished HTTP/2 POST https://localhost:5001/Applicant text/plain;charset=UTF-8 149 - 415 - application/problem+json;+charset=utf-8 3117.0792ms
2021-01-04 14:35:57.701 +05:30 [INF] Request starting HTTP/2 OPTIONS https://localhost:5001/Applicant - -
2021-01-04 14:35:57.703 +05:30 [INF] CORS policy execution successful.
2021-01-04 14:35:57.707 +05:30 [INF] Request finished HTTP/2 OPTIONS https://localhost:5001/Applicant - - - 204 - - 5.9858ms
2021-01-04 14:35:57.718 +05:30 [INF] Request starting HTTP/2 POST https://localhost:5001/Applicant application/json 149
2021-01-04 14:35:57.721 +05:30 [INF] CORS policy execution successful.
2021-01-04 14:35:57.724 +05:30 [INF] Executing endpoint 'Hahn.ApplicatonProcess.December2020.Web.Controllers.ApplicantController.Post (Hahn.ApplicatonProcess.December2020.Web)'
2021-01-04 14:35:57.728 +05:30 [INF] Route matched with {action = "Post", controller = "Applicant"}. Executing controller action with signature Microsoft.AspNetCore.Mvc.ActionResult Post(Hahn.ApplicatonProcess.December2020.Domain.Application.Dto.Request.Request`1[Hahn.ApplicatonProcess.December2020.Domain.Application.Dto.Model.Applicant]) on controller Hahn.ApplicatonProcess.December2020.Web.Controllers.ApplicantController (Hahn.ApplicatonProcess.December2020.Web).
2021-01-04 14:36:18.652 +05:30 [INF] Entity Framework Core 5.0.1 initialized 'ApplicationDbContext' using provider 'Microsoft.EntityFrameworkCore.InMemory' with options: StoreName=ApplicantManager 
2021-01-04 14:36:18.814 +05:30 [INF] Saved 1 entities to in-memory store.
2021-01-04 14:36:18.833 +05:30 [INF] Executing CreatedAtActionResult, writing value of type 'Hahn.ApplicatonProcess.December2020.Domain.Application.Dto.Response.Response`1[[Hahn.ApplicatonProcess.December2020.Domain.Application.Dto.Model.AddResponse, Hahn.ApplicatonProcess.December2020.Domain, Version=1.0.0.0, Culture=neutral, PublicKeyToken=null]]'.
2021-01-04 14:36:18.938 +05:30 [INF] Executed action Hahn.ApplicatonProcess.December2020.Web.Controllers.ApplicantController.Post (Hahn.ApplicatonProcess.December2020.Web) in 21198.5254ms
2021-01-04 14:36:18.947 +05:30 [INF] Executed endpoint 'Hahn.ApplicatonProcess.December2020.Web.Controllers.ApplicantController.Post (Hahn.ApplicatonProcess.December2020.Web)'
2021-01-04 14:36:18.955 +05:30 [INF] Request finished HTTP/2 POST https://localhost:5001/Applicant application/json 149 - 201 - application/json;+charset=utf-8 21243.0461ms
2021-01-04 14:37:08.935 +05:30 [INF] Request starting HTTP/2 OPTIONS https://localhost:5001/Applicant - -
2021-01-04 14:37:08.937 +05:30 [INF] CORS policy execution successful.
2021-01-04 14:37:08.941 +05:30 [INF] Request finished HTTP/2 OPTIONS https://localhost:5001/Applicant - - - 204 - - 4.7338ms
2021-01-04 14:37:08.944 +05:30 [INF] Request starting HTTP/2 POST https://localhost:5001/Applicant application/json 149
2021-01-04 14:37:08.948 +05:30 [INF] CORS policy execution successful.
2021-01-04 14:37:08.950 +05:30 [INF] Executing endpoint 'Hahn.ApplicatonProcess.December2020.Web.Controllers.ApplicantController.Post (Hahn.ApplicatonProcess.December2020.Web)'
2021-01-04 14:37:08.952 +05:30 [INF] Route matched with {action = "Post", controller = "Applicant"}. Executing controller action with signature Microsoft.AspNetCore.Mvc.ActionResult Post(Hahn.ApplicatonProcess.December2020.Domain.Application.Dto.Request.Request`1[Hahn.ApplicatonProcess.December2020.Domain.Application.Dto.Model.Applicant]) on controller Hahn.ApplicatonProcess.December2020.Web.Controllers.ApplicantController (Hahn.ApplicatonProcess.December2020.Web).
2021-01-04 14:37:11.873 +05:30 [INF] Entity Framework Core 5.0.1 initialized 'ApplicationDbContext' using provider 'Microsoft.EntityFrameworkCore.InMemory' with options: StoreName=ApplicantManager 
2021-01-04 14:37:11.876 +05:30 [INF] Saved 1 entities to in-memory store.
2021-01-04 14:37:11.878 +05:30 [INF] Executing CreatedAtActionResult, writing value of type 'Hahn.ApplicatonProcess.December2020.Domain.Application.Dto.Response.Response`1[[Hahn.ApplicatonProcess.December2020.Domain.Application.Dto.Model.AddResponse, Hahn.ApplicatonProcess.December2020.Domain, Version=1.0.0.0, Culture=neutral, PublicKeyToken=null]]'.
2021-01-04 14:37:11.882 +05:30 [INF] Executed action Hahn.ApplicatonProcess.December2020.Web.Controllers.ApplicantController.Post (Hahn.ApplicatonProcess.December2020.Web) in 2927.4155ms
2021-01-04 14:37:11.884 +05:30 [INF] Executed endpoint 'Hahn.ApplicatonProcess.December2020.Web.Controllers.ApplicantController.Post (Hahn.ApplicatonProcess.December2020.Web)'
2021-01-04 14:37:11.886 +05:30 [INF] Request finished HTTP/2 POST https://localhost:5001/Applicant application/json 149 - 201 - application/json;+charset=utf-8 2942.9106ms
2021-01-04 15:42:02.968 +05:30 [INF] Request starting HTTP/2 OPTIONS https://localhost:5001/Applicant - -
2021-01-04 15:42:02.971 +05:30 [INF] CORS policy execution successful.
2021-01-04 15:42:02.974 +05:30 [INF] Request finished HTTP/2 OPTIONS https://localhost:5001/Applicant - - - 204 - - 5.6340ms
2021-01-04 15:42:02.977 +05:30 [INF] Request starting HTTP/2 POST https://localhost:5001/Applicant application/json 175
2021-01-04 15:42:02.979 +05:30 [INF] CORS policy execution successful.
2021-01-04 15:42:02.981 +05:30 [INF] Executing endpoint 'Hahn.ApplicatonProcess.December2020.Web.Controllers.ApplicantController.Post (Hahn.ApplicatonProcess.December2020.Web)'
2021-01-04 15:42:02.984 +05:30 [INF] Route matched with {action = "Post", controller = "Applicant"}. Executing controller action with signature Microsoft.AspNetCore.Mvc.ActionResult Post(Hahn.ApplicatonProcess.December2020.Domain.Application.Dto.Request.Request`1[Hahn.ApplicatonProcess.December2020.Domain.Application.Dto.Model.Applicant]) on controller Hahn.ApplicatonProcess.December2020.Web.Controllers.ApplicantController (Hahn.ApplicatonProcess.December2020.Web).
2021-01-04 15:42:04.991 +05:30 [INF] Executing BadRequestObjectResult, writing value of type 'Microsoft.AspNetCore.Mvc.ValidationProblemDetails'.
2021-01-04 15:42:04.997 +05:30 [INF] Executed action Hahn.ApplicatonProcess.December2020.Web.Controllers.ApplicantController.Post (Hahn.ApplicatonProcess.December2020.Web) in 2010.3741ms
2021-01-04 15:42:04.999 +05:30 [INF] Executed endpoint 'Hahn.ApplicatonProcess.December2020.Web.Controllers.ApplicantController.Post (Hahn.ApplicatonProcess.December2020.Web)'
2021-01-04 15:42:05.002 +05:30 [INF] Request finished HTTP/2 POST https://localhost:5001/Applicant application/json 175 - 400 - application/problem+json;+charset=utf-8 2024.8964ms
2021-01-04 15:42:23.072 +05:30 [INF] Request starting HTTP/2 OPTIONS https://localhost:5001/Applicant - -
2021-01-04 15:42:23.074 +05:30 [INF] CORS policy execution successful.
2021-01-04 15:42:23.078 +05:30 [INF] Request finished HTTP/2 OPTIONS https://localhost:5001/Applicant - - - 204 - - 3.9302ms
2021-01-04 15:42:23.080 +05:30 [INF] Request starting HTTP/2 POST https://localhost:5001/Applicant application/json 149
2021-01-04 15:42:23.082 +05:30 [INF] CORS policy execution successful.
2021-01-04 15:42:23.084 +05:30 [INF] Executing endpoint 'Hahn.ApplicatonProcess.December2020.Web.Controllers.ApplicantController.Post (Hahn.ApplicatonProcess.December2020.Web)'
2021-01-04 15:42:23.086 +05:30 [INF] Route matched with {action = "Post", controller = "Applicant"}. Executing controller action with signature Microsoft.AspNetCore.Mvc.ActionResult Post(Hahn.ApplicatonProcess.December2020.Domain.Application.Dto.Request.Request`1[Hahn.ApplicatonProcess.December2020.Domain.Application.Dto.Model.Applicant]) on controller Hahn.ApplicatonProcess.December2020.Web.Controllers.ApplicantController (Hahn.ApplicatonProcess.December2020.Web).
2021-01-04 15:42:34.715 +05:30 [INF] Entity Framework Core 5.0.1 initialized 'ApplicationDbContext' using provider 'Microsoft.EntityFrameworkCore.InMemory' with options: StoreName=ApplicantManager 
2021-01-04 15:42:34.718 +05:30 [INF] Saved 1 entities to in-memory store.
2021-01-04 15:42:34.720 +05:30 [INF] Executing CreatedAtActionResult, writing value of type 'Hahn.ApplicatonProcess.December2020.Domain.Application.Dto.Response.Response`1[[Hahn.ApplicatonProcess.December2020.Domain.Application.Dto.Model.AddResponse, Hahn.ApplicatonProcess.December2020.Domain, Version=1.0.0.0, Culture=neutral, PublicKeyToken=null]]'.
2021-01-04 15:42:34.722 +05:30 [INF] Executed action Hahn.ApplicatonProcess.December2020.Web.Controllers.ApplicantController.Post (Hahn.ApplicatonProcess.December2020.Web) in 11634.5391ms
2021-01-04 15:42:34.724 +05:30 [INF] Executed endpoint 'Hahn.ApplicatonProcess.December2020.Web.Controllers.ApplicantController.Post (Hahn.ApplicatonProcess.December2020.Web)'
2021-01-04 15:42:34.726 +05:30 [INF] Request finished HTTP/2 POST https://localhost:5001/Applicant application/json 149 - 201 - application/json;+charset=utf-8 11645.8800ms
2021-01-04 17:07:55.674 +05:30 [INF] Request starting HTTP/2 OPTIONS https://localhost:5001/Applicant - -
2021-01-04 17:07:55.679 +05:30 [INF] CORS policy execution successful.
2021-01-04 17:07:55.683 +05:30 [INF] Request finished HTTP/2 OPTIONS https://localhost:5001/Applicant - - - 204 - - 8.8872ms
2021-01-04 17:07:55.718 +05:30 [INF] Request starting HTTP/2 POST https://localhost:5001/Applicant application/json 149
2021-01-04 17:07:55.751 +05:30 [INF] CORS policy execution successful.
2021-01-04 17:07:55.757 +05:30 [INF] Executing endpoint 'Hahn.ApplicatonProcess.December2020.Web.Controllers.ApplicantController.Post (Hahn.ApplicatonProcess.December2020.Web)'
2021-01-04 17:07:55.769 +05:30 [INF] Route matched with {action = "Post", controller = "Applicant"}. Executing controller action with signature Microsoft.AspNetCore.Mvc.ActionResult Post(Hahn.ApplicatonProcess.December2020.Domain.Application.Dto.Request.Request`1[Hahn.ApplicatonProcess.December2020.Domain.Application.Dto.Model.Applicant]) on controller Hahn.ApplicatonProcess.December2020.Web.Controllers.ApplicantController (Hahn.ApplicatonProcess.December2020.Web).
2021-01-04 17:07:58.378 +05:30 [INF] Entity Framework Core 5.0.1 initialized 'ApplicationDbContext' using provider 'Microsoft.EntityFrameworkCore.InMemory' with options: StoreName=ApplicantManager 
2021-01-04 17:07:58.419 +05:30 [INF] Saved 1 entities to in-memory store.
2021-01-04 17:07:58.422 +05:30 [INF] Executing CreatedAtActionResult, writing value of type 'Hahn.ApplicatonProcess.December2020.Domain.Application.Dto.Response.Response`1[[Hahn.ApplicatonProcess.December2020.Domain.Application.Dto.Model.AddResponse, Hahn.ApplicatonProcess.December2020.Domain, Version=1.0.0.0, Culture=neutral, PublicKeyToken=null]]'.
2021-01-04 17:07:58.425 +05:30 [INF] Executed action Hahn.ApplicatonProcess.December2020.Web.Controllers.ApplicantController.Post (Hahn.ApplicatonProcess.December2020.Web) in 2652.6202ms
2021-01-04 17:07:58.428 +05:30 [INF] Executed endpoint 'Hahn.ApplicatonProcess.December2020.Web.Controllers.ApplicantController.Post (Hahn.ApplicatonProcess.December2020.Web)'
2021-01-04 17:07:58.432 +05:30 [INF] Request finished HTTP/2 POST https://localhost:5001/Applicant application/json 149 - 201 - application/json;+charset=utf-8 2720.2343ms
2021-01-04 17:14:57.260 +05:30 [INF] Request starting HTTP/1.1 POST https://localhost:5001/Applicant/ application/json 230
2021-01-04 17:14:57.361 +05:30 [INF] Executing endpoint 'Hahn.ApplicatonProcess.December2020.Web.Controllers.ApplicantController.Post (Hahn.ApplicatonProcess.December2020.Web)'
2021-01-04 17:14:57.546 +05:30 [INF] Route matched with {action = "Post", controller = "Applicant"}. Executing controller action with signature Microsoft.AspNetCore.Mvc.ActionResult Post(Hahn.ApplicatonProcess.December2020.Domain.Application.Dto.Request.Request`1[Hahn.ApplicatonProcess.December2020.Domain.Application.Dto.Model.Applicant]) on controller Hahn.ApplicatonProcess.December2020.Web.Controllers.ApplicantController (Hahn.ApplicatonProcess.December2020.Web).
2021-01-04 17:15:03.635 +05:30 [INF] Entity Framework Core 5.0.1 initialized 'ApplicationDbContext' using provider 'Microsoft.EntityFrameworkCore.InMemory' with options: StoreName=ApplicantManager 
2021-01-04 17:15:03.656 +05:30 [INF] Saved 1 entities to in-memory store.
2021-01-04 17:15:03.717 +05:30 [INF] Executing CreatedAtActionResult, writing value of type 'Hahn.ApplicatonProcess.December2020.Domain.Application.Dto.Response.Response`1[[Hahn.ApplicatonProcess.December2020.Domain.Application.Dto.Model.AddResponse, Hahn.ApplicatonProcess.December2020.Domain, Version=1.0.0.0, Culture=neutral, PublicKeyToken=null]]'.
2021-01-04 17:15:03.869 +05:30 [INF] Executed action Hahn.ApplicatonProcess.December2020.Web.Controllers.ApplicantController.Post (Hahn.ApplicatonProcess.December2020.Web) in 6175.4752ms
2021-01-04 17:15:04.177 +05:30 [INF] Executed endpoint 'Hahn.ApplicatonProcess.December2020.Web.Controllers.ApplicantController.Post (Hahn.ApplicatonProcess.December2020.Web)'
2021-01-04 17:15:04.342 +05:30 [INF] Request finished HTTP/1.1 POST https://localhost:5001/Applicant/ application/json 230 - 201 - application/json;+charset=utf-8 6961.3747ms
2021-01-04 17:21:47.231 +05:30 [INF] Request starting HTTP/2 OPTIONS https://localhost:5001/Applicant - -
2021-01-04 17:21:47.233 +05:30 [INF] Request starting HTTP/2 OPTIONS https://localhost:5001/Applicant/5 - -
2021-01-04 17:21:47.236 +05:30 [INF] CORS policy execution successful.
2021-01-04 17:21:47.238 +05:30 [INF] CORS policy execution successful.
2021-01-04 17:21:47.243 +05:30 [INF] Request finished HTTP/2 OPTIONS https://localhost:5001/Applicant - - - 204 - - 9.3685ms
2021-01-04 17:21:47.246 +05:30 [INF] Request finished HTTP/2 OPTIONS https://localhost:5001/Applicant/5 - - - 204 - - 15.8321ms
2021-01-04 17:21:47.250 +05:30 [INF] Request starting HTTP/2 POST https://localhost:5001/Applicant application/json 149
2021-01-04 17:21:47.256 +05:30 [INF] CORS policy execution successful.
2021-01-04 17:21:47.261 +05:30 [INF] Request starting HTTP/2 PUT https://localhost:5001/Applicant/5 application/json 151
2021-01-04 17:21:47.263 +05:30 [INF] Executing endpoint 'Hahn.ApplicatonProcess.December2020.Web.Controllers.ApplicantController.Post (Hahn.ApplicatonProcess.December2020.Web)'
2021-01-04 17:21:47.266 +05:30 [INF] CORS policy execution successful.
2021-01-04 17:21:47.272 +05:30 [INF] Route matched with {action = "Post", controller = "Applicant"}. Executing controller action with signature Microsoft.AspNetCore.Mvc.ActionResult Post(Hahn.ApplicatonProcess.December2020.Domain.Application.Dto.Request.Request`1[Hahn.ApplicatonProcess.December2020.Domain.Application.Dto.Model.Applicant]) on controller Hahn.ApplicatonProcess.December2020.Web.Controllers.ApplicantController (Hahn.ApplicatonProcess.December2020.Web).
2021-01-04 17:21:47.279 +05:30 [INF] Executing endpoint 'Hahn.ApplicatonProcess.December2020.Web.Controllers.ApplicantController.UpdateApplicant (Hahn.ApplicatonProcess.December2020.Web)'
2021-01-04 17:21:54.269 +05:30 [INF] Route matched with {action = "UpdateApplicant", controller = "Applicant"}. Executing controller action with signature Microsoft.AspNetCore.Mvc.ActionResult UpdateApplicant(Int32, Hahn.ApplicatonProcess.December2020.Domain.Application.Dto.Model.Applicant) on controller Hahn.ApplicatonProcess.December2020.Web.Controllers.ApplicantController (Hahn.ApplicatonProcess.December2020.Web).
2021-01-04 17:22:25.799 +05:30 [INF] Entity Framework Core 5.0.1 initialized 'ApplicationDbContext' using provider 'Microsoft.EntityFrameworkCore.InMemory' with options: StoreName=ApplicantManager 
2021-01-04 17:22:28.985 +05:30 [INF] Executed action Hahn.ApplicatonProcess.December2020.Web.Controllers.ApplicantController.Post (Hahn.ApplicatonProcess.December2020.Web) in 41702.7119ms
2021-01-04 17:22:28.996 +05:30 [INF] Executed endpoint 'Hahn.ApplicatonProcess.December2020.Web.Controllers.ApplicantController.Post (Hahn.ApplicatonProcess.December2020.Web)'
2021-01-04 17:22:29.255 +05:30 [ERR] An unhandled exception has occurred while executing the request.
System.AggregateException: One or more errors occurred. (The SSL connection could not be established, see inner exception.)
 ---> System.Net.Http.HttpRequestException: The SSL connection could not be established, see inner exception.
 ---> System.IO.IOException:  Received an unexpected EOF or 0 bytes from the transport stream.
   at System.Net.Security.SslStream.ReceiveBlobAsync[TIOAdapter](TIOAdapter adapter)
   at System.Net.Security.SslStream.ForceAuthenticationAsync[TIOAdapter](TIOAdapter adapter, Boolean receiveFirst, Byte[] reAuthenticationData, Boolean isApm)
   at System.Net.Http.ConnectHelper.EstablishSslConnectionAsyncCore(Boolean async, Stream stream, SslClientAuthenticationOptions sslOptions, CancellationToken cancellationToken)
   --- End of inner exception stack trace ---
   at System.Net.Http.ConnectHelper.EstablishSslConnectionAsyncCore(Boolean async, Stream stream, SslClientAuthenticationOptions sslOptions, CancellationToken cancellationToken)
   at System.Net.Http.HttpConnectionPool.ConnectAsync(HttpRequestMessage request, Boolean async, CancellationToken cancellationToken)
   at System.Net.Http.HttpConnectionPool.CreateHttp11ConnectionAsync(HttpRequestMessage request, Boolean async, CancellationToken cancellationToken)
   at System.Net.Http.HttpConnectionPool.GetHttpConnectionAsync(HttpRequestMessage request, Boolean async, CancellationToken cancellationToken)
   at System.Net.Http.HttpConnectionPool.SendWithRetryAsync(HttpRequestMessage request, Boolean async, Boolean doRequestAuth, CancellationToken cancellationToken)
   at System.Net.Http.RedirectHandler.SendAsync(HttpRequestMessage request, Boolean async, CancellationToken cancellationToken)
   at System.Net.Http.DiagnosticsHandler.SendAsyncCore(HttpRequestMessage request, Boolean async, CancellationToken cancellationToken)
   at System.Net.Http.HttpClient.SendAsyncCore(HttpRequestMessage request, HttpCompletionOption completionOption, Boolean async, Boolean emitTelemetryStartStop, CancellationToken cancellationToken)
   --- End of inner exception stack trace ---
   at System.Threading.Tasks.Task`1.GetResultCore(Boolean waitCompletionNotification)
   at System.Threading.Tasks.Task`1.get_Result()
   at Hahn.ApplicatonProcess.December2020.Domain.Validation.ValidateApplicant.CountryOfOrigin(String orgin) in C:\Users\Karthikeyan.P\Source\Repos\Hahn.ApplicatonProcess.Application\Hahn.ApplicatonProcess.December2020.Domain\Validation\ValidateApplicant.cs:line 47
   at FluentValidation.DefaultValidatorExtensions.<>c__DisplayClass21_0`2.<Must>b__0(T x, TProperty val) in C:\Projects\FluentValidation\src\FluentValidation\DefaultValidatorExtensions.cs:line 343
   at FluentValidation.DefaultValidatorExtensions.<>c__DisplayClass22_0`2.<Must>b__0(T x, TProperty val, PropertyValidatorContext propertyValidatorContext) in C:\Projects\FluentValidation\src\FluentValidation\DefaultValidatorExtensions.cs:line 359
   at FluentValidation.DefaultValidatorExtensions.<>c__DisplayClass23_0`2.<Must>b__0(Object instance, Object property, PropertyValidatorContext propertyValidatorContext) in C:\Projects\FluentValidation\src\FluentValidation\DefaultValidatorExtensions.cs:line 375
   at FluentValidation.Validators.PredicateValidator.IsValid(PropertyValidatorContext context) in C:\Projects\FluentValidation\src\FluentValidation\Validators\PredicateValidator.cs:line 34
   at FluentValidation.Validators.PropertyValidator.Validate(PropertyValidatorContext context) in C:\Projects\FluentValidation\src\FluentValidation\Validators\PropertyValidator.cs:line 76
   at FluentValidation.Internal.PropertyRule.InvokePropertyValidator(IValidationContext context, IPropertyValidator validator, String propertyName) in C:\Projects\FluentValidation\src\FluentValidation\Internal\PropertyRule.cs:line 480
   at FluentValidation.Internal.PropertyRule.Validate(IValidationContext context)+MoveNext() in C:\Projects\FluentValidation\src\FluentValidation\Internal\PropertyRule.cs:line 312
   at System.Linq.Enumerable.WhereEnumerableIterator`1.MoveNext()
   at FluentValidation.AbstractValidator`1.Validate(ValidationContext`1 context) in C:\Projects\FluentValidation\src\FluentValidation\AbstractValidator.cs:line 95
   at FluentValidation.AbstractValidator`1.Validate(T instance) in C:\Projects\FluentValidation\src\FluentValidation\AbstractValidator.cs:line 62
   at Hahn.ApplicatonProcess.December2020.Web.Controllers.ApplicantController.Post(Request`1 json) in C:\Users\Karthikeyan.P\Source\Repos\Hahn.ApplicatonProcess.Application\Hahn.ApplicatonProcess.December2020.Web\Controllers\ApplicantController.cs:line 37
   at lambda_method3(Closure , Object , Object[] )
   at Microsoft.AspNetCore.Mvc.Infrastructure.ActionMethodExecutor.SyncActionResultExecutor.Execute(IActionResultTypeMapper mapper, ObjectMethodExecutor executor, Object controller, Object[] arguments)
   at Microsoft.AspNetCore.Mvc.Infrastructure.ControllerActionInvoker.InvokeActionMethodAsync()
   at Microsoft.AspNetCore.Mvc.Infrastructure.ControllerActionInvoker.Next(State& next, Scope& scope, Object& state, Boolean& isCompleted)
   at Microsoft.AspNetCore.Mvc.Infrastructure.ControllerActionInvoker.InvokeNextActionFilterAsync()
--- End of stack trace from previous location ---
   at Microsoft.AspNetCore.Mvc.Infrastructure.ControllerActionInvoker.Rethrow(ActionExecutedContextSealed context)
   at Microsoft.AspNetCore.Mvc.Infrastructure.ControllerActionInvoker.Next(State& next, Scope& scope, Object& state, Boolean& isCompleted)
   at Microsoft.AspNetCore.Mvc.Infrastructure.ControllerActionInvoker.InvokeInnerFilterAsync()
--- End of stack trace from previous location ---
   at Microsoft.AspNetCore.Mvc.Infrastructure.ResourceInvoker.<InvokeNextResourceFilter>g__Awaited|24_0(ResourceInvoker invoker, Task lastTask, State next, Scope scope, Object state, Boolean isCompleted)
   at Microsoft.AspNetCore.Mvc.Infrastructure.ResourceInvoker.Rethrow(ResourceExecutedContextSealed context)
   at Microsoft.AspNetCore.Mvc.Infrastructure.ResourceInvoker.Next(State& next, Scope& scope, Object& state, Boolean& isCompleted)
   at Microsoft.AspNetCore.Mvc.Infrastructure.ResourceInvoker.InvokeFilterPipelineAsync()
--- End of stack trace from previous location ---
   at Microsoft.AspNetCore.Mvc.Infrastructure.ResourceInvoker.<InvokeAsync>g__Logged|17_1(ResourceInvoker invoker)
   at Microsoft.AspNetCore.Routing.EndpointMiddleware.<Invoke>g__AwaitRequestTask|6_0(Endpoint endpoint, Task requestTask, ILogger logger)
   at Swashbuckle.AspNetCore.SwaggerUI.SwaggerUIMiddleware.Invoke(HttpContext httpContext)
   at Swashbuckle.AspNetCore.Swagger.SwaggerMiddleware.Invoke(HttpContext httpContext, ISwaggerProvider swaggerProvider)
   at Microsoft.AspNetCore.Diagnostics.DeveloperExceptionPageMiddleware.Invoke(HttpContext context)
2021-01-04 17:22:29.285 +05:30 [INF] Request finished HTTP/2 POST https://localhost:5001/Applicant application/json 149 - 500 - text/plain 42033.1423ms
2021-01-04 17:22:29.663 +05:30 [INF] Saved 1 entities to in-memory store.
2021-01-04 17:22:29.667 +05:30 [INF] Executing OkObjectResult, writing value of type 'System.Int32'.
2021-01-04 17:22:29.674 +05:30 [INF] Executed action Hahn.ApplicatonProcess.December2020.Web.Controllers.ApplicantController.UpdateApplicant (Hahn.ApplicatonProcess.December2020.Web) in 35400.4986ms
2021-01-04 17:22:29.678 +05:30 [INF] Executed endpoint 'Hahn.ApplicatonProcess.December2020.Web.Controllers.ApplicantController.UpdateApplicant (Hahn.ApplicatonProcess.December2020.Web)'
2021-01-04 17:22:29.682 +05:30 [INF] Request finished HTTP/2 PUT https://localhost:5001/Applicant/5 application/json 151 - 200 - application/json;+charset=utf-8 42423.8635ms
2021-01-04 17:23:13.030 +05:30 [INF] Request starting HTTP/2 OPTIONS https://localhost:5001/Applicant - -
2021-01-04 17:23:13.043 +05:30 [INF] CORS policy execution successful.
2021-01-04 17:23:13.047 +05:30 [INF] Request finished HTTP/2 OPTIONS https://localhost:5001/Applicant - - - 204 - - 16.5852ms
2021-01-04 17:23:13.052 +05:30 [INF] Request starting HTTP/2 OPTIONS https://localhost:5001/Applicant/5 - -
2021-01-04 17:23:13.058 +05:30 [INF] Request starting HTTP/2 POST https://localhost:5001/Applicant application/json 149
2021-01-04 17:23:13.060 +05:30 [INF] CORS policy execution successful.
2021-01-04 17:23:13.071 +05:30 [INF] CORS policy execution successful.
2021-01-04 17:23:13.077 +05:30 [INF] Request finished HTTP/2 OPTIONS https://localhost:5001/Applicant/5 - - - 204 - - 19.2809ms
2021-01-04 17:23:13.092 +05:30 [INF] Executing endpoint 'Hahn.ApplicatonProcess.December2020.Web.Controllers.ApplicantController.Post (Hahn.ApplicatonProcess.December2020.Web)'
2021-01-04 17:23:13.094 +05:30 [INF] Request starting HTTP/2 PUT https://localhost:5001/Applicant/5 application/json 142
2021-01-04 17:23:13.099 +05:30 [INF] Route matched with {action = "Post", controller = "Applicant"}. Executing controller action with signature Microsoft.AspNetCore.Mvc.ActionResult Post(Hahn.ApplicatonProcess.December2020.Domain.Application.Dto.Request.Request`1[Hahn.ApplicatonProcess.December2020.Domain.Application.Dto.Model.Applicant]) on controller Hahn.ApplicatonProcess.December2020.Web.Controllers.ApplicantController (Hahn.ApplicatonProcess.December2020.Web).
2021-01-04 17:23:13.107 +05:30 [INF] CORS policy execution successful.
2021-01-04 17:23:15.736 +05:30 [INF] Executing endpoint 'Hahn.ApplicatonProcess.December2020.Web.Controllers.ApplicantController.UpdateApplicant (Hahn.ApplicatonProcess.December2020.Web)'
2021-01-04 17:23:15.739 +05:30 [INF] Route matched with {action = "UpdateApplicant", controller = "Applicant"}. Executing controller action with signature Microsoft.AspNetCore.Mvc.ActionResult UpdateApplicant(Int32, Hahn.ApplicatonProcess.December2020.Domain.Application.Dto.Model.Applicant) on controller Hahn.ApplicatonProcess.December2020.Web.Controllers.ApplicantController (Hahn.ApplicatonProcess.December2020.Web).
2021-01-04 17:23:31.030 +05:30 [INF] Entity Framework Core 5.0.1 initialized 'ApplicationDbContext' using provider 'Microsoft.EntityFrameworkCore.InMemory' with options: StoreName=ApplicantManager 
2021-01-04 17:23:31.044 +05:30 [INF] Saved 1 entities to in-memory store.
2021-01-04 17:23:31.059 +05:30 [INF] Executing CreatedAtActionResult, writing value of type 'Hahn.ApplicatonProcess.December2020.Domain.Application.Dto.Response.Response`1[[Hahn.ApplicatonProcess.December2020.Domain.Application.Dto.Model.AddResponse, Hahn.ApplicatonProcess.December2020.Domain, Version=1.0.0.0, Culture=neutral, PublicKeyToken=null]]'.
2021-01-04 17:23:31.091 +05:30 [INF] Executed action Hahn.ApplicatonProcess.December2020.Web.Controllers.ApplicantController.Post (Hahn.ApplicatonProcess.December2020.Web) in 17973.3816ms
2021-01-04 17:23:31.105 +05:30 [INF] Executed endpoint 'Hahn.ApplicatonProcess.December2020.Web.Controllers.ApplicantController.Post (Hahn.ApplicatonProcess.December2020.Web)'
2021-01-04 17:23:31.109 +05:30 [INF] Request finished HTTP/2 POST https://localhost:5001/Applicant application/json 149 - 201 - application/json;+charset=utf-8 18056.1065ms
2021-01-04 17:23:34.061 +05:30 [INF] Entity Framework Core 5.0.1 initialized 'ApplicationDbContext' using provider 'Microsoft.EntityFrameworkCore.InMemory' with options: StoreName=ApplicantManager 
2021-01-04 17:23:39.599 +05:30 [INF] Saved 1 entities to in-memory store.
2021-01-04 17:23:47.501 +05:30 [INF] Executing OkObjectResult, writing value of type 'System.Int32'.
2021-01-04 17:23:47.509 +05:30 [INF] Executed action Hahn.ApplicatonProcess.December2020.Web.Controllers.ApplicantController.UpdateApplicant (Hahn.ApplicatonProcess.December2020.Web) in 31762.28ms
2021-01-04 17:23:47.517 +05:30 [INF] Executed endpoint 'Hahn.ApplicatonProcess.December2020.Web.Controllers.ApplicantController.UpdateApplicant (Hahn.ApplicatonProcess.December2020.Web)'
2021-01-04 17:23:47.525 +05:30 [INF] Request finished HTTP/2 PUT https://localhost:5001/Applicant/5 application/json 142 - 200 - application/json;+charset=utf-8 34429.3692ms
2021-01-04 17:24:48.041 +05:30 [INF] Request starting HTTP/2 OPTIONS https://localhost:5001/Applicant/5 - -
2021-01-04 17:24:48.043 +05:30 [INF] Request starting HTTP/2 OPTIONS https://localhost:5001/Applicant - -
2021-01-04 17:24:48.045 +05:30 [INF] CORS policy execution successful.
2021-01-04 17:24:48.048 +05:30 [INF] CORS policy execution successful.
2021-01-04 17:24:48.053 +05:30 [INF] Request finished HTTP/2 OPTIONS https://localhost:5001/Applicant/5 - - - 204 - - 9.4871ms
2021-01-04 17:24:48.058 +05:30 [INF] Request finished HTTP/2 OPTIONS https://localhost:5001/Applicant - - - 204 - - 13.6493ms
2021-01-04 17:24:48.063 +05:30 [INF] Request starting HTTP/2 PUT https://localhost:5001/Applicant/5 application/json 142
2021-01-04 17:24:48.064 +05:30 [INF] Request starting HTTP/2 POST https://localhost:5001/Applicant application/json 149
2021-01-04 17:24:48.066 +05:30 [INF] CORS policy execution successful.
2021-01-04 17:24:48.069 +05:30 [INF] CORS policy execution successful.
2021-01-04 17:24:48.073 +05:30 [INF] Executing endpoint 'Hahn.ApplicatonProcess.December2020.Web.Controllers.ApplicantController.UpdateApplicant (Hahn.ApplicatonProcess.December2020.Web)'
2021-01-04 17:24:48.076 +05:30 [INF] Executing endpoint 'Hahn.ApplicatonProcess.December2020.Web.Controllers.ApplicantController.Post (Hahn.ApplicatonProcess.December2020.Web)'
2021-01-04 17:24:48.079 +05:30 [INF] Route matched with {action = "UpdateApplicant", controller = "Applicant"}. Executing controller action with signature Microsoft.AspNetCore.Mvc.ActionResult UpdateApplicant(Int32, Hahn.ApplicatonProcess.December2020.Domain.Application.Dto.Model.Applicant) on controller Hahn.ApplicatonProcess.December2020.Web.Controllers.ApplicantController (Hahn.ApplicatonProcess.December2020.Web).
2021-01-04 17:24:48.082 +05:30 [INF] Route matched with {action = "Post", controller = "Applicant"}. Executing controller action with signature Microsoft.AspNetCore.Mvc.ActionResult Post(Hahn.ApplicatonProcess.December2020.Domain.Application.Dto.Request.Request`1[Hahn.ApplicatonProcess.December2020.Domain.Application.Dto.Model.Applicant]) on controller Hahn.ApplicatonProcess.December2020.Web.Controllers.ApplicantController (Hahn.ApplicatonProcess.December2020.Web).
2021-01-04 17:24:49.432 +05:30 [INF] Entity Framework Core 5.0.1 initialized 'ApplicationDbContext' using provider 'Microsoft.EntityFrameworkCore.InMemory' with options: StoreName=ApplicantManager 
2021-01-04 17:24:49.437 +05:30 [INF] Saved 1 entities to in-memory store.
2021-01-04 17:24:49.442 +05:30 [INF] Executing OkObjectResult, writing value of type 'System.Int32'.
2021-01-04 17:24:49.445 +05:30 [INF] Executed action Hahn.ApplicatonProcess.December2020.Web.Controllers.ApplicantController.UpdateApplicant (Hahn.ApplicatonProcess.December2020.Web) in 1361.7939ms
2021-01-04 17:24:49.448 +05:30 [INF] Executed endpoint 'Hahn.ApplicatonProcess.December2020.Web.Controllers.ApplicantController.UpdateApplicant (Hahn.ApplicatonProcess.December2020.Web)'
2021-01-04 17:24:49.451 +05:30 [INF] Request finished HTTP/2 PUT https://localhost:5001/Applicant/5 application/json 142 - 200 - application/json;+charset=utf-8 1389.6401ms
2021-01-04 17:24:50.167 +05:30 [INF] Entity Framework Core 5.0.1 initialized 'ApplicationDbContext' using provider 'Microsoft.EntityFrameworkCore.InMemory' with options: StoreName=ApplicantManager 
2021-01-04 17:24:50.171 +05:30 [INF] Saved 1 entities to in-memory store.
2021-01-04 17:24:50.174 +05:30 [INF] Executing CreatedAtActionResult, writing value of type 'Hahn.ApplicatonProcess.December2020.Domain.Application.Dto.Response.Response`1[[Hahn.ApplicatonProcess.December2020.Domain.Application.Dto.Model.AddResponse, Hahn.ApplicatonProcess.December2020.Domain, Version=1.0.0.0, Culture=neutral, PublicKeyToken=null]]'.
2021-01-04 17:24:50.176 +05:30 [INF] Executed action Hahn.ApplicatonProcess.December2020.Web.Controllers.ApplicantController.Post (Hahn.ApplicatonProcess.December2020.Web) in 2092.5459ms
2021-01-04 17:24:50.179 +05:30 [INF] Executed endpoint 'Hahn.ApplicatonProcess.December2020.Web.Controllers.ApplicantController.Post (Hahn.ApplicatonProcess.December2020.Web)'
2021-01-04 17:24:50.182 +05:30 [INF] Request finished HTTP/2 POST https://localhost:5001/Applicant application/json 149 - 201 - application/json;+charset=utf-8 2119.2744ms
2021-01-04 17:26:11.466 +05:30 [INF] Request starting HTTP/2 OPTIONS https://localhost:5001/Applicant - -
2021-01-04 17:26:15.180 +05:30 [INF] CORS policy execution successful.
2021-01-04 17:26:15.183 +05:30 [INF] Request starting HTTP/2 OPTIONS https://localhost:5001/Applicant/5 - -
2021-01-04 17:26:15.222 +05:30 [INF] Request finished HTTP/2 OPTIONS https://localhost:5001/Applicant - - - 204 - - 3721.2826ms
2021-01-04 17:26:15.228 +05:30 [INF] CORS policy execution successful.
2021-01-04 17:26:15.233 +05:30 [INF] Request starting HTTP/2 POST https://localhost:5001/Applicant application/json 149
2021-01-04 17:26:15.236 +05:30 [INF] Request finished HTTP/2 OPTIONS https://localhost:5001/Applicant/5 - - - 204 - - 49.3291ms
2021-01-04 17:26:15.237 +05:30 [INF] CORS policy execution successful.
2021-01-04 17:26:15.243 +05:30 [INF] Executing endpoint 'Hahn.ApplicatonProcess.December2020.Web.Controllers.ApplicantController.Post (Hahn.ApplicatonProcess.December2020.Web)'
2021-01-04 17:26:15.247 +05:30 [INF] Request starting HTTP/2 PUT https://localhost:5001/Applicant/5 application/json 142
2021-01-04 17:26:15.249 +05:30 [INF] Route matched with {action = "Post", controller = "Applicant"}. Executing controller action with signature Microsoft.AspNetCore.Mvc.ActionResult Post(Hahn.ApplicatonProcess.December2020.Domain.Application.Dto.Request.Request`1[Hahn.ApplicatonProcess.December2020.Domain.Application.Dto.Model.Applicant]) on controller Hahn.ApplicatonProcess.December2020.Web.Controllers.ApplicantController (Hahn.ApplicatonProcess.December2020.Web).
2021-01-04 17:26:15.251 +05:30 [INF] CORS policy execution successful.
2021-01-04 17:26:15.254 +05:30 [INF] Executing endpoint 'Hahn.ApplicatonProcess.December2020.Web.Controllers.ApplicantController.UpdateApplicant (Hahn.ApplicatonProcess.December2020.Web)'
2021-01-04 17:26:15.258 +05:30 [INF] Route matched with {action = "UpdateApplicant", controller = "Applicant"}. Executing controller action with signature Microsoft.AspNetCore.Mvc.ActionResult UpdateApplicant(Int32, Hahn.ApplicatonProcess.December2020.Domain.Application.Dto.Model.Applicant) on controller Hahn.ApplicatonProcess.December2020.Web.Controllers.ApplicantController (Hahn.ApplicatonProcess.December2020.Web).
2021-01-04 17:26:17.532 +05:30 [INF] Entity Framework Core 5.0.1 initialized 'ApplicationDbContext' using provider 'Microsoft.EntityFrameworkCore.InMemory' with options: StoreName=ApplicantManager 
2021-01-04 17:26:17.540 +05:30 [INF] Saved 1 entities to in-memory store.
2021-01-04 17:26:17.546 +05:30 [INF] Executing OkObjectResult, writing value of type 'System.Int32'.
2021-01-04 17:26:17.552 +05:30 [INF] Executed action Hahn.ApplicatonProcess.December2020.Web.Controllers.ApplicantController.UpdateApplicant (Hahn.ApplicatonProcess.December2020.Web) in 2288.8268ms
2021-01-04 17:26:17.558 +05:30 [INF] Executed endpoint 'Hahn.ApplicatonProcess.December2020.Web.Controllers.ApplicantController.UpdateApplicant (Hahn.ApplicatonProcess.December2020.Web)'
2021-01-04 17:26:17.565 +05:30 [INF] Request finished HTTP/2 PUT https://localhost:5001/Applicant/5 application/json 142 - 200 - application/json;+charset=utf-8 2319.7410ms
2021-01-04 17:26:18.151 +05:30 [INF] Entity Framework Core 5.0.1 initialized 'ApplicationDbContext' using provider 'Microsoft.EntityFrameworkCore.InMemory' with options: StoreName=ApplicantManager 
2021-01-04 17:26:18.160 +05:30 [INF] Saved 1 entities to in-memory store.
2021-01-04 17:26:18.171 +05:30 [INF] Executing CreatedAtActionResult, writing value of type 'Hahn.ApplicatonProcess.December2020.Domain.Application.Dto.Response.Response`1[[Hahn.ApplicatonProcess.December2020.Domain.Application.Dto.Model.AddResponse, Hahn.ApplicatonProcess.December2020.Domain, Version=1.0.0.0, Culture=neutral, PublicKeyToken=null]]'.
2021-01-04 17:26:18.181 +05:30 [INF] Executed action Hahn.ApplicatonProcess.December2020.Web.Controllers.ApplicantController.Post (Hahn.ApplicatonProcess.December2020.Web) in 2922.5869ms
2021-01-04 17:26:18.192 +05:30 [INF] Executed endpoint 'Hahn.ApplicatonProcess.December2020.Web.Controllers.ApplicantController.Post (Hahn.ApplicatonProcess.December2020.Web)'
2021-01-04 17:26:18.204 +05:30 [INF] Request finished HTTP/2 POST https://localhost:5001/Applicant application/json 149 - 201 - application/json;+charset=utf-8 2964.5878ms
2021-01-04 17:28:40.586 +05:30 [INF] Request starting HTTP/2 OPTIONS https://localhost:5001/Applicant - -
2021-01-04 17:28:40.589 +05:30 [INF] CORS policy execution successful.
2021-01-04 17:28:40.594 +05:30 [INF] Request finished HTTP/2 OPTIONS https://localhost:5001/Applicant - - - 204 - - 7.2422ms
2021-01-04 17:28:40.603 +05:30 [INF] Request starting HTTP/2 OPTIONS https://localhost:5001/Applicant/5 - -
2021-01-04 17:28:40.604 +05:30 [INF] Request starting HTTP/2 POST https://localhost:5001/Applicant application/json 149
2021-01-04 17:28:40.607 +05:30 [INF] CORS policy execution successful.
2021-01-04 17:28:40.609 +05:30 [INF] CORS policy execution successful.
2021-01-04 17:28:40.613 +05:30 [INF] Request finished HTTP/2 OPTIONS https://localhost:5001/Applicant/5 - - - 204 - - 17.3692ms
2021-01-04 17:28:40.616 +05:30 [INF] Executing endpoint 'Hahn.ApplicatonProcess.December2020.Web.Controllers.ApplicantController.Post (Hahn.ApplicatonProcess.December2020.Web)'
2021-01-04 17:28:40.665 +05:30 [INF] Route matched with {action = "Post", controller = "Applicant"}. Executing controller action with signature Microsoft.AspNetCore.Mvc.ActionResult Post(Hahn.ApplicatonProcess.December2020.Domain.Application.Dto.Request.Request`1[Hahn.ApplicatonProcess.December2020.Domain.Application.Dto.Model.Applicant]) on controller Hahn.ApplicatonProcess.December2020.Web.Controllers.ApplicantController (Hahn.ApplicatonProcess.December2020.Web).
2021-01-04 17:28:40.670 +05:30 [INF] Request starting HTTP/2 PUT https://localhost:5001/Applicant/5 application/json 142
2021-01-04 17:28:40.676 +05:30 [INF] CORS policy execution successful.
2021-01-04 17:28:40.682 +05:30 [INF] Executing endpoint 'Hahn.ApplicatonProcess.December2020.Web.Controllers.ApplicantController.UpdateApplicant (Hahn.ApplicatonProcess.December2020.Web)'
2021-01-04 17:28:40.686 +05:30 [INF] Route matched with {action = "UpdateApplicant", controller = "Applicant"}. Executing controller action with signature Microsoft.AspNetCore.Mvc.ActionResult UpdateApplicant(Int32, Hahn.ApplicatonProcess.December2020.Domain.Application.Dto.Model.Applicant) on controller Hahn.ApplicatonProcess.December2020.Web.Controllers.ApplicantController (Hahn.ApplicatonProcess.December2020.Web).
2021-01-04 17:28:40.690 +05:30 [INF] Entity Framework Core 5.0.1 initialized 'ApplicationDbContext' using provider 'Microsoft.EntityFrameworkCore.InMemory' with options: StoreName=ApplicantManager 
2021-01-04 17:28:40.695 +05:30 [INF] Saved 1 entities to in-memory store.
2021-01-04 17:28:40.703 +05:30 [INF] Executing OkObjectResult, writing value of type 'System.Int32'.
2021-01-04 17:28:40.707 +05:30 [INF] Executed action Hahn.ApplicatonProcess.December2020.Web.Controllers.ApplicantController.UpdateApplicant (Hahn.ApplicatonProcess.December2020.Web) in 17.8291ms
2021-01-04 17:28:40.710 +05:30 [INF] Executed endpoint 'Hahn.ApplicatonProcess.December2020.Web.Controllers.ApplicantController.UpdateApplicant (Hahn.ApplicatonProcess.December2020.Web)'
2021-01-04 17:28:40.716 +05:30 [INF] Request finished HTTP/2 PUT https://localhost:5001/Applicant/5 application/json 142 - 200 - application/json;+charset=utf-8 86.9304ms
2021-01-04 17:28:41.411 +05:30 [INF] Entity Framework Core 5.0.1 initialized 'ApplicationDbContext' using provider 'Microsoft.EntityFrameworkCore.InMemory' with options: StoreName=ApplicantManager 
2021-01-04 17:28:41.414 +05:30 [INF] Saved 1 entities to in-memory store.
2021-01-04 17:28:41.417 +05:30 [INF] Executing CreatedAtActionResult, writing value of type 'Hahn.ApplicatonProcess.December2020.Domain.Application.Dto.Response.Response`1[[Hahn.ApplicatonProcess.December2020.Domain.Application.Dto.Model.AddResponse, Hahn.ApplicatonProcess.December2020.Domain, Version=1.0.0.0, Culture=neutral, PublicKeyToken=null]]'.
2021-01-04 17:28:41.420 +05:30 [INF] Executed action Hahn.ApplicatonProcess.December2020.Web.Controllers.ApplicantController.Post (Hahn.ApplicatonProcess.December2020.Web) in 751.7164ms
2021-01-04 17:28:41.422 +05:30 [INF] Executed endpoint 'Hahn.ApplicatonProcess.December2020.Web.Controllers.ApplicantController.Post (Hahn.ApplicatonProcess.December2020.Web)'
2021-01-04 17:28:41.425 +05:30 [INF] Request finished HTTP/2 POST https://localhost:5001/Applicant application/json 149 - 201 - application/json;+charset=utf-8 821.8630ms
2021-01-04 17:40:22.003 +05:30 [INF] Request starting HTTP/2 OPTIONS https://localhost:5001/Applicant - -
2021-01-04 17:40:22.006 +05:30 [INF] Request starting HTTP/2 OPTIONS https://localhost:5001/Applicant/5 - -
2021-01-04 17:40:22.007 +05:30 [INF] CORS policy execution successful.
2021-01-04 17:40:22.011 +05:30 [INF] CORS policy execution successful.
2021-01-04 17:40:22.022 +05:30 [INF] Request finished HTTP/2 OPTIONS https://localhost:5001/Applicant - - - 204 - - 13.4451ms
2021-01-04 17:40:22.027 +05:30 [INF] Request finished HTTP/2 OPTIONS https://localhost:5001/Applicant/5 - - - 204 - - 17.1711ms
2021-01-04 17:40:22.028 +05:30 [INF] Request starting HTTP/2 POST https://localhost:5001/Applicant application/json 149
2021-01-04 17:40:22.035 +05:30 [INF] CORS policy execution successful.
2021-01-04 17:40:22.042 +05:30 [INF] Request starting HTTP/2 PUT https://localhost:5001/Applicant/5 application/json 142
2021-01-04 17:40:22.045 +05:30 [INF] Executing endpoint 'Hahn.ApplicatonProcess.December2020.Web.Controllers.ApplicantController.Post (Hahn.ApplicatonProcess.December2020.Web)'
2021-01-04 17:40:22.056 +05:30 [INF] CORS policy execution successful.
2021-01-04 17:40:22.061 +05:30 [INF] Route matched with {action = "Post", controller = "Applicant"}. Executing controller action with signature Microsoft.AspNetCore.Mvc.ActionResult Post(Hahn.ApplicatonProcess.December2020.Domain.Application.Dto.Request.Request`1[Hahn.ApplicatonProcess.December2020.Domain.Application.Dto.Model.Applicant]) on controller Hahn.ApplicatonProcess.December2020.Web.Controllers.ApplicantController (Hahn.ApplicatonProcess.December2020.Web).
2021-01-04 17:40:22.069 +05:30 [INF] Executing endpoint 'Hahn.ApplicatonProcess.December2020.Web.Controllers.ApplicantController.UpdateApplicant (Hahn.ApplicatonProcess.December2020.Web)'
2021-01-04 17:40:22.075 +05:30 [INF] Route matched with {action = "UpdateApplicant", controller = "Applicant"}. Executing controller action with signature Microsoft.AspNetCore.Mvc.ActionResult UpdateApplicant(Int32, Hahn.ApplicatonProcess.December2020.Domain.Application.Dto.Model.Applicant) on controller Hahn.ApplicatonProcess.December2020.Web.Controllers.ApplicantController (Hahn.ApplicatonProcess.December2020.Web).
2021-01-04 17:40:22.084 +05:30 [INF] Entity Framework Core 5.0.1 initialized 'ApplicationDbContext' using provider 'Microsoft.EntityFrameworkCore.InMemory' with options: StoreName=ApplicantManager 
2021-01-04 17:40:22.089 +05:30 [INF] Saved 1 entities to in-memory store.
2021-01-04 17:40:22.092 +05:30 [INF] Executing OkObjectResult, writing value of type 'System.Int32'.
2021-01-04 17:40:22.095 +05:30 [INF] Executed action Hahn.ApplicatonProcess.December2020.Web.Controllers.ApplicantController.UpdateApplicant (Hahn.ApplicatonProcess.December2020.Web) in 17.3153ms
2021-01-04 17:40:22.103 +05:30 [INF] Executed endpoint 'Hahn.ApplicatonProcess.December2020.Web.Controllers.ApplicantController.UpdateApplicant (Hahn.ApplicatonProcess.December2020.Web)'
2021-01-04 17:40:22.107 +05:30 [INF] Request finished HTTP/2 PUT https://localhost:5001/Applicant/5 application/json 142 - 200 - application/json;+charset=utf-8 72.8619ms
2021-01-04 17:40:22.717 +05:30 [INF] Entity Framework Core 5.0.1 initialized 'ApplicationDbContext' using provider 'Microsoft.EntityFrameworkCore.InMemory' with options: StoreName=ApplicantManager 
2021-01-04 17:40:22.720 +05:30 [INF] Saved 1 entities to in-memory store.
2021-01-04 17:40:22.723 +05:30 [INF] Executing CreatedAtActionResult, writing value of type 'Hahn.ApplicatonProcess.December2020.Domain.Application.Dto.Response.Response`1[[Hahn.ApplicatonProcess.December2020.Domain.Application.Dto.Model.AddResponse, Hahn.ApplicatonProcess.December2020.Domain, Version=1.0.0.0, Culture=neutral, PublicKeyToken=null]]'.
2021-01-04 17:40:22.726 +05:30 [INF] Executed action Hahn.ApplicatonProcess.December2020.Web.Controllers.ApplicantController.Post (Hahn.ApplicatonProcess.December2020.Web) in 662.5178ms
2021-01-04 17:40:22.729 +05:30 [INF] Executed endpoint 'Hahn.ApplicatonProcess.December2020.Web.Controllers.ApplicantController.Post (Hahn.ApplicatonProcess.December2020.Web)'
2021-01-04 17:40:22.732 +05:30 [INF] Request finished HTTP/2 POST https://localhost:5001/Applicant application/json 149 - 201 - application/json;+charset=utf-8 705.5359ms
