2021-01-10 12:03:54.068 +05:30 [INF] CORS policy execution successful.
2021-01-10 12:03:54.077 +05:30 [INF] Executing endpoint 'Hahn.ApplicatonProcess.December2020.Web.Controllers.ApplicantController.GetApplicant (Hahn.ApplicatonProcess.December2020.Web)'
2021-01-10 12:03:54.081 +05:30 [INF] Route matched with {action = "GetApplicant", controller = "Applicant"}. Executing controller action with signature Microsoft.AspNetCore.Mvc.ActionResult GetApplicant(Int32) on controller Hahn.ApplicatonProcess.December2020.Web.Controllers.ApplicantController (Hahn.ApplicatonProcess.December2020.Web).
2021-01-10 12:03:54.084 +05:30 [INF] Entity Framework Core 5.0.1 initialized 'ApplicationDbContext' using provider 'Microsoft.EntityFrameworkCore.InMemory' with options: StoreName=ApplicantManager 
2021-01-10 12:03:54.088 +05:30 [INF] Executing OkObjectResult, writing value of type 'Hahn.ApplicatonProcess.December2020.Domain.Application.Dto.Response.Response`1[[Hahn.ApplicatonProcess.December2020.Domain.Application.Dto.Model.Applicant, Hahn.ApplicatonProcess.December2020.Domain, Version=1.0.0.0, Culture=neutral, PublicKeyToken=null]]'.
2021-01-10 12:03:54.091 +05:30 [INF] Executed action Hahn.ApplicatonProcess.December2020.Web.Controllers.ApplicantController.GetApplicant (Hahn.ApplicatonProcess.December2020.Web) in 6.8523ms
2021-01-10 12:03:54.094 +05:30 [INF] Executed endpoint 'Hahn.ApplicatonProcess.December2020.Web.Controllers.ApplicantController.GetApplicant (Hahn.ApplicatonProcess.December2020.Web)'
2021-01-10 12:03:54.097 +05:30 [INF] Request finished HTTP/2 GET https://localhost:5001/Applicant/4 - - - 200 - application/json;+charset=utf-8 31.9881ms
2021-01-10 12:04:50.800 +05:30 [INF] Request starting HTTP/2 GET https://localhost:5001/Applicant - -
2021-01-10 12:04:50.803 +05:30 [INF] CORS policy execution successful.
2021-01-10 12:04:50.806 +05:30 [INF] Executing endpoint 'Hahn.ApplicatonProcess.December2020.Web.Controllers.ApplicantController.GetApplicants (Hahn.ApplicatonProcess.December2020.Web)'
2021-01-10 12:04:50.809 +05:30 [INF] Route matched with {action = "GetApplicants", controller = "Applicant"}. Executing controller action with signature Microsoft.AspNetCore.Mvc.ActionResult GetApplicants() on controller Hahn.ApplicatonProcess.December2020.Web.Controllers.ApplicantController (Hahn.ApplicatonProcess.December2020.Web).
2021-01-10 12:04:50.812 +05:30 [INF] Entity Framework Core 5.0.1 initialized 'ApplicationDbContext' using provider 'Microsoft.EntityFrameworkCore.InMemory' with options: StoreName=ApplicantManager 
2021-01-10 12:04:50.816 +05:30 [INF] Executing OkObjectResult, writing value of type 'Hahn.ApplicatonProcess.December2020.Domain.Application.Dto.Response.Response`1[[System.Collections.Generic.List`1[[Hahn.ApplicatonProcess.December2020.Domain.Application.Dto.Model.Applicant, Hahn.ApplicatonProcess.December2020.Domain, Version=1.0.0.0, Culture=neutral, PublicKeyToken=null]], System.Private.CoreLib, Version=5.0.0.0, Culture=neutral, PublicKeyToken=7cec85d7bea7798e]]'.
2021-01-10 12:04:50.819 +05:30 [INF] Executed action Hahn.ApplicatonProcess.December2020.Web.Controllers.ApplicantController.GetApplicants (Hahn.ApplicatonProcess.December2020.Web) in 6.8282ms
2021-01-10 12:04:50.822 +05:30 [INF] Executed endpoint 'Hahn.ApplicatonProcess.December2020.Web.Controllers.ApplicantController.GetApplicants (Hahn.ApplicatonProcess.December2020.Web)'
2021-01-10 12:04:50.826 +05:30 [INF] Request finished HTTP/2 GET https://localhost:5001/Applicant - - - 200 - application/json;+charset=utf-8 25.5663ms
2021-01-10 12:04:57.581 +05:30 [INF] Request starting HTTP/2 GET https://localhost:5001/Applicant/4 - -
2021-01-10 12:04:57.584 +05:30 [INF] CORS policy execution successful.
2021-01-10 12:04:57.586 +05:30 [INF] Executing endpoint 'Hahn.ApplicatonProcess.December2020.Web.Controllers.ApplicantController.GetApplicant (Hahn.ApplicatonProcess.December2020.Web)'
2021-01-10 12:04:57.590 +05:30 [INF] Route matched with {action = "GetApplicant", controller = "Applicant"}. Executing controller action with signature Microsoft.AspNetCore.Mvc.ActionResult GetApplicant(Int32) on controller Hahn.ApplicatonProcess.December2020.Web.Controllers.ApplicantController (Hahn.ApplicatonProcess.December2020.Web).
2021-01-10 12:04:57.594 +05:30 [INF] Entity Framework Core 5.0.1 initialized 'ApplicationDbContext' using provider 'Microsoft.EntityFrameworkCore.InMemory' with options: StoreName=ApplicantManager 
2021-01-10 12:04:57.598 +05:30 [INF] Executing OkObjectResult, writing value of type 'Hahn.ApplicatonProcess.December2020.Domain.Application.Dto.Response.Response`1[[Hahn.ApplicatonProcess.December2020.Domain.Application.Dto.Model.Applicant, Hahn.ApplicatonProcess.December2020.Domain, Version=1.0.0.0, Culture=neutral, PublicKeyToken=null]]'.
2021-01-10 12:04:57.601 +05:30 [INF] Executed action Hahn.ApplicatonProcess.December2020.Web.Controllers.ApplicantController.GetApplicant (Hahn.ApplicatonProcess.December2020.Web) in 8.0891ms
2021-01-10 12:04:57.604 +05:30 [INF] Executed endpoint 'Hahn.ApplicatonProcess.December2020.Web.Controllers.ApplicantController.GetApplicant (Hahn.ApplicatonProcess.December2020.Web)'
2021-01-10 12:04:57.607 +05:30 [INF] Request finished HTTP/2 GET https://localhost:5001/Applicant/4 - - - 200 - application/json;+charset=utf-8 25.4270ms
2021-01-10 12:05:20.027 +05:30 [INF] Request starting HTTP/2 GET https://localhost:5001/Applicant - -
2021-01-10 12:05:20.030 +05:30 [INF] CORS policy execution successful.
2021-01-10 12:05:20.033 +05:30 [INF] Executing endpoint 'Hahn.ApplicatonProcess.December2020.Web.Controllers.ApplicantController.GetApplicants (Hahn.ApplicatonProcess.December2020.Web)'
2021-01-10 12:05:20.036 +05:30 [INF] Route matched with {action = "GetApplicants", controller = "Applicant"}. Executing controller action with signature Microsoft.AspNetCore.Mvc.ActionResult GetApplicants() on controller Hahn.ApplicatonProcess.December2020.Web.Controllers.ApplicantController (Hahn.ApplicatonProcess.December2020.Web).
2021-01-10 12:05:20.040 +05:30 [INF] Entity Framework Core 5.0.1 initialized 'ApplicationDbContext' using provider 'Microsoft.EntityFrameworkCore.InMemory' with options: StoreName=ApplicantManager 
2021-01-10 12:05:20.044 +05:30 [INF] Executing OkObjectResult, writing value of type 'Hahn.ApplicatonProcess.December2020.Domain.Application.Dto.Response.Response`1[[System.Collections.Generic.List`1[[Hahn.ApplicatonProcess.December2020.Domain.Application.Dto.Model.Applicant, Hahn.ApplicatonProcess.December2020.Domain, Version=1.0.0.0, Culture=neutral, PublicKeyToken=null]], System.Private.CoreLib, Version=5.0.0.0, Culture=neutral, PublicKeyToken=7cec85d7bea7798e]]'.
2021-01-10 12:05:20.047 +05:30 [INF] Executed action Hahn.ApplicatonProcess.December2020.Web.Controllers.ApplicantController.GetApplicants (Hahn.ApplicatonProcess.December2020.Web) in 8.2361ms
2021-01-10 12:05:20.050 +05:30 [INF] Executed endpoint 'Hahn.ApplicatonProcess.December2020.Web.Controllers.ApplicantController.GetApplicants (Hahn.ApplicatonProcess.December2020.Web)'
2021-01-10 12:05:20.053 +05:30 [INF] Request finished HTTP/2 GET https://localhost:5001/Applicant - - - 200 - application/json;+charset=utf-8 26.5231ms
2021-01-10 12:05:25.265 +05:30 [INF] Request starting HTTP/2 GET https://localhost:5001/Applicant/4 - -
2021-01-10 12:05:25.267 +05:30 [INF] CORS policy execution successful.
2021-01-10 12:05:25.270 +05:30 [INF] Executing endpoint 'Hahn.ApplicatonProcess.December2020.Web.Controllers.ApplicantController.GetApplicant (Hahn.ApplicatonProcess.December2020.Web)'
2021-01-10 12:05:25.273 +05:30 [INF] Route matched with {action = "GetApplicant", controller = "Applicant"}. Executing controller action with signature Microsoft.AspNetCore.Mvc.ActionResult GetApplicant(Int32) on controller Hahn.ApplicatonProcess.December2020.Web.Controllers.ApplicantController (Hahn.ApplicatonProcess.December2020.Web).
2021-01-10 12:05:25.278 +05:30 [INF] Entity Framework Core 5.0.1 initialized 'ApplicationDbContext' using provider 'Microsoft.EntityFrameworkCore.InMemory' with options: StoreName=ApplicantManager 
2021-01-10 12:05:25.283 +05:30 [INF] Executing OkObjectResult, writing value of type 'Hahn.ApplicatonProcess.December2020.Domain.Application.Dto.Response.Response`1[[Hahn.ApplicatonProcess.December2020.Domain.Application.Dto.Model.Applicant, Hahn.ApplicatonProcess.December2020.Domain, Version=1.0.0.0, Culture=neutral, PublicKeyToken=null]]'.
2021-01-10 12:05:25.286 +05:30 [INF] Executed action Hahn.ApplicatonProcess.December2020.Web.Controllers.ApplicantController.GetApplicant (Hahn.ApplicatonProcess.December2020.Web) in 10.5202ms
2021-01-10 12:05:25.288 +05:30 [INF] Executed endpoint 'Hahn.ApplicatonProcess.December2020.Web.Controllers.ApplicantController.GetApplicant (Hahn.ApplicatonProcess.December2020.Web)'
2021-01-10 12:05:25.291 +05:30 [INF] Request finished HTTP/2 GET https://localhost:5001/Applicant/4 - - - 200 - application/json;+charset=utf-8 26.1130ms
2021-01-10 12:06:23.139 +05:30 [INF] Request starting HTTP/2 GET https://localhost:5001/Applicant - -
2021-01-10 12:06:23.142 +05:30 [INF] CORS policy execution successful.
2021-01-10 12:06:23.145 +05:30 [INF] Executing endpoint 'Hahn.ApplicatonProcess.December2020.Web.Controllers.ApplicantController.GetApplicants (Hahn.ApplicatonProcess.December2020.Web)'
2021-01-10 12:06:23.148 +05:30 [INF] Route matched with {action = "GetApplicants", controller = "Applicant"}. Executing controller action with signature Microsoft.AspNetCore.Mvc.ActionResult GetApplicants() on controller Hahn.ApplicatonProcess.December2020.Web.Controllers.ApplicantController (Hahn.ApplicatonProcess.December2020.Web).
2021-01-10 12:06:23.152 +05:30 [INF] Entity Framework Core 5.0.1 initialized 'ApplicationDbContext' using provider 'Microsoft.EntityFrameworkCore.InMemory' with options: StoreName=ApplicantManager 
2021-01-10 12:06:23.155 +05:30 [INF] Executing OkObjectResult, writing value of type 'Hahn.ApplicatonProcess.December2020.Domain.Application.Dto.Response.Response`1[[System.Collections.Generic.List`1[[Hahn.ApplicatonProcess.December2020.Domain.Application.Dto.Model.Applicant, Hahn.ApplicatonProcess.December2020.Domain, Version=1.0.0.0, Culture=neutral, PublicKeyToken=null]], System.Private.CoreLib, Version=5.0.0.0, Culture=neutral, PublicKeyToken=7cec85d7bea7798e]]'.
2021-01-10 12:06:23.159 +05:30 [INF] Executed action Hahn.ApplicatonProcess.December2020.Web.Controllers.ApplicantController.GetApplicants (Hahn.ApplicatonProcess.December2020.Web) in 7.3012ms
2021-01-10 12:06:23.161 +05:30 [INF] Executed endpoint 'Hahn.ApplicatonProcess.December2020.Web.Controllers.ApplicantController.GetApplicants (Hahn.ApplicatonProcess.December2020.Web)'
2021-01-10 12:06:23.165 +05:30 [INF] Request finished HTTP/2 GET https://localhost:5001/Applicant - - - 200 - application/json;+charset=utf-8 25.6873ms
2021-01-10 12:06:28.062 +05:30 [INF] Request starting HTTP/2 GET https://localhost:5001/Applicant/4 - -
2021-01-10 12:06:28.065 +05:30 [INF] CORS policy execution successful.
2021-01-10 12:06:28.068 +05:30 [INF] Executing endpoint 'Hahn.ApplicatonProcess.December2020.Web.Controllers.ApplicantController.GetApplicant (Hahn.ApplicatonProcess.December2020.Web)'
2021-01-10 12:06:28.071 +05:30 [INF] Route matched with {action = "GetApplicant", controller = "Applicant"}. Executing controller action with signature Microsoft.AspNetCore.Mvc.ActionResult GetApplicant(Int32) on controller Hahn.ApplicatonProcess.December2020.Web.Controllers.ApplicantController (Hahn.ApplicatonProcess.December2020.Web).
2021-01-10 12:06:28.074 +05:30 [INF] Entity Framework Core 5.0.1 initialized 'ApplicationDbContext' using provider 'Microsoft.EntityFrameworkCore.InMemory' with options: StoreName=ApplicantManager 
2021-01-10 12:06:28.079 +05:30 [INF] Executing OkObjectResult, writing value of type 'Hahn.ApplicatonProcess.December2020.Domain.Application.Dto.Response.Response`1[[Hahn.ApplicatonProcess.December2020.Domain.Application.Dto.Model.Applicant, Hahn.ApplicatonProcess.December2020.Domain, Version=1.0.0.0, Culture=neutral, PublicKeyToken=null]]'.
2021-01-10 12:06:28.084 +05:30 [INF] Executed action Hahn.ApplicatonProcess.December2020.Web.Controllers.ApplicantController.GetApplicant (Hahn.ApplicatonProcess.December2020.Web) in 8.6385ms
2021-01-10 12:06:28.088 +05:30 [INF] Executed endpoint 'Hahn.ApplicatonProcess.December2020.Web.Controllers.ApplicantController.GetApplicant (Hahn.ApplicatonProcess.December2020.Web)'
2021-01-10 12:06:28.091 +05:30 [INF] Request finished HTTP/2 GET https://localhost:5001/Applicant/4 - - - 200 - application/json;+charset=utf-8 28.8992ms
2021-01-10 12:09:15.763 +05:30 [INF] Request starting HTTP/2 GET https://localhost:5001/Applicant - -
2021-01-10 12:09:15.767 +05:30 [INF] CORS policy execution successful.
2021-01-10 12:09:15.771 +05:30 [INF] Executing endpoint 'Hahn.ApplicatonProcess.December2020.Web.Controllers.ApplicantController.GetApplicants (Hahn.ApplicatonProcess.December2020.Web)'
2021-01-10 12:09:15.774 +05:30 [INF] Route matched with {action = "GetApplicants", controller = "Applicant"}. Executing controller action with signature Microsoft.AspNetCore.Mvc.ActionResult GetApplicants() on controller Hahn.ApplicatonProcess.December2020.Web.Controllers.ApplicantController (Hahn.ApplicatonProcess.December2020.Web).
2021-01-10 12:09:15.778 +05:30 [INF] Entity Framework Core 5.0.1 initialized 'ApplicationDbContext' using provider 'Microsoft.EntityFrameworkCore.InMemory' with options: StoreName=ApplicantManager 
2021-01-10 12:09:15.781 +05:30 [INF] Executing OkObjectResult, writing value of type 'Hahn.ApplicatonProcess.December2020.Domain.Application.Dto.Response.Response`1[[System.Collections.Generic.List`1[[Hahn.ApplicatonProcess.December2020.Domain.Application.Dto.Model.Applicant, Hahn.ApplicatonProcess.December2020.Domain, Version=1.0.0.0, Culture=neutral, PublicKeyToken=null]], System.Private.CoreLib, Version=5.0.0.0, Culture=neutral, PublicKeyToken=7cec85d7bea7798e]]'.
2021-01-10 12:09:15.784 +05:30 [INF] Executed action Hahn.ApplicatonProcess.December2020.Web.Controllers.ApplicantController.GetApplicants (Hahn.ApplicatonProcess.December2020.Web) in 7.0707ms
2021-01-10 12:09:15.787 +05:30 [INF] Executed endpoint 'Hahn.ApplicatonProcess.December2020.Web.Controllers.ApplicantController.GetApplicants (Hahn.ApplicatonProcess.December2020.Web)'
2021-01-10 12:09:15.789 +05:30 [INF] Request finished HTTP/2 GET https://localhost:5001/Applicant - - - 200 - application/json;+charset=utf-8 27.6049ms
2021-01-10 12:09:17.560 +05:30 [INF] Request starting HTTP/2 GET https://localhost:5001/Applicant/4 - -
2021-01-10 12:09:17.562 +05:30 [INF] CORS policy execution successful.
2021-01-10 12:09:17.565 +05:30 [INF] Executing endpoint 'Hahn.ApplicatonProcess.December2020.Web.Controllers.ApplicantController.GetApplicant (Hahn.ApplicatonProcess.December2020.Web)'
2021-01-10 12:09:17.568 +05:30 [INF] Route matched with {action = "GetApplicant", controller = "Applicant"}. Executing controller action with signature Microsoft.AspNetCore.Mvc.ActionResult GetApplicant(Int32) on controller Hahn.ApplicatonProcess.December2020.Web.Controllers.ApplicantController (Hahn.ApplicatonProcess.December2020.Web).
2021-01-10 12:09:17.572 +05:30 [INF] Entity Framework Core 5.0.1 initialized 'ApplicationDbContext' using provider 'Microsoft.EntityFrameworkCore.InMemory' with options: StoreName=ApplicantManager 
2021-01-10 12:09:17.575 +05:30 [INF] Executing OkObjectResult, writing value of type 'Hahn.ApplicatonProcess.December2020.Domain.Application.Dto.Response.Response`1[[Hahn.ApplicatonProcess.December2020.Domain.Application.Dto.Model.Applicant, Hahn.ApplicatonProcess.December2020.Domain, Version=1.0.0.0, Culture=neutral, PublicKeyToken=null]]'.
2021-01-10 12:09:17.578 +05:30 [INF] Executed action Hahn.ApplicatonProcess.December2020.Web.Controllers.ApplicantController.GetApplicant (Hahn.ApplicatonProcess.December2020.Web) in 6.9253ms
2021-01-10 12:09:17.581 +05:30 [INF] Executed endpoint 'Hahn.ApplicatonProcess.December2020.Web.Controllers.ApplicantController.GetApplicant (Hahn.ApplicatonProcess.December2020.Web)'
2021-01-10 12:09:17.585 +05:30 [INF] Request finished HTTP/2 GET https://localhost:5001/Applicant/4 - - - 200 - application/json;+charset=utf-8 24.1008ms
2021-01-10 12:15:29.806 +05:30 [INF] Request starting HTTP/2 GET https://localhost:5001/Applicant - -
2021-01-10 12:15:29.808 +05:30 [INF] CORS policy execution successful.
2021-01-10 12:15:29.811 +05:30 [INF] Executing endpoint 'Hahn.ApplicatonProcess.December2020.Web.Controllers.ApplicantController.GetApplicants (Hahn.ApplicatonProcess.December2020.Web)'
2021-01-10 12:15:29.813 +05:30 [INF] Route matched with {action = "GetApplicants", controller = "Applicant"}. Executing controller action with signature Microsoft.AspNetCore.Mvc.ActionResult GetApplicants() on controller Hahn.ApplicatonProcess.December2020.Web.Controllers.ApplicantController (Hahn.ApplicatonProcess.December2020.Web).
2021-01-10 12:15:29.816 +05:30 [INF] Entity Framework Core 5.0.1 initialized 'ApplicationDbContext' using provider 'Microsoft.EntityFrameworkCore.InMemory' with options: StoreName=ApplicantManager 
2021-01-10 12:15:29.819 +05:30 [INF] Executing OkObjectResult, writing value of type 'Hahn.ApplicatonProcess.December2020.Domain.Application.Dto.Response.Response`1[[System.Collections.Generic.List`1[[Hahn.ApplicatonProcess.December2020.Domain.Application.Dto.Model.Applicant, Hahn.ApplicatonProcess.December2020.Domain, Version=1.0.0.0, Culture=neutral, PublicKeyToken=null]], System.Private.CoreLib, Version=5.0.0.0, Culture=neutral, PublicKeyToken=7cec85d7bea7798e]]'.
2021-01-10 12:15:29.822 +05:30 [INF] Executed action Hahn.ApplicatonProcess.December2020.Web.Controllers.ApplicantController.GetApplicants (Hahn.ApplicatonProcess.December2020.Web) in 5.6624ms
2021-01-10 12:15:29.825 +05:30 [INF] Executed endpoint 'Hahn.ApplicatonProcess.December2020.Web.Controllers.ApplicantController.GetApplicants (Hahn.ApplicatonProcess.December2020.Web)'
2021-01-10 12:15:29.828 +05:30 [INF] Request finished HTTP/2 GET https://localhost:5001/Applicant - - - 200 - application/json;+charset=utf-8 22.1457ms
2021-01-10 12:15:50.084 +05:30 [INF] Request starting HTTP/2 GET https://localhost:5001/Applicant - -
2021-01-10 12:15:50.086 +05:30 [INF] CORS policy execution successful.
2021-01-10 12:15:50.089 +05:30 [INF] Executing endpoint 'Hahn.ApplicatonProcess.December2020.Web.Controllers.ApplicantController.GetApplicants (Hahn.ApplicatonProcess.December2020.Web)'
2021-01-10 12:15:50.092 +05:30 [INF] Route matched with {action = "GetApplicants", controller = "Applicant"}. Executing controller action with signature Microsoft.AspNetCore.Mvc.ActionResult GetApplicants() on controller Hahn.ApplicatonProcess.December2020.Web.Controllers.ApplicantController (Hahn.ApplicatonProcess.December2020.Web).
2021-01-10 12:15:50.096 +05:30 [INF] Entity Framework Core 5.0.1 initialized 'ApplicationDbContext' using provider 'Microsoft.EntityFrameworkCore.InMemory' with options: StoreName=ApplicantManager 
2021-01-10 12:15:50.099 +05:30 [INF] Executing OkObjectResult, writing value of type 'Hahn.ApplicatonProcess.December2020.Domain.Application.Dto.Response.Response`1[[System.Collections.Generic.List`1[[Hahn.ApplicatonProcess.December2020.Domain.Application.Dto.Model.Applicant, Hahn.ApplicatonProcess.December2020.Domain, Version=1.0.0.0, Culture=neutral, PublicKeyToken=null]], System.Private.CoreLib, Version=5.0.0.0, Culture=neutral, PublicKeyToken=7cec85d7bea7798e]]'.
2021-01-10 12:15:50.101 +05:30 [INF] Executed action Hahn.ApplicatonProcess.December2020.Web.Controllers.ApplicantController.GetApplicants (Hahn.ApplicatonProcess.December2020.Web) in 7.1443ms
2021-01-10 12:15:50.105 +05:30 [INF] Executed endpoint 'Hahn.ApplicatonProcess.December2020.Web.Controllers.ApplicantController.GetApplicants (Hahn.ApplicatonProcess.December2020.Web)'
2021-01-10 12:15:50.109 +05:30 [INF] Request finished HTTP/2 GET https://localhost:5001/Applicant - - - 200 - application/json;+charset=utf-8 23.3384ms
2021-01-10 12:18:17.822 +05:30 [INF] Request starting HTTP/2 GET https://localhost:5001/Applicant - -
2021-01-10 12:18:17.826 +05:30 [INF] CORS policy execution successful.
2021-01-10 12:18:17.829 +05:30 [INF] Executing endpoint 'Hahn.ApplicatonProcess.December2020.Web.Controllers.ApplicantController.GetApplicants (Hahn.ApplicatonProcess.December2020.Web)'
2021-01-10 12:18:17.834 +05:30 [INF] Route matched with {action = "GetApplicants", controller = "Applicant"}. Executing controller action with signature Microsoft.AspNetCore.Mvc.ActionResult GetApplicants() on controller Hahn.ApplicatonProcess.December2020.Web.Controllers.ApplicantController (Hahn.ApplicatonProcess.December2020.Web).
2021-01-10 12:18:17.838 +05:30 [INF] Entity Framework Core 5.0.1 initialized 'ApplicationDbContext' using provider 'Microsoft.EntityFrameworkCore.InMemory' with options: StoreName=ApplicantManager 
2021-01-10 12:18:17.842 +05:30 [INF] Executing OkObjectResult, writing value of type 'Hahn.ApplicatonProcess.December2020.Domain.Application.Dto.Response.Response`1[[System.Collections.Generic.List`1[[Hahn.ApplicatonProcess.December2020.Domain.Application.Dto.Model.Applicant, Hahn.ApplicatonProcess.December2020.Domain, Version=1.0.0.0, Culture=neutral, PublicKeyToken=null]], System.Private.CoreLib, Version=5.0.0.0, Culture=neutral, PublicKeyToken=7cec85d7bea7798e]]'.
2021-01-10 12:18:17.845 +05:30 [INF] Executed action Hahn.ApplicatonProcess.December2020.Web.Controllers.ApplicantController.GetApplicants (Hahn.ApplicatonProcess.December2020.Web) in 8.0016ms
2021-01-10 12:18:17.850 +05:30 [INF] Executed endpoint 'Hahn.ApplicatonProcess.December2020.Web.Controllers.ApplicantController.GetApplicants (Hahn.ApplicatonProcess.December2020.Web)'
2021-01-10 12:18:17.853 +05:30 [INF] Request finished HTTP/2 GET https://localhost:5001/Applicant - - - 200 - application/json;+charset=utf-8 31.3628ms
2021-01-10 12:18:20.069 +05:30 [INF] Request starting HTTP/2 GET https://localhost:5001/Applicant - -
2021-01-10 12:18:20.072 +05:30 [INF] CORS policy execution successful.
2021-01-10 12:18:20.075 +05:30 [INF] Executing endpoint 'Hahn.ApplicatonProcess.December2020.Web.Controllers.ApplicantController.GetApplicants (Hahn.ApplicatonProcess.December2020.Web)'
2021-01-10 12:18:20.079 +05:30 [INF] Route matched with {action = "GetApplicants", controller = "Applicant"}. Executing controller action with signature Microsoft.AspNetCore.Mvc.ActionResult GetApplicants() on controller Hahn.ApplicatonProcess.December2020.Web.Controllers.ApplicantController (Hahn.ApplicatonProcess.December2020.Web).
2021-01-10 12:18:20.083 +05:30 [INF] Entity Framework Core 5.0.1 initialized 'ApplicationDbContext' using provider 'Microsoft.EntityFrameworkCore.InMemory' with options: StoreName=ApplicantManager 
2021-01-10 12:18:20.087 +05:30 [INF] Executing OkObjectResult, writing value of type 'Hahn.ApplicatonProcess.December2020.Domain.Application.Dto.Response.Response`1[[System.Collections.Generic.List`1[[Hahn.ApplicatonProcess.December2020.Domain.Application.Dto.Model.Applicant, Hahn.ApplicatonProcess.December2020.Domain, Version=1.0.0.0, Culture=neutral, PublicKeyToken=null]], System.Private.CoreLib, Version=5.0.0.0, Culture=neutral, PublicKeyToken=7cec85d7bea7798e]]'.
2021-01-10 12:18:20.090 +05:30 [INF] Executed action Hahn.ApplicatonProcess.December2020.Web.Controllers.ApplicantController.GetApplicants (Hahn.ApplicatonProcess.December2020.Web) in 8.0175ms
2021-01-10 12:18:20.093 +05:30 [INF] Executed endpoint 'Hahn.ApplicatonProcess.December2020.Web.Controllers.ApplicantController.GetApplicants (Hahn.ApplicatonProcess.December2020.Web)'
2021-01-10 12:18:20.097 +05:30 [INF] Request finished HTTP/2 GET https://localhost:5001/Applicant - - - 200 - application/json;+charset=utf-8 26.8953ms
2021-01-10 12:18:30.918 +05:30 [INF] Request starting HTTP/2 GET https://localhost:5001/Applicant - -
2021-01-10 12:18:30.920 +05:30 [INF] CORS policy execution successful.
2021-01-10 12:18:30.923 +05:30 [INF] Executing endpoint 'Hahn.ApplicatonProcess.December2020.Web.Controllers.ApplicantController.GetApplicants (Hahn.ApplicatonProcess.December2020.Web)'
2021-01-10 12:18:30.927 +05:30 [INF] Route matched with {action = "GetApplicants", controller = "Applicant"}. Executing controller action with signature Microsoft.AspNetCore.Mvc.ActionResult GetApplicants() on controller Hahn.ApplicatonProcess.December2020.Web.Controllers.ApplicantController (Hahn.ApplicatonProcess.December2020.Web).
2021-01-10 12:18:30.930 +05:30 [INF] Entity Framework Core 5.0.1 initialized 'ApplicationDbContext' using provider 'Microsoft.EntityFrameworkCore.InMemory' with options: StoreName=ApplicantManager 
2021-01-10 12:18:30.934 +05:30 [INF] Executing OkObjectResult, writing value of type 'Hahn.ApplicatonProcess.December2020.Domain.Application.Dto.Response.Response`1[[System.Collections.Generic.List`1[[Hahn.ApplicatonProcess.December2020.Domain.Application.Dto.Model.Applicant, Hahn.ApplicatonProcess.December2020.Domain, Version=1.0.0.0, Culture=neutral, PublicKeyToken=null]], System.Private.CoreLib, Version=5.0.0.0, Culture=neutral, PublicKeyToken=7cec85d7bea7798e]]'.
2021-01-10 12:18:30.937 +05:30 [INF] Executed action Hahn.ApplicatonProcess.December2020.Web.Controllers.ApplicantController.GetApplicants (Hahn.ApplicatonProcess.December2020.Web) in 7.8815ms
2021-01-10 12:18:30.941 +05:30 [INF] Executed endpoint 'Hahn.ApplicatonProcess.December2020.Web.Controllers.ApplicantController.GetApplicants (Hahn.ApplicatonProcess.December2020.Web)'
2021-01-10 12:18:30.946 +05:30 [INF] Request finished HTTP/2 GET https://localhost:5001/Applicant - - - 200 - application/json;+charset=utf-8 27.0703ms
2021-01-10 12:18:35.020 +05:30 [INF] Request starting HTTP/2 GET https://localhost:5001/Applicant - -
2021-01-10 12:18:35.024 +05:30 [INF] CORS policy execution successful.
2021-01-10 12:18:35.028 +05:30 [INF] Executing endpoint 'Hahn.ApplicatonProcess.December2020.Web.Controllers.ApplicantController.GetApplicants (Hahn.ApplicatonProcess.December2020.Web)'
2021-01-10 12:18:35.033 +05:30 [INF] Route matched with {action = "GetApplicants", controller = "Applicant"}. Executing controller action with signature Microsoft.AspNetCore.Mvc.ActionResult GetApplicants() on controller Hahn.ApplicatonProcess.December2020.Web.Controllers.ApplicantController (Hahn.ApplicatonProcess.December2020.Web).
2021-01-10 12:18:35.037 +05:30 [INF] Entity Framework Core 5.0.1 initialized 'ApplicationDbContext' using provider 'Microsoft.EntityFrameworkCore.InMemory' with options: StoreName=ApplicantManager 
2021-01-10 12:18:35.041 +05:30 [INF] Executing OkObjectResult, writing value of type 'Hahn.ApplicatonProcess.December2020.Domain.Application.Dto.Response.Response`1[[System.Collections.Generic.List`1[[Hahn.ApplicatonProcess.December2020.Domain.Application.Dto.Model.Applicant, Hahn.ApplicatonProcess.December2020.Domain, Version=1.0.0.0, Culture=neutral, PublicKeyToken=null]], System.Private.CoreLib, Version=5.0.0.0, Culture=neutral, PublicKeyToken=7cec85d7bea7798e]]'.
2021-01-10 12:18:35.045 +05:30 [INF] Executed action Hahn.ApplicatonProcess.December2020.Web.Controllers.ApplicantController.GetApplicants (Hahn.ApplicatonProcess.December2020.Web) in 8.4724ms
2021-01-10 12:18:35.048 +05:30 [INF] Executed endpoint 'Hahn.ApplicatonProcess.December2020.Web.Controllers.ApplicantController.GetApplicants (Hahn.ApplicatonProcess.December2020.Web)'
2021-01-10 12:18:35.051 +05:30 [INF] Request finished HTTP/2 GET https://localhost:5001/Applicant - - - 200 - application/json;+charset=utf-8 32.3036ms
2021-01-10 12:18:36.890 +05:30 [INF] Request starting HTTP/2 GET https://localhost:5001/Applicant/4 - -
2021-01-10 12:18:36.893 +05:30 [INF] CORS policy execution successful.
2021-01-10 12:18:36.896 +05:30 [INF] Executing endpoint 'Hahn.ApplicatonProcess.December2020.Web.Controllers.ApplicantController.GetApplicant (Hahn.ApplicatonProcess.December2020.Web)'
2021-01-10 12:18:36.899 +05:30 [INF] Route matched with {action = "GetApplicant", controller = "Applicant"}. Executing controller action with signature Microsoft.AspNetCore.Mvc.ActionResult GetApplicant(Int32) on controller Hahn.ApplicatonProcess.December2020.Web.Controllers.ApplicantController (Hahn.ApplicatonProcess.December2020.Web).
2021-01-10 12:18:36.902 +05:30 [INF] Entity Framework Core 5.0.1 initialized 'ApplicationDbContext' using provider 'Microsoft.EntityFrameworkCore.InMemory' with options: StoreName=ApplicantManager 
2021-01-10 12:18:36.905 +05:30 [INF] Executing OkObjectResult, writing value of type 'Hahn.ApplicatonProcess.December2020.Domain.Application.Dto.Response.Response`1[[Hahn.ApplicatonProcess.December2020.Domain.Application.Dto.Model.Applicant, Hahn.ApplicatonProcess.December2020.Domain, Version=1.0.0.0, Culture=neutral, PublicKeyToken=null]]'.
2021-01-10 12:18:36.908 +05:30 [INF] Executed action Hahn.ApplicatonProcess.December2020.Web.Controllers.ApplicantController.GetApplicant (Hahn.ApplicatonProcess.December2020.Web) in 6.596ms
2021-01-10 12:18:36.911 +05:30 [INF] Executed endpoint 'Hahn.ApplicatonProcess.December2020.Web.Controllers.ApplicantController.GetApplicant (Hahn.ApplicatonProcess.December2020.Web)'
2021-01-10 12:18:36.917 +05:30 [INF] Request finished HTTP/2 GET https://localhost:5001/Applicant/4 - - - 200 - application/json;+charset=utf-8 23.9171ms
2021-01-10 12:19:00.060 +05:30 [INF] Request starting HTTP/2 GET https://localhost:5001/Applicant - -
2021-01-10 12:19:00.062 +05:30 [INF] CORS policy execution successful.
2021-01-10 12:19:00.065 +05:30 [INF] Executing endpoint 'Hahn.ApplicatonProcess.December2020.Web.Controllers.ApplicantController.GetApplicants (Hahn.ApplicatonProcess.December2020.Web)'
2021-01-10 12:19:00.068 +05:30 [INF] Route matched with {action = "GetApplicants", controller = "Applicant"}. Executing controller action with signature Microsoft.AspNetCore.Mvc.ActionResult GetApplicants() on controller Hahn.ApplicatonProcess.December2020.Web.Controllers.ApplicantController (Hahn.ApplicatonProcess.December2020.Web).
2021-01-10 12:19:00.070 +05:30 [INF] Entity Framework Core 5.0.1 initialized 'ApplicationDbContext' using provider 'Microsoft.EntityFrameworkCore.InMemory' with options: StoreName=ApplicantManager 
2021-01-10 12:19:00.073 +05:30 [INF] Executing OkObjectResult, writing value of type 'Hahn.ApplicatonProcess.December2020.Domain.Application.Dto.Response.Response`1[[System.Collections.Generic.List`1[[Hahn.ApplicatonProcess.December2020.Domain.Application.Dto.Model.Applicant, Hahn.ApplicatonProcess.December2020.Domain, Version=1.0.0.0, Culture=neutral, PublicKeyToken=null]], System.Private.CoreLib, Version=5.0.0.0, Culture=neutral, PublicKeyToken=7cec85d7bea7798e]]'.
2021-01-10 12:19:00.077 +05:30 [INF] Executed action Hahn.ApplicatonProcess.December2020.Web.Controllers.ApplicantController.GetApplicants (Hahn.ApplicatonProcess.December2020.Web) in 4.9442ms
2021-01-10 12:19:00.080 +05:30 [INF] Executed endpoint 'Hahn.ApplicatonProcess.December2020.Web.Controllers.ApplicantController.GetApplicants (Hahn.ApplicatonProcess.December2020.Web)'
2021-01-10 12:19:00.084 +05:30 [INF] Request finished HTTP/2 GET https://localhost:5001/Applicant - - - 200 - application/json;+charset=utf-8 22.2044ms
2021-01-10 12:19:01.458 +05:30 [INF] Request starting HTTP/2 GET https://localhost:5001/Applicant/4 - -
2021-01-10 12:19:01.461 +05:30 [INF] CORS policy execution successful.
2021-01-10 12:19:01.464 +05:30 [INF] Executing endpoint 'Hahn.ApplicatonProcess.December2020.Web.Controllers.ApplicantController.GetApplicant (Hahn.ApplicatonProcess.December2020.Web)'
2021-01-10 12:19:01.466 +05:30 [INF] Route matched with {action = "GetApplicant", controller = "Applicant"}. Executing controller action with signature Microsoft.AspNetCore.Mvc.ActionResult GetApplicant(Int32) on controller Hahn.ApplicatonProcess.December2020.Web.Controllers.ApplicantController (Hahn.ApplicatonProcess.December2020.Web).
2021-01-10 12:19:01.470 +05:30 [INF] Entity Framework Core 5.0.1 initialized 'ApplicationDbContext' using provider 'Microsoft.EntityFrameworkCore.InMemory' with options: StoreName=ApplicantManager 
2021-01-10 12:19:01.474 +05:30 [INF] Executing OkObjectResult, writing value of type 'Hahn.ApplicatonProcess.December2020.Domain.Application.Dto.Response.Response`1[[Hahn.ApplicatonProcess.December2020.Domain.Application.Dto.Model.Applicant, Hahn.ApplicatonProcess.December2020.Domain, Version=1.0.0.0, Culture=neutral, PublicKeyToken=null]]'.
2021-01-10 12:19:01.477 +05:30 [INF] Executed action Hahn.ApplicatonProcess.December2020.Web.Controllers.ApplicantController.GetApplicant (Hahn.ApplicatonProcess.December2020.Web) in 7.7581ms
2021-01-10 12:19:01.480 +05:30 [INF] Executed endpoint 'Hahn.ApplicatonProcess.December2020.Web.Controllers.ApplicantController.GetApplicant (Hahn.ApplicatonProcess.December2020.Web)'
2021-01-10 12:19:01.484 +05:30 [INF] Request finished HTTP/2 GET https://localhost:5001/Applicant/4 - - - 200 - application/json;+charset=utf-8 24.5809ms
2021-01-10 12:24:07.443 +05:30 [INF] Request starting HTTP/2 GET https://localhost:5001/Applicant - -
2021-01-10 12:24:07.445 +05:30 [INF] CORS policy execution successful.
2021-01-10 12:24:07.448 +05:30 [INF] Executing endpoint 'Hahn.ApplicatonProcess.December2020.Web.Controllers.ApplicantController.GetApplicants (Hahn.ApplicatonProcess.December2020.Web)'
2021-01-10 12:24:07.451 +05:30 [INF] Route matched with {action = "GetApplicants", controller = "Applicant"}. Executing controller action with signature Microsoft.AspNetCore.Mvc.ActionResult GetApplicants() on controller Hahn.ApplicatonProcess.December2020.Web.Controllers.ApplicantController (Hahn.ApplicatonProcess.December2020.Web).
2021-01-10 12:24:07.454 +05:30 [INF] Entity Framework Core 5.0.1 initialized 'ApplicationDbContext' using provider 'Microsoft.EntityFrameworkCore.InMemory' with options: StoreName=ApplicantManager 
2021-01-10 12:24:07.457 +05:30 [INF] Executing OkObjectResult, writing value of type 'Hahn.ApplicatonProcess.December2020.Domain.Application.Dto.Response.Response`1[[System.Collections.Generic.List`1[[Hahn.ApplicatonProcess.December2020.Domain.Application.Dto.Model.Applicant, Hahn.ApplicatonProcess.December2020.Domain, Version=1.0.0.0, Culture=neutral, PublicKeyToken=null]], System.Private.CoreLib, Version=5.0.0.0, Culture=neutral, PublicKeyToken=7cec85d7bea7798e]]'.
2021-01-10 12:24:07.460 +05:30 [INF] Executed action Hahn.ApplicatonProcess.December2020.Web.Controllers.ApplicantController.GetApplicants (Hahn.ApplicatonProcess.December2020.Web) in 6.2712ms
2021-01-10 12:24:07.463 +05:30 [INF] Executed endpoint 'Hahn.ApplicatonProcess.December2020.Web.Controllers.ApplicantController.GetApplicants (Hahn.ApplicatonProcess.December2020.Web)'
2021-01-10 12:24:07.466 +05:30 [INF] Request finished HTTP/2 GET https://localhost:5001/Applicant - - - 200 - application/json;+charset=utf-8 22.8927ms
2021-01-10 12:24:22.718 +05:30 [INF] Request starting HTTP/2 GET https://localhost:5001/Applicant - -
2021-01-10 12:24:22.723 +05:30 [INF] CORS policy execution successful.
2021-01-10 12:24:22.728 +05:30 [INF] Executing endpoint 'Hahn.ApplicatonProcess.December2020.Web.Controllers.ApplicantController.GetApplicants (Hahn.ApplicatonProcess.December2020.Web)'
2021-01-10 12:24:22.732 +05:30 [INF] Route matched with {action = "GetApplicants", controller = "Applicant"}. Executing controller action with signature Microsoft.AspNetCore.Mvc.ActionResult GetApplicants() on controller Hahn.ApplicatonProcess.December2020.Web.Controllers.ApplicantController (Hahn.ApplicatonProcess.December2020.Web).
2021-01-10 12:24:22.737 +05:30 [INF] Entity Framework Core 5.0.1 initialized 'ApplicationDbContext' using provider 'Microsoft.EntityFrameworkCore.InMemory' with options: StoreName=ApplicantManager 
2021-01-10 12:24:22.741 +05:30 [INF] Executing OkObjectResult, writing value of type 'Hahn.ApplicatonProcess.December2020.Domain.Application.Dto.Response.Response`1[[System.Collections.Generic.List`1[[Hahn.ApplicatonProcess.December2020.Domain.Application.Dto.Model.Applicant, Hahn.ApplicatonProcess.December2020.Domain, Version=1.0.0.0, Culture=neutral, PublicKeyToken=null]], System.Private.CoreLib, Version=5.0.0.0, Culture=neutral, PublicKeyToken=7cec85d7bea7798e]]'.
2021-01-10 12:24:22.744 +05:30 [INF] Executed action Hahn.ApplicatonProcess.December2020.Web.Controllers.ApplicantController.GetApplicants (Hahn.ApplicatonProcess.December2020.Web) in 8.584ms
2021-01-10 12:24:22.748 +05:30 [INF] Executed endpoint 'Hahn.ApplicatonProcess.December2020.Web.Controllers.ApplicantController.GetApplicants (Hahn.ApplicatonProcess.December2020.Web)'
2021-01-10 12:24:22.752 +05:30 [INF] Request finished HTTP/2 GET https://localhost:5001/Applicant - - - 200 - application/json;+charset=utf-8 34.5874ms
2021-01-10 12:24:24.651 +05:30 [INF] Request starting HTTP/2 GET https://localhost:5001/Applicant/4 - -
2021-01-10 12:24:24.656 +05:30 [INF] CORS policy execution successful.
2021-01-10 12:24:24.660 +05:30 [INF] Executing endpoint 'Hahn.ApplicatonProcess.December2020.Web.Controllers.ApplicantController.GetApplicant (Hahn.ApplicatonProcess.December2020.Web)'
2021-01-10 12:24:24.665 +05:30 [INF] Route matched with {action = "GetApplicant", controller = "Applicant"}. Executing controller action with signature Microsoft.AspNetCore.Mvc.ActionResult GetApplicant(Int32) on controller Hahn.ApplicatonProcess.December2020.Web.Controllers.ApplicantController (Hahn.ApplicatonProcess.December2020.Web).
2021-01-10 12:24:24.671 +05:30 [INF] Entity Framework Core 5.0.1 initialized 'ApplicationDbContext' using provider 'Microsoft.EntityFrameworkCore.InMemory' with options: StoreName=ApplicantManager 
2021-01-10 12:24:24.678 +05:30 [INF] Executing OkObjectResult, writing value of type 'Hahn.ApplicatonProcess.December2020.Domain.Application.Dto.Response.Response`1[[Hahn.ApplicatonProcess.December2020.Domain.Application.Dto.Model.Applicant, Hahn.ApplicatonProcess.December2020.Domain, Version=1.0.0.0, Culture=neutral, PublicKeyToken=null]]'.
2021-01-10 12:24:24.683 +05:30 [INF] Executed action Hahn.ApplicatonProcess.December2020.Web.Controllers.ApplicantController.GetApplicant (Hahn.ApplicatonProcess.December2020.Web) in 13.6271ms
2021-01-10 12:24:24.688 +05:30 [INF] Executed endpoint 'Hahn.ApplicatonProcess.December2020.Web.Controllers.ApplicantController.GetApplicant (Hahn.ApplicatonProcess.December2020.Web)'
2021-01-10 12:24:24.695 +05:30 [INF] Request finished HTTP/2 GET https://localhost:5001/Applicant/4 - - - 200 - application/json;+charset=utf-8 42.1670ms
2021-01-10 12:25:00.793 +05:30 [INF] Request starting HTTP/2 OPTIONS https://localhost:5001/Applicant/4 - -
2021-01-10 12:25:00.797 +05:30 [INF] CORS policy execution successful.
2021-01-10 12:25:00.802 +05:30 [INF] Request finished HTTP/2 OPTIONS https://localhost:5001/Applicant/4 - - - 204 - - 8.1492ms
2021-01-10 12:25:00.808 +05:30 [INF] Request starting HTTP/2 PUT https://localhost:5001/Applicant/4 application/json 177
2021-01-10 12:25:00.812 +05:30 [INF] CORS policy execution successful.
2021-01-10 12:25:00.816 +05:30 [INF] Executing endpoint 'Hahn.ApplicatonProcess.December2020.Web.Controllers.ApplicantController.UpdateApplicant (Hahn.ApplicatonProcess.December2020.Web)'
2021-01-10 12:25:00.825 +05:30 [INF] Route matched with {action = "UpdateApplicant", controller = "Applicant"}. Executing controller action with signature Microsoft.AspNetCore.Mvc.ActionResult UpdateApplicant(Int32, Hahn.ApplicatonProcess.December2020.Domain.Application.Dto.Model.Applicant) on controller Hahn.ApplicatonProcess.December2020.Web.Controllers.ApplicantController (Hahn.ApplicatonProcess.December2020.Web).
2021-01-10 12:25:00.833 +05:30 [INF] Entity Framework Core 5.0.1 initialized 'ApplicationDbContext' using provider 'Microsoft.EntityFrameworkCore.InMemory' with options: StoreName=ApplicantManager 
2021-01-10 12:25:00.847 +05:30 [INF] Saved 1 entities to in-memory store.
2021-01-10 12:25:00.853 +05:30 [INF] Executing OkObjectResult, writing value of type 'System.Int32'.
2021-01-10 12:25:00.859 +05:30 [INF] Executed action Hahn.ApplicatonProcess.December2020.Web.Controllers.ApplicantController.UpdateApplicant (Hahn.ApplicatonProcess.December2020.Web) in 29.4145ms
2021-01-10 12:25:00.864 +05:30 [INF] Executed endpoint 'Hahn.ApplicatonProcess.December2020.Web.Controllers.ApplicantController.UpdateApplicant (Hahn.ApplicatonProcess.December2020.Web)'
2021-01-10 12:25:00.869 +05:30 [INF] Request finished HTTP/2 PUT https://localhost:5001/Applicant/4 application/json 177 - 200 - application/json;+charset=utf-8 59.8493ms
2021-01-10 12:25:00.893 +05:30 [INF] Request starting HTTP/2 GET https://localhost:5001/Applicant - -
2021-01-10 12:25:00.899 +05:30 [INF] CORS policy execution successful.
2021-01-10 12:25:00.904 +05:30 [INF] Executing endpoint 'Hahn.ApplicatonProcess.December2020.Web.Controllers.ApplicantController.GetApplicants (Hahn.ApplicatonProcess.December2020.Web)'
2021-01-10 12:25:00.909 +05:30 [INF] Route matched with {action = "GetApplicants", controller = "Applicant"}. Executing controller action with signature Microsoft.AspNetCore.Mvc.ActionResult GetApplicants() on controller Hahn.ApplicatonProcess.December2020.Web.Controllers.ApplicantController (Hahn.ApplicatonProcess.December2020.Web).
2021-01-10 12:25:00.915 +05:30 [INF] Entity Framework Core 5.0.1 initialized 'ApplicationDbContext' using provider 'Microsoft.EntityFrameworkCore.InMemory' with options: StoreName=ApplicantManager 
2021-01-10 12:25:00.920 +05:30 [INF] Executing OkObjectResult, writing value of type 'Hahn.ApplicatonProcess.December2020.Domain.Application.Dto.Response.Response`1[[System.Collections.Generic.List`1[[Hahn.ApplicatonProcess.December2020.Domain.Application.Dto.Model.Applicant, Hahn.ApplicatonProcess.December2020.Domain, Version=1.0.0.0, Culture=neutral, PublicKeyToken=null]], System.Private.CoreLib, Version=5.0.0.0, Culture=neutral, PublicKeyToken=7cec85d7bea7798e]]'.
2021-01-10 12:25:00.924 +05:30 [INF] Executed action Hahn.ApplicatonProcess.December2020.Web.Controllers.ApplicantController.GetApplicants (Hahn.ApplicatonProcess.December2020.Web) in 10.4849ms
2021-01-10 12:25:00.930 +05:30 [INF] Executed endpoint 'Hahn.ApplicatonProcess.December2020.Web.Controllers.ApplicantController.GetApplicants (Hahn.ApplicatonProcess.December2020.Web)'
2021-01-10 12:25:00.935 +05:30 [INF] Request finished HTTP/2 GET https://localhost:5001/Applicant - - - 200 - application/json;+charset=utf-8 42.8887ms
2021-01-10 12:25:49.925 +05:30 [INF] Request starting HTTP/2 GET https://localhost:5001/Applicant - -
2021-01-10 12:25:49.932 +05:30 [INF] CORS policy execution successful.
2021-01-10 12:25:49.937 +05:30 [INF] Executing endpoint 'Hahn.ApplicatonProcess.December2020.Web.Controllers.ApplicantController.GetApplicants (Hahn.ApplicatonProcess.December2020.Web)'
2021-01-10 12:25:49.943 +05:30 [INF] Route matched with {action = "GetApplicants", controller = "Applicant"}. Executing controller action with signature Microsoft.AspNetCore.Mvc.ActionResult GetApplicants() on controller Hahn.ApplicatonProcess.December2020.Web.Controllers.ApplicantController (Hahn.ApplicatonProcess.December2020.Web).
2021-01-10 12:25:49.948 +05:30 [INF] Entity Framework Core 5.0.1 initialized 'ApplicationDbContext' using provider 'Microsoft.EntityFrameworkCore.InMemory' with options: StoreName=ApplicantManager 
2021-01-10 12:25:49.952 +05:30 [INF] Executing OkObjectResult, writing value of type 'Hahn.ApplicatonProcess.December2020.Domain.Application.Dto.Response.Response`1[[System.Collections.Generic.List`1[[Hahn.ApplicatonProcess.December2020.Domain.Application.Dto.Model.Applicant, Hahn.ApplicatonProcess.December2020.Domain, Version=1.0.0.0, Culture=neutral, PublicKeyToken=null]], System.Private.CoreLib, Version=5.0.0.0, Culture=neutral, PublicKeyToken=7cec85d7bea7798e]]'.
2021-01-10 12:25:49.957 +05:30 [INF] Executed action Hahn.ApplicatonProcess.December2020.Web.Controllers.ApplicantController.GetApplicants (Hahn.ApplicatonProcess.December2020.Web) in 9.5167ms
2021-01-10 12:25:49.960 +05:30 [INF] Executed endpoint 'Hahn.ApplicatonProcess.December2020.Web.Controllers.ApplicantController.GetApplicants (Hahn.ApplicatonProcess.December2020.Web)'
2021-01-10 12:25:49.965 +05:30 [INF] Request finished HTTP/2 GET https://localhost:5001/Applicant - - - 200 - application/json;+charset=utf-8 40.5227ms
2021-01-10 12:29:59.532 +05:30 [INF] Request starting HTTP/2 GET https://localhost:5001/Applicant - -
2021-01-10 12:29:59.535 +05:30 [INF] CORS policy execution successful.
2021-01-10 12:29:59.539 +05:30 [INF] Executing endpoint 'Hahn.ApplicatonProcess.December2020.Web.Controllers.ApplicantController.GetApplicants (Hahn.ApplicatonProcess.December2020.Web)'
2021-01-10 12:29:59.542 +05:30 [INF] Route matched with {action = "GetApplicants", controller = "Applicant"}. Executing controller action with signature Microsoft.AspNetCore.Mvc.ActionResult GetApplicants() on controller Hahn.ApplicatonProcess.December2020.Web.Controllers.ApplicantController (Hahn.ApplicatonProcess.December2020.Web).
2021-01-10 12:29:59.547 +05:30 [INF] Entity Framework Core 5.0.1 initialized 'ApplicationDbContext' using provider 'Microsoft.EntityFrameworkCore.InMemory' with options: StoreName=ApplicantManager 
2021-01-10 12:29:59.552 +05:30 [INF] Executing OkObjectResult, writing value of type 'Hahn.ApplicatonProcess.December2020.Domain.Application.Dto.Response.Response`1[[System.Collections.Generic.List`1[[Hahn.ApplicatonProcess.December2020.Domain.Application.Dto.Model.Applicant, Hahn.ApplicatonProcess.December2020.Domain, Version=1.0.0.0, Culture=neutral, PublicKeyToken=null]], System.Private.CoreLib, Version=5.0.0.0, Culture=neutral, PublicKeyToken=7cec85d7bea7798e]]'.
2021-01-10 12:29:59.556 +05:30 [INF] Executed action Hahn.ApplicatonProcess.December2020.Web.Controllers.ApplicantController.GetApplicants (Hahn.ApplicatonProcess.December2020.Web) in 10.2415ms
2021-01-10 12:29:59.558 +05:30 [INF] Executed endpoint 'Hahn.ApplicatonProcess.December2020.Web.Controllers.ApplicantController.GetApplicants (Hahn.ApplicatonProcess.December2020.Web)'
2021-01-10 12:29:59.561 +05:30 [INF] Request finished HTTP/2 GET https://localhost:5001/Applicant - - - 200 - application/json;+charset=utf-8 29.1790ms
2021-01-10 12:40:29.494 +05:30 [INF] Request starting HTTP/2 GET https://localhost:5001/Applicant - -
2021-01-10 12:40:29.496 +05:30 [INF] CORS policy execution successful.
2021-01-10 12:40:29.499 +05:30 [INF] Executing endpoint 'Hahn.ApplicatonProcess.December2020.Web.Controllers.ApplicantController.GetApplicants (Hahn.ApplicatonProcess.December2020.Web)'
2021-01-10 12:40:29.501 +05:30 [INF] Route matched with {action = "GetApplicants", controller = "Applicant"}. Executing controller action with signature Microsoft.AspNetCore.Mvc.ActionResult GetApplicants() on controller Hahn.ApplicatonProcess.December2020.Web.Controllers.ApplicantController (Hahn.ApplicatonProcess.December2020.Web).
2021-01-10 12:40:29.504 +05:30 [INF] Entity Framework Core 5.0.1 initialized 'ApplicationDbContext' using provider 'Microsoft.EntityFrameworkCore.InMemory' with options: StoreName=ApplicantManager 
2021-01-10 12:40:29.507 +05:30 [INF] Executing OkObjectResult, writing value of type 'Hahn.ApplicatonProcess.December2020.Domain.Application.Dto.Response.Response`1[[System.Collections.Generic.List`1[[Hahn.ApplicatonProcess.December2020.Domain.Application.Dto.Model.Applicant, Hahn.ApplicatonProcess.December2020.Domain, Version=1.0.0.0, Culture=neutral, PublicKeyToken=null]], System.Private.CoreLib, Version=5.0.0.0, Culture=neutral, PublicKeyToken=7cec85d7bea7798e]]'.
2021-01-10 12:40:29.510 +05:30 [INF] Executed action Hahn.ApplicatonProcess.December2020.Web.Controllers.ApplicantController.GetApplicants (Hahn.ApplicatonProcess.December2020.Web) in 5.5924ms
2021-01-10 12:40:29.512 +05:30 [INF] Executed endpoint 'Hahn.ApplicatonProcess.December2020.Web.Controllers.ApplicantController.GetApplicants (Hahn.ApplicatonProcess.December2020.Web)'
2021-01-10 12:40:29.515 +05:30 [INF] Request finished HTTP/2 GET https://localhost:5001/Applicant - - - 200 - application/json;+charset=utf-8 20.0875ms
2021-01-10 12:58:11.162 +05:30 [INF] Request starting HTTP/2 OPTIONS https://localhost:5001/Applicant - -
2021-01-10 12:58:11.168 +05:30 [INF] CORS policy execution successful.
2021-01-10 12:58:11.173 +05:30 [INF] Request finished HTTP/2 OPTIONS https://localhost:5001/Applicant - - - 204 - - 14.7585ms
2021-01-10 12:58:11.178 +05:30 [INF] Request starting HTTP/2 POST https://localhost:5001/Applicant application/json 183
2021-01-10 12:58:11.183 +05:30 [INF] CORS policy execution successful.
2021-01-10 12:58:11.188 +05:30 [INF] Executing endpoint 'Hahn.ApplicatonProcess.December2020.Web.Controllers.ApplicantController.Post (Hahn.ApplicatonProcess.December2020.Web)'
2021-01-10 12:58:11.194 +05:30 [INF] Route matched with {action = "Post", controller = "Applicant"}. Executing controller action with signature Microsoft.AspNetCore.Mvc.ActionResult Post(Hahn.ApplicatonProcess.December2020.Domain.Application.Dto.Request.Request`1[Hahn.ApplicatonProcess.December2020.Domain.Application.Dto.Model.Applicant]) on controller Hahn.ApplicatonProcess.December2020.Web.Controllers.ApplicantController (Hahn.ApplicatonProcess.December2020.Web).
2021-01-10 12:58:11.227 +05:30 [INF] Executing BadRequestObjectResult, writing value of type 'Microsoft.AspNetCore.Mvc.ValidationProblemDetails'.
2021-01-10 12:58:11.253 +05:30 [INF] Executed action Hahn.ApplicatonProcess.December2020.Web.Controllers.ApplicantController.Post (Hahn.ApplicatonProcess.December2020.Web) in 54.2182ms
2021-01-10 12:58:11.259 +05:30 [INF] Executed endpoint 'Hahn.ApplicatonProcess.December2020.Web.Controllers.ApplicantController.Post (Hahn.ApplicatonProcess.December2020.Web)'
2021-01-10 12:58:11.272 +05:30 [INF] Request finished HTTP/2 POST https://localhost:5001/Applicant application/json 183 - 400 - application/problem+json;+charset=utf-8 86.1779ms
2021-01-10 12:58:55.488 +05:30 [INF] Request starting HTTP/2 OPTIONS https://localhost:5001/Applicant - -
2021-01-10 12:58:55.492 +05:30 [INF] CORS policy execution successful.
2021-01-10 12:58:55.495 +05:30 [INF] Request finished HTTP/2 OPTIONS https://localhost:5001/Applicant - - - 204 - - 8.4905ms
2021-01-10 12:58:55.499 +05:30 [INF] Request starting HTTP/2 POST https://localhost:5001/Applicant application/json 183
2021-01-10 12:58:55.504 +05:30 [INF] CORS policy execution successful.
2021-01-10 12:58:55.508 +05:30 [INF] Executing endpoint 'Hahn.ApplicatonProcess.December2020.Web.Controllers.ApplicantController.Post (Hahn.ApplicatonProcess.December2020.Web)'
2021-01-10 12:58:55.512 +05:30 [INF] Route matched with {action = "Post", controller = "Applicant"}. Executing controller action with signature Microsoft.AspNetCore.Mvc.ActionResult Post(Hahn.ApplicatonProcess.December2020.Domain.Application.Dto.Request.Request`1[Hahn.ApplicatonProcess.December2020.Domain.Application.Dto.Model.Applicant]) on controller Hahn.ApplicatonProcess.December2020.Web.Controllers.ApplicantController (Hahn.ApplicatonProcess.December2020.Web).
2021-01-10 12:58:55.518 +05:30 [INF] Executing BadRequestObjectResult, writing value of type 'Microsoft.AspNetCore.Mvc.ValidationProblemDetails'.
2021-01-10 12:58:55.522 +05:30 [INF] Executed action Hahn.ApplicatonProcess.December2020.Web.Controllers.ApplicantController.Post (Hahn.ApplicatonProcess.December2020.Web) in 6.3476ms
2021-01-10 12:58:55.526 +05:30 [INF] Executed endpoint 'Hahn.ApplicatonProcess.December2020.Web.Controllers.ApplicantController.Post (Hahn.ApplicatonProcess.December2020.Web)'
2021-01-10 12:58:55.530 +05:30 [INF] Request finished HTTP/2 POST https://localhost:5001/Applicant application/json 183 - 400 - application/problem+json;+charset=utf-8 30.2381ms
2021-01-10 13:09:23.938 +05:30 [INF] Request starting HTTP/2 OPTIONS https://localhost:5001/Applicant - -
2021-01-10 13:09:23.945 +05:30 [INF] CORS policy execution successful.
2021-01-10 13:09:23.955 +05:30 [INF] Request finished HTTP/2 OPTIONS https://localhost:5001/Applicant - - - 204 - - 13.2690ms
2021-01-10 13:09:23.965 +05:30 [INF] Request starting HTTP/2 POST https://localhost:5001/Applicant application/json 176
2021-01-10 13:09:23.970 +05:30 [INF] CORS policy execution successful.
2021-01-10 13:09:23.975 +05:30 [INF] Executing endpoint 'Hahn.ApplicatonProcess.December2020.Web.Controllers.ApplicantController.Post (Hahn.ApplicatonProcess.December2020.Web)'
2021-01-10 13:09:23.980 +05:30 [INF] Route matched with {action = "Post", controller = "Applicant"}. Executing controller action with signature Microsoft.AspNetCore.Mvc.ActionResult Post(Hahn.ApplicatonProcess.December2020.Domain.Application.Dto.Request.Request`1[Hahn.ApplicatonProcess.December2020.Domain.Application.Dto.Model.Applicant]) on controller Hahn.ApplicatonProcess.December2020.Web.Controllers.ApplicantController (Hahn.ApplicatonProcess.December2020.Web).
2021-01-10 13:09:23.988 +05:30 [INF] Executing BadRequestObjectResult, writing value of type 'Microsoft.AspNetCore.Mvc.ValidationProblemDetails'.
2021-01-10 13:09:23.994 +05:30 [INF] Executed action Hahn.ApplicatonProcess.December2020.Web.Controllers.ApplicantController.Post (Hahn.ApplicatonProcess.December2020.Web) in 7.6577ms
2021-01-10 13:09:23.999 +05:30 [INF] Executed endpoint 'Hahn.ApplicatonProcess.December2020.Web.Controllers.ApplicantController.Post (Hahn.ApplicatonProcess.December2020.Web)'
2021-01-10 13:09:24.005 +05:30 [INF] Request finished HTTP/2 POST https://localhost:5001/Applicant application/json 176 - 400 - application/problem+json;+charset=utf-8 39.2935ms
2021-01-10 13:19:02.031 +05:30 [INF] Request starting HTTP/2 OPTIONS https://localhost:5001/Applicant - -
2021-01-10 13:19:02.038 +05:30 [INF] CORS policy execution successful.
2021-01-10 13:19:02.040 +05:30 [INF] Request finished HTTP/2 OPTIONS https://localhost:5001/Applicant - - - 204 - - 10.2252ms
2021-01-10 13:19:02.046 +05:30 [INF] Request starting HTTP/2 POST https://localhost:5001/Applicant application/json 187
2021-01-10 13:19:02.049 +05:30 [INF] CORS policy execution successful.
2021-01-10 13:19:02.051 +05:30 [INF] Executing endpoint 'Hahn.ApplicatonProcess.December2020.Web.Controllers.ApplicantController.Post (Hahn.ApplicatonProcess.December2020.Web)'
2021-01-10 13:19:02.055 +05:30 [INF] Route matched with {action = "Post", controller = "Applicant"}. Executing controller action with signature Microsoft.AspNetCore.Mvc.ActionResult Post(Hahn.ApplicatonProcess.December2020.Domain.Application.Dto.Request.Request`1[Hahn.ApplicatonProcess.December2020.Domain.Application.Dto.Model.Applicant]) on controller Hahn.ApplicatonProcess.December2020.Web.Controllers.ApplicantController (Hahn.ApplicatonProcess.December2020.Web).
2021-01-10 13:19:02.059 +05:30 [INF] Executing BadRequestObjectResult, writing value of type 'Microsoft.AspNetCore.Mvc.ValidationProblemDetails'.
2021-01-10 13:19:02.062 +05:30 [INF] Executed action Hahn.ApplicatonProcess.December2020.Web.Controllers.ApplicantController.Post (Hahn.ApplicatonProcess.December2020.Web) in 4.1422ms
2021-01-10 13:19:02.065 +05:30 [INF] Executed endpoint 'Hahn.ApplicatonProcess.December2020.Web.Controllers.ApplicantController.Post (Hahn.ApplicatonProcess.December2020.Web)'
2021-01-10 13:19:02.068 +05:30 [INF] Request finished HTTP/2 POST https://localhost:5001/Applicant application/json 187 - 400 - application/problem+json;+charset=utf-8 21.5759ms
2021-01-10 13:22:47.356 +05:30 [INF] Request starting HTTP/2 OPTIONS https://localhost:5001/Applicant - -
2021-01-10 13:22:47.358 +05:30 [INF] CORS policy execution successful.
2021-01-10 13:22:47.361 +05:30 [INF] Request finished HTTP/2 OPTIONS https://localhost:5001/Applicant - - - 204 - - 5.7353ms
2021-01-10 13:22:47.364 +05:30 [INF] Request starting HTTP/2 POST https://localhost:5001/Applicant application/json 192
2021-01-10 13:22:47.367 +05:30 [INF] CORS policy execution successful.
2021-01-10 13:22:47.369 +05:30 [INF] Executing endpoint 'Hahn.ApplicatonProcess.December2020.Web.Controllers.ApplicantController.Post (Hahn.ApplicatonProcess.December2020.Web)'
2021-01-10 13:22:47.374 +05:30 [INF] Route matched with {action = "Post", controller = "Applicant"}. Executing controller action with signature Microsoft.AspNetCore.Mvc.ActionResult Post(Hahn.ApplicatonProcess.December2020.Domain.Application.Dto.Request.Request`1[Hahn.ApplicatonProcess.December2020.Domain.Application.Dto.Model.Applicant]) on controller Hahn.ApplicatonProcess.December2020.Web.Controllers.ApplicantController (Hahn.ApplicatonProcess.December2020.Web).
2021-01-10 13:22:48.122 +05:30 [INF] Entity Framework Core 5.0.1 initialized 'ApplicationDbContext' using provider 'Microsoft.EntityFrameworkCore.InMemory' with options: StoreName=ApplicantManager 
2021-01-10 13:22:48.130 +05:30 [INF] Saved 1 entities to in-memory store.
2021-01-10 13:22:48.135 +05:30 [INF] Executing CreatedAtActionResult, writing value of type 'Hahn.ApplicatonProcess.December2020.Domain.Application.Dto.Response.Response`1[[Hahn.ApplicatonProcess.December2020.Domain.Application.Dto.Model.AddResponse, Hahn.ApplicatonProcess.December2020.Domain, Version=1.0.0.0, Culture=neutral, PublicKeyToken=null]]'.
2021-01-10 13:22:48.145 +05:30 [INF] Executed action Hahn.ApplicatonProcess.December2020.Web.Controllers.ApplicantController.Post (Hahn.ApplicatonProcess.December2020.Web) in 763.1293ms
2021-01-10 13:22:48.150 +05:30 [INF] Executed endpoint 'Hahn.ApplicatonProcess.December2020.Web.Controllers.ApplicantController.Post (Hahn.ApplicatonProcess.December2020.Web)'
2021-01-10 13:22:48.155 +05:30 [INF] Request finished HTTP/2 POST https://localhost:5001/Applicant application/json 192 - 201 - application/json;+charset=utf-8 788.5041ms
2021-01-10 13:23:02.498 +05:30 [INF] Request starting HTTP/2 GET https://localhost:5001/Applicant - -
2021-01-10 13:23:02.504 +05:30 [INF] CORS policy execution successful.
2021-01-10 13:23:02.507 +05:30 [INF] Executing endpoint 'Hahn.ApplicatonProcess.December2020.Web.Controllers.ApplicantController.GetApplicants (Hahn.ApplicatonProcess.December2020.Web)'
2021-01-10 13:23:02.510 +05:30 [INF] Route matched with {action = "GetApplicants", controller = "Applicant"}. Executing controller action with signature Microsoft.AspNetCore.Mvc.ActionResult GetApplicants() on controller Hahn.ApplicatonProcess.December2020.Web.Controllers.ApplicantController (Hahn.ApplicatonProcess.December2020.Web).
2021-01-10 13:23:02.512 +05:30 [INF] Entity Framework Core 5.0.1 initialized 'ApplicationDbContext' using provider 'Microsoft.EntityFrameworkCore.InMemory' with options: StoreName=ApplicantManager 
2021-01-10 13:23:02.516 +05:30 [INF] Executing OkObjectResult, writing value of type 'Hahn.ApplicatonProcess.December2020.Domain.Application.Dto.Response.Response`1[[System.Collections.Generic.List`1[[Hahn.ApplicatonProcess.December2020.Domain.Application.Dto.Model.Applicant, Hahn.ApplicatonProcess.December2020.Domain, Version=1.0.0.0, Culture=neutral, PublicKeyToken=null]], System.Private.CoreLib, Version=5.0.0.0, Culture=neutral, PublicKeyToken=7cec85d7bea7798e]]'.
2021-01-10 13:23:02.519 +05:30 [INF] Executed action Hahn.ApplicatonProcess.December2020.Web.Controllers.ApplicantController.GetApplicants (Hahn.ApplicatonProcess.December2020.Web) in 6.1899ms
2021-01-10 13:23:02.521 +05:30 [INF] Executed endpoint 'Hahn.ApplicatonProcess.December2020.Web.Controllers.ApplicantController.GetApplicants (Hahn.ApplicatonProcess.December2020.Web)'
2021-01-10 13:23:02.524 +05:30 [INF] Request finished HTTP/2 GET https://localhost:5001/Applicant - - - 200 - application/json;+charset=utf-8 26.6894ms
2021-01-10 13:23:05.527 +05:30 [INF] Request starting HTTP/2 GET https://localhost:5001/Applicant/5 - -
2021-01-10 13:23:05.530 +05:30 [INF] CORS policy execution successful.
2021-01-10 13:23:05.533 +05:30 [INF] Executing endpoint 'Hahn.ApplicatonProcess.December2020.Web.Controllers.ApplicantController.GetApplicant (Hahn.ApplicatonProcess.December2020.Web)'
2021-01-10 13:23:05.537 +05:30 [INF] Route matched with {action = "GetApplicant", controller = "Applicant"}. Executing controller action with signature Microsoft.AspNetCore.Mvc.ActionResult GetApplicant(Int32) on controller Hahn.ApplicatonProcess.December2020.Web.Controllers.ApplicantController (Hahn.ApplicatonProcess.December2020.Web).
2021-01-10 13:23:05.540 +05:30 [INF] Entity Framework Core 5.0.1 initialized 'ApplicationDbContext' using provider 'Microsoft.EntityFrameworkCore.InMemory' with options: StoreName=ApplicantManager 
2021-01-10 13:23:05.544 +05:30 [INF] Executing OkObjectResult, writing value of type 'Hahn.ApplicatonProcess.December2020.Domain.Application.Dto.Response.Response`1[[Hahn.ApplicatonProcess.December2020.Domain.Application.Dto.Model.Applicant, Hahn.ApplicatonProcess.December2020.Domain, Version=1.0.0.0, Culture=neutral, PublicKeyToken=null]]'.
2021-01-10 13:23:05.547 +05:30 [INF] Executed action Hahn.ApplicatonProcess.December2020.Web.Controllers.ApplicantController.GetApplicant (Hahn.ApplicatonProcess.December2020.Web) in 7.566ms
2021-01-10 13:23:05.550 +05:30 [INF] Executed endpoint 'Hahn.ApplicatonProcess.December2020.Web.Controllers.ApplicantController.GetApplicant (Hahn.ApplicatonProcess.December2020.Web)'
2021-01-10 13:23:05.553 +05:30 [INF] Request finished HTTP/2 GET https://localhost:5001/Applicant/5 - - - 200 - application/json;+charset=utf-8 25.9614ms
2021-01-10 13:23:35.271 +05:30 [INF] Request starting HTTP/2 OPTIONS https://localhost:5001/Applicant/5 - -
2021-01-10 13:23:35.274 +05:30 [INF] CORS policy execution successful.
2021-01-10 13:23:35.280 +05:30 [INF] Request finished HTTP/2 OPTIONS https://localhost:5001/Applicant/5 - - - 204 - - 7.4875ms
2021-01-10 13:23:35.286 +05:30 [INF] Request starting HTTP/2 PUT https://localhost:5001/Applicant/5 application/json 183
2021-01-10 13:23:35.289 +05:30 [INF] CORS policy execution successful.
2021-01-10 13:23:35.293 +05:30 [INF] Executing endpoint 'Hahn.ApplicatonProcess.December2020.Web.Controllers.ApplicantController.UpdateApplicant (Hahn.ApplicatonProcess.December2020.Web)'
2021-01-10 13:23:35.297 +05:30 [INF] Route matched with {action = "UpdateApplicant", controller = "Applicant"}. Executing controller action with signature Microsoft.AspNetCore.Mvc.ActionResult UpdateApplicant(Int32, Hahn.ApplicatonProcess.December2020.Domain.Application.Dto.Model.Applicant) on controller Hahn.ApplicatonProcess.December2020.Web.Controllers.ApplicantController (Hahn.ApplicatonProcess.December2020.Web).
2021-01-10 13:23:35.303 +05:30 [INF] Entity Framework Core 5.0.1 initialized 'ApplicationDbContext' using provider 'Microsoft.EntityFrameworkCore.InMemory' with options: StoreName=ApplicantManager 
2021-01-10 13:23:35.309 +05:30 [INF] Saved 1 entities to in-memory store.
2021-01-10 13:23:35.314 +05:30 [INF] Executing OkObjectResult, writing value of type 'System.Int32'.
2021-01-10 13:23:35.319 +05:30 [INF] Executed action Hahn.ApplicatonProcess.December2020.Web.Controllers.ApplicantController.UpdateApplicant (Hahn.ApplicatonProcess.December2020.Web) in 17.3519ms
2021-01-10 13:23:35.323 +05:30 [INF] Executed endpoint 'Hahn.ApplicatonProcess.December2020.Web.Controllers.ApplicantController.UpdateApplicant (Hahn.ApplicatonProcess.December2020.Web)'
2021-01-10 13:23:35.327 +05:30 [INF] Request finished HTTP/2 PUT https://localhost:5001/Applicant/5 application/json 183 - 200 - application/json;+charset=utf-8 39.4105ms
2021-01-10 13:23:35.338 +05:30 [INF] Request starting HTTP/2 GET https://localhost:5001/Applicant - -
2021-01-10 13:23:35.341 +05:30 [INF] CORS policy execution successful.
2021-01-10 13:23:35.345 +05:30 [INF] Executing endpoint 'Hahn.ApplicatonProcess.December2020.Web.Controllers.ApplicantController.GetApplicants (Hahn.ApplicatonProcess.December2020.Web)'
2021-01-10 13:23:35.348 +05:30 [INF] Route matched with {action = "GetApplicants", controller = "Applicant"}. Executing controller action with signature Microsoft.AspNetCore.Mvc.ActionResult GetApplicants() on controller Hahn.ApplicatonProcess.December2020.Web.Controllers.ApplicantController (Hahn.ApplicatonProcess.December2020.Web).
2021-01-10 13:23:35.350 +05:30 [INF] Entity Framework Core 5.0.1 initialized 'ApplicationDbContext' using provider 'Microsoft.EntityFrameworkCore.InMemory' with options: StoreName=ApplicantManager 
2021-01-10 13:23:35.353 +05:30 [INF] Executing OkObjectResult, writing value of type 'Hahn.ApplicatonProcess.December2020.Domain.Application.Dto.Response.Response`1[[System.Collections.Generic.List`1[[Hahn.ApplicatonProcess.December2020.Domain.Application.Dto.Model.Applicant, Hahn.ApplicatonProcess.December2020.Domain, Version=1.0.0.0, Culture=neutral, PublicKeyToken=null]], System.Private.CoreLib, Version=5.0.0.0, Culture=neutral, PublicKeyToken=7cec85d7bea7798e]]'.
2021-01-10 13:23:35.356 +05:30 [INF] Executed action Hahn.ApplicatonProcess.December2020.Web.Controllers.ApplicantController.GetApplicants (Hahn.ApplicatonProcess.December2020.Web) in 5.466ms
2021-01-10 13:23:35.359 +05:30 [INF] Executed endpoint 'Hahn.ApplicatonProcess.December2020.Web.Controllers.ApplicantController.GetApplicants (Hahn.ApplicatonProcess.December2020.Web)'
2021-01-10 13:23:35.363 +05:30 [INF] Request finished HTTP/2 GET https://localhost:5001/Applicant - - - 200 - application/json;+charset=utf-8 24.5455ms
2021-01-10 13:23:40.039 +05:30 [INF] Request starting HTTP/2 GET https://localhost:5001/Applicant/5 - -
2021-01-10 13:23:40.043 +05:30 [INF] CORS policy execution successful.
2021-01-10 13:23:40.047 +05:30 [INF] Executing endpoint 'Hahn.ApplicatonProcess.December2020.Web.Controllers.ApplicantController.GetApplicant (Hahn.ApplicatonProcess.December2020.Web)'
2021-01-10 13:23:40.052 +05:30 [INF] Route matched with {action = "GetApplicant", controller = "Applicant"}. Executing controller action with signature Microsoft.AspNetCore.Mvc.ActionResult GetApplicant(Int32) on controller Hahn.ApplicatonProcess.December2020.Web.Controllers.ApplicantController (Hahn.ApplicatonProcess.December2020.Web).
2021-01-10 13:23:40.056 +05:30 [INF] Entity Framework Core 5.0.1 initialized 'ApplicationDbContext' using provider 'Microsoft.EntityFrameworkCore.InMemory' with options: StoreName=ApplicantManager 
2021-01-10 13:23:40.063 +05:30 [INF] Executing OkObjectResult, writing value of type 'Hahn.ApplicatonProcess.December2020.Domain.Application.Dto.Response.Response`1[[Hahn.ApplicatonProcess.December2020.Domain.Application.Dto.Model.Applicant, Hahn.ApplicatonProcess.December2020.Domain, Version=1.0.0.0, Culture=neutral, PublicKeyToken=null]]'.
2021-01-10 13:23:40.067 +05:30 [INF] Executed action Hahn.ApplicatonProcess.December2020.Web.Controllers.ApplicantController.GetApplicant (Hahn.ApplicatonProcess.December2020.Web) in 10.8153ms
2021-01-10 13:23:40.072 +05:30 [INF] Executed endpoint 'Hahn.ApplicatonProcess.December2020.Web.Controllers.ApplicantController.GetApplicant (Hahn.ApplicatonProcess.December2020.Web)'
2021-01-10 13:23:40.077 +05:30 [INF] Request finished HTTP/2 GET https://localhost:5001/Applicant/5 - - - 200 - application/json;+charset=utf-8 36.9683ms
2021-01-10 13:24:04.075 +05:30 [INF] Request starting HTTP/1.1 GET https://localhost:5001/Applicant/ application/json 244
2021-01-10 13:24:04.078 +05:30 [INF] Executing endpoint 'Hahn.ApplicatonProcess.December2020.Web.Controllers.ApplicantController.GetApplicants (Hahn.ApplicatonProcess.December2020.Web)'
2021-01-10 13:24:04.082 +05:30 [INF] Route matched with {action = "GetApplicants", controller = "Applicant"}. Executing controller action with signature Microsoft.AspNetCore.Mvc.ActionResult GetApplicants() on controller Hahn.ApplicatonProcess.December2020.Web.Controllers.ApplicantController (Hahn.ApplicatonProcess.December2020.Web).
2021-01-10 13:24:04.085 +05:30 [INF] Entity Framework Core 5.0.1 initialized 'ApplicationDbContext' using provider 'Microsoft.EntityFrameworkCore.InMemory' with options: StoreName=ApplicantManager 
2021-01-10 13:24:04.088 +05:30 [INF] Executing OkObjectResult, writing value of type 'Hahn.ApplicatonProcess.December2020.Domain.Application.Dto.Response.Response`1[[System.Collections.Generic.List`1[[Hahn.ApplicatonProcess.December2020.Domain.Application.Dto.Model.Applicant, Hahn.ApplicatonProcess.December2020.Domain, Version=1.0.0.0, Culture=neutral, PublicKeyToken=null]], System.Private.CoreLib, Version=5.0.0.0, Culture=neutral, PublicKeyToken=7cec85d7bea7798e]]'.
2021-01-10 13:24:04.092 +05:30 [INF] Executed action Hahn.ApplicatonProcess.December2020.Web.Controllers.ApplicantController.GetApplicants (Hahn.ApplicatonProcess.December2020.Web) in 6.867ms
2021-01-10 13:24:04.094 +05:30 [INF] Executed endpoint 'Hahn.ApplicatonProcess.December2020.Web.Controllers.ApplicantController.GetApplicants (Hahn.ApplicatonProcess.December2020.Web)'
2021-01-10 13:24:04.097 +05:30 [INF] Request finished HTTP/1.1 GET https://localhost:5001/Applicant/ application/json 244 - 200 - application/json;+charset=utf-8 22.3893ms
2021-01-10 13:25:43.218 +05:30 [INF] Request starting HTTP/2 OPTIONS https://localhost:5001/Applicant/5 - -
2021-01-10 13:25:43.222 +05:30 [INF] CORS policy execution successful.
2021-01-10 13:25:43.226 +05:30 [INF] Request finished HTTP/2 OPTIONS https://localhost:5001/Applicant/5 - - - 204 - - 8.3651ms
2021-01-10 13:25:43.230 +05:30 [INF] Request starting HTTP/2 PUT https://localhost:5001/Applicant/5 application/json 186
2021-01-10 13:25:43.234 +05:30 [INF] CORS policy execution successful.
2021-01-10 13:25:43.238 +05:30 [INF] Executing endpoint 'Hahn.ApplicatonProcess.December2020.Web.Controllers.ApplicantController.UpdateApplicant (Hahn.ApplicatonProcess.December2020.Web)'
2021-01-10 13:25:43.243 +05:30 [INF] Route matched with {action = "UpdateApplicant", controller = "Applicant"}. Executing controller action with signature Microsoft.AspNetCore.Mvc.ActionResult UpdateApplicant(Int32, Hahn.ApplicatonProcess.December2020.Domain.Application.Dto.Model.Applicant) on controller Hahn.ApplicatonProcess.December2020.Web.Controllers.ApplicantController (Hahn.ApplicatonProcess.December2020.Web).
2021-01-10 13:25:43.248 +05:30 [INF] Entity Framework Core 5.0.1 initialized 'ApplicationDbContext' using provider 'Microsoft.EntityFrameworkCore.InMemory' with options: StoreName=ApplicantManager 
2021-01-10 13:25:43.253 +05:30 [INF] Saved 1 entities to in-memory store.
2021-01-10 13:25:43.258 +05:30 [INF] Executing OkObjectResult, writing value of type 'System.Int32'.
2021-01-10 13:25:43.262 +05:30 [INF] Executed action Hahn.ApplicatonProcess.December2020.Web.Controllers.ApplicantController.UpdateApplicant (Hahn.ApplicatonProcess.December2020.Web) in 14.8831ms
2021-01-10 13:25:43.266 +05:30 [INF] Executed endpoint 'Hahn.ApplicatonProcess.December2020.Web.Controllers.ApplicantController.UpdateApplicant (Hahn.ApplicatonProcess.December2020.Web)'
2021-01-10 13:25:43.270 +05:30 [INF] Request finished HTTP/2 PUT https://localhost:5001/Applicant/5 application/json 186 - 200 - application/json;+charset=utf-8 40.1234ms
2021-01-10 13:25:43.294 +05:30 [INF] Request starting HTTP/2 GET https://localhost:5001/Applicant - -
2021-01-10 13:25:43.297 +05:30 [INF] CORS policy execution successful.
2021-01-10 13:25:43.301 +05:30 [INF] Executing endpoint 'Hahn.ApplicatonProcess.December2020.Web.Controllers.ApplicantController.GetApplicants (Hahn.ApplicatonProcess.December2020.Web)'
2021-01-10 13:25:43.306 +05:30 [INF] Route matched with {action = "GetApplicants", controller = "Applicant"}. Executing controller action with signature Microsoft.AspNetCore.Mvc.ActionResult GetApplicants() on controller Hahn.ApplicatonProcess.December2020.Web.Controllers.ApplicantController (Hahn.ApplicatonProcess.December2020.Web).
2021-01-10 13:25:43.310 +05:30 [INF] Entity Framework Core 5.0.1 initialized 'ApplicationDbContext' using provider 'Microsoft.EntityFrameworkCore.InMemory' with options: StoreName=ApplicantManager 
2021-01-10 13:25:43.314 +05:30 [INF] Executing OkObjectResult, writing value of type 'Hahn.ApplicatonProcess.December2020.Domain.Application.Dto.Response.Response`1[[System.Collections.Generic.List`1[[Hahn.ApplicatonProcess.December2020.Domain.Application.Dto.Model.Applicant, Hahn.ApplicatonProcess.December2020.Domain, Version=1.0.0.0, Culture=neutral, PublicKeyToken=null]], System.Private.CoreLib, Version=5.0.0.0, Culture=neutral, PublicKeyToken=7cec85d7bea7798e]]'.
2021-01-10 13:25:43.318 +05:30 [INF] Executed action Hahn.ApplicatonProcess.December2020.Web.Controllers.ApplicantController.GetApplicants (Hahn.ApplicatonProcess.December2020.Web) in 8.6271ms
2021-01-10 13:25:43.322 +05:30 [INF] Executed endpoint 'Hahn.ApplicatonProcess.December2020.Web.Controllers.ApplicantController.GetApplicants (Hahn.ApplicatonProcess.December2020.Web)'
2021-01-10 13:25:43.326 +05:30 [INF] Request finished HTTP/2 GET https://localhost:5001/Applicant - - - 200 - application/json;+charset=utf-8 33.7298ms
2021-01-10 13:25:58.219 +05:30 [INF] Request starting HTTP/1.1 GET https://localhost:5001/Applicant/ application/json 244
2021-01-10 13:25:58.221 +05:30 [INF] Executing endpoint 'Hahn.ApplicatonProcess.December2020.Web.Controllers.ApplicantController.GetApplicants (Hahn.ApplicatonProcess.December2020.Web)'
2021-01-10 13:25:58.225 +05:30 [INF] Route matched with {action = "GetApplicants", controller = "Applicant"}. Executing controller action with signature Microsoft.AspNetCore.Mvc.ActionResult GetApplicants() on controller Hahn.ApplicatonProcess.December2020.Web.Controllers.ApplicantController (Hahn.ApplicatonProcess.December2020.Web).
2021-01-10 13:25:58.228 +05:30 [INF] Entity Framework Core 5.0.1 initialized 'ApplicationDbContext' using provider 'Microsoft.EntityFrameworkCore.InMemory' with options: StoreName=ApplicantManager 
2021-01-10 13:25:58.231 +05:30 [INF] Executing OkObjectResult, writing value of type 'Hahn.ApplicatonProcess.December2020.Domain.Application.Dto.Response.Response`1[[System.Collections.Generic.List`1[[Hahn.ApplicatonProcess.December2020.Domain.Application.Dto.Model.Applicant, Hahn.ApplicatonProcess.December2020.Domain, Version=1.0.0.0, Culture=neutral, PublicKeyToken=null]], System.Private.CoreLib, Version=5.0.0.0, Culture=neutral, PublicKeyToken=7cec85d7bea7798e]]'.
2021-01-10 13:25:58.235 +05:30 [INF] Executed action Hahn.ApplicatonProcess.December2020.Web.Controllers.ApplicantController.GetApplicants (Hahn.ApplicatonProcess.December2020.Web) in 6.4957ms
2021-01-10 13:25:58.237 +05:30 [INF] Executed endpoint 'Hahn.ApplicatonProcess.December2020.Web.Controllers.ApplicantController.GetApplicants (Hahn.ApplicatonProcess.December2020.Web)'
2021-01-10 13:25:58.240 +05:30 [INF] Request finished HTTP/1.1 GET https://localhost:5001/Applicant/ application/json 244 - 200 - application/json;+charset=utf-8 22.0881ms
2021-01-10 13:28:26.263 +05:30 [INF] User profile is available. Using 'C:\Users\Karthikeyan.P\AppData\Local\ASP.NET\DataProtection-Keys' as key repository and Windows DPAPI to encrypt keys at rest.
2021-01-10 13:28:28.159 +05:30 [INF] Request starting HTTP/2 GET https://localhost:5001/swagger/index.html - -
2021-01-10 13:28:28.327 +05:30 [INF] Request finished HTTP/2 GET https://localhost:5001/swagger/index.html - - - 200 - text/html;charset=utf-8 174.4764ms
2021-01-10 13:28:28.668 +05:30 [INF] Request starting HTTP/2 GET https://localhost:5001/swagger/v1/swagger.json - -
2021-01-10 13:28:28.891 +05:30 [INF] Request finished HTTP/2 GET https://localhost:5001/swagger/v1/swagger.json - - - 200 - application/json;charset=utf-8 223.7505ms
2021-01-10 13:34:00.396 +05:30 [INF] User profile is available. Using 'C:\Users\Karthikeyan.P\AppData\Local\ASP.NET\DataProtection-Keys' as key repository and Windows DPAPI to encrypt keys at rest.
2021-01-10 13:34:01.832 +05:30 [INF] Request starting HTTP/2 GET https://localhost:5001/swagger/index.html - -
2021-01-10 13:34:01.958 +05:30 [INF] Request finished HTTP/2 GET https://localhost:5001/swagger/index.html - - - 200 - text/html;charset=utf-8 126.3157ms
2021-01-10 13:34:02.114 +05:30 [INF] Request starting HTTP/2 GET https://localhost:5001/swagger/v1/swagger.json - -
2021-01-10 13:34:02.210 +05:30 [INF] Request finished HTTP/2 GET https://localhost:5001/swagger/v1/swagger.json - - - 200 - application/json;charset=utf-8 95.8463ms
2021-01-10 13:34:16.081 +05:30 [INF] Request starting HTTP/2 GET https://localhost:5001/Applicant - -
2021-01-10 13:34:16.091 +05:30 [INF] CORS policy execution successful.
2021-01-10 13:34:16.132 +05:30 [INF] Executing endpoint 'Hahn.ApplicatonProcess.December2020.Web.Controllers.ApplicantController.GetApplicants (Hahn.ApplicatonProcess.December2020.Web)'
2021-01-10 13:34:16.166 +05:30 [INF] Route matched with {action = "GetApplicants", controller = "Applicant"}. Executing controller action with signature Microsoft.AspNetCore.Mvc.ActionResult GetApplicants() on controller Hahn.ApplicatonProcess.December2020.Web.Controllers.ApplicantController (Hahn.ApplicatonProcess.December2020.Web).
2021-01-10 13:34:17.053 +05:30 [INF] Entity Framework Core 5.0.1 initialized 'ApplicationDbContext' using provider 'Microsoft.EntityFrameworkCore.InMemory' with options: StoreName=ApplicantManager 
2021-01-10 13:34:17.425 +05:30 [INF] Executing OkObjectResult, writing value of type 'Hahn.ApplicatonProcess.December2020.Domain.Application.Dto.Response.Response`1[[System.Collections.Generic.List`1[[Hahn.ApplicatonProcess.December2020.Domain.Application.Dto.Model.Applicant, Hahn.ApplicatonProcess.December2020.Domain, Version=1.0.0.0, Culture=neutral, PublicKeyToken=null]], System.Private.CoreLib, Version=5.0.0.0, Culture=neutral, PublicKeyToken=7cec85d7bea7798e]]'.
2021-01-10 13:34:17.468 +05:30 [INF] Executed action Hahn.ApplicatonProcess.December2020.Web.Controllers.ApplicantController.GetApplicants (Hahn.ApplicatonProcess.December2020.Web) in 1282.6162ms
2021-01-10 13:34:17.476 +05:30 [INF] Executed endpoint 'Hahn.ApplicatonProcess.December2020.Web.Controllers.ApplicantController.GetApplicants (Hahn.ApplicatonProcess.December2020.Web)'
2021-01-10 13:34:17.486 +05:30 [INF] Request finished HTTP/2 GET https://localhost:5001/Applicant - - - 200 - application/json;+charset=utf-8 1404.0582ms
2021-01-10 13:34:44.703 +05:30 [INF] Request starting HTTP/2 OPTIONS https://localhost:5001/Applicant - -
2021-01-10 13:34:44.707 +05:30 [INF] CORS policy execution successful.
2021-01-10 13:34:44.720 +05:30 [INF] Request finished HTTP/2 OPTIONS https://localhost:5001/Applicant - - - 204 - - 9.5448ms
2021-01-10 13:34:44.725 +05:30 [INF] Request starting HTTP/2 POST https://localhost:5001/Applicant application/json 184
2021-01-10 13:34:44.729 +05:30 [INF] CORS policy execution successful.
2021-01-10 13:34:44.734 +05:30 [INF] Executing endpoint 'Hahn.ApplicatonProcess.December2020.Web.Controllers.ApplicantController.Post (Hahn.ApplicatonProcess.December2020.Web)'
2021-01-10 13:34:44.755 +05:30 [INF] Route matched with {action = "Post", controller = "Applicant"}. Executing controller action with signature Microsoft.AspNetCore.Mvc.ActionResult Post(Hahn.ApplicatonProcess.December2020.Domain.Application.Dto.Request.Request`1[Hahn.ApplicatonProcess.December2020.Domain.Application.Dto.Model.Applicant]) on controller Hahn.ApplicatonProcess.December2020.Web.Controllers.ApplicantController (Hahn.ApplicatonProcess.December2020.Web).
2021-01-10 13:34:46.022 +05:30 [INF] Entity Framework Core 5.0.1 initialized 'ApplicationDbContext' using provider 'Microsoft.EntityFrameworkCore.InMemory' with options: StoreName=ApplicantManager 
2021-01-10 13:34:46.312 +05:30 [INF] Saved 1 entities to in-memory store.
2021-01-10 13:34:46.334 +05:30 [INF] Executing CreatedAtActionResult, writing value of type 'Hahn.ApplicatonProcess.December2020.Domain.Application.Dto.Response.Response`1[[Hahn.ApplicatonProcess.December2020.Domain.Application.Dto.Model.AddResponse, Hahn.ApplicatonProcess.December2020.Domain, Version=1.0.0.0, Culture=neutral, PublicKeyToken=null]]'.
2021-01-10 13:34:46.427 +05:30 [INF] Executed action Hahn.ApplicatonProcess.December2020.Web.Controllers.ApplicantController.Post (Hahn.ApplicatonProcess.December2020.Web) in 1666.6757ms
2021-01-10 13:34:46.431 +05:30 [INF] Executed endpoint 'Hahn.ApplicatonProcess.December2020.Web.Controllers.ApplicantController.Post (Hahn.ApplicatonProcess.December2020.Web)'
2021-01-10 13:34:46.436 +05:30 [INF] Request finished HTTP/2 POST https://localhost:5001/Applicant application/json 184 - 201 - application/json;+charset=utf-8 1711.0870ms
2021-01-10 13:34:50.100 +05:30 [INF] Request starting HTTP/2 GET https://localhost:5001/Applicant - -
2021-01-10 13:34:50.104 +05:30 [INF] CORS policy execution successful.
2021-01-10 13:34:50.107 +05:30 [INF] Executing endpoint 'Hahn.ApplicatonProcess.December2020.Web.Controllers.ApplicantController.GetApplicants (Hahn.ApplicatonProcess.December2020.Web)'
2021-01-10 13:34:50.112 +05:30 [INF] Route matched with {action = "GetApplicants", controller = "Applicant"}. Executing controller action with signature Microsoft.AspNetCore.Mvc.ActionResult GetApplicants() on controller Hahn.ApplicatonProcess.December2020.Web.Controllers.ApplicantController (Hahn.ApplicatonProcess.December2020.Web).
2021-01-10 13:34:50.133 +05:30 [INF] Entity Framework Core 5.0.1 initialized 'ApplicationDbContext' using provider 'Microsoft.EntityFrameworkCore.InMemory' with options: StoreName=ApplicantManager 
2021-01-10 13:34:50.157 +05:30 [INF] Executing OkObjectResult, writing value of type 'Hahn.ApplicatonProcess.December2020.Domain.Application.Dto.Response.Response`1[[System.Collections.Generic.List`1[[Hahn.ApplicatonProcess.December2020.Domain.Application.Dto.Model.Applicant, Hahn.ApplicatonProcess.December2020.Domain, Version=1.0.0.0, Culture=neutral, PublicKeyToken=null]], System.Private.CoreLib, Version=5.0.0.0, Culture=neutral, PublicKeyToken=7cec85d7bea7798e]]'.
2021-01-10 13:34:50.167 +05:30 [INF] Executed action Hahn.ApplicatonProcess.December2020.Web.Controllers.ApplicantController.GetApplicants (Hahn.ApplicatonProcess.December2020.Web) in 50.8527ms
2021-01-10 13:34:50.171 +05:30 [INF] Executed endpoint 'Hahn.ApplicatonProcess.December2020.Web.Controllers.ApplicantController.GetApplicants (Hahn.ApplicatonProcess.December2020.Web)'
2021-01-10 13:34:50.174 +05:30 [INF] Request finished HTTP/2 GET https://localhost:5001/Applicant - - - 200 - application/json;+charset=utf-8 74.4729ms
2021-01-10 13:34:57.367 +05:30 [INF] Request starting HTTP/2 GET https://localhost:5001/Applicant/1 - -
2021-01-10 13:34:57.371 +05:30 [INF] CORS policy execution successful.
2021-01-10 13:34:57.376 +05:30 [INF] Executing endpoint 'Hahn.ApplicatonProcess.December2020.Web.Controllers.ApplicantController.GetApplicant (Hahn.ApplicatonProcess.December2020.Web)'
2021-01-10 13:34:57.385 +05:30 [INF] Route matched with {action = "GetApplicant", controller = "Applicant"}. Executing controller action with signature Microsoft.AspNetCore.Mvc.ActionResult GetApplicant(Int32) on controller Hahn.ApplicatonProcess.December2020.Web.Controllers.ApplicantController (Hahn.ApplicatonProcess.December2020.Web).
2021-01-10 13:34:57.395 +05:30 [INF] Entity Framework Core 5.0.1 initialized 'ApplicationDbContext' using provider 'Microsoft.EntityFrameworkCore.InMemory' with options: StoreName=ApplicantManager 
2021-01-10 13:34:57.498 +05:30 [INF] Executing OkObjectResult, writing value of type 'Hahn.ApplicatonProcess.December2020.Domain.Application.Dto.Response.Response`1[[Hahn.ApplicatonProcess.December2020.Domain.Application.Dto.Model.Applicant, Hahn.ApplicatonProcess.December2020.Domain, Version=1.0.0.0, Culture=neutral, PublicKeyToken=null]]'.
2021-01-10 13:34:57.502 +05:30 [INF] Executed action Hahn.ApplicatonProcess.December2020.Web.Controllers.ApplicantController.GetApplicant (Hahn.ApplicatonProcess.December2020.Web) in 113.9435ms
2021-01-10 13:34:57.506 +05:30 [INF] Executed endpoint 'Hahn.ApplicatonProcess.December2020.Web.Controllers.ApplicantController.GetApplicant (Hahn.ApplicatonProcess.December2020.Web)'
2021-01-10 13:34:57.510 +05:30 [INF] Request finished HTTP/2 GET https://localhost:5001/Applicant/1 - - - 200 - application/json;+charset=utf-8 144.1964ms
2021-01-10 13:35:06.304 +05:30 [INF] Request starting HTTP/2 OPTIONS https://localhost:5001/Applicant/1 - -
2021-01-10 13:35:06.308 +05:30 [INF] CORS policy execution successful.
2021-01-10 13:35:06.342 +05:30 [INF] Request finished HTTP/2 OPTIONS https://localhost:5001/Applicant/1 - - - 204 - - 7.1991ms
2021-01-10 13:35:06.355 +05:30 [INF] Request starting HTTP/2 PUT https://localhost:5001/Applicant/1 application/json 178
2021-01-10 13:35:06.360 +05:30 [INF] CORS policy execution successful.
2021-01-10 13:35:06.366 +05:30 [INF] Executing endpoint 'Hahn.ApplicatonProcess.December2020.Web.Controllers.ApplicantController.UpdateApplicant (Hahn.ApplicatonProcess.December2020.Web)'
2021-01-10 13:35:06.374 +05:30 [INF] Route matched with {action = "UpdateApplicant", controller = "Applicant"}. Executing controller action with signature Microsoft.AspNetCore.Mvc.ActionResult UpdateApplicant(Int32, Hahn.ApplicatonProcess.December2020.Domain.Application.Dto.Model.Applicant) on controller Hahn.ApplicatonProcess.December2020.Web.Controllers.ApplicantController (Hahn.ApplicatonProcess.December2020.Web).
2021-01-10 13:35:06.382 +05:30 [INF] Entity Framework Core 5.0.1 initialized 'ApplicationDbContext' using provider 'Microsoft.EntityFrameworkCore.InMemory' with options: StoreName=ApplicantManager 
2021-01-10 13:35:06.401 +05:30 [INF] Saved 1 entities to in-memory store.
2021-01-10 13:35:06.407 +05:30 [INF] Executing OkObjectResult, writing value of type 'System.Int32'.
2021-01-10 13:35:06.413 +05:30 [INF] Executed action Hahn.ApplicatonProcess.December2020.Web.Controllers.ApplicantController.UpdateApplicant (Hahn.ApplicatonProcess.December2020.Web) in 34.6123ms
2021-01-10 13:35:06.418 +05:30 [INF] Executed endpoint 'Hahn.ApplicatonProcess.December2020.Web.Controllers.ApplicantController.UpdateApplicant (Hahn.ApplicatonProcess.December2020.Web)'
2021-01-10 13:35:06.424 +05:30 [INF] Request finished HTTP/2 PUT https://localhost:5001/Applicant/1 application/json 178 - 200 - application/json;+charset=utf-8 69.5367ms
2021-01-10 13:35:06.438 +05:30 [INF] Request starting HTTP/2 GET https://localhost:5001/Applicant - -
2021-01-10 13:35:06.442 +05:30 [INF] CORS policy execution successful.
2021-01-10 13:35:06.445 +05:30 [INF] Executing endpoint 'Hahn.ApplicatonProcess.December2020.Web.Controllers.ApplicantController.GetApplicants (Hahn.ApplicatonProcess.December2020.Web)'
2021-01-10 13:35:06.448 +05:30 [INF] Route matched with {action = "GetApplicants", controller = "Applicant"}. Executing controller action with signature Microsoft.AspNetCore.Mvc.ActionResult GetApplicants() on controller Hahn.ApplicatonProcess.December2020.Web.Controllers.ApplicantController (Hahn.ApplicatonProcess.December2020.Web).
2021-01-10 13:35:06.452 +05:30 [INF] Entity Framework Core 5.0.1 initialized 'ApplicationDbContext' using provider 'Microsoft.EntityFrameworkCore.InMemory' with options: StoreName=ApplicantManager 
2021-01-10 13:35:06.455 +05:30 [INF] Executing OkObjectResult, writing value of type 'Hahn.ApplicatonProcess.December2020.Domain.Application.Dto.Response.Response`1[[System.Collections.Generic.List`1[[Hahn.ApplicatonProcess.December2020.Domain.Application.Dto.Model.Applicant, Hahn.ApplicatonProcess.December2020.Domain, Version=1.0.0.0, Culture=neutral, PublicKeyToken=null]], System.Private.CoreLib, Version=5.0.0.0, Culture=neutral, PublicKeyToken=7cec85d7bea7798e]]'.
2021-01-10 13:35:06.458 +05:30 [INF] Executed action Hahn.ApplicatonProcess.December2020.Web.Controllers.ApplicantController.GetApplicants (Hahn.ApplicatonProcess.December2020.Web) in 6.639ms
2021-01-10 13:35:06.461 +05:30 [INF] Executed endpoint 'Hahn.ApplicatonProcess.December2020.Web.Controllers.ApplicantController.GetApplicants (Hahn.ApplicatonProcess.December2020.Web)'
2021-01-10 13:35:06.464 +05:30 [INF] Request finished HTTP/2 GET https://localhost:5001/Applicant - - - 200 - application/json;+charset=utf-8 26.6750ms
2021-01-10 13:35:08.961 +05:30 [INF] Request starting HTTP/2 GET https://localhost:5001/Applicant/1 - -
2021-01-10 13:35:08.966 +05:30 [INF] CORS policy execution successful.
2021-01-10 13:35:08.970 +05:30 [INF] Executing endpoint 'Hahn.ApplicatonProcess.December2020.Web.Controllers.ApplicantController.GetApplicant (Hahn.ApplicatonProcess.December2020.Web)'
2021-01-10 13:35:08.973 +05:30 [INF] Route matched with {action = "GetApplicant", controller = "Applicant"}. Executing controller action with signature Microsoft.AspNetCore.Mvc.ActionResult GetApplicant(Int32) on controller Hahn.ApplicatonProcess.December2020.Web.Controllers.ApplicantController (Hahn.ApplicatonProcess.December2020.Web).
2021-01-10 13:35:08.977 +05:30 [INF] Entity Framework Core 5.0.1 initialized 'ApplicationDbContext' using provider 'Microsoft.EntityFrameworkCore.InMemory' with options: StoreName=ApplicantManager 
2021-01-10 13:35:08.984 +05:30 [INF] Executing OkObjectResult, writing value of type 'Hahn.ApplicatonProcess.December2020.Domain.Application.Dto.Response.Response`1[[Hahn.ApplicatonProcess.December2020.Domain.Application.Dto.Model.Applicant, Hahn.ApplicatonProcess.December2020.Domain, Version=1.0.0.0, Culture=neutral, PublicKeyToken=null]]'.
2021-01-10 13:35:08.988 +05:30 [INF] Executed action Hahn.ApplicatonProcess.December2020.Web.Controllers.ApplicantController.GetApplicant (Hahn.ApplicatonProcess.December2020.Web) in 10.9195ms
2021-01-10 13:35:08.991 +05:30 [INF] Executed endpoint 'Hahn.ApplicatonProcess.December2020.Web.Controllers.ApplicantController.GetApplicant (Hahn.ApplicatonProcess.December2020.Web)'
2021-01-10 13:35:08.995 +05:30 [INF] Request finished HTTP/2 GET https://localhost:5001/Applicant/1 - - - 200 - application/json;+charset=utf-8 35.9586ms
2021-01-10 13:40:10.468 +05:30 [INF] User profile is available. Using 'C:\Users\Karthikeyan.P\AppData\Local\ASP.NET\DataProtection-Keys' as key repository and Windows DPAPI to encrypt keys at rest.
2021-01-10 13:40:12.039 +05:30 [INF] Request starting HTTP/2 GET https://localhost:5001/swagger/index.html - -
2021-01-10 13:40:12.138 +05:30 [INF] Request finished HTTP/2 GET https://localhost:5001/swagger/index.html - - - 200 - text/html;charset=utf-8 100.2379ms
2021-01-10 13:40:12.290 +05:30 [INF] Request starting HTTP/2 GET https://localhost:5001/swagger/v1/swagger.json - -
2021-01-10 13:40:12.386 +05:30 [INF] Request finished HTTP/2 GET https://localhost:5001/swagger/v1/swagger.json - - - 200 - application/json;charset=utf-8 95.7993ms
2021-01-10 13:40:16.510 +05:30 [INF] Request starting HTTP/2 OPTIONS https://localhost:5001/Applicant - -
2021-01-10 13:40:16.519 +05:30 [INF] CORS policy execution successful.
2021-01-10 13:40:16.523 +05:30 [INF] Request finished HTTP/2 OPTIONS https://localhost:5001/Applicant - - - 204 - - 13.1364ms
2021-01-10 13:40:16.527 +05:30 [INF] Request starting HTTP/2 POST https://localhost:5001/Applicant application/json 163
2021-01-10 13:40:16.530 +05:30 [INF] CORS policy execution successful.
2021-01-10 13:40:16.559 +05:30 [INF] Executing endpoint 'Hahn.ApplicatonProcess.December2020.Web.Controllers.ApplicantController.Post (Hahn.ApplicatonProcess.December2020.Web)'
2021-01-10 13:40:16.593 +05:30 [INF] Route matched with {action = "Post", controller = "Applicant"}. Executing controller action with signature Microsoft.AspNetCore.Mvc.ActionResult Post(Hahn.ApplicatonProcess.December2020.Domain.Application.Dto.Request.Request`1[Hahn.ApplicatonProcess.December2020.Domain.Application.Dto.Model.Applicant]) on controller Hahn.ApplicatonProcess.December2020.Web.Controllers.ApplicantController (Hahn.ApplicatonProcess.December2020.Web).
2021-01-10 13:40:18.496 +05:30 [INF] Executing ObjectResult, writing value of type 'Hahn.ApplicatonProcess.December2020.Domain.Application.Dto.Response.Response`1[[System.Collections.Generic.List`1[[Hahn.ApplicatonProcess.December2020.Domain.Validation.ValidationErrorResponse, Hahn.ApplicatonProcess.December2020.Domain, Version=1.0.0.0, Culture=neutral, PublicKeyToken=null]], System.Private.CoreLib, Version=5.0.0.0, Culture=neutral, PublicKeyToken=7cec85d7bea7798e]]'.
2021-01-10 13:40:18.534 +05:30 [INF] Executed action Hahn.ApplicatonProcess.December2020.Web.Controllers.ApplicantController.Post (Hahn.ApplicatonProcess.December2020.Web) in 1924.579ms
2021-01-10 13:40:18.540 +05:30 [INF] Executed endpoint 'Hahn.ApplicatonProcess.December2020.Web.Controllers.ApplicantController.Post (Hahn.ApplicatonProcess.December2020.Web)'
2021-01-10 13:40:18.546 +05:30 [INF] Request finished HTTP/2 POST https://localhost:5001/Applicant application/json 163 - 400 - application/json;+charset=utf-8 2019.2142ms
2021-01-10 13:40:31.368 +05:30 [INF] Request starting HTTP/2 OPTIONS https://localhost:5001/Applicant - -
2021-01-10 13:40:31.372 +05:30 [INF] CORS policy execution successful.
2021-01-10 13:40:31.381 +05:30 [INF] Request finished HTTP/2 OPTIONS https://localhost:5001/Applicant - - - 204 - - 8.7041ms
2021-01-10 13:40:31.385 +05:30 [INF] Request starting HTTP/2 POST https://localhost:5001/Applicant application/json 183
2021-01-10 13:40:31.389 +05:30 [INF] CORS policy execution successful.
2021-01-10 13:40:31.393 +05:30 [INF] Executing endpoint 'Hahn.ApplicatonProcess.December2020.Web.Controllers.ApplicantController.Post (Hahn.ApplicatonProcess.December2020.Web)'
2021-01-10 13:40:31.399 +05:30 [INF] Route matched with {action = "Post", controller = "Applicant"}. Executing controller action with signature Microsoft.AspNetCore.Mvc.ActionResult Post(Hahn.ApplicatonProcess.December2020.Domain.Application.Dto.Request.Request`1[Hahn.ApplicatonProcess.December2020.Domain.Application.Dto.Model.Applicant]) on controller Hahn.ApplicatonProcess.December2020.Web.Controllers.ApplicantController (Hahn.ApplicatonProcess.December2020.Web).
2021-01-10 13:40:32.651 +05:30 [INF] Entity Framework Core 5.0.1 initialized 'ApplicationDbContext' using provider 'Microsoft.EntityFrameworkCore.InMemory' with options: StoreName=ApplicantManager 
2021-01-10 13:40:32.785 +05:30 [INF] Saved 1 entities to in-memory store.
2021-01-10 13:40:32.797 +05:30 [INF] Executing CreatedAtActionResult, writing value of type 'Hahn.ApplicatonProcess.December2020.Domain.Application.Dto.Response.Response`1[[Hahn.ApplicatonProcess.December2020.Domain.Application.Dto.Model.AddResponse, Hahn.ApplicatonProcess.December2020.Domain, Version=1.0.0.0, Culture=neutral, PublicKeyToken=null]]'.
2021-01-10 13:40:32.845 +05:30 [INF] Executed action Hahn.ApplicatonProcess.December2020.Web.Controllers.ApplicantController.Post (Hahn.ApplicatonProcess.December2020.Web) in 1444.3807ms
2021-01-10 13:40:32.847 +05:30 [INF] Executed endpoint 'Hahn.ApplicatonProcess.December2020.Web.Controllers.ApplicantController.Post (Hahn.ApplicatonProcess.December2020.Web)'
2021-01-10 13:40:32.852 +05:30 [INF] Request finished HTTP/2 POST https://localhost:5001/Applicant application/json 183 - 201 - application/json;+charset=utf-8 1468.4013ms
2021-01-10 13:40:34.149 +05:30 [INF] Request starting HTTP/2 GET https://localhost:5001/Applicant - -
2021-01-10 13:40:34.153 +05:30 [INF] CORS policy execution successful.
2021-01-10 13:40:34.157 +05:30 [INF] Executing endpoint 'Hahn.ApplicatonProcess.December2020.Web.Controllers.ApplicantController.GetApplicants (Hahn.ApplicatonProcess.December2020.Web)'
2021-01-10 13:40:34.164 +05:30 [INF] Route matched with {action = "GetApplicants", controller = "Applicant"}. Executing controller action with signature Microsoft.AspNetCore.Mvc.ActionResult GetApplicants() on controller Hahn.ApplicatonProcess.December2020.Web.Controllers.ApplicantController (Hahn.ApplicatonProcess.December2020.Web).
2021-01-10 13:40:34.203 +05:30 [INF] Entity Framework Core 5.0.1 initialized 'ApplicationDbContext' using provider 'Microsoft.EntityFrameworkCore.InMemory' with options: StoreName=ApplicantManager 
2021-01-10 13:40:34.503 +05:30 [INF] Executing OkObjectResult, writing value of type 'Hahn.ApplicatonProcess.December2020.Domain.Application.Dto.Response.Response`1[[System.Collections.Generic.List`1[[Hahn.ApplicatonProcess.December2020.Domain.Application.Dto.Model.Applicant, Hahn.ApplicatonProcess.December2020.Domain, Version=1.0.0.0, Culture=neutral, PublicKeyToken=null]], System.Private.CoreLib, Version=5.0.0.0, Culture=neutral, PublicKeyToken=7cec85d7bea7798e]]'.
2021-01-10 13:40:34.516 +05:30 [INF] Executed action Hahn.ApplicatonProcess.December2020.Web.Controllers.ApplicantController.GetApplicants (Hahn.ApplicatonProcess.December2020.Web) in 347.1272ms
2021-01-10 13:40:34.521 +05:30 [INF] Executed endpoint 'Hahn.ApplicatonProcess.December2020.Web.Controllers.ApplicantController.GetApplicants (Hahn.ApplicatonProcess.December2020.Web)'
2021-01-10 13:40:34.526 +05:30 [INF] Request finished HTTP/2 GET https://localhost:5001/Applicant - - - 200 - application/json;+charset=utf-8 376.7155ms
2021-01-10 13:40:35.781 +05:30 [INF] Request starting HTTP/2 GET https://localhost:5001/Applicant/1 - -
2021-01-10 13:40:35.785 +05:30 [INF] CORS policy execution successful.
2021-01-10 13:40:35.791 +05:30 [INF] Executing endpoint 'Hahn.ApplicatonProcess.December2020.Web.Controllers.ApplicantController.GetApplicant (Hahn.ApplicatonProcess.December2020.Web)'
2021-01-10 13:40:35.801 +05:30 [INF] Route matched with {action = "GetApplicant", controller = "Applicant"}. Executing controller action with signature Microsoft.AspNetCore.Mvc.ActionResult GetApplicant(Int32) on controller Hahn.ApplicatonProcess.December2020.Web.Controllers.ApplicantController (Hahn.ApplicatonProcess.December2020.Web).
2021-01-10 13:40:35.822 +05:30 [INF] Entity Framework Core 5.0.1 initialized 'ApplicationDbContext' using provider 'Microsoft.EntityFrameworkCore.InMemory' with options: StoreName=ApplicantManager 
2021-01-10 13:40:35.942 +05:30 [INF] Executing OkObjectResult, writing value of type 'Hahn.ApplicatonProcess.December2020.Domain.Application.Dto.Response.Response`1[[Hahn.ApplicatonProcess.December2020.Domain.Application.Dto.Model.Applicant, Hahn.ApplicatonProcess.December2020.Domain, Version=1.0.0.0, Culture=neutral, PublicKeyToken=null]]'.
2021-01-10 13:40:35.946 +05:30 [INF] Executed action Hahn.ApplicatonProcess.December2020.Web.Controllers.ApplicantController.GetApplicant (Hahn.ApplicatonProcess.December2020.Web) in 142.4474ms
2021-01-10 13:40:35.950 +05:30 [INF] Executed endpoint 'Hahn.ApplicatonProcess.December2020.Web.Controllers.ApplicantController.GetApplicant (Hahn.ApplicatonProcess.December2020.Web)'
2021-01-10 13:40:35.953 +05:30 [INF] Request finished HTTP/2 GET https://localhost:5001/Applicant/1 - - - 200 - application/json;+charset=utf-8 175.6476ms
2021-01-10 13:40:43.259 +05:30 [INF] Request starting HTTP/2 OPTIONS https://localhost:5001/Applicant/1 - -
2021-01-10 13:40:43.261 +05:30 [INF] CORS policy execution successful.
2021-01-10 13:40:43.264 +05:30 [INF] Request finished HTTP/2 OPTIONS https://localhost:5001/Applicant/1 - - - 204 - - 4.5668ms
2021-01-10 13:40:43.267 +05:30 [INF] Request starting HTTP/2 PUT https://localhost:5001/Applicant/1 application/json 167
2021-01-10 13:40:43.269 +05:30 [INF] CORS policy execution successful.
2021-01-10 13:40:43.272 +05:30 [INF] Executing endpoint 'Hahn.ApplicatonProcess.December2020.Web.Controllers.ApplicantController.UpdateApplicant (Hahn.ApplicatonProcess.December2020.Web)'
