2021-01-02 17:03:37.884 +05:30 [INF] Request finished HTTP/2 POST https://localhost:5001/Applicant text/plain;charset=UTF-8 149 - 415 - application/problem+json;+charset=utf-8 769.0499ms
2021-01-02 17:04:34.007 +05:30 [INF] Request starting HTTP/2 POST https://localhost:5001/Applicant text/plain;charset=UTF-8 149
2021-01-02 17:04:34.011 +05:30 [INF] CORS policy execution successful.
2021-01-02 17:04:34.014 +05:30 [INF] Executing endpoint 'Hahn.ApplicatonProcess.December2020.Web.Controllers.ApplicantController.Post (Hahn.ApplicatonProcess.December2020.Web)'
2021-01-02 17:04:34.017 +05:30 [INF] Route matched with {action = "Post", controller = "Applicant"}. Executing controller action with signature Microsoft.AspNetCore.Mvc.ActionResult Post(Hahn.ApplicatonProcess.December2020.Domain.Application.Dto.Request.Request`1[Hahn.ApplicatonProcess.December2020.Domain.Application.Dto.Model.Applicant]) on controller Hahn.ApplicatonProcess.December2020.Web.Controllers.ApplicantController (Hahn.ApplicatonProcess.December2020.Web).
2021-01-02 17:04:34.983 +05:30 [INF] Executing ObjectResult, writing value of type 'Microsoft.AspNetCore.Mvc.ProblemDetails'.
2021-01-02 17:04:34.986 +05:30 [INF] Executed action Hahn.ApplicatonProcess.December2020.Web.Controllers.ApplicantController.Post (Hahn.ApplicatonProcess.December2020.Web) in 962.2066ms
2021-01-02 17:04:34.988 +05:30 [INF] Executed endpoint 'Hahn.ApplicatonProcess.December2020.Web.Controllers.ApplicantController.Post (Hahn.ApplicatonProcess.December2020.Web)'
2021-01-02 17:04:34.991 +05:30 [INF] Request finished HTTP/2 POST https://localhost:5001/Applicant text/plain;charset=UTF-8 149 - 415 - application/problem+json;+charset=utf-8 984.3576ms
2021-01-02 17:04:51.618 +05:30 [INF] Request starting HTTP/2 POST https://localhost:5001/Applicant text/plain;charset=UTF-8 149
2021-01-02 17:04:51.620 +05:30 [INF] CORS policy execution successful.
2021-01-02 17:04:51.623 +05:30 [INF] Executing endpoint 'Hahn.ApplicatonProcess.December2020.Web.Controllers.ApplicantController.Post (Hahn.ApplicatonProcess.December2020.Web)'
2021-01-02 17:04:51.625 +05:30 [INF] Route matched with {action = "Post", controller = "Applicant"}. Executing controller action with signature Microsoft.AspNetCore.Mvc.ActionResult Post(Hahn.ApplicatonProcess.December2020.Domain.Application.Dto.Request.Request`1[Hahn.ApplicatonProcess.December2020.Domain.Application.Dto.Model.Applicant]) on controller Hahn.ApplicatonProcess.December2020.Web.Controllers.ApplicantController (Hahn.ApplicatonProcess.December2020.Web).
2021-01-02 17:04:52.431 +05:30 [INF] Executing ObjectResult, writing value of type 'Microsoft.AspNetCore.Mvc.ProblemDetails'.
2021-01-02 17:04:52.436 +05:30 [INF] Executed action Hahn.ApplicatonProcess.December2020.Web.Controllers.ApplicantController.Post (Hahn.ApplicatonProcess.December2020.Web) in 806.4976ms
2021-01-02 17:04:52.441 +05:30 [INF] Executed endpoint 'Hahn.ApplicatonProcess.December2020.Web.Controllers.ApplicantController.Post (Hahn.ApplicatonProcess.December2020.Web)'
2021-01-02 17:04:52.451 +05:30 [INF] Request finished HTTP/2 POST https://localhost:5001/Applicant text/plain;charset=UTF-8 149 - 415 - application/problem+json;+charset=utf-8 831.4571ms
2021-01-02 17:05:03.172 +05:30 [INF] User profile is available. Using 'C:\Users\Karthikeyan.P\AppData\Local\ASP.NET\DataProtection-Keys' as key repository and Windows DPAPI to encrypt keys at rest.
2021-01-02 17:05:21.966 +05:30 [INF] User profile is available. Using 'C:\Users\Karthikeyan.P\AppData\Local\ASP.NET\DataProtection-Keys' as key repository and Windows DPAPI to encrypt keys at rest.
2021-01-02 17:05:22.490 +05:30 [INF] Request starting HTTP/2 GET https://localhost:5001/swagger/index.html - -
2021-01-02 17:05:22.578 +05:30 [INF] Request finished HTTP/2 GET https://localhost:5001/swagger/index.html - - - 200 - text/html;charset=utf-8 89.6765ms
2021-01-02 17:05:22.764 +05:30 [INF] Request starting HTTP/2 GET https://localhost:5001/swagger/v1/swagger.json - -
2021-01-02 17:05:22.788 +05:30 [INF] Request starting HTTP/2 GET https://localhost:5001/swagger/favicon-32x32.png - -
2021-01-02 17:05:22.824 +05:30 [INF] Sending file. Request path: '/favicon-32x32.png'. Physical path: 'N/A'
2021-01-02 17:05:22.827 +05:30 [INF] Request finished HTTP/2 GET https://localhost:5001/swagger/favicon-32x32.png - - - 200 628 image/png 39.4781ms
2021-01-02 17:05:22.870 +05:30 [INF] Request finished HTTP/2 GET https://localhost:5001/swagger/v1/swagger.json - - - 200 - application/json;charset=utf-8 106.0294ms
2021-01-02 17:05:23.439 +05:30 [INF] Request starting HTTP/2 GET https://localhost:5001/swagger/index.html - -
2021-01-02 17:05:23.442 +05:30 [INF] Request finished HTTP/2 GET https://localhost:5001/swagger/index.html - - - 200 - text/html;charset=utf-8 3.9341ms
2021-01-02 17:05:23.588 +05:30 [INF] Request starting HTTP/2 GET https://localhost:5001/swagger/v1/swagger.json - -
2021-01-02 17:05:23.593 +05:30 [INF] Request finished HTTP/2 GET https://localhost:5001/swagger/v1/swagger.json - - - 200 - application/json;charset=utf-8 4.4079ms
2021-01-02 17:05:29.335 +05:30 [INF] Request starting HTTP/2 POST https://localhost:5001/Applicant text/plain;charset=UTF-8 149
2021-01-02 17:05:29.342 +05:30 [INF] CORS policy execution successful.
2021-01-02 17:05:29.377 +05:30 [INF] Executing endpoint 'Hahn.ApplicatonProcess.December2020.Web.Controllers.ApplicantController.Post (Hahn.ApplicatonProcess.December2020.Web)'
2021-01-02 17:05:29.414 +05:30 [INF] Route matched with {action = "Post", controller = "Applicant"}. Executing controller action with signature Microsoft.AspNetCore.Mvc.ActionResult Post(Hahn.ApplicatonProcess.December2020.Domain.Application.Dto.Request.Request`1[Hahn.ApplicatonProcess.December2020.Domain.Application.Dto.Model.Applicant]) on controller Hahn.ApplicatonProcess.December2020.Web.Controllers.ApplicantController (Hahn.ApplicatonProcess.December2020.Web).
2021-01-02 17:05:31.035 +05:30 [INF] Executing ObjectResult, writing value of type 'Microsoft.AspNetCore.Mvc.ProblemDetails'.
2021-01-02 17:05:31.053 +05:30 [INF] Executed action Hahn.ApplicatonProcess.December2020.Web.Controllers.ApplicantController.Post (Hahn.ApplicatonProcess.December2020.Web) in 1629.8484ms
2021-01-02 17:05:31.057 +05:30 [INF] Executed endpoint 'Hahn.ApplicatonProcess.December2020.Web.Controllers.ApplicantController.Post (Hahn.ApplicatonProcess.December2020.Web)'
2021-01-02 17:05:31.060 +05:30 [INF] Request finished HTTP/2 POST https://localhost:5001/Applicant text/plain;charset=UTF-8 149 - 415 - application/problem+json;+charset=utf-8 1725.7186ms
2021-01-02 17:05:42.686 +05:30 [INF] Request starting HTTP/2 POST https://localhost:5001/Applicant text/plain;charset=UTF-8 149
2021-01-02 17:05:42.689 +05:30 [INF] CORS policy execution successful.
2021-01-02 17:05:42.692 +05:30 [INF] Executing endpoint 'Hahn.ApplicatonProcess.December2020.Web.Controllers.ApplicantController.Post (Hahn.ApplicatonProcess.December2020.Web)'
2021-01-02 17:05:42.695 +05:30 [INF] Route matched with {action = "Post", controller = "Applicant"}. Executing controller action with signature Microsoft.AspNetCore.Mvc.ActionResult Post(Hahn.ApplicatonProcess.December2020.Domain.Application.Dto.Request.Request`1[Hahn.ApplicatonProcess.December2020.Domain.Application.Dto.Model.Applicant]) on controller Hahn.ApplicatonProcess.December2020.Web.Controllers.ApplicantController (Hahn.ApplicatonProcess.December2020.Web).
2021-01-02 17:05:43.575 +05:30 [INF] Executing ObjectResult, writing value of type 'Microsoft.AspNetCore.Mvc.ProblemDetails'.
2021-01-02 17:05:43.578 +05:30 [INF] Executed action Hahn.ApplicatonProcess.December2020.Web.Controllers.ApplicantController.Post (Hahn.ApplicatonProcess.December2020.Web) in 881.0273ms
2021-01-02 17:05:43.580 +05:30 [INF] Executed endpoint 'Hahn.ApplicatonProcess.December2020.Web.Controllers.ApplicantController.Post (Hahn.ApplicatonProcess.December2020.Web)'
2021-01-02 17:05:43.584 +05:30 [INF] Request finished HTTP/2 POST https://localhost:5001/Applicant text/plain;charset=UTF-8 149 - 415 - application/problem+json;+charset=utf-8 897.3722ms
2021-01-02 17:06:11.404 +05:30 [INF] Request starting HTTP/2 POST https://localhost:5001/Applicant text/plain;charset=UTF-8 149
2021-01-02 17:06:11.406 +05:30 [INF] CORS policy execution successful.
2021-01-02 17:06:11.409 +05:30 [INF] Executing endpoint 'Hahn.ApplicatonProcess.December2020.Web.Controllers.ApplicantController.Post (Hahn.ApplicatonProcess.December2020.Web)'
2021-01-02 17:06:11.411 +05:30 [INF] Route matched with {action = "Post", controller = "Applicant"}. Executing controller action with signature Microsoft.AspNetCore.Mvc.ActionResult Post(Hahn.ApplicatonProcess.December2020.Domain.Application.Dto.Request.Request`1[Hahn.ApplicatonProcess.December2020.Domain.Application.Dto.Model.Applicant]) on controller Hahn.ApplicatonProcess.December2020.Web.Controllers.ApplicantController (Hahn.ApplicatonProcess.December2020.Web).
2021-01-02 17:06:12.631 +05:30 [INF] Executing ObjectResult, writing value of type 'Microsoft.AspNetCore.Mvc.ProblemDetails'.
2021-01-02 17:06:12.633 +05:30 [INF] Executed action Hahn.ApplicatonProcess.December2020.Web.Controllers.ApplicantController.Post (Hahn.ApplicatonProcess.December2020.Web) in 1219.8508ms
2021-01-02 17:06:12.635 +05:30 [INF] Executed endpoint 'Hahn.ApplicatonProcess.December2020.Web.Controllers.ApplicantController.Post (Hahn.ApplicatonProcess.December2020.Web)'
2021-01-02 17:06:12.637 +05:30 [INF] Request finished HTTP/2 POST https://localhost:5001/Applicant text/plain;charset=UTF-8 149 - 415 - application/problem+json;+charset=utf-8 1233.8942ms
2021-01-02 17:06:51.374 +05:30 [INF] Request starting HTTP/2 POST https://localhost:5001/Applicant text/plain;charset=UTF-8 149
2021-01-02 17:06:51.376 +05:30 [INF] CORS policy execution successful.
2021-01-02 17:06:51.378 +05:30 [INF] Executing endpoint 'Hahn.ApplicatonProcess.December2020.Web.Controllers.ApplicantController.Post (Hahn.ApplicatonProcess.December2020.Web)'
2021-01-02 17:06:51.381 +05:30 [INF] Route matched with {action = "Post", controller = "Applicant"}. Executing controller action with signature Microsoft.AspNetCore.Mvc.ActionResult Post(Hahn.ApplicatonProcess.December2020.Domain.Application.Dto.Request.Request`1[Hahn.ApplicatonProcess.December2020.Domain.Application.Dto.Model.Applicant]) on controller Hahn.ApplicatonProcess.December2020.Web.Controllers.ApplicantController (Hahn.ApplicatonProcess.December2020.Web).
2021-01-02 17:06:52.910 +05:30 [INF] Executing ObjectResult, writing value of type 'Microsoft.AspNetCore.Mvc.ProblemDetails'.
2021-01-02 17:06:52.912 +05:30 [INF] Executed action Hahn.ApplicatonProcess.December2020.Web.Controllers.ApplicantController.Post (Hahn.ApplicatonProcess.December2020.Web) in 1528.8247ms
2021-01-02 17:06:52.917 +05:30 [INF] Executed endpoint 'Hahn.ApplicatonProcess.December2020.Web.Controllers.ApplicantController.Post (Hahn.ApplicatonProcess.December2020.Web)'
2021-01-02 17:06:52.919 +05:30 [INF] Request finished HTTP/2 POST https://localhost:5001/Applicant text/plain;charset=UTF-8 149 - 415 - application/problem+json;+charset=utf-8 1545.2967ms
2021-01-02 17:11:40.234 +05:30 [INF] Request starting HTTP/2 POST https://localhost:5001/Applicant text/plain;charset=UTF-8 149
2021-01-02 17:11:40.238 +05:30 [INF] CORS policy execution successful.
2021-01-02 17:11:40.241 +05:30 [INF] Executing endpoint 'Hahn.ApplicatonProcess.December2020.Web.Controllers.ApplicantController.Post (Hahn.ApplicatonProcess.December2020.Web)'
2021-01-02 17:11:40.244 +05:30 [INF] Route matched with {action = "Post", controller = "Applicant"}. Executing controller action with signature Microsoft.AspNetCore.Mvc.ActionResult Post(Hahn.ApplicatonProcess.December2020.Domain.Application.Dto.Request.Request`1[Hahn.ApplicatonProcess.December2020.Domain.Application.Dto.Model.Applicant]) on controller Hahn.ApplicatonProcess.December2020.Web.Controllers.ApplicantController (Hahn.ApplicatonProcess.December2020.Web).
2021-01-02 17:11:41.492 +05:30 [INF] Executing ObjectResult, writing value of type 'Microsoft.AspNetCore.Mvc.ProblemDetails'.
2021-01-02 17:11:41.495 +05:30 [INF] Executed action Hahn.ApplicatonProcess.December2020.Web.Controllers.ApplicantController.Post (Hahn.ApplicatonProcess.December2020.Web) in 1247.86ms
2021-01-02 17:11:41.499 +05:30 [INF] Executed endpoint 'Hahn.ApplicatonProcess.December2020.Web.Controllers.ApplicantController.Post (Hahn.ApplicatonProcess.December2020.Web)'
2021-01-02 17:11:41.505 +05:30 [INF] Request finished HTTP/2 POST https://localhost:5001/Applicant text/plain;charset=UTF-8 149 - 415 - application/problem+json;+charset=utf-8 1268.4174ms
2021-01-02 17:12:09.761 +05:30 [INF] Request starting HTTP/2 POST https://localhost:5001/Applicant text/plain;charset=UTF-8 149
2021-01-02 17:12:09.764 +05:30 [INF] CORS policy execution successful.
2021-01-02 17:12:09.766 +05:30 [INF] Executing endpoint 'Hahn.ApplicatonProcess.December2020.Web.Controllers.ApplicantController.Post (Hahn.ApplicatonProcess.December2020.Web)'
2021-01-02 17:12:09.769 +05:30 [INF] Route matched with {action = "Post", controller = "Applicant"}. Executing controller action with signature Microsoft.AspNetCore.Mvc.ActionResult Post(Hahn.ApplicatonProcess.December2020.Domain.Application.Dto.Request.Request`1[Hahn.ApplicatonProcess.December2020.Domain.Application.Dto.Model.Applicant]) on controller Hahn.ApplicatonProcess.December2020.Web.Controllers.ApplicantController (Hahn.ApplicatonProcess.December2020.Web).
2021-01-02 17:12:12.936 +05:30 [INF] Executing ObjectResult, writing value of type 'Microsoft.AspNetCore.Mvc.ProblemDetails'.
2021-01-02 17:12:12.940 +05:30 [INF] Executed action Hahn.ApplicatonProcess.December2020.Web.Controllers.ApplicantController.Post (Hahn.ApplicatonProcess.December2020.Web) in 3167.5102ms
2021-01-02 17:12:12.944 +05:30 [INF] Executed endpoint 'Hahn.ApplicatonProcess.December2020.Web.Controllers.ApplicantController.Post (Hahn.ApplicatonProcess.December2020.Web)'
2021-01-02 17:12:12.948 +05:30 [INF] Request finished HTTP/2 POST https://localhost:5001/Applicant text/plain;charset=UTF-8 149 - 415 - application/problem+json;+charset=utf-8 3185.7159ms
